    {
        "agent": {
            "ip": "192.168.44.137",
            "name": "win",
            "id": "001"
        },
        "manager": {
            "name": "ubuntu"
        },
        "data": {
            "win": {
                "eventdata": {
                    "image": "C:\\\\Windows\\\\system32\\\\svchost.exe",
                    "processGuid": "{3e3e0db9-417f-6923-7400-000000000800}",
                    "processId": "4724",
                    "utcTime": "2025-11-23 17:18:20.916",
                    "targetFilename": "C:\\\\Windows\\\\SoftwareDistribution\\\\Download\\\\Install\\\\AM_Delta_Patch_1.441.423.0.exe",
                    "creationUtcTime": "2025-11-23 17:18:20.916",
                    "user": "NT AUTHORITY\\\\SYSTEM"
                },
                "system": {
                    "eventID": "11",
                    "keywords": "0x8000000000000000",
                    "providerGuid": "{5770385f-c22a-43e0-bf4c-06f5698ffbd9}",
                    "level": "4",
                    "channel": "Microsoft-Windows-Sysmon/Operational",
                    "opcode": "0",
                    "message": "\"File created:\r\nRuleName: -\r\nUtcTime: 2025-11-23 17:18:20.916\r\nProcessGuid: {3e3e0db9-417f-6923-7400-000000000800}\r\nProcessId: 4724\r\nImage: C:\\Windows\\system32\\svchost.exe\r\nTargetFilename: C:\\Windows\\SoftwareDistribution\\Download\\Install\\AM_Delta_Patch_1.441.423.0.exe\r\nCreationUtcTime: 2025-11-23 17:18:20.916\r\nUser: NT AUTHORITY\\SYSTEM\"",
                    "version": "2",
                    "systemTime": "2025-11-23T17:18:20.9175835Z",
                    "eventRecordID": "428",
                    "threadID": "5108",
                    "computer": "DESKTOP-SIJOGEC",
                    "task": "11",
                    "processID": "2840",
                    "severityValue": "INFORMATION",
                    "providerName": "Microsoft-Windows-Sysmon"
                }
            }
        },
        "rule": {
            "firedtimes": 2,
            "mail": false,
            "level": 6,
            "description": "Executable dropped in Windows root folder",
            "groups": [
                "sysmon",
                "sysmon_eid11_detections",
                "windows"
            ],
            "mitre": {
                "technique": [
                    "Lateral Tool Transfer"
                ],
                "id": [
                    "T1570"
                ],
                "tactic": [
                    "Lateral Movement"
                ]
            },
            "id": "92217"
        },
        "decoder": {
            "name": "windows_eventchannel"
        },
        "input": {
            "type": "log"
        },
        "@timestamp": "2025-11-23T17:18:22.288Z",
        "location": "EventChannel",
        "id": "1763918302.252199",
        "timestamp": "2025-11-23T17:18:22.288+0000"
    },
    {
        "agent": {
            "ip": "192.168.44.137",
            "name": "win",
            "id": "001"
        },
        "manager": {
            "name": "ubuntu"
        },
        "data": {
            "win": {
                "eventdata": {
                    "image": "C:\\\\Users\\\\windows\\\\AppData\\\\Local\\\\Microsoft\\\\OneDrive\\\\Update\\\\OneDriveSetup.exe",
                    "processGuid": "{3e3e0db9-41b7-6923-c600-000000000800}",
                    "processId": "444",
                    "utcTime": "2025-11-23 17:18:01.604",
                    "targetFilename": "C:\\\\Users\\\\windows\\\\AppData\\\\Local\\\\Microsoft\\\\OneDrive\\\\25.209.1026.0002\\\\CollectSyncLogs.bat",
                    "creationUtcTime": "2025-11-23 17:18:01.588",
                    "user": "DESKTOP-SIJOGEC\\\\windows"
                },
                "system": {
                    "eventID": "11",
                    "keywords": "0x8000000000000000",
                    "providerGuid": "{5770385f-c22a-43e0-bf4c-06f5698ffbd9}",
                    "level": "4",
                    "channel": "Microsoft-Windows-Sysmon/Operational",
                    "opcode": "0",
                    "message": "\"File created:\r\nRuleName: -\r\nUtcTime: 2025-11-23 17:18:01.604\r\nProcessGuid: {3e3e0db9-41b7-6923-c600-000000000800}\r\nProcessId: 444\r\nImage: C:\\Users\\windows\\AppData\\Local\\Microsoft\\OneDrive\\Update\\OneDriveSetup.exe\r\nTargetFilename: C:\\Users\\windows\\AppData\\Local\\Microsoft\\OneDrive\\25.209.1026.0002\\CollectSyncLogs.bat\r\nCreationUtcTime: 2025-11-23 17:18:01.588\r\nUser: DESKTOP-SIJOGEC\\windows\"",
                    "version": "2",
                    "systemTime": "2025-11-23T17:18:01.6056583Z",
                    "eventRecordID": "394",
                    "threadID": "5108",
                    "computer": "DESKTOP-SIJOGEC",
                    "task": "11",
                    "processID": "2840",
                    "severityValue": "INFORMATION",
                    "providerName": "Microsoft-Windows-Sysmon"
                }
            }
        },
        "rule": {
            "firedtimes": 1,
            "mail": false,
            "level": 6,
            "description": "Scripting file created under Windows Temp or User folder",
            "groups": [
                "sysmon",
                "sysmon_eid11_detections",
                "windows"
            ],
            "mitre": {
                "technique": [
                    "Command and Scripting Interpreter",
                    "Ingress Tool Transfer"
                ],
                "id": [
                    "T1059",
                    "T1105"
                ],
                "tactic": [
                    "Execution",
                    "Command and Control"
                ]
            },
            "id": "92200"
        },
        "decoder": {
            "name": "windows_eventchannel"
        },
        "input": {
            "type": "log"
        },
        "@timestamp": "2025-11-23T17:18:02.096Z",
        "location": "EventChannel",
        "id": "1763918282.249269",
        "timestamp": "2025-11-23T17:18:02.096+0000"
    },
    {
        "agent": {
            "ip": "192.168.44.137",
            "name": "win",
            "id": "001"
        },
        "manager": {
            "name": "ubuntu"
        },
        "data": {
            "win": {
                "eventdata": {
                    "param3": "demand start",
                    "param4": "TrustedInstaller",
                    "param1": "Windows Modules Installer",
                    "param2": "auto start"
                },
                "system": {
                    "eventID": "7040",
                    "eventSourceName": "Service Control Manager",
                    "keywords": "0x8080000000000000",
                    "providerGuid": "{555908d1-a6d7-4695-8e1e-26931d2012f4}",
                    "level": "4",
                    "channel": "System",
                    "opcode": "0",
                    "message": "\"The start type of the Windows Modules Installer service was changed from auto start to demand start.\"",
                    "version": "0",
                    "systemTime": "2025-11-23T17:17:37.6827423Z",
                    "eventRecordID": "845",
                    "threadID": "736",
                    "computer": "DESKTOP-SIJOGEC",
                    "task": "0",
                    "processID": "656",
                    "severityValue": "INFORMATION",
                    "providerName": "Service Control Manager"
                }
            }
        },
        "rule": {
            "firedtimes": 2,
            "mail": false,
            "level": 3,
            "pci_dss": [
                "10.6"
            ],
            "hipaa": [
                "164.312.b"
            ],
            "tsc": [
                "CC6.1",
                "CC6.8",
                "CC7.2",
                "CC7.3"
            ],
            "description": "Service startup type was changed",
            "groups": [
                "windows",
                "windows_system",
                "policy_changed"
            ],
            "id": "61104",
            "nist_800_53": [
                "AU.6"
            ],
            "info": "This does not appear to be logged on Windows 2000",
            "gdpr": [
                "IV_35.7.d"
            ]
        },
        "decoder": {
            "name": "windows_eventchannel"
        },
        "input": {
            "type": "log"
        },
        "@timestamp": "2025-11-23T17:17:39.125Z",
        "location": "EventChannel",
        "id": "1763918259.247475",
        "timestamp": "2025-11-23T17:17:39.125+0000"
    },
    {
        "agent": {
            "ip": "192.168.44.137",
            "name": "win",
            "id": "001"
        },
        "manager": {
            "name": "ubuntu"
        },
        "data": {
            "win": {
                "eventdata": {
                    "param3": "auto start",
                    "param4": "TrustedInstaller",
                    "param1": "Windows Modules Installer",
                    "param2": "demand start"
                },
                "system": {
                    "eventID": "7040",
                    "eventSourceName": "Service Control Manager",
                    "keywords": "0x8080000000000000",
                    "providerGuid": "{555908d1-a6d7-4695-8e1e-26931d2012f4}",
                    "level": "4",
                    "channel": "System",
                    "opcode": "0",
                    "message": "\"The start type of the Windows Modules Installer service was changed from demand start to auto start.\"",
                    "version": "0",
                    "systemTime": "2025-11-23T17:17:33.3233768Z",
                    "eventRecordID": "844",
                    "threadID": "736",
                    "computer": "DESKTOP-SIJOGEC",
                    "task": "0",
                    "processID": "656",
                    "severityValue": "INFORMATION",
                    "providerName": "Service Control Manager"
                }
            }
        },
        "rule": {
            "firedtimes": 1,
            "mail": false,
            "level": 3,
            "pci_dss": [
                "10.6"
            ],
            "hipaa": [
                "164.312.b"
            ],
            "tsc": [
                "CC6.1",
                "CC6.8",
                "CC7.2",
                "CC7.3"
            ],
            "description": "Service startup type was changed",
            "groups": [
                "windows",
                "windows_system",
                "policy_changed"
            ],
            "id": "61104",
            "nist_800_53": [
                "AU.6"
            ],
            "info": "This does not appear to be logged on Windows 2000",
            "gdpr": [
                "IV_35.7.d"
            ]
        },
        "decoder": {
            "name": "windows_eventchannel"
        },
        "input": {
            "type": "log"
        },
        "@timestamp": "2025-11-23T17:17:36.368Z",
        "location": "EventChannel",
        "id": "1763918256.245681",
        "timestamp": "2025-11-23T17:17:36.368+0000"
    },
    {
        "agent": {
            "ip": "192.168.44.137",
            "name": "win",
            "id": "001"
        },
        "manager": {
            "name": "ubuntu"
        },
        "data": {
            "win": {
                "eventdata": {
                    "image": "C:\\\\ProgramData\\\\Microsoft\\\\Windows Defender\\\\platform\\\\4.18.25100.9008-0\\\\MsMpEng.exe",
                    "processGuid": "{3e3e0db9-4178-6923-4600-000000000800}",
                    "processId": "2800",
                    "utcTime": "2025-11-23 17:17:31.167",
                    "targetFilename": "C:\\\\Windows\\\\Temp\\\\9767A995-2629-4D02-A00C-F2C9F3049022\\\\DismHost.exe",
                    "creationUtcTime": "2025-11-23 17:17:31.167",
                    "user": "NT AUTHORITY\\\\SYSTEM"
                },
                "system": {
                    "eventID": "11",
                    "keywords": "0x8000000000000000",
                    "providerGuid": "{5770385f-c22a-43e0-bf4c-06f5698ffbd9}",
                    "level": "4",
                    "channel": "Microsoft-Windows-Sysmon/Operational",
                    "opcode": "0",
                    "message": "\"File created:\r\nRuleName: -\r\nUtcTime: 2025-11-23 17:17:31.167\r\nProcessGuid: {3e3e0db9-4178-6923-4600-000000000800}\r\nProcessId: 2800\r\nImage: C:\\ProgramData\\Microsoft\\Windows Defender\\platform\\4.18.25100.9008-0\\MsMpEng.exe\r\nTargetFilename: C:\\Windows\\Temp\\9767A995-2629-4D02-A00C-F2C9F3049022\\DismHost.exe\r\nCreationUtcTime: 2025-11-23 17:17:31.167\r\nUser: NT AUTHORITY\\SYSTEM\"",
                    "version": "2",
                    "systemTime": "2025-11-23T17:17:31.2135253Z",
                    "eventRecordID": "371",
                    "threadID": "5108",
                    "computer": "DESKTOP-SIJOGEC",
                    "task": "11",
                    "processID": "2840",
                    "severityValue": "INFORMATION",
                    "providerName": "Microsoft-Windows-Sysmon"
                }
            }
        },
        "rule": {
            "firedtimes": 1,
            "mail": false,
            "level": 6,
            "description": "Executable dropped in Windows root folder",
            "groups": [
                "sysmon",
                "sysmon_eid11_detections",
                "windows"
            ],
            "mitre": {
                "technique": [
                    "Lateral Tool Transfer"
                ],
                "id": [
                    "T1570"
                ],
                "tactic": [
                    "Lateral Movement"
                ]
            },
            "id": "92217"
        },
        "decoder": {
            "name": "windows_eventchannel"
        },
        "input": {
            "type": "log"
        },
        "@timestamp": "2025-11-23T17:17:36.123Z",
        "location": "EventChannel",
        "id": "1763918256.242868",
        "timestamp": "2025-11-23T17:17:36.123+0000"
    },
    {
        "agent": {
            "ip": "192.168.44.137",
            "name": "win",
            "id": "001"
        },
        "manager": {
            "name": "ubuntu"
        },
        "data": {
            "win": {
                "eventdata": {
                    "data": "hr=0x80004005, RuleId=31e71c49-8da7-4a2f-ad92-45d98a1c79ba;Action=AutoActivate;AppId=55c92734-d682-4d71-983e-d6ec3f16059f;SkuId=4de7cb65-cdf1-4de9-8ae8-e3cce27b9f2c;NotificationInterval=1440;Trigger=NetworkAvailable"
                },
                "system": {
                    "eventID": "8198",
                    "eventSourceName": "Software Protection Platform Service",
                    "keywords": "0x80000000000000",
                    "providerGuid": "{E23B33B0-C8C9-472C-A5F9-F2BDFEA0F156}",
                    "level": "2",
                    "channel": "Application",
                    "opcode": "0",
                    "message": "\"License Activation (slui.exe) failed with the following error code:\r\nhr=0x80004005\r\nCommand-line arguments:\r\nRuleId=31e71c49-8da7-4a2f-ad92-45d98a1c79ba;Action=AutoActivate;AppId=55c92734-d682-4d71-983e-d6ec3f16059f;SkuId=4de7cb65-cdf1-4de9-8ae8-e3cce27b9f2c;NotificationInterval=1440;Trigger=NetworkAvailable\"",
                    "version": "0",
                    "systemTime": "2025-11-23T17:17:30.1671519Z",
                    "eventRecordID": "1534",
                    "threadID": "0",
                    "computer": "DESKTOP-SIJOGEC",
                    "task": "0",
                    "processID": "0",
                    "severityValue": "ERROR",
                    "providerName": "Microsoft-Windows-Security-SPP"
                }
            }
        },
        "rule": {
            "firedtimes": 2,
            "mail": false,
            "level": 5,
            "description": "License activation (slui.exe) failed.",
            "groups": [
                "windows",
                "windows_application"
            ],
            "id": "60646"
        },
        "decoder": {
            "name": "windows_eventchannel"
        },
        "input": {
            "type": "log"
        },
        "@timestamp": "2025-11-23T17:17:35.638Z",
        "location": "EventChannel",
        "id": "1763918255.240533",
        "timestamp": "2025-11-23T17:17:35.638+0000"
    },
    {
        "agent": {
            "name": "ubuntu",
            "id": "000"
        },
        "manager": {
            "name": "ubuntu"
        },
        "rule": {
            "firedtimes": 1,
            "mail": false,
            "level": 3,
            "pci_dss": [
                "10.6.1"
            ],
            "hipaa": [
                "164.312.b"
            ],
            "tsc": [
                "CC7.2",
                "CC7.3"
            ],
            "description": "Wazuh server started.",
            "groups": [
                "ossec"
            ],
            "id": "502",
            "nist_800_53": [
                "AU.6"
            ],
            "gpg13": [
                "10.1"
            ],
            "gdpr": [
                "IV_35.7.d"
            ]
        },
        "decoder": {
            "name": "ossec"
        },
        "full_log": "ossec: Manager started.",
        "input": {
            "type": "log"
        },
        "@timestamp": "2025-11-23T17:17:23.077Z",
        "location": "wazuh-monitord",
        "id": "1763918243.240286",
        "timestamp": "2025-11-23T17:17:23.077+0000"
    },
    {
        "agent": {
            "ip": "192.168.44.137",
            "name": "win",
            "id": "001"
        },
        "manager": {
            "name": "ubuntu"
        },
        "data": {
            "win": {
                "eventdata": {
                    "data": "hr=0x80004005, RuleId=31e71c49-8da7-4a2f-ad92-45d98a1c79ba;Action=AutoActivate;AppId=55c92734-d682-4d71-983e-d6ec3f16059f;SkuId=4de7cb65-cdf1-4de9-8ae8-e3cce27b9f2c;NotificationInterval=1440;Trigger=UserLogon;SessionId=1"
                },
                "system": {
                    "eventID": "8198",
                    "eventSourceName": "Software Protection Platform Service",
                    "keywords": "0x80000000000000",
                    "providerGuid": "{E23B33B0-C8C9-472C-A5F9-F2BDFEA0F156}",
                    "level": "2",
                    "channel": "Application",
                    "opcode": "0",
                    "message": "\"License Activation (slui.exe) failed with the following error code:\r\nhr=0x80004005\r\nCommand-line arguments:\r\nRuleId=31e71c49-8da7-4a2f-ad92-45d98a1c79ba;Action=AutoActivate;AppId=55c92734-d682-4d71-983e-d6ec3f16059f;SkuId=4de7cb65-cdf1-4de9-8ae8-e3cce27b9f2c;NotificationInterval=1440;Trigger=UserLogon;SessionId=1\"",
                    "version": "0",
                    "systemTime": "2025-11-23T17:16:56.9168561Z",
                    "eventRecordID": "1532",
                    "threadID": "0",
                    "computer": "DESKTOP-SIJOGEC",
                    "task": "0",
                    "processID": "0",
                    "severityValue": "ERROR",
                    "providerName": "Microsoft-Windows-Security-SPP"
                }
            }
        },
        "rule": {
            "firedtimes": 1,
            "mail": false,
            "level": 5,
            "description": "License activation (slui.exe) failed.",
            "groups": [
                "windows",
                "windows_application"
            ],
            "id": "60646"
        },
        "decoder": {
            "name": "windows_eventchannel"
        },
        "input": {
            "type": "log"
        },
        "@timestamp": "2025-11-23T17:17:21.423Z",
        "location": "EventChannel",
        "id": "1763918241.237931",
        "timestamp": "2025-11-23T17:17:21.423+0000"
    },
    {
        "agent": {
            "ip": "192.168.44.137",
            "name": "win",
            "id": "001"
        },
        "manager": {
            "name": "ubuntu"
        },
        "data": {
            "win": {
                "eventdata": {
                    "originalFileName": "Cmd.Exe",
                    "image": "C:\\\\Windows\\\\System32\\\\cmd.exe",
                    "product": "Microsoft速 Windows速 Operating System",
                    "parentProcessGuid": "{3e3e0db9-4178-6923-4400-000000000800}",
                    "description": "Windows Command Processor",
                    "logonGuid": "{3e3e0db9-4174-6923-e703-000000000000}",
                    "parentCommandLine": "\\\"C:\\\\Program Files\\\\VMware\\\\VMware Tools\\\\vmtoolsd.exe\\\"",
                    "processGuid": "{3e3e0db9-4179-6923-4c00-000000000800}",
                    "logonId": "0x3e7",
                    "parentProcessId": "2764",
                    "processId": "3316",
                    "currentDirectory": "C:\\\\Windows\\\\system32\\\\",
                    "utcTime": "2025-11-23 17:16:41.547",
                    "hashes": "MD5=2B40C98ED0F7A1D3B091A3E8353132DC,SHA256=BADF4752413CB0CBDC03FB95820CA167F0CDC63B597CCDB5EF43111180E088B0",
                    "parentImage": "C:\\\\Program Files\\\\VMware\\\\VMware Tools\\\\vmtoolsd.exe",
                    "company": "Microsoft Corporation",
                    "commandLine": "C:\\\\Windows\\\\system32\\\\cmd.exe /c \\\"\\\"C:\\\\Program Files\\\\VMware\\\\VMware Tools\\\\poweron-vm-default.bat\\\"\\\"",
                    "integrityLevel": "System",
                    "fileVersion": "10.0.19041.4355 (WinBuild.160101.0800)",
                    "user": "NT AUTHORITY\\\\SYSTEM",
                    "terminalSessionId": "0",
                    "parentUser": "NT AUTHORITY\\\\SYSTEM"
                },
                "system": {
                    "eventID": "1",
                    "keywords": "0x8000000000000000",
                    "providerGuid": "{5770385f-c22a-43e0-bf4c-06f5698ffbd9}",
                    "level": "4",
                    "channel": "Microsoft-Windows-Sysmon/Operational",
                    "opcode": "0",
                    "message": "\"Process Create:\r\nRuleName: -\r\nUtcTime: 2025-11-23 17:16:41.547\r\nProcessGuid: {3e3e0db9-4179-6923-4c00-000000000800}\r\nProcessId: 3316\r\nImage: C:\\Windows\\System32\\cmd.exe\r\nFileVersion: 10.0.19041.4355 (WinBuild.160101.0800)\r\nDescription: Windows Command Processor\r\nProduct: Microsoft速 Windows速 Operating System\r\nCompany: Microsoft Corporation\r\nOriginalFileName: Cmd.Exe\r\nCommandLine: C:\\Windows\\system32\\cmd.exe /c \"\"C:\\Program Files\\VMware\\VMware Tools\\poweron-vm-default.bat\"\"\r\nCurrentDirectory: C:\\Windows\\system32\\\r\nUser: NT AUTHORITY\\SYSTEM\r\nLogonGuid: {3e3e0db9-4174-6923-e703-000000000000}\r\nLogonId: 0x3E7\r\nTerminalSessionId: 0\r\nIntegrityLevel: System\r\nHashes: MD5=2B40C98ED0F7A1D3B091A3E8353132DC,SHA256=BADF4752413CB0CBDC03FB95820CA167F0CDC63B597CCDB5EF43111180E088B0\r\nParentProcessGuid: {3e3e0db9-4178-6923-4400-000000000800}\r\nParentProcessId: 2764\r\nParentImage: C:\\Program Files\\VMware\\VMware Tools\\vmtoolsd.exe\r\nParentCommandLine: \"C:\\Program Files\\VMware\\VMware Tools\\vmtoolsd.exe\"\r\nParentUser: NT AUTHORITY\\SYSTEM\"",
                    "version": "5",
                    "systemTime": "2025-11-23T17:16:49.6272593Z",
                    "eventRecordID": "246",
                    "threadID": "5108",
                    "computer": "DESKTOP-SIJOGEC",
                    "task": "1",
                    "processID": "2840",
                    "severityValue": "INFORMATION",
                    "providerName": "Microsoft-Windows-Sysmon"
                }
            }
        },
        "rule": {
            "firedtimes": 1,
            "mail": false,
            "level": 4,
            "description": "Windows command prompt started by an abnormal process",
            "groups": [
                "sysmon",
                "sysmon_eid1_detections",
                "windows"
            ],
            "mitre": {
                "technique": [
                    "Windows Command Shell"
                ],
                "id": [
                    "T1059.003"
                ],
                "tactic": [
                    "Execution"
                ]
            },
            "id": "92052"
        },
        "decoder": {
            "name": "windows_eventchannel"
        },
        "input": {
            "type": "log"
        },
        "@timestamp": "2025-11-23T17:17:20.580Z",
        "location": "EventChannel",
        "id": "1763918240.232146",
        "timestamp": "2025-11-23T17:17:20.580+0000"
    },
    {
        "agent": {
            "ip": "192.168.44.137",
            "name": "win",
            "id": "001"
        },
        "manager": {
            "name": "ubuntu"
        },
        "data": {
            "win": {
                "eventdata": {
                    "data": "SessionEnv",
                    "binary": "D9060000"
                },
                "system": {
                    "eventID": "6000",
                    "eventSourceName": "Wlclntfy",
                    "keywords": "0x80000000000000",
                    "providerGuid": "{DBE9B383-7CF3-4331-91CC-A3CB16A3B538}",
                    "level": "4",
                    "channel": "Application",
                    "opcode": "0",
                    "message": "\"The winlogon notification subscriber <SessionEnv> was unavailable to handle a notification event.\"",
                    "version": "0",
                    "systemTime": "2025-11-23T17:16:47.4012109Z",
                    "eventRecordID": "1525",
                    "threadID": "0",
                    "computer": "DESKTOP-SIJOGEC",
                    "task": "0",
                    "processID": "0",
                    "severityValue": "INFORMATION",
                    "providerName": "Microsoft-Windows-Winlogon"
                }
            }
        },
        "rule": {
            "firedtimes": 1,
            "mail": false,
            "level": 5,
            "description": "SessionEnv was unavailable to handle a notification event.",
            "groups": [
                "windows",
                "windows_application"
            ],
            "id": "60775"
        },
        "decoder": {
            "name": "windows_eventchannel"
        },
        "input": {
            "type": "log"
        },
        "@timestamp": "2025-11-23T17:17:20.563Z",
        "location": "EventChannel",
        "id": "1763918240.230631",
        "timestamp": "2025-11-23T17:17:20.563+0000"
    },
    {
        "agent": {
            "ip": "192.168.44.137",
            "name": "win",
            "id": "001"
        },
        "manager": {
            "name": "ubuntu"
        },
        "data": {
            "win": {
                "eventdata": {
                    "extraInfo": " "
                },
                "system": {
                    "eventID": "1003",
                    "eventSourceName": "Windows Search Service",
                    "keywords": "0x80000000000000",
                    "providerGuid": "{CA4E628D-8567-4896-AB6B-835B221F373F}",
                    "level": "4",
                    "channel": "Application",
                    "opcode": "0",
                    "message": "\"The Windows Search Service started.\n\"",
                    "version": "0",
                    "systemTime": "2025-11-23T17:16:45.8545330Z",
                    "eventRecordID": "1524",
                    "threadID": "0",
                    "computer": "DESKTOP-SIJOGEC",
                    "task": "1",
                    "processID": "0",
                    "severityValue": "INFORMATION",
                    "providerName": "Microsoft-Windows-Search"
                }
            }
        },
        "rule": {
            "firedtimes": 1,
            "mail": false,
            "level": 3,
            "description": "The Windows search service started.",
            "groups": [
                "windows",
                "windows_application"
            ],
            "id": "60668"
        },
        "decoder": {
            "name": "windows_eventchannel"
        },
        "input": {
            "type": "log"
        },
        "@timestamp": "2025-11-23T17:17:20.535Z",
        "location": "EventChannel",
        "id": "1763918240.229295",
        "timestamp": "2025-11-23T17:17:20.535+0000"
    },
    {
        "agent": {
            "ip": "192.168.44.137",
            "name": "win",
            "id": "001"
        },
        "manager": {
            "name": "ubuntu"
        },
        "data": {
            "win": {
                "eventdata": {
                    "data": "SearchIndexer, 512,D,50, Windows:, 1, C:\\\\ProgramData\\\\Microsoft\\\\Search\\\\Data\\\\Applications\\\\Windows\\\\Windows.edb, 0,  [1] 0.000008 +J(0) +M(C:0K, Fs:1, WS:4K # 0K, PF:0K # 0K, P:0K) [2] 0.002485 -0.001185 (1) WT +J(0) +M(C:0K, Fs:26, WS:40K # 0K, PF:32K # 0K, P:32K) [3] 0.014971 -0.009367 (6) WT +J(CM:0, PgRf:0, Rd:0/0, Dy:0/0, Lg:3480/2) +M(C:0K, Fs:39, WS:120K # 0K, PF:140K # 0K, P:140K) [4] 0.000172 +J(0) +M(C:0K, Fs:1, WS:4K # 0K, PF:0K # 0K, P:0K) [5] - [6] - [7] - [8] 0.004051 -0.002513 (2) CM +J(CM:2, PgRf:2, Rd:14/2, Dy:0/0, Lg:54/1) +M(C:0K, Fs:48, WS:188K # 0K, PF:684K # 0K, P:684K) [9] 0.038898 -0.000825 (5) CM -0.037536 (1) WT +J(CM:5, PgRf:23, Rd:0/5, Dy:0/0, Lg:0/0) +M(C:0K, Fs:71, WS:284K # 0K, PF:256K # 144K, P:256K) [10] 0.000957 -0.000786 (1) CM +J(CM:1, PgRf:40, Rd:0/1, Dy:0/0, Lg:0/0) +M(C:0K, Fs:9, WS:36K # 24K, PF:96K # 96K, P:96K) [11] 0.000020 +J(CM:0, PgRf:1, Rd:0/0, Dy:0/0, Lg:0/0) +M(C:0K, Fs:2, WS:8K # 8K, PF:0K # 0K, P:0K) [12] 0.000048 +J(CM:0, PgRf:42, Rd:0/0, Dy:0/0, Lg:0/0) +M(C:0K, Fs:3, WS:12K # 12K, PF:0K # 0K, P:0K) [13] 0.000001 +J(0) [14] 0.0 +J(0) [15] 0.000005 +J(CM:0, PgRf:1, Rd:0/0, Dy:0/0, Lg:0/0)., 0 0, lgposAttach = 00000009:000A:0268, dbv = 1568.110.240"
                },
                "system": {
                    "eventID": "326",
                    "keywords": "0x80000000000000",
                    "level": "4",
                    "channel": "Application",
                    "opcode": "0",
                    "message": "\"SearchIndexer (512,D,50) Windows: The database engine attached a database (1, C:\\ProgramData\\Microsoft\\Search\\Data\\Applications\\Windows\\Windows.edb). (Time=0 seconds) \r\n \r\nSaved Cache: 0 0 \r\nAdditional Data: lgposAttach = 00000009:000A:0268,\ndbv = 1568.110.240 \r\n \r\nInternal Timing Sequence: \n[1] 0.000008 +J(0) +M(C:0K, Fs:1, WS:4K # 0K, PF:0K # 0K, P:0K)\n[2] 0.002485 -0.001185 (1) WT +J(0) +M(C:0K, Fs:26, WS:40K # 0K, PF:32K # 0K, P:32K)\n[3] 0.014971 -0.009367 (6) WT +J(CM:0, PgRf:0, Rd:0/0, Dy:0/0, Lg:3480/2) +M(C:0K, Fs:39, WS:120K # 0K, PF:140K # 0K, P:140K)\n[4] 0.000172 +J(0) +M(C:0K, Fs:1, WS:4K # 0K, PF:0K # 0K, P:0K)\n[5] -\n[6] -\n[7] -\n[8] 0.004051 -0.002513 (2) CM +J(CM:2, PgRf:2, Rd:14/2, Dy:0/0, Lg:54/1) +M(C:0K, Fs:48, WS:188K # 0K, PF:684K # 0K, P:684K)\n[9] 0.038898 -0.000825 (5) CM -0.037536 (1) WT +J(CM:5, PgRf:23, Rd:0/5, Dy:0/0, Lg:0/0) +M(C:0K, Fs:71, WS:284K # 0K, PF:256K # 144K, P:256K)\n[10] 0.000957 -0.000786 (1) CM +J(CM:1, PgRf:40, Rd:0/1, Dy:0/0, Lg:0/0) +M(C:0K, Fs:9, WS:36K # 24K, PF:96K # 96K, P:96K)\n[11] 0.000020 +J(CM:0, PgRf:1, Rd:0/0, Dy:0/0, Lg:0/0) +M(C:0K, Fs:2, WS:8K # 8K, PF:0K # 0K, P:0K)\n[12] 0.000048 +J(CM:0, PgRf:42, Rd:0/0, Dy:0/0, Lg:0/0) +M(C:0K, Fs:3, WS:12K # 12K, PF:0K # 0K, P:0K)\n[13] 0.000001 +J(0)\n[14] 0.0 +J(0)\n[15] 0.000005 +J(CM:0, PgRf:1, Rd:0/0, Dy:0/0, Lg:0/0).\"",
                    "version": "0",
                    "systemTime": "2025-11-23T17:16:44.7136992Z",
                    "eventRecordID": "1522",
                    "threadID": "0",
                    "computer": "DESKTOP-SIJOGEC",
                    "task": "1",
                    "processID": "0",
                    "severityValue": "INFORMATION",
                    "providerName": "ESENT"
                }
            }
        },
        "rule": {
            "firedtimes": 1,
            "mail": false,
            "level": 3,
            "description": "The database engine attached a database.",
            "groups": [
                "windows",
                "windows_application"
            ],
            "id": "60798"
        },
        "decoder": {
            "name": "windows_eventchannel"
        },
        "input": {
            "type": "log"
        },
        "@timestamp": "2025-11-23T17:17:20.444Z",
        "location": "EventChannel",
        "id": "1763918240.223138",
        "timestamp": "2025-11-23T17:17:20.444+0000"
    },
    {
        "agent": {
            "ip": "192.168.44.137",
            "name": "win",
            "id": "001"
        },
        "manager": {
            "name": "ubuntu"
        },
        "data": {
            "win": {
                "eventdata": {
                    "data": "SearchIndexer, 512,P,98, Windows:, 0, 10, 00, 19045, 0000"
                },
                "system": {
                    "eventID": "102",
                    "keywords": "0x80000000000000",
                    "level": "4",
                    "channel": "Application",
                    "opcode": "0",
                    "message": "\"SearchIndexer (512,P,98) Windows: The database engine (10.00.19045.0000) is starting a new instance (0).\"",
                    "version": "0",
                    "systemTime": "2025-11-23T17:16:44.6047161Z",
                    "eventRecordID": "1520",
                    "threadID": "0",
                    "computer": "DESKTOP-SIJOGEC",
                    "task": "1",
                    "processID": "0",
                    "severityValue": "INFORMATION",
                    "providerName": "ESENT"
                }
            }
        },
        "rule": {
            "firedtimes": 1,
            "mail": false,
            "level": 3,
            "description": "The database engine is starting a new instance.",
            "groups": [
                "windows",
                "windows_application"
            ],
            "id": "60805"
        },
        "decoder": {
            "name": "windows_eventchannel"
        },
        "input": {
            "type": "log"
        },
        "@timestamp": "2025-11-23T17:17:20.383Z",
        "location": "EventChannel",
        "id": "1763918240.221807",
        "timestamp": "2025-11-23T17:17:20.383+0000"
    },
    {
        "agent": {
            "ip": "192.168.44.137",
            "name": "win",
            "id": "001"
        },
        "manager": {
            "name": "ubuntu"
        },
        "data": {
            "extra_data": "win->192.168.44.137"
        },
        "rule": {
            "firedtimes": 1,
            "mail": false,
            "level": 3,
            "pci_dss": [
                "10.6.1",
                "10.2.6"
            ],
            "hipaa": [
                "164.312.b"
            ],
            "tsc": [
                "CC7.2",
                "CC7.3",
                "CC6.8"
            ],
            "description": "Wazuh agent started.",
            "groups": [
                "ossec"
            ],
            "id": "503",
            "nist_800_53": [
                "AU.6",
                "AU.14",
                "AU.5"
            ],
            "gpg13": [
                "10.1"
            ],
            "gdpr": [
                "IV_35.7.d"
            ]
        },
        "decoder": {
            "parent": "ossec",
            "name": "ossec"
        },
        "full_log": "ossec: Agent started: 'win->192.168.44.137'.",
        "input": {
            "type": "log"
        },
        "@timestamp": "2025-11-23T17:17:16.074Z",
        "location": "wazuh-agent",
        "id": "1763918236.221469",
        "timestamp": "2025-11-23T17:17:16.074+0000"
    },
    {
        "agent": {
            "name": "ubuntu",
            "id": "000"
        },
        "previous_output": "Previous output:\nossec: output: 'netstat listening ports':\ntcp 0.0.0.0:22 0.0.0.0:* /usr\ntcp6 :::22 :::* /usr\ntcp 127.0.0.53:53 0.0.0.0:* 913/systemd-resolve\nudp 127.0.0.53:53 0.0.0.0:* 913/systemd-resolve\nudp 192.168.44.138:68 0.0.0.0:* 911/systemd-network\ntcp 0.0.0.0:443 0.0.0.0:* 946/node\ntcp 0.0.0.0:1514 0.0.0.0:* 6698/wazuh-remoted\ntcp 0.0.0.0:1515 0.0.0.0:* 6551/wazuh-authd\ntcp6 :::9200 :::* 947/java\ntcp6 :::9300 :::* 947/java\ntcp 0.0.0.0:55000 0.0.0.0:* 6501/python3\ntcp6 :::55000 :::* 6501/python3",
        "manager": {
            "name": "ubuntu"
        },
        "rule": {
            "firedtimes": 1,
            "mail": false,
            "level": 7,
            "pci_dss": [
                "10.2.7",
                "10.6.1"
            ],
            "hipaa": [
                "164.312.b"
            ],
            "tsc": [
                "CC6.8",
                "CC7.2",
                "CC7.3"
            ],
            "description": "Listened ports status (netstat) changed (new port opened or closed).",
            "groups": [
                "ossec"
            ],
            "id": "533",
            "nist_800_53": [
                "AU.14",
                "AU.6"
            ],
            "gpg13": [
                "10.1"
            ],
            "gdpr": [
                "IV_35.7.d"
            ]
        },
        "decoder": {
            "name": "ossec"
        },
        "full_log": "ossec: output: 'netstat listening ports':\ntcp 0.0.0.0:22 0.0.0.0:* /usr\ntcp6 :::22 :::* /usr\ntcp 127.0.0.53:53 0.0.0.0:* 930/systemd-resolve\nudp 127.0.0.53:53 0.0.0.0:* 930/systemd-resolve\nudp 192.168.44.138:68 0.0.0.0:* 928/systemd-network\ntcp 0.0.0.0:443 0.0.0.0:* 963/node\ntcp 0.0.0.0:1514 0.0.0.0:* 1685/wazuh-remoted\ntcp 0.0.0.0:1515 0.0.0.0:* 1522/wazuh-authd\ntcp 0.0.0.0:55000 0.0.0.0:* 1473/python3\ntcp6 :::55000 :::* 1473/python3",
        "previous_log": "ossec: output: 'netstat listening ports':\ntcp 0.0.0.0:22 0.0.0.0:* /usr\ntcp6 :::22 :::* /usr\ntcp 127.0.0.53:53 0.0.0.0:* 913/systemd-resolve\nudp 127.0.0.53:53 0.0.0.0:* 913/systemd-resolve\nudp 192.168.44.138:68 0.0.0.0:* 911/systemd-network\ntcp 0.0.0.0:443 0.0.0.0:* 946/node\ntcp 0.0.0.0:1514 0.0.0.0:* 6698/wazuh-remoted\ntcp 0.0.0.0:1515 0.0.0.0:* 6551/wazuh-authd\ntcp6 :::9200 :::* 947/java\ntcp6 :::9300 :::* 947/java\ntcp 0.0.0.0:55000 0.0.0.0:* 6501/python3\ntcp6 :::55000 :::* 6501/python3",
        "input": {
            "type": "log"
        },
        "@timestamp": "2025-11-23T17:17:14.055Z",
        "location": "netstat listening ports",
        "id": "1763918234.220198",
        "timestamp": "2025-11-23T17:17:14.055+0000"
    },
    {
        "predecoder": {
            "hostname": "ubuntu",
            "program_name": "sshd",
            "timestamp": "Nov 23 04:44:35"
        },
        "agent": {
            "name": "ubuntu",
            "id": "000"
        },
        "manager": {
            "name": "ubuntu"
        },
        "data": {
            "dstuser": "ubuntu"
        },
        "rule": {
            "firedtimes": 9,
            "mail": false,
            "level": 3,
            "pci_dss": [
                "10.2.5"
            ],
            "hipaa": [
                "164.312.b"
            ],
            "tsc": [
                "CC6.8",
                "CC7.2",
                "CC7.3"
            ],
            "description": "PAM: Login session closed.",
            "groups": [
                "pam",
                "syslog"
            ],
            "id": "5502",
            "nist_800_53": [
                "AU.14",
                "AC.7"
            ],
            "gpg13": [
                "7.8",
                "7.9"
            ],
            "gdpr": [
                "IV_32.2"
            ]
        },
        "decoder": {
            "parent": "pam",
            "name": "pam"
        },
        "full_log": "Nov 23 04:44:35 ubuntu sshd[4256]: pam_unix(sshd:session): session closed for user ubuntu",
        "input": {
            "type": "log"
        },
        "@timestamp": "2025-11-23T04:44:35.687Z",
        "location": "journald",
        "id": "1763873075.219832",
        "timestamp": "2025-11-23T04:44:35.687+0000"
    },
    {
        "agent": {
            "ip": "192.168.44.137",
            "name": "win",
            "id": "001"
        },
        "manager": {
            "name": "ubuntu"
        },
        "data": {
            "win": {
                "eventdata": {
                    "data": "SessionEnv",
                    "binary": "D9060000"
                },
                "system": {
                    "eventID": "6000",
                    "eventSourceName": "Wlclntfy",
                    "keywords": "0x80000000000000",
                    "providerGuid": "{DBE9B383-7CF3-4331-91CC-A3CB16A3B538}",
                    "level": "4",
                    "channel": "Application",
                    "opcode": "0",
                    "message": "\"The winlogon notification subscriber <SessionEnv> was unavailable to handle a notification event.\"",
                    "version": "0",
                    "systemTime": "2025-11-23T04:44:32.4586885Z",
                    "eventRecordID": "1506",
                    "threadID": "0",
                    "computer": "DESKTOP-SIJOGEC",
                    "task": "0",
                    "processID": "0",
                    "severityValue": "INFORMATION",
                    "providerName": "Microsoft-Windows-Winlogon"
                }
            }
        },
        "rule": {
            "firedtimes": 2,
            "mail": false,
            "level": 5,
            "description": "SessionEnv was unavailable to handle a notification event.",
            "groups": [
                "windows",
                "windows_application"
            ],
            "id": "60775"
        },
        "decoder": {
            "name": "windows_eventchannel"
        },
        "input": {
            "type": "log"
        },
        "@timestamp": "2025-11-23T04:44:34.090Z",
        "location": "EventChannel",
        "id": "1763873074.218317",
        "timestamp": "2025-11-23T04:44:34.090+0000"
    },
    {
        "agent": {
            "ip": "192.168.44.137",
            "name": "win",
            "id": "001"
        },
        "manager": {
            "name": "ubuntu"
        },
        "data": {
            "win": {
                "eventdata": {
                    "data": "WSearch",
                    "binary": "D9060000"
                },
                "system": {
                    "eventID": "6000",
                    "eventSourceName": "Wlclntfy",
                    "keywords": "0x80000000000000",
                    "providerGuid": "{DBE9B383-7CF3-4331-91CC-A3CB16A3B538}",
                    "level": "4",
                    "channel": "Application",
                    "opcode": "0",
                    "message": "\"The winlogon notification subscriber <WSearch> was unavailable to handle a notification event.\"",
                    "version": "0",
                    "systemTime": "2025-11-23T04:44:32.3494466Z",
                    "eventRecordID": "1505",
                    "threadID": "0",
                    "computer": "DESKTOP-SIJOGEC",
                    "task": "0",
                    "processID": "0",
                    "severityValue": "INFORMATION",
                    "providerName": "Microsoft-Windows-Winlogon"
                }
            }
        },
        "rule": {
            "firedtimes": 1,
            "mail": false,
            "level": 5,
            "description": "WSearch was unavailable to handle a notification event.",
            "groups": [
                "windows",
                "windows_application"
            ],
            "id": "60775"
        },
        "decoder": {
            "name": "windows_eventchannel"
        },
        "input": {
            "type": "log"
        },
        "@timestamp": "2025-11-23T04:44:33.923Z",
        "location": "EventChannel",
        "id": "1763873073.216817",
        "timestamp": "2025-11-23T04:44:33.923+0000"
    },
    {
        "agent": {
            "ip": "192.168.44.137",
            "name": "win",
            "id": "001"
        },
        "manager": {
            "name": "ubuntu"
        },
        "data": {
            "win": {
                "eventdata": {
                    "param1": "{2593F8B9-4EAF-457C-B68A-50F6B8EA6B54}"
                },
                "system": {
                    "eventID": "10010",
                    "eventSourceName": "DCOM",
                    "keywords": "0x8080000000000000",
                    "providerGuid": "{1B562E86-B7AA-4131-BADC-B6F3A001407E}",
                    "level": "2",
                    "channel": "System",
                    "opcode": "0",
                    "message": "\"The server {2593F8B9-4EAF-457C-B68A-50F6B8EA6B54} did not register with DCOM within the required timeout.\"",
                    "version": "0",
                    "systemTime": "2025-11-23T04:44:26.7872428Z",
                    "eventRecordID": "787",
                    "threadID": "2476",
                    "computer": "DESKTOP-SIJOGEC",
                    "task": "0",
                    "processID": "920",
                    "severityValue": "ERROR",
                    "providerName": "Microsoft-Windows-DistributedCOM"
                }
            }
        },
        "rule": {
            "firedtimes": 1,
            "mail": false,
            "level": 5,
            "description": "Windows System error event",
            "groups": [
                "windows",
                "windows_system",
                "system_error"
            ],
            "id": "61102",
            "gpg13": [
                "4.3"
            ],
            "gdpr": [
                "IV_35.7.d"
            ]
        },
        "decoder": {
            "name": "windows_eventchannel"
        },
        "input": {
            "type": "log"
        },
        "@timestamp": "2025-11-23T04:44:29.178Z",
        "location": "EventChannel",
        "id": "1763873069.215280",
        "timestamp": "2025-11-23T04:44:29.178+0000"
    },
    {
        "agent": {
            "ip": "192.168.44.137",
            "name": "win",
            "id": "001"
        },
        "manager": {
            "name": "ubuntu"
        },
        "data": {
            "win": {
                "eventdata": {
                    "param7": "DESKTOP-SIJOGEC\\\\windows",
                    "param5": "power off",
                    "param3": "Other (Unplanned)",
                    "param4": "0x0",
                    "param1": "C:\\\\Windows\\\\System32\\\\RuntimeBroker.exe (DESKTOP-SIJOGEC)",
                    "param2": "DESKTOP-SIJOGEC"
                },
                "system": {
                    "eventID": "1074",
                    "eventSourceName": "User32",
                    "keywords": "0x8080000000000000",
                    "providerGuid": "{b0aa8734-56f7-41cc-b2f4-de228e98b946}",
                    "level": "4",
                    "channel": "System",
                    "opcode": "0",
                    "message": "\"The process C:\\Windows\\System32\\RuntimeBroker.exe (DESKTOP-SIJOGEC) has initiated the power off of computer DESKTOP-SIJOGEC on behalf of user DESKTOP-SIJOGEC\\windows for the following reason: Other (Unplanned)\r\n Reason Code: 0x0\r\n Shutdown Type: power off\r\n Comment: \"",
                    "version": "0",
                    "systemTime": "2025-11-23T04:44:25.4274678Z",
                    "eventRecordID": "786",
                    "threadID": "1188",
                    "computer": "DESKTOP-SIJOGEC",
                    "task": "0",
                    "processID": "428",
                    "severityValue": "INFORMATION",
                    "providerName": "User32"
                }
            }
        },
        "rule": {
            "firedtimes": 1,
            "mail": false,
            "level": 3,
            "description": "System shutdown initiated.",
            "groups": [
                "windows",
                " WEF"
            ],
            "mitre": {
                "technique": [
                    "System Shutdown/Reboot"
                ],
                "id": [
                    "T1529"
                ],
                "tactic": [
                    "Impact"
                ]
            },
            "id": "67018"
        },
        "decoder": {
            "name": "windows_eventchannel"
        },
        "input": {
            "type": "log"
        },
        "@timestamp": "2025-11-23T04:44:27.800Z",
        "location": "EventChannel",
        "id": "1763873067.213137",
        "timestamp": "2025-11-23T04:44:27.800+0000"
    },
