    {
        "agent": {
            "ip": "192.168.44.137",
            "name": "win",
            "id": "001"
        },
        "manager": {
            "name": "ubuntu"
        },
        "data": {
            "win": {
                "eventdata": {
                    "data": "svchost, 8876,R,98, DS_Token_DB:"
                },
                "system": {
                    "eventID": "300",
                    "keywords": "0x80000000000000",
                    "level": "4",
                    "channel": "Application",
                    "opcode": "0",
                    "message": "\"svchost (8876,R,98) DS_Token_DB: The database engine is initiating recovery steps.\"",
                    "version": "0",
                    "systemTime": "2025-11-24T21:49:16.4668946Z",
                    "eventRecordID": "1893",
                    "threadID": "0",
                    "computer": "DESKTOP-SIJOGEC",
                    "task": "3",
                    "processID": "0",
                    "severityValue": "INFORMATION",
                    "providerName": "ESENT"
                }
            }
        },
        "rule": {
            "firedtimes": 1,
            "mail": false,
            "level": 3,
            "description": "The database engine is initiating recovery steps.",
            "groups": [
                "windows",
                "windows_application"
            ],
            "id": "60807"
        },
        "decoder": {
            "name": "windows_eventchannel"
        },
        "input": {
            "type": "log"
        },
        "@timestamp": "2025-11-24T21:49:16.105Z",
        "location": "EventChannel",
        "id": "1764020956.540026",
        "timestamp": "2025-11-24T21:49:16.105+0000"
    },
    {
        "agent": {
            "ip": "192.168.44.137",
            "name": "win",
            "id": "001"
        },
        "manager": {
            "name": "ubuntu"
        },
        "data": {
            "win": {
                "eventdata": {
                    "data": "svchost, 8876,P,98, DS_Token_DB:, 0, 10, 00, 19045, 0000"
                },
                "system": {
                    "eventID": "102",
                    "keywords": "0x80000000000000",
                    "level": "4",
                    "channel": "Application",
                    "opcode": "0",
                    "message": "\"svchost (8876,P,98) DS_Token_DB: The database engine (10.00.19045.0000) is starting a new instance (0).\"",
                    "version": "0",
                    "systemTime": "2025-11-24T21:49:16.4511763Z",
                    "eventRecordID": "1892",
                    "threadID": "0",
                    "computer": "DESKTOP-SIJOGEC",
                    "task": "1",
                    "processID": "0",
                    "severityValue": "INFORMATION",
                    "providerName": "ESENT"
                }
            }
        },
        "rule": {
            "firedtimes": 2,
            "mail": false,
            "level": 3,
            "description": "The database engine is starting a new instance.",
            "groups": [
                "windows",
                "windows_application"
            ],
            "id": "60805"
        },
        "decoder": {
            "name": "windows_eventchannel"
        },
        "input": {
            "type": "log"
        },
        "@timestamp": "2025-11-24T21:49:16.063Z",
        "location": "EventChannel",
        "id": "1764020956.538699",
        "timestamp": "2025-11-24T21:49:16.063+0000"
    },
    {
        "agent": {
            "name": "ubuntu",
            "id": "000"
        },
        "previous_output": "Previous output:\nossec: output: 'netstat listening ports':\ntcp 0.0.0.0:22 0.0.0.0:* /usr\ntcp6 :::22 :::* /usr\ntcp 127.0.0.53:53 0.0.0.0:* 931/systemd-resolve\nudp 127.0.0.53:53 0.0.0.0:* 931/systemd-resolve\nudp 192.168.44.138:68 0.0.0.0:* 929/systemd-network\ntcp 0.0.0.0:443 0.0.0.0:* 967/node\ntcp 0.0.0.0:1514 0.0.0.0:* 1708/wazuh-remoted\ntcp 0.0.0.0:1515 0.0.0.0:* 1530/wazuh-authd\ntcp 0.0.0.0:55000 0.0.0.0:* 1478/python3\ntcp6 :::55000 :::* 1478/python3",
        "manager": {
            "name": "ubuntu"
        },
        "rule": {
            "firedtimes": 2,
            "mail": false,
            "level": 7,
            "pci_dss": [
                "10.2.7",
                "10.6.1"
            ],
            "hipaa": [
                "164.312.b"
            ],
            "tsc": [
                "CC6.8",
                "CC7.2",
                "CC7.3"
            ],
            "description": "Listened ports status (netstat) changed (new port opened or closed).",
            "groups": [
                "ossec"
            ],
            "id": "533",
            "nist_800_53": [
                "AU.14",
                "AU.6"
            ],
            "gpg13": [
                "10.1"
            ],
            "gdpr": [
                "IV_35.7.d"
            ]
        },
        "decoder": {
            "name": "ossec"
        },
        "full_log": "ossec: output: 'netstat listening ports':\ntcp 0.0.0.0:22 0.0.0.0:* /usr\ntcp6 :::22 :::* /usr\ntcp 127.0.0.53:53 0.0.0.0:* 931/systemd-resolve\nudp 127.0.0.53:53 0.0.0.0:* 931/systemd-resolve\nudp 192.168.44.138:68 0.0.0.0:* 929/systemd-network\ntcp 0.0.0.0:443 0.0.0.0:* 967/node\ntcp 0.0.0.0:1514 0.0.0.0:* 1708/wazuh-remoted\ntcp 0.0.0.0:1515 0.0.0.0:* 1530/wazuh-authd\ntcp6 :::9200 :::* 968/java\ntcp6 :::9300 :::* 968/java\ntcp 0.0.0.0:55000 0.0.0.0:* 1478/python3\ntcp6 :::55000 :::* 1478/python3",
        "previous_log": "ossec: output: 'netstat listening ports':\ntcp 0.0.0.0:22 0.0.0.0:* /usr\ntcp6 :::22 :::* /usr\ntcp 127.0.0.53:53 0.0.0.0:* 931/systemd-resolve\nudp 127.0.0.53:53 0.0.0.0:* 931/systemd-resolve\nudp 192.168.44.138:68 0.0.0.0:* 929/systemd-network\ntcp 0.0.0.0:443 0.0.0.0:* 967/node\ntcp 0.0.0.0:1514 0.0.0.0:* 1708/wazuh-remoted\ntcp 0.0.0.0:1515 0.0.0.0:* 1530/wazuh-authd\ntcp 0.0.0.0:55000 0.0.0.0:* 1478/python3\ntcp6 :::55000 :::* 1478/python3",
        "input": {
            "type": "log"
        },
        "@timestamp": "2025-11-24T21:45:00.235Z",
        "location": "netstat listening ports",
        "id": "1764020700.537428",
        "timestamp": "2025-11-24T21:45:00.235+0000"
    },
    {
        "agent": {
            "ip": "192.168.44.137",
            "name": "win",
            "id": "001"
        },
        "manager": {
            "name": "ubuntu"
        },
        "data": {
            "win": {
                "eventdata": {
                    "param3": "demand start",
                    "param4": "BITS",
                    "param1": "Background Intelligent Transfer Service",
                    "param2": "auto start"
                },
                "system": {
                    "eventID": "7040",
                    "eventSourceName": "Service Control Manager",
                    "keywords": "0x8080000000000000",
                    "providerGuid": "{555908d1-a6d7-4695-8e1e-26931d2012f4}",
                    "level": "4",
                    "channel": "System",
                    "opcode": "0",
                    "message": "\"The start type of the Background Intelligent Transfer Service service was changed from auto start to demand start.\"",
                    "version": "0",
                    "systemTime": "2025-11-24T21:43:29.5764025Z",
                    "eventRecordID": "1799",
                    "threadID": "4668",
                    "computer": "DESKTOP-SIJOGEC",
                    "task": "0",
                    "processID": "608",
                    "severityValue": "INFORMATION",
                    "providerName": "Service Control Manager"
                }
            }
        },
        "rule": {
            "firedtimes": 2,
            "mail": false,
            "level": 3,
            "pci_dss": [
                "10.6"
            ],
            "hipaa": [
                "164.312.b"
            ],
            "tsc": [
                "CC6.1",
                "CC6.8",
                "CC7.2",
                "CC7.3"
            ],
            "description": "Service startup type was changed",
            "groups": [
                "windows",
                "windows_system",
                "policy_changed"
            ],
            "id": "61104",
            "nist_800_53": [
                "AU.6"
            ],
            "info": "This does not appear to be logged on Windows 2000",
            "gdpr": [
                "IV_35.7.d"
            ]
        },
        "decoder": {
            "name": "windows_eventchannel"
        },
        "input": {
            "type": "log"
        },
        "@timestamp": "2025-11-24T21:43:30.193Z",
        "location": "EventChannel",
        "id": "1764020610.535598",
        "timestamp": "2025-11-24T21:43:30.193+0000"
    },
    {
        "agent": {
            "ip": "192.168.44.137",
            "name": "win",
            "id": "001"
        },
        "manager": {
            "name": "ubuntu"
        },
        "data": {
            "win": {
                "eventdata": {
                    "bucketId": "c9179ef297a30992fa985c66d93c06df37fdd843898c7ef5b5d37ad9e5020beb",
                    "deviceAttributes": "BaseBoardManufacturer:Intel Corporation;FirmwareManufacturer:VMware, Inc.;FirmwareVersion:VMW201.00V.24006586.B64.2406042154;OEMModelNumber:VMware20,1;OEMModelBaseBoard:440BX Desktop Reference Platform;OEMModelSystemFamily:;OEMManufacturerName:VMware, Inc.;OEMModelSKU:;OSArchitecture:amd64;",
                    "updateType": "0",
                    "hResult": "0"
                },
                "system": {
                    "eventID": "1801",
                    "keywords": "0x8000000000000000",
                    "providerGuid": "{7d5387b0-cbe0-11da-a94d-0800200c9a66}",
                    "level": "2",
                    "channel": "System",
                    "opcode": "0",
                    "message": "\"Secure Boot CA/keys need to be updated. This device signature information is included here.\r\nDeviceAttributes: BaseBoardManufacturer:Intel Corporation;FirmwareManufacturer:VMware, Inc.;FirmwareVersion:VMW201.00V.24006586.B64.2406042154;OEMModelNumber:VMware20,1;OEMModelBaseBoard:440BX Desktop Reference Platform;OEMModelSystemFamily:;OEMManufacturerName:VMware, Inc.;OEMModelSKU:;OSArchitecture:amd64;\r\nBucketId: c9179ef297a30992fa985c66d93c06df37fdd843898c7ef5b5d37ad9e5020beb\r\nBucketConfidenceLevel: \r\nUpdateType: 0\r\nHResult: The operation completed successfully.\"",
                    "version": "0",
                    "systemTime": "2025-11-24T21:43:21.7061979Z",
                    "eventRecordID": "1798",
                    "threadID": "5520",
                    "computer": "DESKTOP-SIJOGEC",
                    "task": "0",
                    "processID": "5576",
                    "severityValue": "ERROR",
                    "providerName": "Microsoft-Windows-TPM-WMI"
                }
            }
        },
        "rule": {
            "firedtimes": 1,
            "mail": false,
            "level": 5,
            "description": "Windows System error event",
            "groups": [
                "windows",
                "windows_system",
                "system_error"
            ],
            "id": "61102",
            "gpg13": [
                "4.3"
            ],
            "gdpr": [
                "IV_35.7.d"
            ]
        },
        "decoder": {
            "name": "windows_eventchannel"
        },
        "input": {
            "type": "log"
        },
        "@timestamp": "2025-11-24T21:43:22.330Z",
        "location": "EventChannel",
        "id": "1764020602.532422",
        "timestamp": "2025-11-24T21:43:22.330+0000"
    },
    {
        "agent": {
            "ip": "192.168.44.137",
            "name": "win",
            "id": "001"
        },
        "manager": {
            "name": "ubuntu"
        },
        "data": {
            "win": {
                "eventdata": {
                    "data": "2025-11-25T21:37:52Z, RulesEngine"
                },
                "system": {
                    "eventID": "16384",
                    "eventSourceName": "Software Protection Platform Service",
                    "keywords": "0x80000000000000",
                    "providerGuid": "{E23B33B0-C8C9-472C-A5F9-F2BDFEA0F156}",
                    "level": "4",
                    "channel": "Application",
                    "opcode": "0",
                    "message": "\"Successfully scheduled Software Protection service for re-start at 2025-11-25T21:37:52Z. Reason: RulesEngine.\"",
                    "version": "0",
                    "systemTime": "2025-11-24T21:42:52.5456223Z",
                    "eventRecordID": "1890",
                    "threadID": "0",
                    "computer": "DESKTOP-SIJOGEC",
                    "task": "0",
                    "processID": "0",
                    "severityValue": "INFORMATION",
                    "providerName": "Microsoft-Windows-Security-SPP"
                }
            }
        },
        "rule": {
            "firedtimes": 4,
            "mail": false,
            "level": 3,
            "description": "Software protection service scheduled successfully.",
            "groups": [
                "windows",
                "windows_application"
            ],
            "id": "60642"
        },
        "decoder": {
            "name": "windows_eventchannel"
        },
        "input": {
            "type": "log"
        },
        "@timestamp": "2025-11-24T21:42:52.166Z",
        "location": "EventChannel",
        "id": "1764020572.530829",
        "timestamp": "2025-11-24T21:42:52.166+0000"
    },
    {
        "agent": {
            "ip": "192.168.44.137",
            "name": "win",
            "id": "001"
        },
        "manager": {
            "name": "ubuntu"
        },
        "data": {
            "win": {
                "eventdata": {
                    "data": "2025-11-25T21:38:15Z, RulesEngine"
                },
                "system": {
                    "eventID": "16384",
                    "eventSourceName": "Software Protection Platform Service",
                    "keywords": "0x80000000000000",
                    "providerGuid": "{E23B33B0-C8C9-472C-A5F9-F2BDFEA0F156}",
                    "level": "4",
                    "channel": "Application",
                    "opcode": "0",
                    "message": "\"Successfully scheduled Software Protection service for re-start at 2025-11-25T21:38:15Z. Reason: RulesEngine.\"",
                    "version": "0",
                    "systemTime": "2025-11-24T21:42:15.1855230Z",
                    "eventRecordID": "1888",
                    "threadID": "0",
                    "computer": "DESKTOP-SIJOGEC",
                    "task": "0",
                    "processID": "0",
                    "severityValue": "INFORMATION",
                    "providerName": "Microsoft-Windows-Security-SPP"
                }
            }
        },
        "rule": {
            "firedtimes": 3,
            "mail": false,
            "level": 3,
            "description": "Software protection service scheduled successfully.",
            "groups": [
                "windows",
                "windows_application"
            ],
            "id": "60642"
        },
        "decoder": {
            "name": "windows_eventchannel"
        },
        "input": {
            "type": "log"
        },
        "@timestamp": "2025-11-24T21:42:14.837Z",
        "location": "EventChannel",
        "id": "1764020534.529236",
        "timestamp": "2025-11-24T21:42:14.837+0000"
    },
    {
        "agent": {
            "ip": "192.168.44.137",
            "name": "win",
            "id": "001"
        },
        "manager": {
            "name": "ubuntu"
        },
        "data": {
            "win": {
                "eventdata": {
                    "image": "C:\\\\Windows\\\\System32\\\\WindowsPowerShell\\\\v1.0\\\\powershell.exe",
                    "processGuid": "{3e3e0db9-d126-6924-0e01-000000000c00}",
                    "processId": "8832",
                    "utcTime": "2025-11-24 21:41:59.529",
                    "targetFilename": "C:\\\\Windows\\\\SystemTemp\\\\__PSScriptPolicyTest_1ymh4epe.xsj.ps1",
                    "creationUtcTime": "2025-11-24 21:41:59.529",
                    "user": "NT AUTHORITY\\\\SYSTEM"
                },
                "system": {
                    "eventID": "11",
                    "keywords": "0x8000000000000000",
                    "providerGuid": "{5770385f-c22a-43e0-bf4c-06f5698ffbd9}",
                    "level": "4",
                    "channel": "Microsoft-Windows-Sysmon/Operational",
                    "opcode": "0",
                    "message": "\"File created:\r\nRuleName: -\r\nUtcTime: 2025-11-24 21:41:59.529\r\nProcessGuid: {3e3e0db9-d126-6924-0e01-000000000c00}\r\nProcessId: 8832\r\nImage: C:\\Windows\\System32\\WindowsPowerShell\\v1.0\\powershell.exe\r\nTargetFilename: C:\\Windows\\SystemTemp\\__PSScriptPolicyTest_1ymh4epe.xsj.ps1\r\nCreationUtcTime: 2025-11-24 21:41:59.529\r\nUser: NT AUTHORITY\\SYSTEM\"",
                    "version": "2",
                    "systemTime": "2025-11-24T21:41:59.5418568Z",
                    "eventRecordID": "4206",
                    "threadID": "4220",
                    "computer": "DESKTOP-SIJOGEC",
                    "task": "11",
                    "processID": "2804",
                    "severityValue": "INFORMATION",
                    "providerName": "Microsoft-Windows-Sysmon"
                }
            }
        },
        "rule": {
            "firedtimes": 1,
            "mail": false,
            "level": 9,
            "description": "Powershell process created an executable file in Windows root folder",
            "groups": [
                "sysmon",
                "sysmon_eid11_detections",
                "windows"
            ],
            "mitre": {
                "technique": [
                    "Ingress Tool Transfer"
                ],
                "id": [
                    "T1105"
                ],
                "tactic": [
                    "Command and Control"
                ]
            },
            "id": "92205"
        },
        "decoder": {
            "name": "windows_eventchannel"
        },
        "input": {
            "type": "log"
        },
        "@timestamp": "2025-11-24T21:41:59.362Z",
        "location": "EventChannel",
        "id": "1764020519.526520",
        "timestamp": "2025-11-24T21:41:59.362+0000"
    },
    {
        "agent": {
            "ip": "192.168.44.137",
            "name": "win",
            "id": "001"
        },
        "manager": {
            "name": "ubuntu"
        },
        "data": {
            "win": {
                "eventdata": {
                    "binary": "2D20436F64653A2020434F525356434330303030303737342D2043616C6C3A2020434F525356434330303030303735362D205049443A202030303030343330342D205449443A202030303030343334302D20434D443A2020433A5C57696E646F77735C73797374656D33325C76737376632E6578652020202D20557365723A204E616D653A204E5420415554484F524954595C53595354454D2C205349443A532D312D352D313820"
                },
                "system": {
                    "eventID": "8224",
                    "keywords": "0x80000000000000",
                    "level": "4",
                    "channel": "Application",
                    "opcode": "0",
                    "message": "\"The VSS service is shutting down due to idle timeout. \"",
                    "version": "0",
                    "systemTime": "2025-11-24T21:41:28.6390085Z",
                    "eventRecordID": "1887",
                    "threadID": "0",
                    "computer": "DESKTOP-SIJOGEC",
                    "task": "0",
                    "processID": "0",
                    "severityValue": "INFORMATION",
                    "providerName": "VSS"
                }
            }
        },
        "rule": {
            "firedtimes": 1,
            "mail": false,
            "level": 5,
            "description": "The VSS service is shutting down due to idle timeout.",
            "groups": [
                "windows",
                "windows_application"
            ],
            "id": "60702"
        },
        "decoder": {
            "name": "windows_eventchannel"
        },
        "input": {
            "type": "log"
        },
        "@timestamp": "2025-11-24T21:41:28.292Z",
        "location": "EventChannel",
        "id": "1764020488.524723",
        "timestamp": "2025-11-24T21:41:28.292+0000"
    },
    {
        "agent": {
            "ip": "192.168.44.137",
            "name": "win",
            "id": "001"
        },
        "manager": {
            "name": "ubuntu"
        },
        "data": {
            "win": {
                "eventdata": {
                    "data": "2025-11-25T21:37:56Z, RulesEngine"
                },
                "system": {
                    "eventID": "16384",
                    "eventSourceName": "Software Protection Platform Service",
                    "keywords": "0x80000000000000",
                    "providerGuid": "{E23B33B0-C8C9-472C-A5F9-F2BDFEA0F156}",
                    "level": "4",
                    "channel": "Application",
                    "opcode": "0",
                    "message": "\"Successfully scheduled Software Protection service for re-start at 2025-11-25T21:37:56Z. Reason: RulesEngine.\"",
                    "version": "0",
                    "systemTime": "2025-11-24T21:40:56.7480069Z",
                    "eventRecordID": "1885",
                    "threadID": "0",
                    "computer": "DESKTOP-SIJOGEC",
                    "task": "0",
                    "processID": "0",
                    "severityValue": "INFORMATION",
                    "providerName": "Microsoft-Windows-Security-SPP"
                }
            }
        },
        "rule": {
            "firedtimes": 2,
            "mail": false,
            "level": 3,
            "description": "Software protection service scheduled successfully.",
            "groups": [
                "windows",
                "windows_application"
            ],
            "id": "60642"
        },
        "decoder": {
            "name": "windows_eventchannel"
        },
        "input": {
            "type": "log"
        },
        "@timestamp": "2025-11-24T21:40:56.351Z",
        "location": "EventChannel",
        "id": "1764020456.523130",
        "timestamp": "2025-11-24T21:40:56.351+0000"
    },
    {
        "agent": {
            "ip": "192.168.44.137",
            "name": "win",
            "id": "001"
        },
        "manager": {
            "name": "ubuntu"
        },
        "data": {
            "win": {
                "eventdata": {
                    "data": "2025-11-25T21:38:04Z, RulesEngine"
                },
                "system": {
                    "eventID": "16384",
                    "eventSourceName": "Software Protection Platform Service",
                    "keywords": "0x80000000000000",
                    "providerGuid": "{E23B33B0-C8C9-472C-A5F9-F2BDFEA0F156}",
                    "level": "4",
                    "channel": "Application",
                    "opcode": "0",
                    "message": "\"Successfully scheduled Software Protection service for re-start at 2025-11-25T21:38:04Z. Reason: RulesEngine.\"",
                    "version": "0",
                    "systemTime": "2025-11-24T21:40:04.9668810Z",
                    "eventRecordID": "1878",
                    "threadID": "0",
                    "computer": "DESKTOP-SIJOGEC",
                    "task": "0",
                    "processID": "0",
                    "severityValue": "INFORMATION",
                    "providerName": "Microsoft-Windows-Security-SPP"
                }
            }
        },
        "rule": {
            "firedtimes": 1,
            "mail": false,
            "level": 3,
            "description": "Software protection service scheduled successfully.",
            "groups": [
                "windows",
                "windows_application"
            ],
            "id": "60642"
        },
        "decoder": {
            "name": "windows_eventchannel"
        },
        "input": {
            "type": "log"
        },
        "@timestamp": "2025-11-24T21:40:04.580Z",
        "location": "EventChannel",
        "id": "1764020404.521537",
        "timestamp": "2025-11-24T21:40:04.580+0000"
    },
    {
        "agent": {
            "ip": "192.168.44.137",
            "name": "win",
            "id": "001"
        },
        "manager": {
            "name": "ubuntu"
        },
        "data": {
            "win": {
                "eventdata": {
                    "targetLogonId": "0x183d39",
                    "targetUserName": "windows",
                    "targetDomainName": "DESKTOP-SIJOGEC",
                    "targetUserSid": "S-1-5-21-2643128391-4121916274-1247374836-1001",
                    "logonType": "2"
                },
                "system": {
                    "eventID": "4634",
                    "keywords": "0x8020000000000000",
                    "providerGuid": "{54849625-5478-4994-a5ba-3e3b0328c30d}",
                    "level": "0",
                    "channel": "Security",
                    "opcode": "0",
                    "message": "\"An account was logged off.\r\n\r\nSubject:\r\n\tSecurity ID:\t\tS-1-5-21-2643128391-4121916274-1247374836-1001\r\n\tAccount Name:\t\twindows\r\n\tAccount Domain:\t\tDESKTOP-SIJOGEC\r\n\tLogon ID:\t\t0x183D39\r\n\r\nLogon Type:\t\t\t2\r\n\r\nThis event is generated when a logon session is destroyed. It may be positively correlated with a logon event using the Logon ID value. Logon IDs are only unique between reboots on the same computer.\"",
                    "version": "0",
                    "systemTime": "2025-11-24T21:39:58.8909917Z",
                    "eventRecordID": "23212",
                    "threadID": "712",
                    "computer": "DESKTOP-SIJOGEC",
                    "task": "12545",
                    "processID": "648",
                    "severityValue": "AUDIT_SUCCESS",
                    "providerName": "Microsoft-Windows-Security-Auditing"
                }
            }
        },
        "rule": {
            "firedtimes": 1,
            "mail": false,
            "level": 3,
            "description": "Non service account logged off.",
            "groups": [
                "windows",
                " WEF"
            ],
            "id": "67023"
        },
        "decoder": {
            "name": "windows_eventchannel"
        },
        "input": {
            "type": "log"
        },
        "@timestamp": "2025-11-24T21:39:59.600Z",
        "location": "EventChannel",
        "id": "1764020399.516753",
        "timestamp": "2025-11-24T21:39:59.600+0000"
    },
    {
        "agent": {
            "ip": "192.168.44.137",
            "name": "win",
            "id": "001"
        },
        "manager": {
            "name": "ubuntu"
        },
        "data": {
            "win": {
                "eventdata": {
                    "targetLogonId": "0x183d16",
                    "targetUserName": "windows",
                    "targetDomainName": "DESKTOP-SIJOGEC",
                    "targetUserSid": "S-1-5-21-2643128391-4121916274-1247374836-1001",
                    "logonType": "2"
                },
                "system": {
                    "eventID": "4634",
                    "keywords": "0x8020000000000000",
                    "providerGuid": "{54849625-5478-4994-a5ba-3e3b0328c30d}",
                    "level": "0",
                    "channel": "Security",
                    "opcode": "0",
                    "message": "\"An account was logged off.\r\n\r\nSubject:\r\n\tSecurity ID:\t\tS-1-5-21-2643128391-4121916274-1247374836-1001\r\n\tAccount Name:\t\twindows\r\n\tAccount Domain:\t\tDESKTOP-SIJOGEC\r\n\tLogon ID:\t\t0x183D16\r\n\r\nLogon Type:\t\t\t2\r\n\r\nThis event is generated when a logon session is destroyed. It may be positively correlated with a logon event using the Logon ID value. Logon IDs are only unique between reboots on the same computer.\"",
                    "version": "0",
                    "systemTime": "2025-11-24T21:39:58.8912368Z",
                    "eventRecordID": "23213",
                    "threadID": "712",
                    "computer": "DESKTOP-SIJOGEC",
                    "task": "12545",
                    "processID": "648",
                    "severityValue": "AUDIT_SUCCESS",
                    "providerName": "Microsoft-Windows-Security-Auditing"
                }
            }
        },
        "rule": {
            "firedtimes": 2,
            "mail": false,
            "level": 3,
            "description": "Non service account logged off.",
            "groups": [
                "windows",
                " WEF"
            ],
            "id": "67023"
        },
        "decoder": {
            "name": "windows_eventchannel"
        },
        "input": {
            "type": "log"
        },
        "@timestamp": "2025-11-24T21:39:59.600Z",
        "location": "EventChannel",
        "id": "1764020399.519145",
        "timestamp": "2025-11-24T21:39:59.600+0000"
    },
    {
        "agent": {
            "ip": "192.168.44.137",
            "name": "win",
            "id": "001"
        },
        "manager": {
            "name": "ubuntu"
        },
        "data": {
            "win": {
                "eventdata": {
                    "subjectLogonId": "0x183d16",
                    "subjectUserSid": "S-1-5-21-2643128391-4121916274-1247374836-1001",
                    "subjectDomainName": "DESKTOP-SIJOGEC",
                    "privilegeList": "SeSecurityPrivilege     SeTakeOwnershipPrivilege     SeLoadDriverPrivilege     SeBackupPrivilege     SeRestorePrivilege     SeDebugPrivilege     SeSystemEnvironmentPrivilege     SeImpersonatePrivilege     SeDelegateSessionUserImpersonatePrivilege",
                    "subjectUserName": "windows"
                },
                "system": {
                    "eventID": "4672",
                    "keywords": "0x8020000000000000",
                    "providerGuid": "{54849625-5478-4994-a5ba-3e3b0328c30d}",
                    "level": "0",
                    "channel": "Security",
                    "opcode": "0",
                    "message": "\"Special privileges assigned to new logon.\r\n\r\nSubject:\r\n\tSecurity ID:\t\tS-1-5-21-2643128391-4121916274-1247374836-1001\r\n\tAccount Name:\t\twindows\r\n\tAccount Domain:\t\tDESKTOP-SIJOGEC\r\n\tLogon ID:\t\t0x183D16\r\n\r\nPrivileges:\t\tSeSecurityPrivilege\r\n\t\t\tSeTakeOwnershipPrivilege\r\n\t\t\tSeLoadDriverPrivilege\r\n\t\t\tSeBackupPrivilege\r\n\t\t\tSeRestorePrivilege\r\n\t\t\tSeDebugPrivilege\r\n\t\t\tSeSystemEnvironmentPrivilege\r\n\t\t\tSeImpersonatePrivilege\r\n\t\t\tSeDelegateSessionUserImpersonatePrivilege\"",
                    "version": "0",
                    "systemTime": "2025-11-24T21:39:58.8861765Z",
                    "eventRecordID": "23211",
                    "threadID": "712",
                    "computer": "DESKTOP-SIJOGEC",
                    "task": "12548",
                    "processID": "648",
                    "severityValue": "AUDIT_SUCCESS",
                    "providerName": "Microsoft-Windows-Security-Auditing"
                }
            }
        },
        "rule": {
            "firedtimes": 1,
            "mail": false,
            "level": 3,
            "description": "Special privileges assigned to new logon.",
            "groups": [
                "windows",
                " WEF"
            ],
            "mitre": {
                "technique": [
                    "Domain Policy Modification"
                ],
                "id": [
                    "T1484"
                ],
                "tactic": [
                    "Defense Evasion",
                    "Privilege Escalation"
                ]
            },
            "id": "67028"
        },
        "decoder": {
            "name": "windows_eventchannel"
        },
        "input": {
            "type": "log"
        },
        "@timestamp": "2025-11-24T21:39:59.572Z",
        "location": "EventChannel",
        "id": "1764020399.513698",
        "timestamp": "2025-11-24T21:39:59.572+0000"
    },
    {
        "agent": {
            "ip": "192.168.44.137",
            "name": "win",
            "id": "001"
        },
        "manager": {
            "name": "ubuntu"
        },
        "data": {
            "win": {
                "eventdata": {
                    "subjectLogonId": "0x3e7",
                    "subjectDomainName": "WORKGROUP",
                    "targetLinkedLogonId": "0x183d16",
                    "impersonationLevel": "%%1833",
                    "ipAddress": "127.0.0.1",
                    "authenticationPackageName": "Negotiate",
                    "workstationName": "DESKTOP-SIJOGEC",
                    "targetLogonId": "0x183d39",
                    "logonProcessName": "User32",
                    "logonGuid": "{00000000-0000-0000-0000-000000000000}",
                    "targetUserName": "windows",
                    "keyLength": "0",
                    "elevatedToken": "%%1843",
                    "subjectUserSid": "S-1-5-18",
                    "processId": "0x4e8",
                    "processName": "C:\\\\Windows\\\\System32\\\\svchost.exe",
                    "ipPort": "0",
                    "targetDomainName": "DESKTOP-SIJOGEC",
                    "targetUserSid": "S-1-5-21-2643128391-4121916274-1247374836-1001",
                    "virtualAccount": "%%1843",
                    "logonType": "2",
                    "subjectUserName": "DESKTOP-SIJOGEC$"
                },
                "system": {
                    "eventID": "4624",
                    "keywords": "0x8020000000000000",
                    "providerGuid": "{54849625-5478-4994-a5ba-3e3b0328c30d}",
                    "level": "0",
                    "channel": "Security",
                    "opcode": "0",
                    "message": "\"An account was successfully logged on.\r\n\r\nSubject:\r\n\tSecurity ID:\t\tS-1-5-18\r\n\tAccount Name:\t\tDESKTOP-SIJOGEC$\r\n\tAccount Domain:\t\tWORKGROUP\r\n\tLogon ID:\t\t0x3E7\r\n\r\nLogon Information:\r\n\tLogon Type:\t\t2\r\n\tRestricted Admin Mode:\t-\r\n\tVirtual Account:\t\tNo\r\n\tElevated Token:\t\tNo\r\n\r\nImpersonation Level:\t\tImpersonation\r\n\r\nNew Logon:\r\n\tSecurity ID:\t\tS-1-5-21-2643128391-4121916274-1247374836-1001\r\n\tAccount Name:\t\twindows\r\n\tAccount Domain:\t\tDESKTOP-SIJOGEC\r\n\tLogon ID:\t\t0x183D39\r\n\tLinked Logon ID:\t\t0x183D16\r\n\tNetwork Account Name:\t-\r\n\tNetwork Account Domain:\t-\r\n\tLogon GUID:\t\t{00000000-0000-0000-0000-000000000000}\r\n\r\nProcess Information:\r\n\tProcess ID:\t\t0x4e8\r\n\tProcess Name:\t\tC:\\Windows\\System32\\svchost.exe\r\n\r\nNetwork Information:\r\n\tWorkstation Name:\tDESKTOP-SIJOGEC\r\n\tSource Network Address:\t127.0.0.1\r\n\tSource Port:\t\t0\r\n\r\nDetailed Authentication Information:\r\n\tLogon Process:\t\tUser32 \r\n\tAuthentication Package:\tNegotiate\r\n\tTransited Services:\t-\r\n\tPackage Name (NTLM only):\t-\r\n\tKey Length:\t\t0\r\n\r\nThis event is generated when a logon session is created. It is generated on the computer that was accessed.\r\n\r\nThe subject fields indicate the account on the local system which requested the logon. This is most commonly a service such as the Server service, or a local process such as Winlogon.exe or Services.exe.\r\n\r\nThe logon type field indicates the kind of logon that occurred. The most common types are 2 (interactive) and 3 (network).\r\n\r\nThe New Logon fields indicate the account for whom the new logon was created, i.e. the account that was logged on.\r\n\r\nThe network fields indicate where a remote logon request originated. Workstation name is not always available and may be left blank in some cases.\r\n\r\nThe impersonation level field indicates the extent to which a process in the logon session can impersonate.\r\n\r\nThe authentication information fields provide detailed information about this specific logon request.\r\n\t- Logon GUID is a unique identifier that can be used to correlate this event with a KDC event.\r\n\t- Transited services indicate which intermediate services have participated in this logon request.\r\n\t- Package name indicates which sub-protocol was used among the NTLM protocols.\r\n\t- Key length indicates the length of the generated session key. This will be 0 if no session key was requested.\"",
                    "version": "2",
                    "systemTime": "2025-11-24T21:39:58.8861701Z",
                    "eventRecordID": "23210",
                    "threadID": "712",
                    "computer": "DESKTOP-SIJOGEC",
                    "task": "12544",
                    "processID": "648",
                    "severityValue": "AUDIT_SUCCESS",
                    "providerName": "Microsoft-Windows-Security-Auditing"
                }
            }
        },
        "rule": {
            "mail": false,
            "level": 3,
            "pci_dss": [
                "10.2.5"
            ],
            "hipaa": [
                "164.312.b"
            ],
            "tsc": [
                "CC6.8",
                "CC7.2",
                "CC7.3"
            ],
            "description": "Windows Workstation Logon Success",
            "groups": [
                "windows",
                "windows_security",
                "authentication_success"
            ],
            "nist_800_53": [
                "AU.14",
                "AC.9"
            ],
            "gdpr": [
                "IV_32.2"
            ],
            "firedtimes": 2,
            "mitre": {
                "technique": [
                    "Valid Accounts"
                ],
                "id": [
                    "T1078"
                ],
                "tactic": [
                    "Defense Evasion",
                    "Persistence",
                    "Privilege Escalation",
                    "Initial Access"
                ]
            },
            "id": "60118",
            "gpg13": [
                "7.1",
                "7.2"
            ]
        },
        "decoder": {
            "name": "windows_eventchannel"
        },
        "input": {
            "type": "log"
        },
        "@timestamp": "2025-11-24T21:39:59.564Z",
        "location": "EventChannel",
        "id": "1764020399.505952",
        "timestamp": "2025-11-24T21:39:59.564+0000"
    },
    {
        "agent": {
            "ip": "192.168.44.137",
            "name": "win",
            "id": "001"
        },
        "manager": {
            "name": "ubuntu"
        },
        "data": {
            "win": {
                "eventdata": {
                    "subjectLogonId": "0x3e7",
                    "subjectDomainName": "WORKGROUP",
                    "targetLinkedLogonId": "0x183d39",
                    "impersonationLevel": "%%1833",
                    "ipAddress": "127.0.0.1",
                    "authenticationPackageName": "Negotiate",
                    "workstationName": "DESKTOP-SIJOGEC",
                    "targetLogonId": "0x183d16",
                    "logonProcessName": "User32",
                    "logonGuid": "{00000000-0000-0000-0000-000000000000}",
                    "targetUserName": "windows",
                    "keyLength": "0",
                    "elevatedToken": "%%1842",
                    "subjectUserSid": "S-1-5-18",
                    "processId": "0x4e8",
                    "processName": "C:\\\\Windows\\\\System32\\\\svchost.exe",
                    "ipPort": "0",
                    "targetDomainName": "DESKTOP-SIJOGEC",
                    "targetUserSid": "S-1-5-21-2643128391-4121916274-1247374836-1001",
                    "virtualAccount": "%%1843",
                    "logonType": "2",
                    "subjectUserName": "DESKTOP-SIJOGEC$"
                },
                "system": {
                    "eventID": "4624",
                    "keywords": "0x8020000000000000",
                    "providerGuid": "{54849625-5478-4994-a5ba-3e3b0328c30d}",
                    "level": "0",
                    "channel": "Security",
                    "opcode": "0",
                    "message": "\"An account was successfully logged on.\r\n\r\nSubject:\r\n\tSecurity ID:\t\tS-1-5-18\r\n\tAccount Name:\t\tDESKTOP-SIJOGEC$\r\n\tAccount Domain:\t\tWORKGROUP\r\n\tLogon ID:\t\t0x3E7\r\n\r\nLogon Information:\r\n\tLogon Type:\t\t2\r\n\tRestricted Admin Mode:\t-\r\n\tVirtual Account:\t\tNo\r\n\tElevated Token:\t\tYes\r\n\r\nImpersonation Level:\t\tImpersonation\r\n\r\nNew Logon:\r\n\tSecurity ID:\t\tS-1-5-21-2643128391-4121916274-1247374836-1001\r\n\tAccount Name:\t\twindows\r\n\tAccount Domain:\t\tDESKTOP-SIJOGEC\r\n\tLogon ID:\t\t0x183D16\r\n\tLinked Logon ID:\t\t0x183D39\r\n\tNetwork Account Name:\t-\r\n\tNetwork Account Domain:\t-\r\n\tLogon GUID:\t\t{00000000-0000-0000-0000-000000000000}\r\n\r\nProcess Information:\r\n\tProcess ID:\t\t0x4e8\r\n\tProcess Name:\t\tC:\\Windows\\System32\\svchost.exe\r\n\r\nNetwork Information:\r\n\tWorkstation Name:\tDESKTOP-SIJOGEC\r\n\tSource Network Address:\t127.0.0.1\r\n\tSource Port:\t\t0\r\n\r\nDetailed Authentication Information:\r\n\tLogon Process:\t\tUser32 \r\n\tAuthentication Package:\tNegotiate\r\n\tTransited Services:\t-\r\n\tPackage Name (NTLM only):\t-\r\n\tKey Length:\t\t0\r\n\r\nThis event is generated when a logon session is created. It is generated on the computer that was accessed.\r\n\r\nThe subject fields indicate the account on the local system which requested the logon. This is most commonly a service such as the Server service, or a local process such as Winlogon.exe or Services.exe.\r\n\r\nThe logon type field indicates the kind of logon that occurred. The most common types are 2 (interactive) and 3 (network).\r\n\r\nThe New Logon fields indicate the account for whom the new logon was created, i.e. the account that was logged on.\r\n\r\nThe network fields indicate where a remote logon request originated. Workstation name is not always available and may be left blank in some cases.\r\n\r\nThe impersonation level field indicates the extent to which a process in the logon session can impersonate.\r\n\r\nThe authentication information fields provide detailed information about this specific logon request.\r\n\t- Logon GUID is a unique identifier that can be used to correlate this event with a KDC event.\r\n\t- Transited services indicate which intermediate services have participated in this logon request.\r\n\t- Package name indicates which sub-protocol was used among the NTLM protocols.\r\n\t- Key length indicates the length of the generated session key. This will be 0 if no session key was requested.\"",
                    "version": "2",
                    "systemTime": "2025-11-24T21:39:58.8861544Z",
                    "eventRecordID": "23209",
                    "threadID": "712",
                    "computer": "DESKTOP-SIJOGEC",
                    "task": "12544",
                    "processID": "648",
                    "severityValue": "AUDIT_SUCCESS",
                    "providerName": "Microsoft-Windows-Security-Auditing"
                }
            }
        },
        "rule": {
            "mail": false,
            "level": 3,
            "pci_dss": [
                "10.2.5"
            ],
            "hipaa": [
                "164.312.b"
            ],
            "tsc": [
                "CC6.8",
                "CC7.2",
                "CC7.3"
            ],
            "description": "Windows Workstation Logon Success",
            "groups": [
                "windows",
                "windows_security",
                "authentication_success"
            ],
            "nist_800_53": [
                "AU.14",
                "AC.9"
            ],
            "gdpr": [
                "IV_32.2"
            ],
            "firedtimes": 1,
            "mitre": {
                "technique": [
                    "Valid Accounts"
                ],
                "id": [
                    "T1078"
                ],
                "tactic": [
                    "Defense Evasion",
                    "Persistence",
                    "Privilege Escalation",
                    "Initial Access"
                ]
            },
            "id": "60118",
            "gpg13": [
                "7.1",
                "7.2"
            ]
        },
        "decoder": {
            "name": "windows_eventchannel"
        },
        "input": {
            "type": "log"
        },
        "@timestamp": "2025-11-24T21:39:59.522Z",
        "location": "EventChannel",
        "id": "1764020399.498204",
        "timestamp": "2025-11-24T21:39:59.522+0000"
    },
