    {
        "agent": {
            "ip": "192.168.44.137",
            "name": "win",
            "id": "001"
        },
        "manager": {
            "name": "ubuntu"
        },
        "data": {
            "win": {
                "eventdata": {
                    "data": "SearchIndexer, 3644,D,50, Windows:, 1, C:\\\\ProgramData\\\\Microsoft\\\\Search\\\\Data\\\\Applications\\\\Windows\\\\Windows.edb, 0,  [1] 0.000007 +J(0) +M(C:0K, Fs:1, WS:4K # 0K, PF:0K # 0K, P:0K) [2] 0.002653 -0.002218 (1) WT +J(0) +M(C:0K, Fs:27, WS:44K # 0K, PF:36K # 0K, P:36K) [3] 0.009977 -0.006265 (6) WT +J(CM:0, PgRf:0, Rd:0/0, Dy:0/0, Lg:3480/2) +M(C:0K, Fs:39, WS:120K # 0K, PF:140K # 0K, P:140K) [4] 0.000095 +J(0) +M(C:0K, Fs:1, WS:4K # 0K, PF:0K # 0K, P:0K) [5] - [6] - [7] - [8] 0.003582 -0.002209 (2) CM +J(CM:2, PgRf:2, Rd:14/2, Dy:0/0, Lg:54/1) +M(C:0K, Fs:48, WS:188K # 0K, PF:684K # 0K, P:684K) [9] 0.032684 -0.001087 (5) CM -0.031204 (1) WT +J(CM:5, PgRf:23, Rd:0/5, Dy:0/0, Lg:0/0) +M(C:0K, Fs:71, WS:284K # 0K, PF:256K # 152K, P:256K) [10] 0.001020 -0.000915 (1) CM +J(CM:1, PgRf:40, Rd:0/1, Dy:0/0, Lg:0/0) +M(C:0K, Fs:9, WS:36K # 20K, PF:96K # 96K, P:96K) [11] 0.000015 +J(CM:0, PgRf:1, Rd:0/0, Dy:0/0, Lg:0/0) +M(C:0K, Fs:2, WS:8K # 8K, PF:0K # 0K, P:0K) [12] 0.000058 +J(CM:0, PgRf:42, Rd:0/0, Dy:0/0, Lg:0/0) +M(C:0K, Fs:3, WS:12K # 12K, PF:0K # 0K, P:0K) [13] 0.000001 +J(0) [14] 0.0 +J(0) [15] 0.000004 +J(CM:0, PgRf:1, Rd:0/0, Dy:0/0, Lg:0/0)., 0 0, lgposAttach = 0000000A:0079:0268, dbv = 1568.110.240"
                },
                "system": {
                    "eventID": "326",
                    "keywords": "0x80000000000000",
                    "level": "4",
                    "channel": "Application",
                    "opcode": "0",
                    "message": "\"SearchIndexer (3644,D,50) Windows: The database engine attached a database (1, C:\\ProgramData\\Microsoft\\Search\\Data\\Applications\\Windows\\Windows.edb). (Time=0 seconds) \r\n \r\nSaved Cache: 0 0 \r\nAdditional Data: lgposAttach = 0000000A:0079:0268,\ndbv = 1568.110.240 \r\n \r\nInternal Timing Sequence: \n[1] 0.000007 +J(0) +M(C:0K, Fs:1, WS:4K # 0K, PF:0K # 0K, P:0K)\n[2] 0.002653 -0.002218 (1) WT +J(0) +M(C:0K, Fs:27, WS:44K # 0K, PF:36K # 0K, P:36K)\n[3] 0.009977 -0.006265 (6) WT +J(CM:0, PgRf:0, Rd:0/0, Dy:0/0, Lg:3480/2) +M(C:0K, Fs:39, WS:120K # 0K, PF:140K # 0K, P:140K)\n[4] 0.000095 +J(0) +M(C:0K, Fs:1, WS:4K # 0K, PF:0K # 0K, P:0K)\n[5] -\n[6] -\n[7] -\n[8] 0.003582 -0.002209 (2) CM +J(CM:2, PgRf:2, Rd:14/2, Dy:0/0, Lg:54/1) +M(C:0K, Fs:48, WS:188K # 0K, PF:684K # 0K, P:684K)\n[9] 0.032684 -0.001087 (5) CM -0.031204 (1) WT +J(CM:5, PgRf:23, Rd:0/5, Dy:0/0, Lg:0/0) +M(C:0K, Fs:71, WS:284K # 0K, PF:256K # 152K, P:256K)\n[10] 0.001020 -0.000915 (1) CM +J(CM:1, PgRf:40, Rd:0/1, Dy:0/0, Lg:0/0) +M(C:0K, Fs:9, WS:36K # 20K, PF:96K # 96K, P:96K)\n[11] 0.000015 +J(CM:0, PgRf:1, Rd:0/0, Dy:0/0, Lg:0/0) +M(C:0K, Fs:2, WS:8K # 8K, PF:0K # 0K, P:0K)\n[12] 0.000058 +J(CM:0, PgRf:42, Rd:0/0, Dy:0/0, Lg:0/0) +M(C:0K, Fs:3, WS:12K # 12K, PF:0K # 0K, P:0K)\n[13] 0.000001 +J(0)\n[14] 0.0 +J(0)\n[15] 0.000004 +J(CM:0, PgRf:1, Rd:0/0, Dy:0/0, Lg:0/0).\"",
                    "version": "0",
                    "systemTime": "2025-11-23T22:32:27.7071012Z",
                    "eventRecordID": "1735",
                    "threadID": "0",
                    "computer": "DESKTOP-SIJOGEC",
                    "task": "1",
                    "processID": "0",
                    "severityValue": "INFORMATION",
                    "providerName": "ESENT"
                }
            }
        },
        "rule": {
            "firedtimes": 1,
            "mail": false,
            "level": 3,
            "description": "The database engine attached a database.",
            "groups": [
                "windows",
                "windows_application"
            ],
            "id": "60798"
        },
        "decoder": {
            "name": "windows_eventchannel"
        },
        "input": {
            "type": "log"
        },
        "@timestamp": "2025-11-23T22:33:12.412Z",
        "location": "EventChannel",
        "id": "1763937192.657535",
        "timestamp": "2025-11-23T22:33:12.412+0000"
    },
    {
        "agent": {
            "ip": "192.168.44.137",
            "name": "win",
            "id": "001"
        },
        "manager": {
            "name": "ubuntu"
        },
        "data": {
            "win": {
                "eventdata": {
                    "data": "SearchIndexer, 3644,P,98, Windows:, 0, 10, 00, 19045, 0000"
                },
                "system": {
                    "eventID": "102",
                    "keywords": "0x80000000000000",
                    "level": "4",
                    "channel": "Application",
                    "opcode": "0",
                    "message": "\"SearchIndexer (3644,P,98) Windows: The database engine (10.00.19045.0000) is starting a new instance (0).\"",
                    "version": "0",
                    "systemTime": "2025-11-23T22:32:27.5664680Z",
                    "eventRecordID": "1733",
                    "threadID": "0",
                    "computer": "DESKTOP-SIJOGEC",
                    "task": "1",
                    "processID": "0",
                    "severityValue": "INFORMATION",
                    "providerName": "ESENT"
                }
            }
        },
        "rule": {
            "firedtimes": 1,
            "mail": false,
            "level": 3,
            "description": "The database engine is starting a new instance.",
            "groups": [
                "windows",
                "windows_application"
            ],
            "id": "60805"
        },
        "decoder": {
            "name": "windows_eventchannel"
        },
        "input": {
            "type": "log"
        },
        "@timestamp": "2025-11-23T22:33:12.313Z",
        "location": "EventChannel",
        "id": "1763937192.656200",
        "timestamp": "2025-11-23T22:33:12.313+0000"
    },
    {
        "agent": {
            "ip": "192.168.44.137",
            "name": "win",
            "id": "001"
        },
        "manager": {
            "name": "ubuntu"
        },
        "data": {
            "win": {
                "eventdata": {
                    "originalFileName": "Cmd.Exe",
                    "image": "C:\\\\Windows\\\\System32\\\\cmd.exe",
                    "product": "Microsoft速 Windows速 Operating System",
                    "parentProcessGuid": "{3e3e0db9-8b76-6923-4300-000000000a00}",
                    "description": "Windows Command Processor",
                    "logonGuid": "{3e3e0db9-8b71-6923-e703-000000000000}",
                    "parentCommandLine": "\\\"C:\\\\Program Files\\\\VMware\\\\VMware Tools\\\\vmtoolsd.exe\\\"",
                    "processGuid": "{3e3e0db9-8b77-6923-4b00-000000000a00}",
                    "logonId": "0x3e7",
                    "parentProcessId": "2740",
                    "processId": "3284",
                    "currentDirectory": "C:\\\\Windows\\\\system32\\\\",
                    "utcTime": "2025-11-23 22:32:23.677",
                    "hashes": "MD5=2B40C98ED0F7A1D3B091A3E8353132DC,SHA256=BADF4752413CB0CBDC03FB95820CA167F0CDC63B597CCDB5EF43111180E088B0",
                    "parentImage": "C:\\\\Program Files\\\\VMware\\\\VMware Tools\\\\vmtoolsd.exe",
                    "company": "Microsoft Corporation",
                    "commandLine": "C:\\\\Windows\\\\system32\\\\cmd.exe /c \\\"\\\"C:\\\\Program Files\\\\VMware\\\\VMware Tools\\\\poweron-vm-default.bat\\\"\\\"",
                    "integrityLevel": "System",
                    "fileVersion": "10.0.19041.4355 (WinBuild.160101.0800)",
                    "user": "NT AUTHORITY\\\\SYSTEM",
                    "terminalSessionId": "0",
                    "parentUser": "NT AUTHORITY\\\\SYSTEM"
                },
                "system": {
                    "eventID": "1",
                    "keywords": "0x8000000000000000",
                    "providerGuid": "{5770385f-c22a-43e0-bf4c-06f5698ffbd9}",
                    "level": "4",
                    "channel": "Microsoft-Windows-Sysmon/Operational",
                    "opcode": "0",
                    "message": "\"Process Create:\r\nRuleName: -\r\nUtcTime: 2025-11-23 22:32:23.677\r\nProcessGuid: {3e3e0db9-8b77-6923-4b00-000000000a00}\r\nProcessId: 3284\r\nImage: C:\\Windows\\System32\\cmd.exe\r\nFileVersion: 10.0.19041.4355 (WinBuild.160101.0800)\r\nDescription: Windows Command Processor\r\nProduct: Microsoft速 Windows速 Operating System\r\nCompany: Microsoft Corporation\r\nOriginalFileName: Cmd.Exe\r\nCommandLine: C:\\Windows\\system32\\cmd.exe /c \"\"C:\\Program Files\\VMware\\VMware Tools\\poweron-vm-default.bat\"\"\r\nCurrentDirectory: C:\\Windows\\system32\\\r\nUser: NT AUTHORITY\\SYSTEM\r\nLogonGuid: {3e3e0db9-8b71-6923-e703-000000000000}\r\nLogonId: 0x3E7\r\nTerminalSessionId: 0\r\nIntegrityLevel: System\r\nHashes: MD5=2B40C98ED0F7A1D3B091A3E8353132DC,SHA256=BADF4752413CB0CBDC03FB95820CA167F0CDC63B597CCDB5EF43111180E088B0\r\nParentProcessGuid: {3e3e0db9-8b76-6923-4300-000000000a00}\r\nParentProcessId: 2740\r\nParentImage: C:\\Program Files\\VMware\\VMware Tools\\vmtoolsd.exe\r\nParentCommandLine: \"C:\\Program Files\\VMware\\VMware Tools\\vmtoolsd.exe\"\r\nParentUser: NT AUTHORITY\\SYSTEM\"",
                    "version": "5",
                    "systemTime": "2025-11-23T22:32:31.5851448Z",
                    "eventRecordID": "2229",
                    "threadID": "4596",
                    "computer": "DESKTOP-SIJOGEC",
                    "task": "1",
                    "processID": "2792",
                    "severityValue": "INFORMATION",
                    "providerName": "Microsoft-Windows-Sysmon"
                }
            }
        },
        "rule": {
            "firedtimes": 1,
            "mail": false,
            "level": 4,
            "description": "Windows command prompt started by an abnormal process",
            "groups": [
                "sysmon",
                "sysmon_eid1_detections",
                "windows"
            ],
            "mitre": {
                "technique": [
                    "Windows Command Shell"
                ],
                "id": [
                    "T1059.003"
                ],
                "tactic": [
                    "Execution"
                ]
            },
            "id": "92052"
        },
        "decoder": {
            "name": "windows_eventchannel"
        },
        "input": {
            "type": "log"
        },
        "@timestamp": "2025-11-23T22:33:12.058Z",
        "location": "EventChannel",
        "id": "1763937192.650413",
        "timestamp": "2025-11-23T22:33:12.058+0000"
    },
    {
        "agent": {
            "ip": "192.168.44.137",
            "name": "win",
            "id": "001"
        },
        "manager": {
            "name": "ubuntu"
        },
        "data": {
            "extra_data": "win->192.168.44.137"
        },
        "rule": {
            "firedtimes": 1,
            "mail": false,
            "level": 3,
            "pci_dss": [
                "10.6.1",
                "10.2.6"
            ],
            "hipaa": [
                "164.312.b"
            ],
            "tsc": [
                "CC7.2",
                "CC7.3",
                "CC6.8"
            ],
            "description": "Wazuh agent started.",
            "groups": [
                "ossec"
            ],
            "id": "503",
            "nist_800_53": [
                "AU.6",
                "AU.14",
                "AU.5"
            ],
            "gpg13": [
                "10.1"
            ],
            "gdpr": [
                "IV_35.7.d"
            ]
        },
        "decoder": {
            "parent": "ossec",
            "name": "ossec"
        },
        "full_log": "ossec: Agent started: 'win->192.168.44.137'.",
        "input": {
            "type": "log"
        },
        "@timestamp": "2025-11-23T22:33:10.291Z",
        "location": "wazuh-agent",
        "id": "1763937190.650075",
        "timestamp": "2025-11-23T22:33:10.291+0000"
    },
    {
        "agent": {
            "name": "ubuntu",
            "id": "000"
        },
        "previous_output": "Previous output:\nossec: output: 'netstat listening ports':\ntcp 0.0.0.0:22 0.0.0.0:* /usr\ntcp6 :::22 :::* /usr\ntcp 127.0.0.53:53 0.0.0.0:* 930/systemd-resolve\nudp 127.0.0.53:53 0.0.0.0:* 930/systemd-resolve\nudp 192.168.44.138:68 0.0.0.0:* 928/systemd-network\ntcp 0.0.0.0:443 0.0.0.0:* 963/node\ntcp 0.0.0.0:1514 0.0.0.0:* 1685/wazuh-remoted\ntcp 0.0.0.0:1515 0.0.0.0:* 1522/wazuh-authd\ntcp6 :::9200 :::* 964/java\ntcp6 :::9300 :::* 964/java\ntcp 0.0.0.0:55000 0.0.0.0:* 1473/python3\ntcp6 :::55000 :::* 1473/python3",
        "manager": {
            "name": "ubuntu"
        },
        "rule": {
            "firedtimes": 1,
            "mail": false,
            "level": 7,
            "pci_dss": [
                "10.2.7",
                "10.6.1"
            ],
            "hipaa": [
                "164.312.b"
            ],
            "tsc": [
                "CC6.8",
                "CC7.2",
                "CC7.3"
            ],
            "description": "Listened ports status (netstat) changed (new port opened or closed).",
            "groups": [
                "ossec"
            ],
            "id": "533",
            "nist_800_53": [
                "AU.14",
                "AU.6"
            ],
            "gpg13": [
                "10.1"
            ],
            "gdpr": [
                "IV_35.7.d"
            ]
        },
        "decoder": {
            "name": "ossec"
        },
        "full_log": "ossec: output: 'netstat listening ports':\ntcp 0.0.0.0:22 0.0.0.0:* /usr\ntcp6 :::22 :::* /usr\ntcp 127.0.0.53:53 0.0.0.0:* 932/systemd-resolve\nudp 127.0.0.53:53 0.0.0.0:* 932/systemd-resolve\nudp 192.168.44.138:68 0.0.0.0:* 930/systemd-network\ntcp 0.0.0.0:443 0.0.0.0:* 968/node\ntcp 0.0.0.0:1514 0.0.0.0:* 1647/wazuh-remoted\ntcp 0.0.0.0:1515 0.0.0.0:* 1541/wazuh-authd\ntcp 0.0.0.0:55000 0.0.0.0:* 1479/python3\ntcp6 :::55000 :::* 1479/python3",
        "previous_log": "ossec: output: 'netstat listening ports':\ntcp 0.0.0.0:22 0.0.0.0:* /usr\ntcp6 :::22 :::* /usr\ntcp 127.0.0.53:53 0.0.0.0:* 930/systemd-resolve\nudp 127.0.0.53:53 0.0.0.0:* 930/systemd-resolve\nudp 192.168.44.138:68 0.0.0.0:* 928/systemd-network\ntcp 0.0.0.0:443 0.0.0.0:* 963/node\ntcp 0.0.0.0:1514 0.0.0.0:* 1685/wazuh-remoted\ntcp 0.0.0.0:1515 0.0.0.0:* 1522/wazuh-authd\ntcp6 :::9200 :::* 964/java\ntcp6 :::9300 :::* 964/java\ntcp 0.0.0.0:55000 0.0.0.0:* 1473/python3\ntcp6 :::55000 :::* 1473/python3",
        "input": {
            "type": "log"
        },
        "@timestamp": "2025-11-23T22:33:05.636Z",
        "location": "netstat listening ports",
        "id": "1763937185.648804",
        "timestamp": "2025-11-23T22:33:05.636+0000"
    },
    {
        "agent": {
            "ip": "192.168.44.137",
            "name": "win",
            "id": "001"
        },
        "manager": {
            "name": "ubuntu"
        },
        "rule": {
            "mail": false,
            "level": 3,
            "pci_dss": [
                "10.6.1",
                "10.2.6"
            ],
            "hipaa": [
                "164.312.b"
            ],
            "tsc": [
                "CC7.2",
                "CC7.3",
                "CC6.8"
            ],
            "description": "Wazuh agent disconnected.",
            "groups": [
                "ossec"
            ],
            "nist_800_53": [
                "AU.6",
                "AU.14",
                "AU.5"
            ],
            "gdpr": [
                "IV_35.7.d"
            ],
            "firedtimes": 1,
            "mitre": {
                "technique": [
                    "Disable or Modify Tools"
                ],
                "id": [
                    "T1562.001"
                ],
                "tactic": [
                    "Defense Evasion"
                ]
            },
            "id": "504",
            "gpg13": [
                "10.1"
            ]
        },
        "decoder": {
            "name": "ossec"
        },
        "full_log": "ossec: Agent disconnected: 'win-192.168.44.137'.",
        "input": {
            "type": "log"
        },
        "@timestamp": "2025-11-23T20:02:29.214Z",
        "location": "wazuh-monitord",
        "id": "1763928149.648454",
        "timestamp": "2025-11-23T20:02:29.214+0000"
    },
    {
        "agent": {
            "ip": "192.168.44.137",
            "name": "win",
            "id": "001"
        },
        "manager": {
            "name": "ubuntu"
        },
        "data": {
            "win": {
                "eventdata": {
                    "param3": "demand start",
                    "param4": "BITS",
                    "param1": "Background Intelligent Transfer Service",
                    "param2": "auto start"
                },
                "system": {
                    "eventID": "7040",
                    "eventSourceName": "Service Control Manager",
                    "keywords": "0x8080000000000000",
                    "providerGuid": "{555908d1-a6d7-4695-8e1e-26931d2012f4}",
                    "level": "4",
                    "channel": "System",
                    "opcode": "0",
                    "message": "\"The start type of the Background Intelligent Transfer Service service was changed from auto start to demand start.\"",
                    "version": "0",
                    "systemTime": "2025-11-23T19:07:24.3849669Z",
                    "eventRecordID": "1563",
                    "threadID": "6372",
                    "computer": "DESKTOP-SIJOGEC",
                    "task": "0",
                    "processID": "584",
                    "severityValue": "INFORMATION",
                    "providerName": "Service Control Manager"
                }
            }
        },
        "rule": {
            "firedtimes": 2,
            "mail": false,
            "level": 3,
            "pci_dss": [
                "10.6"
            ],
            "hipaa": [
                "164.312.b"
            ],
            "tsc": [
                "CC6.1",
                "CC6.8",
                "CC7.2",
                "CC7.3"
            ],
            "description": "Service startup type was changed",
            "groups": [
                "windows",
                "windows_system",
                "policy_changed"
            ],
            "id": "61104",
            "nist_800_53": [
                "AU.6"
            ],
            "info": "This does not appear to be logged on Windows 2000",
            "gdpr": [
                "IV_35.7.d"
            ]
        },
        "decoder": {
            "name": "windows_eventchannel"
        },
        "input": {
            "type": "log"
        },
        "@timestamp": "2025-11-23T19:07:24.894Z",
        "location": "EventChannel",
        "id": "1763924844.646624",
        "timestamp": "2025-11-23T19:07:24.894+0000"
    },
    {
        "agent": {
            "ip": "192.168.44.137",
            "name": "win",
            "id": "001"
        },
        "manager": {
            "name": "ubuntu"
        },
        "data": {
            "win": {
                "eventdata": {
                    "data": "2025-11-24T19:03:55Z, RulesEngine"
                },
                "system": {
                    "eventID": "16384",
                    "eventSourceName": "Software Protection Platform Service",
                    "keywords": "0x80000000000000",
                    "providerGuid": "{E23B33B0-C8C9-472C-A5F9-F2BDFEA0F156}",
                    "level": "4",
                    "channel": "Application",
                    "opcode": "0",
                    "message": "\"Successfully scheduled Software Protection service for re-start at 2025-11-24T19:03:55Z. Reason: RulesEngine.\"",
                    "version": "0",
                    "systemTime": "2025-11-23T19:04:56.0268278Z",
                    "eventRecordID": "1712",
                    "threadID": "0",
                    "computer": "DESKTOP-SIJOGEC",
                    "task": "0",
                    "processID": "0",
                    "severityValue": "INFORMATION",
                    "providerName": "Microsoft-Windows-Security-SPP"
                }
            }
        },
        "rule": {
            "firedtimes": 1,
            "mail": false,
            "level": 3,
            "description": "Software protection service scheduled successfully.",
            "groups": [
                "windows",
                "windows_application"
            ],
            "id": "60642"
        },
        "decoder": {
            "name": "windows_eventchannel"
        },
        "input": {
            "type": "log"
        },
        "@timestamp": "2025-11-23T19:04:55.557Z",
        "location": "EventChannel",
        "id": "1763924695.645031",
        "timestamp": "2025-11-23T19:04:55.557+0000"
    },
    {
        "agent": {
            "ip": "192.168.44.137",
            "name": "win",
            "id": "001"
        },
        "manager": {
            "name": "ubuntu"
        },
        "data": {
            "win": {
                "eventdata": {
                    "originalFileName": "ipconfig.exe",
                    "image": "C:\\\\Windows\\\\System32\\\\ipconfig.exe",
                    "product": "Microsoft速 Windows速 Operating System",
                    "parentProcessGuid": "{3e3e0db9-5ab4-6923-d501-000000000900}",
                    "description": "IP Configuration Utility",
                    "logonGuid": "{3e3e0db9-5317-6923-e703-000000000000}",
                    "parentCommandLine": "C:\\\\Windows\\\\system32\\\\cmd.exe /c \\\"\\\"C:\\\\Program Files\\\\VMware\\\\VMware Tools\\\\resume-vm-default.bat\\\"\\\"",
                    "processGuid": "{3e3e0db9-5ab7-6923-dc01-000000000900}",
                    "logonId": "0x3e7",
                    "parentProcessId": "5528",
                    "processId": "4280",
                    "currentDirectory": "C:\\\\Windows\\\\system32\\\\",
                    "utcTime": "2025-11-23 19:04:23.103",
                    "hashes": "MD5=62F170FB07FDBB79CEB7147101406EB8,SHA256=53E000F5AA9B3A00934319DB8080BB99CB323BF48FC628A64F75D7847C265606",
                    "parentImage": "C:\\\\Windows\\\\System32\\\\cmd.exe",
                    "company": "Microsoft Corporation",
                    "commandLine": "C:\\\\Windows\\\\system32\\\\ipconfig  /renew",
                    "integrityLevel": "System",
                    "fileVersion": "10.0.19041.1 (WinBuild.160101.0800)",
                    "user": "NT AUTHORITY\\\\SYSTEM",
                    "terminalSessionId": "0",
                    "parentUser": "NT AUTHORITY\\\\SYSTEM"
                },
                "system": {
                    "eventID": "1",
                    "keywords": "0x8000000000000000",
                    "providerGuid": "{5770385f-c22a-43e0-bf4c-06f5698ffbd9}",
                    "level": "4",
                    "channel": "Microsoft-Windows-Sysmon/Operational",
                    "opcode": "0",
                    "message": "\"Process Create:\r\nRuleName: -\r\nUtcTime: 2025-11-23 19:04:23.103\r\nProcessGuid: {3e3e0db9-5ab7-6923-dc01-000000000900}\r\nProcessId: 4280\r\nImage: C:\\Windows\\System32\\ipconfig.exe\r\nFileVersion: 10.0.19041.1 (WinBuild.160101.0800)\r\nDescription: IP Configuration Utility\r\nProduct: Microsoft速 Windows速 Operating System\r\nCompany: Microsoft Corporation\r\nOriginalFileName: ipconfig.exe\r\nCommandLine: C:\\Windows\\system32\\ipconfig  /renew\r\nCurrentDirectory: C:\\Windows\\system32\\\r\nUser: NT AUTHORITY\\SYSTEM\r\nLogonGuid: {3e3e0db9-5317-6923-e703-000000000000}\r\nLogonId: 0x3E7\r\nTerminalSessionId: 0\r\nIntegrityLevel: System\r\nHashes: MD5=62F170FB07FDBB79CEB7147101406EB8,SHA256=53E000F5AA9B3A00934319DB8080BB99CB323BF48FC628A64F75D7847C265606\r\nParentProcessGuid: {3e3e0db9-5ab4-6923-d501-000000000900}\r\nParentProcessId: 5528\r\nParentImage: C:\\Windows\\System32\\cmd.exe\r\nParentCommandLine: C:\\Windows\\system32\\cmd.exe /c \"\"C:\\Program Files\\VMware\\VMware Tools\\resume-vm-default.bat\"\"\r\nParentUser: NT AUTHORITY\\SYSTEM\"",
                    "version": "5",
                    "systemTime": "2025-11-23T19:04:23.1206131Z",
                    "eventRecordID": "2004",
                    "threadID": "3976",
                    "computer": "DESKTOP-SIJOGEC",
                    "task": "1",
                    "processID": "2820",
                    "severityValue": "INFORMATION",
                    "providerName": "Microsoft-Windows-Sysmon"
                }
            }
        },
        "rule": {
            "firedtimes": 1,
            "mail": false,
            "level": 3,
            "description": "Suspicious Windows cmd shell execution",
            "groups": [
                "sysmon",
                "sysmon_eid1_detections",
                "windows"
            ],
            "mitre": {
                "technique": [
                    "Account Discovery",
                    "Windows Command Shell"
                ],
                "id": [
                    "T1087",
                    "T1059.003"
                ],
                "tactic": [
                    "Discovery",
                    "Execution"
                ]
            },
            "id": "92032"
        },
        "decoder": {
            "name": "windows_eventchannel"
        },
        "input": {
            "type": "log"
        },
        "@timestamp": "2025-11-23T19:04:35.940Z",
        "location": "EventChannel",
        "id": "1763924675.639407",
        "timestamp": "2025-11-23T19:04:35.940+0000"
    },
    {
        "agent": {
            "ip": "192.168.44.137",
            "name": "win",
            "id": "001"
        },
        "manager": {
            "name": "ubuntu"
        },
        "data": {
            "win": {
                "eventdata": {
                    "originalFileName": "Cmd.Exe",
                    "image": "C:\\\\Windows\\\\System32\\\\cmd.exe",
                    "product": "Microsoft速 Windows速 Operating System",
                    "parentProcessGuid": "{3e3e0db9-531c-6923-4600-000000000900}",
                    "description": "Windows Command Processor",
                    "logonGuid": "{3e3e0db9-5317-6923-e703-000000000000}",
                    "parentCommandLine": "\\\"C:\\\\Program Files\\\\VMware\\\\VMware Tools\\\\vmtoolsd.exe\\\"",
                    "processGuid": "{3e3e0db9-5ab4-6923-d501-000000000900}",
                    "logonId": "0x3e7",
                    "parentProcessId": "2756",
                    "processId": "5528",
                    "currentDirectory": "C:\\\\Windows\\\\system32\\\\",
                    "utcTime": "2025-11-23 19:04:20.071",
                    "hashes": "MD5=2B40C98ED0F7A1D3B091A3E8353132DC,SHA256=BADF4752413CB0CBDC03FB95820CA167F0CDC63B597CCDB5EF43111180E088B0",
                    "parentImage": "C:\\\\Program Files\\\\VMware\\\\VMware Tools\\\\vmtoolsd.exe",
                    "company": "Microsoft Corporation",
                    "commandLine": "C:\\\\Windows\\\\system32\\\\cmd.exe /c \\\"\\\"C:\\\\Program Files\\\\VMware\\\\VMware Tools\\\\resume-vm-default.bat\\\"\\\"",
                    "integrityLevel": "System",
                    "fileVersion": "10.0.19041.4355 (WinBuild.160101.0800)",
                    "user": "NT AUTHORITY\\\\SYSTEM",
                    "terminalSessionId": "0",
                    "parentUser": "NT AUTHORITY\\\\SYSTEM"
                },
                "system": {
                    "eventID": "1",
                    "keywords": "0x8000000000000000",
                    "providerGuid": "{5770385f-c22a-43e0-bf4c-06f5698ffbd9}",
                    "level": "4",
                    "channel": "Microsoft-Windows-Sysmon/Operational",
                    "opcode": "0",
                    "message": "\"Process Create:\r\nRuleName: -\r\nUtcTime: 2025-11-23 19:04:20.071\r\nProcessGuid: {3e3e0db9-5ab4-6923-d501-000000000900}\r\nProcessId: 5528\r\nImage: C:\\Windows\\System32\\cmd.exe\r\nFileVersion: 10.0.19041.4355 (WinBuild.160101.0800)\r\nDescription: Windows Command Processor\r\nProduct: Microsoft速 Windows速 Operating System\r\nCompany: Microsoft Corporation\r\nOriginalFileName: Cmd.Exe\r\nCommandLine: C:\\Windows\\system32\\cmd.exe /c \"\"C:\\Program Files\\VMware\\VMware Tools\\resume-vm-default.bat\"\"\r\nCurrentDirectory: C:\\Windows\\system32\\\r\nUser: NT AUTHORITY\\SYSTEM\r\nLogonGuid: {3e3e0db9-5317-6923-e703-000000000000}\r\nLogonId: 0x3E7\r\nTerminalSessionId: 0\r\nIntegrityLevel: System\r\nHashes: MD5=2B40C98ED0F7A1D3B091A3E8353132DC,SHA256=BADF4752413CB0CBDC03FB95820CA167F0CDC63B597CCDB5EF43111180E088B0\r\nParentProcessGuid: {3e3e0db9-531c-6923-4600-000000000900}\r\nParentProcessId: 2756\r\nParentImage: C:\\Program Files\\VMware\\VMware Tools\\vmtoolsd.exe\r\nParentCommandLine: \"C:\\Program Files\\VMware\\VMware Tools\\vmtoolsd.exe\"\r\nParentUser: NT AUTHORITY\\SYSTEM\"",
                    "version": "5",
                    "systemTime": "2025-11-23T19:04:20.1369163Z",
                    "eventRecordID": "2000",
                    "threadID": "3976",
                    "computer": "DESKTOP-SIJOGEC",
                    "task": "1",
                    "processID": "2820",
                    "severityValue": "INFORMATION",
                    "providerName": "Microsoft-Windows-Sysmon"
                }
            }
        },
        "rule": {
            "firedtimes": 1,
            "mail": false,
            "level": 4,
            "description": "Windows command prompt started by an abnormal process",
            "groups": [
                "sysmon",
                "sysmon_eid1_detections",
                "windows"
            ],
            "mitre": {
                "technique": [
                    "Windows Command Shell"
                ],
                "id": [
                    "T1059.003"
                ],
                "tactic": [
                    "Execution"
                ]
            },
            "id": "92052"
        },
        "decoder": {
            "name": "windows_eventchannel"
        },
        "input": {
            "type": "log"
        },
        "@timestamp": "2025-11-23T19:04:35.880Z",
        "location": "EventChannel",
        "id": "1763924675.633624",
        "timestamp": "2025-11-23T19:04:35.880+0000"
    },
    {
        "agent": {
            "ip": "192.168.44.137",
            "name": "win",
            "id": "001"
        },
        "manager": {
            "name": "ubuntu"
        },
        "data": {
            "win": {
                "eventdata": {
                    "param3": "auto start",
                    "param4": "BITS",
                    "param1": "Background Intelligent Transfer Service",
                    "param2": "demand start"
                },
                "system": {
                    "eventID": "7040",
                    "eventSourceName": "Service Control Manager",
                    "keywords": "0x8080000000000000",
                    "providerGuid": "{555908d1-a6d7-4695-8e1e-26931d2012f4}",
                    "level": "4",
                    "channel": "System",
                    "opcode": "0",
                    "message": "\"The start type of the Background Intelligent Transfer Service service was changed from demand start to auto start.\"",
                    "version": "0",
                    "systemTime": "2025-11-23T19:04:27.7329270Z",
                    "eventRecordID": "1562",
                    "threadID": "1336",
                    "computer": "DESKTOP-SIJOGEC",
                    "task": "0",
                    "processID": "584",
                    "severityValue": "INFORMATION",
                    "providerName": "Service Control Manager"
                }
            }
        },
        "rule": {
            "firedtimes": 1,
            "mail": false,
            "level": 3,
            "pci_dss": [
                "10.6"
            ],
            "hipaa": [
                "164.312.b"
            ],
            "tsc": [
                "CC6.1",
                "CC6.8",
                "CC7.2",
                "CC7.3"
            ],
            "description": "Service startup type was changed",
            "groups": [
                "windows",
                "windows_system",
                "policy_changed"
            ],
            "id": "61104",
            "nist_800_53": [
                "AU.6"
            ],
            "info": "This does not appear to be logged on Windows 2000",
            "gdpr": [
                "IV_35.7.d"
            ]
        },
        "decoder": {
            "name": "windows_eventchannel"
        },
        "input": {
            "type": "log"
        },
        "@timestamp": "2025-11-23T19:04:35.423Z",
        "location": "EventChannel",
        "id": "1763924675.631794",
        "timestamp": "2025-11-23T19:04:35.423+0000"
    },
    {
        "agent": {
            "ip": "192.168.44.137",
            "name": "win",
            "id": "001"
        },
        "manager": {
            "name": "ubuntu"
        },
        "data": {
            "win": {
                "eventdata": {
                    "targetLogonId": "0x3cecd2",
                    "targetUserName": "windows",
                    "targetDomainName": "DESKTOP-SIJOGEC",
                    "targetUserSid": "S-1-5-21-2643128391-4121916274-1247374836-1001",
                    "logonType": "2"
                },
                "system": {
                    "eventID": "4634",
                    "keywords": "0x8020000000000000",
                    "providerGuid": "{54849625-5478-4994-a5ba-3e3b0328c30d}",
                    "level": "0",
                    "channel": "Security",
                    "opcode": "0",
                    "message": "\"An account was logged off.\r\n\r\nSubject:\r\n\tSecurity ID:\t\tS-1-5-21-2643128391-4121916274-1247374836-1001\r\n\tAccount Name:\t\twindows\r\n\tAccount Domain:\t\tDESKTOP-SIJOGEC\r\n\tLogon ID:\t\t0x3CECD2\r\n\r\nLogon Type:\t\t\t2\r\n\r\nThis event is generated when a logon session is destroyed. It may be positively correlated with a logon event using the Logon ID value. Logon IDs are only unique between reboots on the same computer.\"",
                    "version": "0",
                    "systemTime": "2025-11-23T19:04:29.1767301Z",
                    "eventRecordID": "19341",
                    "threadID": "716",
                    "computer": "DESKTOP-SIJOGEC",
                    "task": "12545",
                    "processID": "656",
                    "severityValue": "AUDIT_SUCCESS",
                    "providerName": "Microsoft-Windows-Security-Auditing"
                }
            }
        },
        "rule": {
            "firedtimes": 2,
            "mail": false,
            "level": 3,
            "description": "Non service account logged off.",
            "groups": [
                "windows",
                " WEF"
            ],
            "id": "67023"
        },
        "decoder": {
            "name": "windows_eventchannel"
        },
        "input": {
            "type": "log"
        },
        "@timestamp": "2025-11-23T19:04:34.754Z",
        "location": "EventChannel",
        "id": "1763924674.629402",
        "timestamp": "2025-11-23T19:04:34.754+0000"
    },
    {
        "agent": {
            "ip": "192.168.44.137",
            "name": "win",
            "id": "001"
        },
        "manager": {
            "name": "ubuntu"
        },
        "data": {
            "win": {
                "eventdata": {
                    "targetLogonId": "0x3cecf9",
                    "targetUserName": "windows",
                    "targetDomainName": "DESKTOP-SIJOGEC",
                    "targetUserSid": "S-1-5-21-2643128391-4121916274-1247374836-1001",
                    "logonType": "2"
                },
                "system": {
                    "eventID": "4634",
                    "keywords": "0x8020000000000000",
                    "providerGuid": "{54849625-5478-4994-a5ba-3e3b0328c30d}",
                    "level": "0",
                    "channel": "Security",
                    "opcode": "0",
                    "message": "\"An account was logged off.\r\n\r\nSubject:\r\n\tSecurity ID:\t\tS-1-5-21-2643128391-4121916274-1247374836-1001\r\n\tAccount Name:\t\twindows\r\n\tAccount Domain:\t\tDESKTOP-SIJOGEC\r\n\tLogon ID:\t\t0x3CECF9\r\n\r\nLogon Type:\t\t\t2\r\n\r\nThis event is generated when a logon session is destroyed. It may be positively correlated with a logon event using the Logon ID value. Logon IDs are only unique between reboots on the same computer.\"",
                    "version": "0",
                    "systemTime": "2025-11-23T19:04:29.1761227Z",
                    "eventRecordID": "19340",
                    "threadID": "8000",
                    "computer": "DESKTOP-SIJOGEC",
                    "task": "12545",
                    "processID": "656",
                    "severityValue": "AUDIT_SUCCESS",
                    "providerName": "Microsoft-Windows-Security-Auditing"
                }
            }
        },
        "rule": {
            "firedtimes": 1,
            "mail": false,
            "level": 3,
            "description": "Non service account logged off.",
            "groups": [
                "windows",
                " WEF"
            ],
            "id": "67023"
        },
        "decoder": {
            "name": "windows_eventchannel"
        },
        "input": {
            "type": "log"
        },
        "@timestamp": "2025-11-23T19:04:34.737Z",
        "location": "EventChannel",
        "id": "1763924674.627008",
        "timestamp": "2025-11-23T19:04:34.737+0000"
    },
    {
        "agent": {
            "ip": "192.168.44.137",
            "name": "win",
            "id": "001"
        },
        "manager": {
            "name": "ubuntu"
        },
        "data": {
            "win": {
                "eventdata": {
                    "subjectLogonId": "0x3cecd2",
                    "subjectUserSid": "S-1-5-21-2643128391-4121916274-1247374836-1001",
                    "subjectDomainName": "DESKTOP-SIJOGEC",
                    "privilegeList": "SeSecurityPrivilege     SeTakeOwnershipPrivilege     SeLoadDriverPrivilege     SeBackupPrivilege     SeRestorePrivilege     SeDebugPrivilege     SeSystemEnvironmentPrivilege     SeImpersonatePrivilege     SeDelegateSessionUserImpersonatePrivilege",
                    "subjectUserName": "windows"
                },
                "system": {
                    "eventID": "4672",
                    "keywords": "0x8020000000000000",
                    "providerGuid": "{54849625-5478-4994-a5ba-3e3b0328c30d}",
                    "level": "0",
                    "channel": "Security",
                    "opcode": "0",
                    "message": "\"Special privileges assigned to new logon.\r\n\r\nSubject:\r\n\tSecurity ID:\t\tS-1-5-21-2643128391-4121916274-1247374836-1001\r\n\tAccount Name:\t\twindows\r\n\tAccount Domain:\t\tDESKTOP-SIJOGEC\r\n\tLogon ID:\t\t0x3CECD2\r\n\r\nPrivileges:\t\tSeSecurityPrivilege\r\n\t\t\tSeTakeOwnershipPrivilege\r\n\t\t\tSeLoadDriverPrivilege\r\n\t\t\tSeBackupPrivilege\r\n\t\t\tSeRestorePrivilege\r\n\t\t\tSeDebugPrivilege\r\n\t\t\tSeSystemEnvironmentPrivilege\r\n\t\t\tSeImpersonatePrivilege\r\n\t\t\tSeDelegateSessionUserImpersonatePrivilege\"",
                    "version": "0",
                    "systemTime": "2025-11-23T19:04:29.1717262Z",
                    "eventRecordID": "19339",
                    "threadID": "8000",
                    "computer": "DESKTOP-SIJOGEC",
                    "task": "12548",
                    "processID": "656",
                    "severityValue": "AUDIT_SUCCESS",
                    "providerName": "Microsoft-Windows-Security-Auditing"
                }
            }
        },
        "rule": {
            "firedtimes": 1,
            "mail": false,
            "level": 3,
            "description": "Special privileges assigned to new logon.",
            "groups": [
                "windows",
                " WEF"
            ],
            "mitre": {
                "technique": [
                    "Domain Policy Modification"
                ],
                "id": [
                    "T1484"
                ],
                "tactic": [
                    "Defense Evasion",
                    "Privilege Escalation"
                ]
            },
            "id": "67028"
        },
        "decoder": {
            "name": "windows_eventchannel"
        },
        "input": {
            "type": "log"
        },
        "@timestamp": "2025-11-23T19:04:34.723Z",
        "location": "EventChannel",
        "id": "1763924674.623951",
        "timestamp": "2025-11-23T19:04:34.723+0000"
    },
    {
        "agent": {
            "ip": "192.168.44.137",
            "name": "win",
            "id": "001"
        },
        "manager": {
            "name": "ubuntu"
        },
        "data": {
            "win": {
                "eventdata": {
                    "subjectLogonId": "0x3e7",
                    "subjectDomainName": "WORKGROUP",
                    "targetLinkedLogonId": "0x3cecd2",
                    "impersonationLevel": "%%1833",
                    "ipAddress": "127.0.0.1",
                    "authenticationPackageName": "Negotiate",
                    "workstationName": "DESKTOP-SIJOGEC",
                    "targetLogonId": "0x3cecf9",
                    "logonProcessName": "User32",
                    "logonGuid": "{00000000-0000-0000-0000-000000000000}",
                    "targetUserName": "windows",
                    "keyLength": "0",
                    "elevatedToken": "%%1843",
                    "subjectUserSid": "S-1-5-18",
                    "processId": "0x858",
                    "processName": "C:\\\\Windows\\\\System32\\\\svchost.exe",
                    "ipPort": "0",
                    "targetDomainName": "DESKTOP-SIJOGEC",
                    "targetUserSid": "S-1-5-21-2643128391-4121916274-1247374836-1001",
                    "virtualAccount": "%%1843",
                    "logonType": "2",
                    "subjectUserName": "DESKTOP-SIJOGEC$"
                },
                "system": {
                    "eventID": "4624",
                    "keywords": "0x8020000000000000",
                    "providerGuid": "{54849625-5478-4994-a5ba-3e3b0328c30d}",
                    "level": "0",
                    "channel": "Security",
                    "opcode": "0",
                    "message": "\"An account was successfully logged on.\r\n\r\nSubject:\r\n\tSecurity ID:\t\tS-1-5-18\r\n\tAccount Name:\t\tDESKTOP-SIJOGEC$\r\n\tAccount Domain:\t\tWORKGROUP\r\n\tLogon ID:\t\t0x3E7\r\n\r\nLogon Information:\r\n\tLogon Type:\t\t2\r\n\tRestricted Admin Mode:\t-\r\n\tVirtual Account:\t\tNo\r\n\tElevated Token:\t\tNo\r\n\r\nImpersonation Level:\t\tImpersonation\r\n\r\nNew Logon:\r\n\tSecurity ID:\t\tS-1-5-21-2643128391-4121916274-1247374836-1001\r\n\tAccount Name:\t\twindows\r\n\tAccount Domain:\t\tDESKTOP-SIJOGEC\r\n\tLogon ID:\t\t0x3CECF9\r\n\tLinked Logon ID:\t\t0x3CECD2\r\n\tNetwork Account Name:\t-\r\n\tNetwork Account Domain:\t-\r\n\tLogon GUID:\t\t{00000000-0000-0000-0000-000000000000}\r\n\r\nProcess Information:\r\n\tProcess ID:\t\t0x858\r\n\tProcess Name:\t\tC:\\Windows\\System32\\svchost.exe\r\n\r\nNetwork Information:\r\n\tWorkstation Name:\tDESKTOP-SIJOGEC\r\n\tSource Network Address:\t127.0.0.1\r\n\tSource Port:\t\t0\r\n\r\nDetailed Authentication Information:\r\n\tLogon Process:\t\tUser32 \r\n\tAuthentication Package:\tNegotiate\r\n\tTransited Services:\t-\r\n\tPackage Name (NTLM only):\t-\r\n\tKey Length:\t\t0\r\n\r\nThis event is generated when a logon session is created. It is generated on the computer that was accessed.\r\n\r\nThe subject fields indicate the account on the local system which requested the logon. This is most commonly a service such as the Server service, or a local process such as Winlogon.exe or Services.exe.\r\n\r\nThe logon type field indicates the kind of logon that occurred. The most common types are 2 (interactive) and 3 (network).\r\n\r\nThe New Logon fields indicate the account for whom the new logon was created, i.e. the account that was logged on.\r\n\r\nThe network fields indicate where a remote logon request originated. Workstation name is not always available and may be left blank in some cases.\r\n\r\nThe impersonation level field indicates the extent to which a process in the logon session can impersonate.\r\n\r\nThe authentication information fields provide detailed information about this specific logon request.\r\n\t- Logon GUID is a unique identifier that can be used to correlate this event with a KDC event.\r\n\t- Transited services indicate which intermediate services have participated in this logon request.\r\n\t- Package name indicates which sub-protocol was used among the NTLM protocols.\r\n\t- Key length indicates the length of the generated session key. This will be 0 if no session key was requested.\"",
                    "version": "2",
                    "systemTime": "2025-11-23T19:04:29.1717210Z",
                    "eventRecordID": "19338",
                    "threadID": "8000",
                    "computer": "DESKTOP-SIJOGEC",
                    "task": "12544",
                    "processID": "656",
                    "severityValue": "AUDIT_SUCCESS",
                    "providerName": "Microsoft-Windows-Security-Auditing"
                }
            }
        },
        "rule": {
            "mail": false,
            "level": 3,
            "pci_dss": [
                "10.2.5"
            ],
            "hipaa": [
                "164.312.b"
            ],
            "tsc": [
                "CC6.8",
                "CC7.2",
                "CC7.3"
            ],
            "description": "Windows Workstation Logon Success",
            "groups": [
                "windows",
                "windows_security",
                "authentication_success"
            ],
            "nist_800_53": [
                "AU.14",
                "AC.9"
            ],
            "gdpr": [
                "IV_32.2"
            ],
            "firedtimes": 2,
            "mitre": {
                "technique": [
                    "Valid Accounts"
                ],
                "id": [
                    "T1078"
                ],
                "tactic": [
                    "Defense Evasion",
                    "Persistence",
                    "Privilege Escalation",
                    "Initial Access"
                ]
            },
            "id": "60118",
            "gpg13": [
                "7.1",
                "7.2"
            ]
        },
        "decoder": {
            "name": "windows_eventchannel"
        },
        "input": {
            "type": "log"
        },
        "@timestamp": "2025-11-23T19:04:34.705Z",
        "location": "EventChannel",
        "id": "1763924674.616203",
        "timestamp": "2025-11-23T19:04:34.705+0000"
    },
