    {
        "agent": {
            "ip": "192.168.44.137",
            "name": "win",
            "id": "001"
        },
        "manager": {
            "name": "ubuntu"
        },
        "data": {
            "win": {
                "eventdata": {
                    "data": "svchost, 4136,D,50, DS_Token_DB:, 1, C:\\\\Windows\\\\system32\\\\config\\\\systemprofile\\\\AppData\\\\Local\\\\DataSharing\\\\Storage\\\\DSTokenDB2.dat, 0,  [1] 0.000006 +J(0) [2] 0.001454 -0.000516 (1) WT +J(0) +M(C:0K, Fs:17, WS:4K # 12K, PF:4K # 0K, P:4K) [3] 0.007688 -0.001656 (6) WT +J(CM:0, PgRf:0, Rd:0/0, Dy:0/0, Lg:3480/2) +M(C:0K, Fs:11, WS:40K # 0K, PF:36K # 0K, P:36K) [4] 0.000839 +J(0) [5] - [6] - [7] - [8] 0.000863 -0.000634 (2) CM -0.000429 (2) WT +J(CM:2, PgRf:2, Rd:6/2, Dy:0/0, Lg:54/1) +M(C:8K, Fs:4, WS:16K # 0K, PF:28K # 0K, P:28K) [9] 0.001464 -0.001195 (4) CM -0.000874 (4) WT +J(CM:4, PgRf:23, Rd:0/3, Dy:0/0, Lg:0/0) +M(C:20K, Fs:23, WS:92K # 84K, PF:216K # 192K, P:216K) [10] 0.000475 -0.000395 (1) CM -0.000306 (1) WT +J(CM:1, PgRf:40, Rd:0/1, Dy:0/0, Lg:0/0) +M(C:0K, Fs:1, WS:4K # 4K, PF:0K # 0K, P:0K) [11] 0.000015 +J(CM:0, PgRf:1, Rd:0/0, Dy:0/0, Lg:0/0) +M(C:0K, Fs:2, WS:8K # 8K, PF:0K # 0K, P:0K) [12] 0.000044 +J(CM:0, PgRf:42, Rd:0/0, Dy:0/0, Lg:0/0) +M(C:0K, Fs:6, WS:24K # 24K, PF:0K # 0K, P:0K) [13] 0.000001 +J(0) [14] 0.0 +J(0) [15] 0.000004 +J(CM:0, PgRf:1, Rd:0/0, Dy:0/0, Lg:0/0)., 1 0, lgposAttach = 00000002:000B:0268, dbv = 1568.110.240"
                },
                "system": {
                    "eventID": "326",
                    "keywords": "0x80000000000000",
                    "level": "4",
                    "channel": "Application",
                    "opcode": "0",
                    "message": "\"svchost (4136,D,50) DS_Token_DB: The database engine attached a database (1, C:\\Windows\\system32\\config\\systemprofile\\AppData\\Local\\DataSharing\\Storage\\DSTokenDB2.dat). (Time=0 seconds) \r\n \r\nSaved Cache: 1 0 \r\nAdditional Data: lgposAttach = 00000002:000B:0268,\ndbv = 1568.110.240 \r\n \r\nInternal Timing Sequence: \n[1] 0.000006 +J(0)\n[2] 0.001454 -0.000516 (1) WT +J(0) +M(C:0K, Fs:17, WS:4K # 12K, PF:4K # 0K, P:4K)\n[3] 0.007688 -0.001656 (6) WT +J(CM:0, PgRf:0, Rd:0/0, Dy:0/0, Lg:3480/2) +M(C:0K, Fs:11, WS:40K # 0K, PF:36K # 0K, P:36K)\n[4] 0.000839 +J(0)\n[5] -\n[6] -\n[7] -\n[8] 0.000863 -0.000634 (2) CM -0.000429 (2) WT +J(CM:2, PgRf:2, Rd:6/2, Dy:0/0, Lg:54/1) +M(C:8K, Fs:4, WS:16K # 0K, PF:28K # 0K, P:28K)\n[9] 0.001464 -0.001195 (4) CM -0.000874 (4) WT +J(CM:4, PgRf:23, Rd:0/3, Dy:0/0, Lg:0/0) +M(C:20K, Fs:23, WS:92K # 84K, PF:216K # 192K, P:216K)\n[10] 0.000475 -0.000395 (1) CM -0.000306 (1) WT +J(CM:1, PgRf:40, Rd:0/1, Dy:0/0, Lg:0/0) +M(C:0K, Fs:1, WS:4K # 4K, PF:0K # 0K, P:0K)\n[11] 0.000015 +J(CM:0, PgRf:1, Rd:0/0, Dy:0/0, Lg:0/0) +M(C:0K, Fs:2, WS:8K # 8K, PF:0K # 0K, P:0K)\n[12] 0.000044 +J(CM:0, PgRf:42, Rd:0/0, Dy:0/0, Lg:0/0) +M(C:0K, Fs:6, WS:24K # 24K, PF:0K # 0K, P:0K)\n[13] 0.000001 +J(0)\n[14] 0.0 +J(0)\n[15] 0.000004 +J(CM:0, PgRf:1, Rd:0/0, Dy:0/0, Lg:0/0).\"",
                    "version": "0",
                    "systemTime": "2025-11-23T17:29:26.4325474Z",
                    "eventRecordID": "1585",
                    "threadID": "0",
                    "computer": "DESKTOP-SIJOGEC",
                    "task": "1",
                    "processID": "0",
                    "severityValue": "INFORMATION",
                    "providerName": "ESENT"
                }
            }
        },
        "rule": {
            "firedtimes": 2,
            "mail": false,
            "level": 3,
            "description": "The database engine attached a database.",
            "groups": [
                "windows",
                "windows_application"
            ],
            "id": "60798"
        },
        "decoder": {
            "name": "windows_eventchannel"
        },
        "input": {
            "type": "log"
        },
        "@timestamp": "2025-11-23T17:29:26.864Z",
        "location": "EventChannel",
        "id": "1763918966.291369",
        "timestamp": "2025-11-23T17:29:26.864+0000"
    },
    {
        "agent": {
            "ip": "192.168.44.137",
            "name": "win",
            "id": "001"
        },
        "manager": {
            "name": "ubuntu"
        },
        "data": {
            "win": {
                "eventdata": {
                    "data": "svchost, 4136,U,98, DS_Token_DB:"
                },
                "system": {
                    "eventID": "302",
                    "keywords": "0x80000000000000",
                    "level": "4",
                    "channel": "Application",
                    "opcode": "0",
                    "message": "\"svchost (4136,U,98) DS_Token_DB: The database engine has successfully completed recovery steps.\"",
                    "version": "0",
                    "systemTime": "2025-11-23T17:29:26.4012274Z",
                    "eventRecordID": "1583",
                    "threadID": "0",
                    "computer": "DESKTOP-SIJOGEC",
                    "task": "3",
                    "processID": "0",
                    "severityValue": "INFORMATION",
                    "providerName": "ESENT"
                }
            }
        },
        "rule": {
            "firedtimes": 1,
            "mail": false,
            "level": 3,
            "description": "The database engine has completed recovery steps.",
            "groups": [
                "windows",
                "windows_application"
            ],
            "id": "60809"
        },
        "decoder": {
            "name": "windows_eventchannel"
        },
        "input": {
            "type": "log"
        },
        "@timestamp": "2025-11-23T17:29:26.838Z",
        "location": "EventChannel",
        "id": "1763918966.290104",
        "timestamp": "2025-11-23T17:29:26.838+0000"
    },
    {
        "agent": {
            "ip": "192.168.44.137",
            "name": "win",
            "id": "001"
        },
        "manager": {
            "name": "ubuntu"
        },
        "data": {
            "win": {
                "eventdata": {
                    "data": "svchost, 4136,R,98, DS_Token_DB:, C:\\\\Windows\\\\system32\\\\config\\\\systemprofile\\\\AppData\\\\Local\\\\DataSharing\\\\Storage\\\\DSS.log,  [1] 0.016107 -0.007681 (31) CM -0.006465 (38) WT +J(CM:31, PgRf:32, Rd:0/31, Dy:0/0, Lg:32434/219) +M(C:8K, Fs:119, WS:396K # 340K, PF:588K # 516K, P:588K)., Insert, 79"
                },
                "system": {
                    "eventID": "301",
                    "keywords": "0x80000000000000",
                    "level": "4",
                    "channel": "Application",
                    "opcode": "0",
                    "message": "\"svchost (4136,R,98) DS_Token_DB: The database engine has finished replaying logfile C:\\Windows\\system32\\config\\systemprofile\\AppData\\Local\\DataSharing\\Storage\\DSS.log. \r\n \r\nProcessing Stats: \n[1] 0.016107 -0.007681 (31) CM -0.006465 (38) WT +J(CM:31, PgRf:32, Rd:0/31, Dy:0/0, Lg:32434/219) +M(C:8K, Fs:119, WS:396K # 340K, PF:588K # 516K, P:588K). \r\nLog record of type 'Insert   ' was seen most frequently (79 times)\"",
                    "version": "0",
                    "systemTime": "2025-11-23T17:29:26.3700619Z",
                    "eventRecordID": "1582",
                    "threadID": "0",
                    "computer": "DESKTOP-SIJOGEC",
                    "task": "3",
                    "processID": "0",
                    "severityValue": "INFORMATION",
                    "providerName": "ESENT"
                }
            }
        },
        "rule": {
            "firedtimes": 1,
            "mail": false,
            "level": 3,
            "description": "The database engine is replaying log file C:\\Winnt\\system32\\wins\\j50.log.",
            "groups": [
                "windows",
                "windows_application"
            ],
            "id": "60808"
        },
        "decoder": {
            "name": "windows_eventchannel"
        },
        "input": {
            "type": "log"
        },
        "@timestamp": "2025-11-23T17:29:26.803Z",
        "location": "EventChannel",
        "id": "1763918966.287609",
        "timestamp": "2025-11-23T17:29:26.803+0000"
    },
    {
        "agent": {
            "ip": "192.168.44.137",
            "name": "win",
            "id": "001"
        },
        "manager": {
            "name": "ubuntu"
        },
        "data": {
            "win": {
                "eventdata": {
                    "data": "svchost, 4136,R,98, DS_Token_DB:"
                },
                "system": {
                    "eventID": "300",
                    "keywords": "0x80000000000000",
                    "level": "4",
                    "channel": "Application",
                    "opcode": "0",
                    "message": "\"svchost (4136,R,98) DS_Token_DB: The database engine is initiating recovery steps.\"",
                    "version": "0",
                    "systemTime": "2025-11-23T17:29:26.3390280Z",
                    "eventRecordID": "1581",
                    "threadID": "0",
                    "computer": "DESKTOP-SIJOGEC",
                    "task": "3",
                    "processID": "0",
                    "severityValue": "INFORMATION",
                    "providerName": "ESENT"
                }
            }
        },
        "rule": {
            "firedtimes": 1,
            "mail": false,
            "level": 3,
            "description": "The database engine is initiating recovery steps.",
            "groups": [
                "windows",
                "windows_application"
            ],
            "id": "60807"
        },
        "decoder": {
            "name": "windows_eventchannel"
        },
        "input": {
            "type": "log"
        },
        "@timestamp": "2025-11-23T17:29:26.781Z",
        "location": "EventChannel",
        "id": "1763918966.286370",
        "timestamp": "2025-11-23T17:29:26.781+0000"
    },
    {
        "agent": {
            "ip": "192.168.44.137",
            "name": "win",
            "id": "001"
        },
        "manager": {
            "name": "ubuntu"
        },
        "data": {
            "win": {
                "eventdata": {
                    "data": "svchost, 4136,P,98, DS_Token_DB:, 0, 10, 00, 19045, 0000"
                },
                "system": {
                    "eventID": "102",
                    "keywords": "0x80000000000000",
                    "level": "4",
                    "channel": "Application",
                    "opcode": "0",
                    "message": "\"svchost (4136,P,98) DS_Token_DB: The database engine (10.00.19045.0000) is starting a new instance (0).\"",
                    "version": "0",
                    "systemTime": "2025-11-23T17:29:26.3390280Z",
                    "eventRecordID": "1580",
                    "threadID": "0",
                    "computer": "DESKTOP-SIJOGEC",
                    "task": "1",
                    "processID": "0",
                    "severityValue": "INFORMATION",
                    "providerName": "ESENT"
                }
            }
        },
        "rule": {
            "firedtimes": 2,
            "mail": false,
            "level": 3,
            "description": "The database engine is starting a new instance.",
            "groups": [
                "windows",
                "windows_application"
            ],
            "id": "60805"
        },
        "decoder": {
            "name": "windows_eventchannel"
        },
        "input": {
            "type": "log"
        },
        "@timestamp": "2025-11-23T17:29:26.771Z",
        "location": "EventChannel",
        "id": "1763918966.285043",
        "timestamp": "2025-11-23T17:29:26.771+0000"
    },
    {
        "agent": {
            "ip": "192.168.44.137",
            "name": "win",
            "id": "001"
        },
        "manager": {
            "name": "ubuntu"
        },
        "data": {
            "win": {
                "eventdata": {
                    "image": "C:\\\\Windows\\\\system32\\\\svchost.exe",
                    "processGuid": "{3e3e0db9-417f-6923-7400-000000000800}",
                    "processId": "4724",
                    "utcTime": "2025-11-23 17:27:19.713",
                    "targetFilename": "C:\\\\Windows\\\\SoftwareDistribution\\\\Download\\\\Install\\\\AM_Delta_Patch_1.441.435.0.exe",
                    "creationUtcTime": "2025-11-23 17:27:19.713",
                    "user": "NT AUTHORITY\\\\SYSTEM"
                },
                "system": {
                    "eventID": "11",
                    "keywords": "0x8000000000000000",
                    "providerGuid": "{5770385f-c22a-43e0-bf4c-06f5698ffbd9}",
                    "level": "4",
                    "channel": "Microsoft-Windows-Sysmon/Operational",
                    "opcode": "0",
                    "message": "\"File created:\r\nRuleName: -\r\nUtcTime: 2025-11-23 17:27:19.713\r\nProcessGuid: {3e3e0db9-417f-6923-7400-000000000800}\r\nProcessId: 4724\r\nImage: C:\\Windows\\system32\\svchost.exe\r\nTargetFilename: C:\\Windows\\SoftwareDistribution\\Download\\Install\\AM_Delta_Patch_1.441.435.0.exe\r\nCreationUtcTime: 2025-11-23 17:27:19.713\r\nUser: NT AUTHORITY\\SYSTEM\"",
                    "version": "2",
                    "systemTime": "2025-11-23T17:27:19.7267642Z",
                    "eventRecordID": "601",
                    "threadID": "5108",
                    "computer": "DESKTOP-SIJOGEC",
                    "task": "11",
                    "processID": "2840",
                    "severityValue": "INFORMATION",
                    "providerName": "Microsoft-Windows-Sysmon"
                }
            }
        },
        "rule": {
            "firedtimes": 3,
            "mail": false,
            "level": 6,
            "description": "Executable dropped in Windows root folder",
            "groups": [
                "sysmon",
                "sysmon_eid11_detections",
                "windows"
            ],
            "mitre": {
                "technique": [
                    "Lateral Tool Transfer"
                ],
                "id": [
                    "T1570"
                ],
                "tactic": [
                    "Lateral Movement"
                ]
            },
            "id": "92217"
        },
        "decoder": {
            "name": "windows_eventchannel"
        },
        "input": {
            "type": "log"
        },
        "@timestamp": "2025-11-23T17:27:21.147Z",
        "location": "EventChannel",
        "id": "1763918841.282380",
        "timestamp": "2025-11-23T17:27:21.147+0000"
    },
    {
        "agent": {
            "ip": "192.168.44.137",
            "name": "win",
            "id": "001"
        },
        "manager": {
            "name": "ubuntu"
        },
        "data": {
            "win": {
                "eventdata": {
                    "binary": "2D20436F64653A2020434F525356434330303030303737342D2043616C6C3A2020434F525356434330303030303735362D205049443A202030303030393736382D205449443A202030303030353836342D20434D443A2020433A5C57696E646F77735C73797374656D33325C76737376632E6578652020202D20557365723A204E616D653A204E5420415554484F524954595C53595354454D2C205349443A532D312D352D313820"
                },
                "system": {
                    "eventID": "8224",
                    "keywords": "0x80000000000000",
                    "level": "4",
                    "channel": "Application",
                    "opcode": "0",
                    "message": "\"The VSS service is shutting down due to idle timeout. \"",
                    "version": "0",
                    "systemTime": "2025-11-23T17:25:20.9171845Z",
                    "eventRecordID": "1576",
                    "threadID": "0",
                    "computer": "DESKTOP-SIJOGEC",
                    "task": "0",
                    "processID": "0",
                    "severityValue": "INFORMATION",
                    "providerName": "VSS"
                }
            }
        },
        "rule": {
            "firedtimes": 2,
            "mail": false,
            "level": 5,
            "description": "The VSS service is shutting down due to idle timeout.",
            "groups": [
                "windows",
                "windows_application"
            ],
            "id": "60702"
        },
        "decoder": {
            "name": "windows_eventchannel"
        },
        "input": {
            "type": "log"
        },
        "@timestamp": "2025-11-23T17:25:21.433Z",
        "location": "EventChannel",
        "id": "1763918721.280583",
        "timestamp": "2025-11-23T17:25:21.433+0000"
    },
    {
        "agent": {
            "name": "ubuntu",
            "id": "000"
        },
        "previous_output": "Previous output:\nossec: output: 'netstat listening ports':\ntcp 0.0.0.0:22 0.0.0.0:* /usr\ntcp6 :::22 :::* /usr\ntcp 127.0.0.53:53 0.0.0.0:* 930/systemd-resolve\nudp 127.0.0.53:53 0.0.0.0:* 930/systemd-resolve\nudp 192.168.44.138:68 0.0.0.0:* 928/systemd-network\ntcp 0.0.0.0:443 0.0.0.0:* 963/node\ntcp 0.0.0.0:1514 0.0.0.0:* 1685/wazuh-remoted\ntcp 0.0.0.0:1515 0.0.0.0:* 1522/wazuh-authd\ntcp 0.0.0.0:55000 0.0.0.0:* 1473/python3\ntcp6 :::55000 :::* 1473/python3",
        "manager": {
            "name": "ubuntu"
        },
        "rule": {
            "firedtimes": 2,
            "mail": false,
            "level": 7,
            "pci_dss": [
                "10.2.7",
                "10.6.1"
            ],
            "hipaa": [
                "164.312.b"
            ],
            "tsc": [
                "CC6.8",
                "CC7.2",
                "CC7.3"
            ],
            "description": "Listened ports status (netstat) changed (new port opened or closed).",
            "groups": [
                "ossec"
            ],
            "id": "533",
            "nist_800_53": [
                "AU.14",
                "AU.6"
            ],
            "gpg13": [
                "10.1"
            ],
            "gdpr": [
                "IV_35.7.d"
            ]
        },
        "decoder": {
            "name": "ossec"
        },
        "full_log": "ossec: output: 'netstat listening ports':\ntcp 0.0.0.0:22 0.0.0.0:* /usr\ntcp6 :::22 :::* /usr\ntcp 127.0.0.53:53 0.0.0.0:* 930/systemd-resolve\nudp 127.0.0.53:53 0.0.0.0:* 930/systemd-resolve\nudp 192.168.44.138:68 0.0.0.0:* 928/systemd-network\ntcp 0.0.0.0:443 0.0.0.0:* 963/node\ntcp 0.0.0.0:1514 0.0.0.0:* 1685/wazuh-remoted\ntcp 0.0.0.0:1515 0.0.0.0:* 1522/wazuh-authd\ntcp6 :::9200 :::* 964/java\ntcp6 :::9300 :::* 964/java\ntcp 0.0.0.0:55000 0.0.0.0:* 1473/python3\ntcp6 :::55000 :::* 1473/python3",
        "previous_log": "ossec: output: 'netstat listening ports':\ntcp 0.0.0.0:22 0.0.0.0:* /usr\ntcp6 :::22 :::* /usr\ntcp 127.0.0.53:53 0.0.0.0:* 930/systemd-resolve\nudp 127.0.0.53:53 0.0.0.0:* 930/systemd-resolve\nudp 192.168.44.138:68 0.0.0.0:* 928/systemd-network\ntcp 0.0.0.0:443 0.0.0.0:* 963/node\ntcp 0.0.0.0:1514 0.0.0.0:* 1685/wazuh-remoted\ntcp 0.0.0.0:1515 0.0.0.0:* 1522/wazuh-authd\ntcp 0.0.0.0:55000 0.0.0.0:* 1473/python3\ntcp6 :::55000 :::* 1473/python3",
        "input": {
            "type": "log"
        },
        "@timestamp": "2025-11-23T17:23:14.303Z",
        "location": "netstat listening ports",
        "id": "1763918594.279312",
        "timestamp": "2025-11-23T17:23:14.303+0000"
    },
    {
        "agent": {
            "ip": "192.168.44.137",
            "name": "win",
            "id": "001"
        },
        "manager": {
            "name": "ubuntu"
        },
        "data": {
            "win": {
                "eventdata": {
                    "data": "2025-11-24T17:16:43Z, RulesEngine"
                },
                "system": {
                    "eventID": "16384",
                    "eventSourceName": "Software Protection Platform Service",
                    "keywords": "0x80000000000000",
                    "providerGuid": "{E23B33B0-C8C9-472C-A5F9-F2BDFEA0F156}",
                    "level": "4",
                    "channel": "Application",
                    "opcode": "0",
                    "message": "\"Successfully scheduled Software Protection service for re-start at 2025-11-24T17:16:43Z. Reason: RulesEngine.\"",
                    "version": "0",
                    "systemTime": "2025-11-23T17:22:43.9638153Z",
                    "eventRecordID": "1575",
                    "threadID": "0",
                    "computer": "DESKTOP-SIJOGEC",
                    "task": "0",
                    "processID": "0",
                    "severityValue": "INFORMATION",
                    "providerName": "Microsoft-Windows-Security-SPP"
                }
            }
        },
        "rule": {
            "firedtimes": 2,
            "mail": false,
            "level": 3,
            "description": "Software protection service scheduled successfully.",
            "groups": [
                "windows",
                "windows_application"
            ],
            "id": "60642"
        },
        "decoder": {
            "name": "windows_eventchannel"
        },
        "input": {
            "type": "log"
        },
        "@timestamp": "2025-11-23T17:22:44.408Z",
        "location": "EventChannel",
        "id": "1763918564.277719",
        "timestamp": "2025-11-23T17:22:44.408+0000"
    },
    {
        "agent": {
            "ip": "192.168.44.137",
            "name": "win",
            "id": "001"
        },
        "manager": {
            "name": "ubuntu"
        },
        "data": {
            "win": {
                "eventdata": {
                    "param3": "auto start",
                    "param4": "BITS",
                    "param1": "Background Intelligent Transfer Service",
                    "param2": "demand start"
                },
                "system": {
                    "eventID": "7040",
                    "eventSourceName": "Service Control Manager",
                    "keywords": "0x8080000000000000",
                    "providerGuid": "{555908d1-a6d7-4695-8e1e-26931d2012f4}",
                    "level": "4",
                    "channel": "System",
                    "opcode": "0",
                    "message": "\"The start type of the Background Intelligent Transfer Service service was changed from demand start to auto start.\"",
                    "version": "0",
                    "systemTime": "2025-11-23T17:22:42.2922020Z",
                    "eventRecordID": "864",
                    "threadID": "6312",
                    "computer": "DESKTOP-SIJOGEC",
                    "task": "0",
                    "processID": "656",
                    "severityValue": "INFORMATION",
                    "providerName": "Service Control Manager"
                }
            }
        },
        "rule": {
            "firedtimes": 5,
            "mail": false,
            "level": 3,
            "pci_dss": [
                "10.6"
            ],
            "hipaa": [
                "164.312.b"
            ],
            "tsc": [
                "CC6.1",
                "CC6.8",
                "CC7.2",
                "CC7.3"
            ],
            "description": "Service startup type was changed",
            "groups": [
                "windows",
                "windows_system",
                "policy_changed"
            ],
            "id": "61104",
            "nist_800_53": [
                "AU.6"
            ],
            "info": "This does not appear to be logged on Windows 2000",
            "gdpr": [
                "IV_35.7.d"
            ]
        },
        "decoder": {
            "name": "windows_eventchannel"
        },
        "input": {
            "type": "log"
        },
        "@timestamp": "2025-11-23T17:22:43.750Z",
        "location": "EventChannel",
        "id": "1763918563.275891",
        "timestamp": "2025-11-23T17:22:43.750+0000"
    },
    {
        "agent": {
            "ip": "192.168.44.137",
            "name": "win",
            "id": "001"
        },
        "manager": {
            "name": "ubuntu"
        },
        "data": {
            "win": {
                "eventdata": {
                    "bucketId": "c9179ef297a30992fa985c66d93c06df37fdd843898c7ef5b5d37ad9e5020beb",
                    "deviceAttributes": "BaseBoardManufacturer:Intel Corporation;FirmwareManufacturer:VMware, Inc.;FirmwareVersion:VMW201.00V.24006586.B64.2406042154;OEMModelNumber:VMware20,1;OEMModelBaseBoard:440BX Desktop Reference Platform;OEMModelSystemFamily:;OEMManufacturerName:VMware, Inc.;OEMModelSKU:;OSArchitecture:amd64;",
                    "updateType": "0",
                    "hResult": "0"
                },
                "system": {
                    "eventID": "1801",
                    "keywords": "0x8000000000000000",
                    "providerGuid": "{7d5387b0-cbe0-11da-a94d-0800200c9a66}",
                    "level": "2",
                    "channel": "System",
                    "opcode": "0",
                    "message": "\"Secure Boot CA/keys need to be updated. This device signature information is included here.\r\nDeviceAttributes: BaseBoardManufacturer:Intel Corporation;FirmwareManufacturer:VMware, Inc.;FirmwareVersion:VMW201.00V.24006586.B64.2406042154;OEMModelNumber:VMware20,1;OEMModelBaseBoard:440BX Desktop Reference Platform;OEMModelSystemFamily:;OEMManufacturerName:VMware, Inc.;OEMModelSKU:;OSArchitecture:amd64;\r\nBucketId: c9179ef297a30992fa985c66d93c06df37fdd843898c7ef5b5d37ad9e5020beb\r\nBucketConfidenceLevel: \r\nUpdateType: 0\r\nHResult: The operation completed successfully.\"",
                    "version": "0",
                    "systemTime": "2025-11-23T17:21:39.3761252Z",
                    "eventRecordID": "862",
                    "threadID": "8140",
                    "computer": "DESKTOP-SIJOGEC",
                    "task": "0",
                    "processID": "3720",
                    "severityValue": "ERROR",
                    "providerName": "Microsoft-Windows-TPM-WMI"
                }
            }
        },
        "rule": {
            "firedtimes": 1,
            "mail": false,
            "level": 5,
            "description": "Windows System error event",
            "groups": [
                "windows",
                "windows_system",
                "system_error"
            ],
            "id": "61102",
            "gpg13": [
                "4.3"
            ],
            "gdpr": [
                "IV_35.7.d"
            ]
        },
        "decoder": {
            "name": "windows_eventchannel"
        },
        "input": {
            "type": "log"
        },
        "@timestamp": "2025-11-23T17:21:40.833Z",
        "location": "EventChannel",
        "id": "1763918500.272717",
        "timestamp": "2025-11-23T17:21:40.833+0000"
    },
    {
        "agent": {
            "ip": "192.168.44.137",
            "name": "win",
            "id": "001"
        },
        "manager": {
            "name": "ubuntu"
        },
        "data": {
            "win": {
                "eventdata": {
                    "param3": "demand start",
                    "param4": "BITS",
                    "param1": "Background Intelligent Transfer Service",
                    "param2": "auto start"
                },
                "system": {
                    "eventID": "7040",
                    "eventSourceName": "Service Control Manager",
                    "keywords": "0x8080000000000000",
                    "providerGuid": "{555908d1-a6d7-4695-8e1e-26931d2012f4}",
                    "level": "4",
                    "channel": "System",
                    "opcode": "0",
                    "message": "\"The start type of the Background Intelligent Transfer Service service was changed from auto start to demand start.\"",
                    "version": "0",
                    "systemTime": "2025-11-23T17:21:18.9174841Z",
                    "eventRecordID": "861",
                    "threadID": "528",
                    "computer": "DESKTOP-SIJOGEC",
                    "task": "0",
                    "processID": "656",
                    "severityValue": "INFORMATION",
                    "providerName": "Service Control Manager"
                }
            }
        },
        "rule": {
            "firedtimes": 4,
            "mail": false,
            "level": 3,
            "pci_dss": [
                "10.6"
            ],
            "hipaa": [
                "164.312.b"
            ],
            "tsc": [
                "CC6.1",
                "CC6.8",
                "CC7.2",
                "CC7.3"
            ],
            "description": "Service startup type was changed",
            "groups": [
                "windows",
                "windows_system",
                "policy_changed"
            ],
            "id": "61104",
            "nist_800_53": [
                "AU.6"
            ],
            "info": "This does not appear to be logged on Windows 2000",
            "gdpr": [
                "IV_35.7.d"
            ]
        },
        "decoder": {
            "name": "windows_eventchannel"
        },
        "input": {
            "type": "log"
        },
        "@timestamp": "2025-11-23T17:21:20.377Z",
        "location": "EventChannel",
        "id": "1763918480.270891",
        "timestamp": "2025-11-23T17:21:20.377+0000"
    },
    {
        "agent": {
            "ip": "192.168.44.137",
            "name": "win",
            "id": "001"
        },
        "manager": {
            "name": "ubuntu"
        },
        "data": {
            "win": {
                "eventdata": {
                    "binary": "2D20436F64653A2020434F525356434330303030303737342D2043616C6C3A2020434F525356434330303030303735362D205049443A202030303030343238302D205449443A202030303030343330342D20434D443A2020433A5C57696E646F77735C73797374656D33325C76737376632E6578652020202D20557365723A204E616D653A204E5420415554484F524954595C53595354454D2C205349443A532D312D352D313820"
                },
                "system": {
                    "eventID": "8224",
                    "keywords": "0x80000000000000",
                    "level": "4",
                    "channel": "Application",
                    "opcode": "0",
                    "message": "\"The VSS service is shutting down due to idle timeout. \"",
                    "version": "0",
                    "systemTime": "2025-11-23T17:20:37.5422167Z",
                    "eventRecordID": "1551",
                    "threadID": "0",
                    "computer": "DESKTOP-SIJOGEC",
                    "task": "0",
                    "processID": "0",
                    "severityValue": "INFORMATION",
                    "providerName": "VSS"
                }
            }
        },
        "rule": {
            "firedtimes": 1,
            "mail": false,
            "level": 5,
            "description": "The VSS service is shutting down due to idle timeout.",
            "groups": [
                "windows",
                "windows_application"
            ],
            "id": "60702"
        },
        "decoder": {
            "name": "windows_eventchannel"
        },
        "input": {
            "type": "log"
        },
        "@timestamp": "2025-11-23T17:20:38.032Z",
        "location": "EventChannel",
        "id": "1763918438.269094",
        "timestamp": "2025-11-23T17:20:38.032+0000"
    },
    {
        "agent": {
            "ip": "192.168.44.137",
            "name": "win",
            "id": "001"
        },
        "manager": {
            "name": "ubuntu"
        },
        "data": {
            "win": {
                "eventdata": {
                    "data": "2025-11-24T17:16:35Z, RulesEngine"
                },
                "system": {
                    "eventID": "16384",
                    "eventSourceName": "Software Protection Platform Service",
                    "keywords": "0x80000000000000",
                    "providerGuid": "{E23B33B0-C8C9-472C-A5F9-F2BDFEA0F156}",
                    "level": "4",
                    "channel": "Application",
                    "opcode": "0",
                    "message": "\"Successfully scheduled Software Protection service for re-start at 2025-11-24T17:16:35Z. Reason: RulesEngine.\"",
                    "version": "0",
                    "systemTime": "2025-11-23T17:19:35.8388778Z",
                    "eventRecordID": "1549",
                    "threadID": "0",
                    "computer": "DESKTOP-SIJOGEC",
                    "task": "0",
                    "processID": "0",
                    "severityValue": "INFORMATION",
                    "providerName": "Microsoft-Windows-Security-SPP"
                }
            }
        },
        "rule": {
            "firedtimes": 1,
            "mail": false,
            "level": 3,
            "description": "Software protection service scheduled successfully.",
            "groups": [
                "windows",
                "windows_application"
            ],
            "id": "60642"
        },
        "decoder": {
            "name": "windows_eventchannel"
        },
        "input": {
            "type": "log"
        },
        "@timestamp": "2025-11-23T17:19:36.294Z",
        "location": "EventChannel",
        "id": "1763918376.267501",
        "timestamp": "2025-11-23T17:19:36.294+0000"
    },
    {
        "agent": {
            "ip": "192.168.44.137",
            "name": "win",
            "id": "001"
        },
        "manager": {
            "name": "ubuntu"
        },
        "data": {
            "win": {
                "eventdata": {
                    "originalFileName": "Cmd.Exe",
                    "image": "C:\\\\Windows\\\\System32\\\\cmd.exe",
                    "product": "Microsoft速 Windows速 Operating System",
                    "parentProcessGuid": "{3e3e0db9-4202-6923-ec00-000000000800}",
                    "description": "Windows Command Processor",
                    "logonGuid": "{3e3e0db9-4174-6923-e703-000000000000}",
                    "parentCommandLine": "C:\\\\Windows\\\\system32\\\\msiexec.exe /V",
                    "processGuid": "{3e3e0db9-4203-6923-ed00-000000000800}",
                    "logonId": "0x3e7",
                    "parentProcessId": "2132",
                    "processId": "2984",
                    "currentDirectory": "C:\\\\Program Files\\\\RUXIM\\\\",
                    "utcTime": "2025-11-23 17:18:59.379",
                    "hashes": "MD5=2B40C98ED0F7A1D3B091A3E8353132DC,SHA256=BADF4752413CB0CBDC03FB95820CA167F0CDC63B597CCDB5EF43111180E088B0",
                    "parentImage": "C:\\\\Windows\\\\System32\\\\msiexec.exe",
                    "company": "Microsoft Corporation",
                    "commandLine": "C:\\\\Windows\\\\system32\\\\cmd.exe /c RD /S /Q C:\\\\ProgramData\\\\PLUG",
                    "integrityLevel": "System",
                    "fileVersion": "10.0.19041.4355 (WinBuild.160101.0800)",
                    "user": "NT AUTHORITY\\\\SYSTEM",
                    "terminalSessionId": "0",
                    "parentUser": "NT AUTHORITY\\\\SYSTEM"
                },
                "system": {
                    "eventID": "1",
                    "keywords": "0x8000000000000000",
                    "providerGuid": "{5770385f-c22a-43e0-bf4c-06f5698ffbd9}",
                    "level": "4",
                    "channel": "Microsoft-Windows-Sysmon/Operational",
                    "opcode": "0",
                    "message": "\"Process Create:\r\nRuleName: -\r\nUtcTime: 2025-11-23 17:18:59.379\r\nProcessGuid: {3e3e0db9-4203-6923-ed00-000000000800}\r\nProcessId: 2984\r\nImage: C:\\Windows\\System32\\cmd.exe\r\nFileVersion: 10.0.19041.4355 (WinBuild.160101.0800)\r\nDescription: Windows Command Processor\r\nProduct: Microsoft速 Windows速 Operating System\r\nCompany: Microsoft Corporation\r\nOriginalFileName: Cmd.Exe\r\nCommandLine: C:\\Windows\\system32\\cmd.exe /c RD /S /Q C:\\ProgramData\\PLUG\r\nCurrentDirectory: C:\\Program Files\\RUXIM\\\r\nUser: NT AUTHORITY\\SYSTEM\r\nLogonGuid: {3e3e0db9-4174-6923-e703-000000000000}\r\nLogonId: 0x3E7\r\nTerminalSessionId: 0\r\nIntegrityLevel: System\r\nHashes: MD5=2B40C98ED0F7A1D3B091A3E8353132DC,SHA256=BADF4752413CB0CBDC03FB95820CA167F0CDC63B597CCDB5EF43111180E088B0\r\nParentProcessGuid: {3e3e0db9-4202-6923-ec00-000000000800}\r\nParentProcessId: 2132\r\nParentImage: C:\\Windows\\System32\\msiexec.exe\r\nParentCommandLine: C:\\Windows\\system32\\msiexec.exe /V\r\nParentUser: NT AUTHORITY\\SYSTEM\"",
                    "version": "5",
                    "systemTime": "2025-11-23T17:18:59.3874356Z",
                    "eventRecordID": "508",
                    "threadID": "5108",
                    "computer": "DESKTOP-SIJOGEC",
                    "task": "1",
                    "processID": "2840",
                    "severityValue": "INFORMATION",
                    "providerName": "Microsoft-Windows-Sysmon"
                }
            }
        },
        "rule": {
            "firedtimes": 2,
            "mail": false,
            "level": 4,
            "description": "Windows command prompt started by an abnormal process",
            "groups": [
                "sysmon",
                "sysmon_eid1_detections",
                "windows"
            ],
            "mitre": {
                "technique": [
                    "Windows Command Shell"
                ],
                "id": [
                    "T1059.003"
                ],
                "tactic": [
                    "Execution"
                ]
            },
            "id": "92052"
        },
        "decoder": {
            "name": "windows_eventchannel"
        },
        "input": {
            "type": "log"
        },
        "@timestamp": "2025-11-23T17:19:00.824Z",
        "location": "EventChannel",
        "id": "1763918340.262034",
        "timestamp": "2025-11-23T17:19:00.824+0000"
    },
    {
        "agent": {
            "ip": "192.168.44.137",
            "name": "win",
            "id": "001"
        },
        "manager": {
            "name": "ubuntu"
        },
        "data": {
            "win": {
                "eventdata": {
                    "data": "Update for x64-based Windows Systems (KB5001716), 8.94.0.0, 0, 0, Microsoft Corporation",
                    "binary": "7B44413830413031392D344333422D344441412D414341312D3639333744374341414639457D3030303066613434313836303939353036313832326630383935633332633035323664643030303030303030"
                },
                "system": {
                    "eventID": "1033",
                    "keywords": "0x80000000000000",
                    "level": "4",
                    "channel": "Application",
                    "opcode": "0",
                    "message": "\"Windows Installer installed the product. Product Name: Update for x64-based Windows Systems (KB5001716). Product Version: 8.94.0.0. Product Language: 0. Manufacturer: Microsoft Corporation. Installation success or error status: 0.\"",
                    "version": "0",
                    "systemTime": "2025-11-23T17:18:59.9793414Z",
                    "eventRecordID": "1543",
                    "threadID": "0",
                    "computer": "DESKTOP-SIJOGEC",
                    "task": "0",
                    "processID": "0",
                    "severityValue": "INFORMATION",
                    "providerName": "MsiInstaller"
                }
            }
        },
        "rule": {
            "firedtimes": 2,
            "mail": false,
            "level": 3,
            "description": "Application installed Update for x64-based Windows Systems (KB5001716), 8.94.0.0, 0, 0, Microsoft Corporation.",
            "groups": [
                "windows",
                "windows_application"
            ],
            "id": "60612"
        },
        "decoder": {
            "name": "windows_eventchannel"
        },
        "input": {
            "type": "log"
        },
        "@timestamp": "2025-11-23T17:19:00.429Z",
        "location": "EventChannel",
        "id": "1763918340.259949",
        "timestamp": "2025-11-23T17:19:00.429+0000"
    },
    {
        "agent": {
            "ip": "192.168.44.137",
            "name": "win",
            "id": "001"
        },
        "manager": {
            "name": "ubuntu"
        },
        "data": {
            "win": {
                "eventdata": {
                    "data": "Product: Update for x64-based Windows Systems (KB5001716) -- Installation completed successfully.",
                    "binary": "7B44413830413031392D344333422D344441412D414341312D3639333744374341414639457D"
                },
                "system": {
                    "eventID": "11707",
                    "keywords": "0x80000000000000",
                    "level": "4",
                    "channel": "Application",
                    "opcode": "0",
                    "message": "\"Product: Update for x64-based Windows Systems (KB5001716) -- Installation completed successfully.\"",
                    "version": "0",
                    "systemTime": "2025-11-23T17:18:59.9793414Z",
                    "eventRecordID": "1542",
                    "threadID": "0",
                    "computer": "DESKTOP-SIJOGEC",
                    "task": "0",
                    "processID": "0",
                    "severityValue": "INFORMATION",
                    "providerName": "MsiInstaller"
                }
            }
        },
        "rule": {
            "firedtimes": 1,
            "mail": false,
            "level": 3,
            "description": "Application installed Product: Update for x64-based Windows Systems (KB5001716) -- Installation completed successfully..",
            "groups": [
                "windows",
                "windows_application"
            ],
            "id": "60612"
        },
        "decoder": {
            "name": "windows_eventchannel"
        },
        "input": {
            "type": "log"
        },
        "@timestamp": "2025-11-23T17:19:00.427Z",
        "location": "EventChannel",
        "id": "1763918340.258274",
        "timestamp": "2025-11-23T17:19:00.427+0000"
    },
    {
        "agent": {
            "ip": "192.168.44.137",
            "name": "win",
            "id": "001"
        },
        "manager": {
            "name": "ubuntu"
        },
        "data": {
            "win": {
                "eventdata": {
                    "data": "C:\\\\Windows\\\\SoftwareDistribution\\\\Download\\\\f9ce4793f88f2bc595a0d9329d7afaf4\\\\img\\\\Windows-KB5001716-x64.msi, 1500"
                },
                "system": {
                    "eventID": "1040",
                    "keywords": "0x80000000000000",
                    "level": "4",
                    "channel": "Application",
                    "opcode": "0",
                    "message": "\"Beginning a Windows Installer transaction: C:\\Windows\\SoftwareDistribution\\Download\\f9ce4793f88f2bc595a0d9329d7afaf4\\img\\Windows-KB5001716-x64.msi. Client Process Id: 1500.\"",
                    "version": "0",
                    "systemTime": "2025-11-23T17:18:58.9172753Z",
                    "eventRecordID": "1541",
                    "threadID": "0",
                    "computer": "DESKTOP-SIJOGEC",
                    "task": "0",
                    "processID": "0",
                    "severityValue": "INFORMATION",
                    "providerName": "MsiInstaller"
                }
            }
        },
        "rule": {
            "firedtimes": 1,
            "mail": false,
            "level": 3,
            "description": "Windows installer began an installation process.",
            "groups": [
                "windows",
                "windows_application"
            ],
            "id": "60610"
        },
        "decoder": {
            "name": "windows_eventchannel"
        },
        "input": {
            "type": "log"
        },
        "@timestamp": "2025-11-23T17:18:59.399Z",
        "location": "EventChannel",
        "id": "1763918339.256656",
        "timestamp": "2025-11-23T17:18:59.399+0000"
    },
    {
        "agent": {
            "ip": "192.168.44.137",
            "name": "win",
            "id": "001"
        },
        "manager": {
            "name": "ubuntu"
        },
        "data": {
            "win": {
                "eventdata": {
                    "param3": "auto start",
                    "param4": "TrustedInstaller",
                    "param1": "Windows Modules Installer",
                    "param2": "demand start"
                },
                "system": {
                    "eventID": "7040",
                    "eventSourceName": "Service Control Manager",
                    "keywords": "0x8080000000000000",
                    "providerGuid": "{555908d1-a6d7-4695-8e1e-26931d2012f4}",
                    "level": "4",
                    "channel": "System",
                    "opcode": "0",
                    "message": "\"The start type of the Windows Modules Installer service was changed from demand start to auto start.\"",
                    "version": "0",
                    "systemTime": "2025-11-23T17:18:56.2295230Z",
                    "eventRecordID": "857",
                    "threadID": "736",
                    "computer": "DESKTOP-SIJOGEC",
                    "task": "0",
                    "processID": "656",
                    "severityValue": "INFORMATION",
                    "providerName": "Service Control Manager"
                }
            }
        },
        "rule": {
            "firedtimes": 3,
            "mail": false,
            "level": 3,
            "pci_dss": [
                "10.6"
            ],
            "hipaa": [
                "164.312.b"
            ],
            "tsc": [
                "CC6.1",
                "CC6.8",
                "CC7.2",
                "CC7.3"
            ],
            "description": "Service startup type was changed",
            "groups": [
                "windows",
                "windows_system",
                "policy_changed"
            ],
            "id": "61104",
            "nist_800_53": [
                "AU.6"
            ],
            "info": "This does not appear to be logged on Windows 2000",
            "gdpr": [
                "IV_35.7.d"
            ]
        },
        "decoder": {
            "name": "windows_eventchannel"
        },
        "input": {
            "type": "log"
        },
        "@timestamp": "2025-11-23T17:18:57.530Z",
        "location": "EventChannel",
        "id": "1763918337.254862",
        "timestamp": "2025-11-23T17:18:57.530+0000"
    },
