    {
        "agent": {
            "ip": "192.168.44.137",
            "name": "win",
            "id": "001"
        },
        "manager": {
            "name": "ubuntu"
        },
        "data": {
            "win": {
                "eventdata": {
                    "subjectLogonId": "0x19c24",
                    "scriptPath": "%%1793",
                    "passwordLastSet": "11/24/2025 1:30:21 PM",
                    "homeDirectory": "%%1793",
                    "subjectDomainName": "DESKTOP-SIJOGEC",
                    "displayName": "%%1793",
                    "accountExpires": "%%1794",
                    "homePath": "%%1793",
                    "samAccountName": "ultimate_tes1t",
                    "targetUserName": "ultimate_tes1t",
                    "subjectUserSid": "S-1-5-21-2643128391-4121916274-1247374836-1001",
                    "primaryGroupId": "513",
                    "logonHours": "%%1797",
                    "targetDomainName": "DESKTOP-SIJOGEC",
                    "profilePath": "%%1793",
                    "userWorkstations": "%%1793",
                    "oldUacValue": "0x15",
                    "newUacValue": "0x10",
                    "targetSid": "S-1-5-21-2643128391-4121916274-1247374836-1008",
                    "userAccountControl": "    %%2048    %%2050",
                    "subjectUserName": "windows"
                },
                "system": {
                    "eventID": "4738",
                    "keywords": "0x8020000000000000",
                    "providerGuid": "{54849625-5478-4994-a5ba-3e3b0328c30d}",
                    "level": "0",
                    "channel": "Security",
                    "opcode": "0",
                    "message": "\"A user account was changed.\r\n\r\nSubject:\r\n\tSecurity ID:\t\tS-1-5-21-2643128391-4121916274-1247374836-1001\r\n\tAccount Name:\t\twindows\r\n\tAccount Domain:\t\tDESKTOP-SIJOGEC\r\n\tLogon ID:\t\t0x19C24\r\n\r\nTarget Account:\r\n\tSecurity ID:\t\tS-1-5-21-2643128391-4121916274-1247374836-1008\r\n\tAccount Name:\t\tultimate_tes1t\r\n\tAccount Domain:\t\tDESKTOP-SIJOGEC\r\n\r\nChanged Attributes:\r\n\tSAM Account Name:\tultimate_tes1t\r\n\tDisplay Name:\t\t<value not set>\r\n\tUser Principal Name:\t-\r\n\tHome Directory:\t\t<value not set>\r\n\tHome Drive:\t\t<value not set>\r\n\tScript Path:\t\t<value not set>\r\n\tProfile Path:\t\t<value not set>\r\n\tUser Workstations:\t<value not set>\r\n\tPassword Last Set:\t11/24/2025 1:30:21 PM\r\n\tAccount Expires:\t\t<never>\r\n\tPrimary Group ID:\t513\r\n\tAllowedToDelegateTo:\t-\r\n\tOld UAC Value:\t\t0x15\r\n\tNew UAC Value:\t\t0x10\r\n\tUser Account Control:\t\r\n\t\tAccount Enabled\r\n\t\t'Password Not Required' - Disabled\r\n\tUser Parameters:\t-\r\n\tSID History:\t\t-\r\n\tLogon Hours:\t\tAll\r\n\r\nAdditional Information:\r\n\tPrivileges:\t\t-\"",
                    "version": "0",
                    "systemTime": "2025-11-24T06:30:21.4320525Z",
                    "eventRecordID": "22537",
                    "threadID": "2608",
                    "computer": "DESKTOP-SIJOGEC",
                    "task": "13824",
                    "processID": "672",
                    "severityValue": "AUDIT_SUCCESS",
                    "providerName": "Microsoft-Windows-Security-Auditing"
                }
            }
        },
        "rule": {
            "mail": false,
            "level": 8,
            "pci_dss": [
                "8.1.2",
                "10.2.5"
            ],
            "hipaa": [
                "164.312.a.2.I",
                "164.312.a.2.II",
                "164.312.b"
            ],
            "tsc": [
                "CC6.8",
                "CC7.2",
                "CC7.3"
            ],
            "description": "User account changed",
            "groups": [
                "windows",
                "windows_security",
                "account_changed"
            ],
            "nist_800_53": [
                "AC.2",
                "IA.4",
                "AU.14",
                "AC.7"
            ],
            "gdpr": [
                "IV_35.7.d",
                "IV_32.2"
            ],
            "firedtimes": 2,
            "mitre": {
                "technique": [
                    "Account Manipulation"
                ],
                "id": [
                    "T1098"
                ],
                "tactic": [
                    "Persistence"
                ]
            },
            "id": "60110",
            "gpg13": [
                "7.10"
            ]
        },
        "decoder": {
            "name": "windows_eventchannel"
        },
        "input": {
            "type": "log"
        },
        "@timestamp": "2025-11-24T06:30:23.562Z",
        "location": "EventChannel",
        "id": "1763965823.386416",
        "timestamp": "2025-11-24T06:30:23.562+0000"
    },
    {
        "agent": {
            "ip": "192.168.44.137",
            "name": "win",
            "id": "001"
        },
        "manager": {
            "name": "ubuntu"
        },
        "data": {
            "win": {
                "eventdata": {
                    "subjectLogonId": "0x19c24",
                    "targetUserName": "ultimate_tes1t",
                    "subjectUserSid": "S-1-5-21-2643128391-4121916274-1247374836-1001",
                    "subjectDomainName": "DESKTOP-SIJOGEC",
                    "targetDomainName": "DESKTOP-SIJOGEC",
                    "targetSid": "S-1-5-21-2643128391-4121916274-1247374836-1008",
                    "subjectUserName": "windows"
                },
                "system": {
                    "eventID": "4722",
                    "keywords": "0x8020000000000000",
                    "providerGuid": "{54849625-5478-4994-a5ba-3e3b0328c30d}",
                    "level": "0",
                    "channel": "Security",
                    "opcode": "0",
                    "message": "\"A user account was enabled.\r\n\r\nSubject:\r\n\tSecurity ID:\t\tS-1-5-21-2643128391-4121916274-1247374836-1001\r\n\tAccount Name:\t\twindows\r\n\tAccount Domain:\t\tDESKTOP-SIJOGEC\r\n\tLogon ID:\t\t0x19C24\r\n\r\nTarget Account:\r\n\tSecurity ID:\t\tS-1-5-21-2643128391-4121916274-1247374836-1008\r\n\tAccount Name:\t\tultimate_tes1t\r\n\tAccount Domain:\t\tDESKTOP-SIJOGEC\"",
                    "version": "0",
                    "systemTime": "2025-11-24T06:30:21.4319307Z",
                    "eventRecordID": "22536",
                    "threadID": "2608",
                    "computer": "DESKTOP-SIJOGEC",
                    "task": "13824",
                    "processID": "672",
                    "severityValue": "AUDIT_SUCCESS",
                    "providerName": "Microsoft-Windows-Security-Auditing"
                }
            }
        },
        "rule": {
            "mail": false,
            "level": 8,
            "pci_dss": [
                "8.1.2",
                "10.2.5"
            ],
            "hipaa": [
                "164.312.a.2.I",
                "164.312.a.2.II",
                "164.312.b"
            ],
            "tsc": [
                "CC6.8",
                "CC7.2",
                "CC7.3"
            ],
            "description": "User account enabled or created",
            "groups": [
                "windows",
                "windows_security",
                "adduser",
                "account_changed"
            ],
            "nist_800_53": [
                "AC.2",
                "IA.4",
                "AU.14",
                "AC.7"
            ],
            "gdpr": [
                "IV_35.7.d",
                "IV_32.2"
            ],
            "firedtimes": 4,
            "mitre": {
                "technique": [
                    "Account Manipulation"
                ],
                "id": [
                    "T1098"
                ],
                "tactic": [
                    "Persistence"
                ]
            },
            "id": "60109",
            "gpg13": [
                "7.10"
            ]
        },
        "decoder": {
            "name": "windows_eventchannel"
        },
        "input": {
            "type": "log"
        },
        "@timestamp": "2025-11-24T06:30:23.550Z",
        "location": "EventChannel",
        "id": "1763965823.383639",
        "timestamp": "2025-11-24T06:30:23.550+0000"
    },
    {
        "agent": {
            "ip": "192.168.44.137",
            "name": "win",
            "id": "001"
        },
        "manager": {
            "name": "ubuntu"
        },
        "data": {
            "win": {
                "eventdata": {
                    "subjectLogonId": "0x19c24",
                    "scriptPath": "%%1793",
                    "passwordLastSet": "%%1794",
                    "homeDirectory": "%%1793",
                    "userParameters": "%%1793",
                    "subjectDomainName": "DESKTOP-SIJOGEC",
                    "displayName": "%%1793",
                    "accountExpires": "%%1794",
                    "homePath": "%%1793",
                    "samAccountName": "ultimate_tes1t",
                    "targetUserName": "ultimate_tes1t",
                    "subjectUserSid": "S-1-5-21-2643128391-4121916274-1247374836-1001",
                    "primaryGroupId": "513",
                    "logonHours": "%%1797",
                    "targetDomainName": "DESKTOP-SIJOGEC",
                    "profilePath": "%%1793",
                    "userWorkstations": "%%1793",
                    "oldUacValue": "0x0",
                    "newUacValue": "0x15",
                    "targetSid": "S-1-5-21-2643128391-4121916274-1247374836-1008",
                    "userAccountControl": "    %%2080    %%2082    %%2084",
                    "subjectUserName": "windows"
                },
                "system": {
                    "eventID": "4720",
                    "keywords": "0x8020000000000000",
                    "providerGuid": "{54849625-5478-4994-a5ba-3e3b0328c30d}",
                    "level": "0",
                    "channel": "Security",
                    "opcode": "0",
                    "message": "\"A user account was created.\r\n\r\nSubject:\r\n\tSecurity ID:\t\tS-1-5-21-2643128391-4121916274-1247374836-1001\r\n\tAccount Name:\t\twindows\r\n\tAccount Domain:\t\tDESKTOP-SIJOGEC\r\n\tLogon ID:\t\t0x19C24\r\n\r\nNew Account:\r\n\tSecurity ID:\t\tS-1-5-21-2643128391-4121916274-1247374836-1008\r\n\tAccount Name:\t\tultimate_tes1t\r\n\tAccount Domain:\t\tDESKTOP-SIJOGEC\r\n\r\nAttributes:\r\n\tSAM Account Name:\tultimate_tes1t\r\n\tDisplay Name:\t\t<value not set>\r\n\tUser Principal Name:\t-\r\n\tHome Directory:\t\t<value not set>\r\n\tHome Drive:\t\t<value not set>\r\n\tScript Path:\t\t<value not set>\r\n\tProfile Path:\t\t<value not set>\r\n\tUser Workstations:\t<value not set>\r\n\tPassword Last Set:\t<never>\r\n\tAccount Expires:\t\t<never>\r\n\tPrimary Group ID:\t513\r\n\tAllowed To Delegate To:\t-\r\n\tOld UAC Value:\t\t0x0\r\n\tNew UAC Value:\t\t0x15\r\n\tUser Account Control:\t\r\n\t\tAccount Disabled\r\n\t\t'Password Not Required' - Enabled\r\n\t\t'Normal Account' - Enabled\r\n\tUser Parameters:\t<value not set>\r\n\tSID History:\t\t-\r\n\tLogon Hours:\t\tAll\r\n\r\nAdditional Information:\r\n\tPrivileges\t\t-\"",
                    "version": "0",
                    "systemTime": "2025-11-24T06:30:21.4109903Z",
                    "eventRecordID": "22535",
                    "threadID": "2608",
                    "computer": "DESKTOP-SIJOGEC",
                    "task": "13824",
                    "processID": "672",
                    "severityValue": "AUDIT_SUCCESS",
                    "providerName": "Microsoft-Windows-Security-Auditing"
                }
            }
        },
        "rule": {
            "mail": false,
            "level": 8,
            "pci_dss": [
                "8.1.2",
                "10.2.5"
            ],
            "hipaa": [
                "164.312.a.2.I",
                "164.312.a.2.II",
                "164.312.b"
            ],
            "tsc": [
                "CC6.8",
                "CC7.2",
                "CC7.3"
            ],
            "description": "User account enabled or created",
            "groups": [
                "windows",
                "windows_security",
                "adduser",
                "account_changed"
            ],
            "nist_800_53": [
                "AC.2",
                "IA.4",
                "AU.14",
                "AC.7"
            ],
            "gdpr": [
                "IV_35.7.d",
                "IV_32.2"
            ],
            "firedtimes": 3,
            "mitre": {
                "technique": [
                    "Account Manipulation"
                ],
                "id": [
                    "T1098"
                ],
                "tactic": [
                    "Persistence"
                ]
            },
            "id": "60109",
            "gpg13": [
                "7.10"
            ]
        },
        "decoder": {
            "name": "windows_eventchannel"
        },
        "input": {
            "type": "log"
        },
        "@timestamp": "2025-11-24T06:30:23.549Z",
        "location": "EventChannel",
        "id": "1763965823.378492",
        "timestamp": "2025-11-24T06:30:23.549+0000"
    },
    {
        "agent": {
            "ip": "192.168.44.137",
            "name": "win",
            "id": "001"
        },
        "manager": {
            "name": "ubuntu"
        },
        "data": {
            "win": {
                "eventdata": {
                    "subjectLogonId": "0x19c24",
                    "targetUserName": "None",
                    "memberSid": "S-1-5-21-2643128391-4121916274-1247374836-1008",
                    "subjectUserSid": "S-1-5-21-2643128391-4121916274-1247374836-1001",
                    "subjectDomainName": "DESKTOP-SIJOGEC",
                    "targetDomainName": "DESKTOP-SIJOGEC",
                    "targetSid": "S-1-5-21-2643128391-4121916274-1247374836-513",
                    "subjectUserName": "windows"
                },
                "system": {
                    "eventID": "4728",
                    "keywords": "0x8020000000000000",
                    "providerGuid": "{54849625-5478-4994-a5ba-3e3b0328c30d}",
                    "level": "0",
                    "channel": "Security",
                    "opcode": "0",
                    "message": "\"A member was added to a security-enabled global group.\r\n\r\nSubject:\r\n\tSecurity ID:\t\tS-1-5-21-2643128391-4121916274-1247374836-1001\r\n\tAccount Name:\t\twindows\r\n\tAccount Domain:\t\tDESKTOP-SIJOGEC\r\n\tLogon ID:\t\t0x19C24\r\n\r\nMember:\r\n\tSecurity ID:\t\tS-1-5-21-2643128391-4121916274-1247374836-1008\r\n\tAccount Name:\t\t-\r\n\r\nGroup:\r\n\tSecurity ID:\t\tS-1-5-21-2643128391-4121916274-1247374836-513\r\n\tGroup Name:\t\tNone\r\n\tGroup Domain:\t\tDESKTOP-SIJOGEC\r\n\r\nAdditional Information:\r\n\tPrivileges:\t\t-\"",
                    "version": "0",
                    "systemTime": "2025-11-24T06:30:21.4090397Z",
                    "eventRecordID": "22534",
                    "threadID": "2608",
                    "computer": "DESKTOP-SIJOGEC",
                    "task": "13826",
                    "processID": "672",
                    "severityValue": "AUDIT_SUCCESS",
                    "providerName": "Microsoft-Windows-Security-Auditing"
                }
            }
        },
        "rule": {
            "mail": false,
            "level": 5,
            "pci_dss": [
                "8.1.2",
                "10.2.5"
            ],
            "hipaa": [
                "164.312.a.2.I",
                "164.312.a.2.II",
                "164.312.b"
            ],
            "tsc": [
                "CC6.8",
                "CC7.2",
                "CC7.3"
            ],
            "description": "Domain Users Group Changed",
            "groups": [
                "windows",
                "windows_security",
                "group_changed",
                "win_group_changed"
            ],
            "nist_800_53": [
                "AC.2",
                "IA.4",
                "AU.14",
                "AC.7"
            ],
            "gdpr": [
                "IV_35.7.d",
                "IV_32.2"
            ],
            "firedtimes": 2,
            "mitre": {
                "technique": [
                    "Domain Policy Modification"
                ],
                "id": [
                    "T1484"
                ],
                "tactic": [
                    "Defense Evasion",
                    "Privilege Escalation"
                ]
            },
            "id": "60160",
            "gpg13": [
                "7.10"
            ]
        },
        "decoder": {
            "name": "windows_eventchannel"
        },
        "input": {
            "type": "log"
        },
        "@timestamp": "2025-11-24T06:30:23.544Z",
        "location": "EventChannel",
        "id": "1763965823.375298",
        "timestamp": "2025-11-24T06:30:23.544+0000"
    },
    {
        "agent": {
            "ip": "192.168.44.137",
            "name": "win",
            "id": "001"
        },
        "manager": {
            "name": "ubuntu"
        },
        "data": {
            "win": {
                "eventdata": {
                    "originalFileName": "net.exe",
                    "image": "C:\\\\Windows\\\\System32\\\\net.exe",
                    "product": "Microsoft速 Windows速 Operating System",
                    "parentProcessGuid": "{3e3e0db9-f8ae-6923-1d01-000000000b00}",
                    "description": "Net Command",
                    "logonGuid": "{3e3e0db9-f6c3-6923-249c-010000000000}",
                    "parentCommandLine": "\\\"C:\\\\Windows\\\\System32\\\\WindowsPowerShell\\\\v1.0\\\\powershell.exe\\\"",
                    "processGuid": "{3e3e0db9-fb7d-6923-5e01-000000000b00}",
                    "logonId": "0x19c24",
                    "parentProcessId": "8272",
                    "processId": "2904",
                    "currentDirectory": "C:\\\\Windows\\\\system32\\\\",
                    "utcTime": "2025-11-24 06:30:21.345",
                    "hashes": "MD5=0BD94A338EEA5A4E1F2830AE326E6D19,SHA256=9F376759BCBCD705F726460FC4A7E2B07F310F52BAA73CAAAAA124FDDBDF993E",
                    "parentImage": "C:\\\\Windows\\\\System32\\\\WindowsPowerShell\\\\v1.0\\\\powershell.exe",
                    "company": "Microsoft Corporation",
                    "commandLine": "\\\"C:\\\\Windows\\\\system32\\\\net.exe\\\" user ultimate_tes1t 1234586 /add",
                    "integrityLevel": "High",
                    "fileVersion": "10.0.19041.1 (WinBuild.160101.0800)",
                    "user": "DESKTOP-SIJOGEC\\\\windows",
                    "terminalSessionId": "1",
                    "parentUser": "DESKTOP-SIJOGEC\\\\windows"
                },
                "system": {
                    "eventID": "1",
                    "keywords": "0x8000000000000000",
                    "providerGuid": "{5770385f-c22a-43e0-bf4c-06f5698ffbd9}",
                    "level": "4",
                    "channel": "Microsoft-Windows-Sysmon/Operational",
                    "opcode": "0",
                    "message": "\"Process Create:\r\nRuleName: -\r\nUtcTime: 2025-11-24 06:30:21.345\r\nProcessGuid: {3e3e0db9-fb7d-6923-5e01-000000000b00}\r\nProcessId: 2904\r\nImage: C:\\Windows\\System32\\net.exe\r\nFileVersion: 10.0.19041.1 (WinBuild.160101.0800)\r\nDescription: Net Command\r\nProduct: Microsoft速 Windows速 Operating System\r\nCompany: Microsoft Corporation\r\nOriginalFileName: net.exe\r\nCommandLine: \"C:\\Windows\\system32\\net.exe\" user ultimate_tes1t 1234586 /add\r\nCurrentDirectory: C:\\Windows\\system32\\\r\nUser: DESKTOP-SIJOGEC\\windows\r\nLogonGuid: {3e3e0db9-f6c3-6923-249c-010000000000}\r\nLogonId: 0x19C24\r\nTerminalSessionId: 1\r\nIntegrityLevel: High\r\nHashes: MD5=0BD94A338EEA5A4E1F2830AE326E6D19,SHA256=9F376759BCBCD705F726460FC4A7E2B07F310F52BAA73CAAAAA124FDDBDF993E\r\nParentProcessGuid: {3e3e0db9-f8ae-6923-1d01-000000000b00}\r\nParentProcessId: 8272\r\nParentImage: C:\\Windows\\System32\\WindowsPowerShell\\v1.0\\powershell.exe\r\nParentCommandLine: \"C:\\Windows\\System32\\WindowsPowerShell\\v1.0\\powershell.exe\" \r\nParentUser: DESKTOP-SIJOGEC\\windows\"",
                    "version": "5",
                    "systemTime": "2025-11-24T06:30:21.3542928Z",
                    "eventRecordID": "3836",
                    "threadID": "3744",
                    "computer": "DESKTOP-SIJOGEC",
                    "task": "1",
                    "processID": "2792",
                    "severityValue": "INFORMATION",
                    "providerName": "Microsoft-Windows-Sysmon"
                }
            }
        },
        "rule": {
            "firedtimes": 4,
            "mail": false,
            "level": 3,
            "description": "Discovery activity spawned via powershell execution",
            "groups": [
                "sysmon",
                "sysmon_eid1_detections",
                "windows"
            ],
            "mitre": {
                "technique": [
                    "Account Discovery",
                    "PowerShell"
                ],
                "id": [
                    "T1087",
                    "T1059.001"
                ],
                "tactic": [
                    "Discovery",
                    "Execution"
                ]
            },
            "id": "92033"
        },
        "decoder": {
            "name": "windows_eventchannel"
        },
        "input": {
            "type": "log"
        },
        "@timestamp": "2025-11-24T06:30:23.486Z",
        "location": "EventChannel",
        "id": "1763965823.369631",
        "timestamp": "2025-11-24T06:30:23.486+0000"
    },
    {
        "agent": {
            "ip": "192.168.44.137",
            "name": "win",
            "id": "001"
        },
        "manager": {
            "name": "ubuntu"
        },
        "data": {
            "win": {
                "eventdata": {
                    "binary": "2D20436F64653A2020434F525356434330303030303737342D2043616C6C3A2020434F525356434330303030303735362D205049443A202030303030333130382D205449443A202030303030383138302D20434D443A2020433A5C57696E646F77735C73797374656D33325C76737376632E6578652020202D20557365723A204E616D653A204E5420415554484F524954595C53595354454D2C205349443A532D312D352D313820"
                },
                "system": {
                    "eventID": "8224",
                    "keywords": "0x80000000000000",
                    "level": "4",
                    "channel": "Application",
                    "opcode": "0",
                    "message": "\"The VSS service is shutting down due to idle timeout. \"",
                    "version": "0",
                    "systemTime": "2025-11-24T06:26:04.3342127Z",
                    "eventRecordID": "1842",
                    "threadID": "0",
                    "computer": "DESKTOP-SIJOGEC",
                    "task": "0",
                    "processID": "0",
                    "severityValue": "INFORMATION",
                    "providerName": "VSS"
                }
            }
        },
        "rule": {
            "firedtimes": 2,
            "mail": false,
            "level": 5,
            "description": "The VSS service is shutting down due to idle timeout.",
            "groups": [
                "windows",
                "windows_application"
            ],
            "id": "60702"
        },
        "decoder": {
            "name": "windows_eventchannel"
        },
        "input": {
            "type": "log"
        },
        "@timestamp": "2025-11-24T06:26:05.459Z",
        "location": "EventChannel",
        "id": "1763965565.367834",
        "timestamp": "2025-11-24T06:26:05.459+0000"
    },
    {
        "agent": {
            "ip": "192.168.44.137",
            "name": "win",
            "id": "001"
        },
        "manager": {
            "name": "ubuntu"
        },
        "data": {
            "win": {
                "eventdata": {
                    "data": "2025-11-25T06:10:01Z, RulesEngine"
                },
                "system": {
                    "eventID": "16384",
                    "eventSourceName": "Software Protection Platform Service",
                    "keywords": "0x80000000000000",
                    "providerGuid": "{E23B33B0-C8C9-472C-A5F9-F2BDFEA0F156}",
                    "level": "4",
                    "channel": "Application",
                    "opcode": "0",
                    "message": "\"Successfully scheduled Software Protection service for re-start at 2025-11-25T06:10:01Z. Reason: RulesEngine.\"",
                    "version": "0",
                    "systemTime": "2025-11-24T06:23:01.5376419Z",
                    "eventRecordID": "1841",
                    "threadID": "0",
                    "computer": "DESKTOP-SIJOGEC",
                    "task": "0",
                    "processID": "0",
                    "severityValue": "INFORMATION",
                    "providerName": "Microsoft-Windows-Security-SPP"
                }
            }
        },
        "rule": {
            "firedtimes": 5,
            "mail": false,
            "level": 3,
            "description": "Software protection service scheduled successfully.",
            "groups": [
                "windows",
                "windows_application"
            ],
            "id": "60642"
        },
        "decoder": {
            "name": "windows_eventchannel"
        },
        "input": {
            "type": "log"
        },
        "@timestamp": "2025-11-24T06:23:02.648Z",
        "location": "EventChannel",
        "id": "1763965382.366241",
        "timestamp": "2025-11-24T06:23:02.648+0000"
    },
    {
        "agent": {
            "ip": "192.168.44.137",
            "name": "win",
            "id": "001"
        },
        "manager": {
            "name": "ubuntu"
        },
        "data": {
            "win": {
                "eventdata": {
                    "originalFileName": "Cmd.Exe",
                    "image": "C:\\\\Windows\\\\System32\\\\cmd.exe",
                    "product": "Microsoft速 Windows速 Operating System",
                    "parentProcessGuid": "{3e3e0db9-f9a7-6923-3501-000000000b00}",
                    "description": "Windows Command Processor",
                    "logonGuid": "{3e3e0db9-f6c0-6923-e703-000000000000}",
                    "parentCommandLine": "C:\\\\Windows\\\\system32\\\\msiexec.exe /V",
                    "processGuid": "{3e3e0db9-f9a8-6923-3601-000000000b00}",
                    "logonId": "0x3e7",
                    "parentProcessId": "2008",
                    "processId": "8360",
                    "currentDirectory": "C:\\\\Program Files\\\\RUXIM\\\\",
                    "utcTime": "2025-11-24 06:22:32.019",
                    "hashes": "MD5=2B40C98ED0F7A1D3B091A3E8353132DC,SHA256=BADF4752413CB0CBDC03FB95820CA167F0CDC63B597CCDB5EF43111180E088B0",
                    "parentImage": "C:\\\\Windows\\\\System32\\\\msiexec.exe",
                    "company": "Microsoft Corporation",
                    "commandLine": "C:\\\\Windows\\\\system32\\\\cmd.exe /c RD /S /Q C:\\\\ProgramData\\\\PLUG",
                    "integrityLevel": "System",
                    "fileVersion": "10.0.19041.4355 (WinBuild.160101.0800)",
                    "user": "NT AUTHORITY\\\\SYSTEM",
                    "terminalSessionId": "0",
                    "parentUser": "NT AUTHORITY\\\\SYSTEM"
                },
                "system": {
                    "eventID": "1",
                    "keywords": "0x8000000000000000",
                    "providerGuid": "{5770385f-c22a-43e0-bf4c-06f5698ffbd9}",
                    "level": "4",
                    "channel": "Microsoft-Windows-Sysmon/Operational",
                    "opcode": "0",
                    "message": "\"Process Create:\r\nRuleName: -\r\nUtcTime: 2025-11-24 06:22:32.019\r\nProcessGuid: {3e3e0db9-f9a8-6923-3601-000000000b00}\r\nProcessId: 8360\r\nImage: C:\\Windows\\System32\\cmd.exe\r\nFileVersion: 10.0.19041.4355 (WinBuild.160101.0800)\r\nDescription: Windows Command Processor\r\nProduct: Microsoft速 Windows速 Operating System\r\nCompany: Microsoft Corporation\r\nOriginalFileName: Cmd.Exe\r\nCommandLine: C:\\Windows\\system32\\cmd.exe /c RD /S /Q C:\\ProgramData\\PLUG\r\nCurrentDirectory: C:\\Program Files\\RUXIM\\\r\nUser: NT AUTHORITY\\SYSTEM\r\nLogonGuid: {3e3e0db9-f6c0-6923-e703-000000000000}\r\nLogonId: 0x3E7\r\nTerminalSessionId: 0\r\nIntegrityLevel: System\r\nHashes: MD5=2B40C98ED0F7A1D3B091A3E8353132DC,SHA256=BADF4752413CB0CBDC03FB95820CA167F0CDC63B597CCDB5EF43111180E088B0\r\nParentProcessGuid: {3e3e0db9-f9a7-6923-3501-000000000b00}\r\nParentProcessId: 2008\r\nParentImage: C:\\Windows\\System32\\msiexec.exe\r\nParentCommandLine: C:\\Windows\\system32\\msiexec.exe /V\r\nParentUser: NT AUTHORITY\\SYSTEM\"",
                    "version": "5",
                    "systemTime": "2025-11-24T06:22:32.0275066Z",
                    "eventRecordID": "3785",
                    "threadID": "3744",
                    "computer": "DESKTOP-SIJOGEC",
                    "task": "1",
                    "processID": "2792",
                    "severityValue": "INFORMATION",
                    "providerName": "Microsoft-Windows-Sysmon"
                }
            }
        },
        "rule": {
            "firedtimes": 2,
            "mail": false,
            "level": 4,
            "description": "Windows command prompt started by an abnormal process",
            "groups": [
                "sysmon",
                "sysmon_eid1_detections",
                "windows"
            ],
            "mitre": {
                "technique": [
                    "Windows Command Shell"
                ],
                "id": [
                    "T1059.003"
                ],
                "tactic": [
                    "Execution"
                ]
            },
            "id": "92052"
        },
        "decoder": {
            "name": "windows_eventchannel"
        },
        "input": {
            "type": "log"
        },
        "@timestamp": "2025-11-24T06:22:34.124Z",
        "location": "EventChannel",
        "id": "1763965354.360772",
        "timestamp": "2025-11-24T06:22:34.124+0000"
    },
    {
        "agent": {
            "ip": "192.168.44.137",
            "name": "win",
            "id": "001"
        },
        "manager": {
            "name": "ubuntu"
        },
        "data": {
            "win": {
                "eventdata": {
                    "data": "Update for x64-based Windows Systems (KB5001716), 8.94.0.0, 0, 0, Microsoft Corporation",
                    "binary": "7B42384439333837302D393844312D343938302D414643412D4532363536334344464237397D3030303066613434313836303939353036313832326630383935633332633035323664643030303030303030"
                },
                "system": {
                    "eventID": "1033",
                    "keywords": "0x80000000000000",
                    "level": "4",
                    "channel": "Application",
                    "opcode": "0",
                    "message": "\"Windows Installer installed the product. Product Name: Update for x64-based Windows Systems (KB5001716). Product Version: 8.94.0.0. Product Language: 0. Manufacturer: Microsoft Corporation. Installation success or error status: 0.\"",
                    "version": "0",
                    "systemTime": "2025-11-24T06:22:32.7096213Z",
                    "eventRecordID": "1837",
                    "threadID": "0",
                    "computer": "DESKTOP-SIJOGEC",
                    "task": "0",
                    "processID": "0",
                    "severityValue": "INFORMATION",
                    "providerName": "MsiInstaller"
                }
            }
        },
        "rule": {
            "firedtimes": 2,
            "mail": false,
            "level": 3,
            "description": "Application installed Update for x64-based Windows Systems (KB5001716), 8.94.0.0, 0, 0, Microsoft Corporation.",
            "groups": [
                "windows",
                "windows_application"
            ],
            "id": "60612"
        },
        "decoder": {
            "name": "windows_eventchannel"
        },
        "input": {
            "type": "log"
        },
        "@timestamp": "2025-11-24T06:22:33.816Z",
        "location": "EventChannel",
        "id": "1763965353.358687",
        "timestamp": "2025-11-24T06:22:33.816+0000"
    },
    {
        "agent": {
            "ip": "192.168.44.137",
            "name": "win",
            "id": "001"
        },
        "manager": {
            "name": "ubuntu"
        },
        "data": {
            "win": {
                "eventdata": {
                    "data": "Product: Update for x64-based Windows Systems (KB5001716) -- Installation completed successfully.",
                    "binary": "7B42384439333837302D393844312D343938302D414643412D4532363536334344464237397D"
                },
                "system": {
                    "eventID": "11707",
                    "keywords": "0x80000000000000",
                    "level": "4",
                    "channel": "Application",
                    "opcode": "0",
                    "message": "\"Product: Update for x64-based Windows Systems (KB5001716) -- Installation completed successfully.\"",
                    "version": "0",
                    "systemTime": "2025-11-24T06:22:32.7096213Z",
                    "eventRecordID": "1836",
                    "threadID": "0",
                    "computer": "DESKTOP-SIJOGEC",
                    "task": "0",
                    "processID": "0",
                    "severityValue": "INFORMATION",
                    "providerName": "MsiInstaller"
                }
            }
        },
        "rule": {
            "firedtimes": 1,
            "mail": false,
            "level": 3,
            "description": "Application installed Product: Update for x64-based Windows Systems (KB5001716) -- Installation completed successfully..",
            "groups": [
                "windows",
                "windows_application"
            ],
            "id": "60612"
        },
        "decoder": {
            "name": "windows_eventchannel"
        },
        "input": {
            "type": "log"
        },
        "@timestamp": "2025-11-24T06:22:33.814Z",
        "location": "EventChannel",
        "id": "1763965353.357012",
        "timestamp": "2025-11-24T06:22:33.814+0000"
    },
    {
        "agent": {
            "ip": "192.168.44.137",
            "name": "win",
            "id": "001"
        },
        "manager": {
            "name": "ubuntu"
        },
        "data": {
            "win": {
                "eventdata": {
                    "data": "C:\\\\Windows\\\\SoftwareDistribution\\\\Download\\\\77db7248459b2bafe68017a067b2d31a\\\\img\\\\Windows-KB5001716-x64.msi, 8568"
                },
                "system": {
                    "eventID": "1040",
                    "keywords": "0x80000000000000",
                    "level": "4",
                    "channel": "Application",
                    "opcode": "0",
                    "message": "\"Beginning a Windows Installer transaction: C:\\Windows\\SoftwareDistribution\\Download\\77db7248459b2bafe68017a067b2d31a\\img\\Windows-KB5001716-x64.msi. Client Process Id: 8568.\"",
                    "version": "0",
                    "systemTime": "2025-11-24T06:22:31.6313163Z",
                    "eventRecordID": "1835",
                    "threadID": "0",
                    "computer": "DESKTOP-SIJOGEC",
                    "task": "0",
                    "processID": "0",
                    "severityValue": "INFORMATION",
                    "providerName": "MsiInstaller"
                }
            }
        },
        "rule": {
            "firedtimes": 1,
            "mail": false,
            "level": 3,
            "description": "Windows installer began an installation process.",
            "groups": [
                "windows",
                "windows_application"
            ],
            "id": "60610"
        },
        "decoder": {
            "name": "windows_eventchannel"
        },
        "input": {
            "type": "log"
        },
        "@timestamp": "2025-11-24T06:22:32.779Z",
        "location": "EventChannel",
        "id": "1763965352.355394",
        "timestamp": "2025-11-24T06:22:32.779+0000"
    },
    {
        "agent": {
            "ip": "192.168.44.137",
            "name": "win",
            "id": "001"
        },
        "manager": {
            "name": "ubuntu"
        },
        "data": {
            "win": {
                "eventdata": {
                    "data": "2025-11-25T06:10:15Z, RulesEngine"
                },
                "system": {
                    "eventID": "16384",
                    "eventSourceName": "Software Protection Platform Service",
                    "keywords": "0x80000000000000",
                    "providerGuid": "{E23B33B0-C8C9-472C-A5F9-F2BDFEA0F156}",
                    "level": "4",
                    "channel": "Application",
                    "opcode": "0",
                    "message": "\"Successfully scheduled Software Protection service for re-start at 2025-11-25T06:10:15Z. Reason: RulesEngine.\"",
                    "version": "0",
                    "systemTime": "2025-11-24T06:21:15.7721103Z",
                    "eventRecordID": "1833",
                    "threadID": "0",
                    "computer": "DESKTOP-SIJOGEC",
                    "task": "0",
                    "processID": "0",
                    "severityValue": "INFORMATION",
                    "providerName": "Microsoft-Windows-Security-SPP"
                }
            }
        },
        "rule": {
            "firedtimes": 4,
            "mail": false,
            "level": 3,
            "description": "Software protection service scheduled successfully.",
            "groups": [
                "windows",
                "windows_application"
            ],
            "id": "60642"
        },
        "decoder": {
            "name": "windows_eventchannel"
        },
        "input": {
            "type": "log"
        },
        "@timestamp": "2025-11-24T06:21:16.875Z",
        "location": "EventChannel",
        "id": "1763965276.353801",
        "timestamp": "2025-11-24T06:21:16.875+0000"
    },
    {
        "agent": {
            "ip": "192.168.44.137",
            "name": "win",
            "id": "001"
        },
        "manager": {
            "name": "ubuntu"
        },
        "data": {
            "win": {
                "eventdata": {
                    "subjectLogonId": "0x19c24",
                    "targetUserName": "Users",
                    "memberSid": "S-1-5-21-2643128391-4121916274-1247374836-1007",
                    "subjectUserSid": "S-1-5-21-2643128391-4121916274-1247374836-1001",
                    "subjectDomainName": "DESKTOP-SIJOGEC",
                    "targetDomainName": "Builtin",
                    "targetSid": "S-1-5-32-545",
                    "subjectUserName": "windows"
                },
                "system": {
                    "eventID": "4732",
                    "keywords": "0x8020000000000000",
                    "providerGuid": "{54849625-5478-4994-a5ba-3e3b0328c30d}",
                    "level": "0",
                    "channel": "Security",
                    "opcode": "0",
                    "message": "\"A member was added to a security-enabled local group.\r\n\r\nSubject:\r\n\tSecurity ID:\t\tS-1-5-21-2643128391-4121916274-1247374836-1001\r\n\tAccount Name:\t\twindows\r\n\tAccount Domain:\t\tDESKTOP-SIJOGEC\r\n\tLogon ID:\t\t0x19C24\r\n\r\nMember:\r\n\tSecurity ID:\t\tS-1-5-21-2643128391-4121916274-1247374836-1007\r\n\tAccount Name:\t\t-\r\n\r\nGroup:\r\n\tSecurity ID:\t\tS-1-5-32-545\r\n\tGroup Name:\t\tUsers\r\n\tGroup Domain:\t\tBuiltin\r\n\r\nAdditional Information:\r\n\tPrivileges:\t\t-\"",
                    "version": "0",
                    "systemTime": "2025-11-24T06:18:28.7912455Z",
                    "eventRecordID": "22505",
                    "threadID": "752",
                    "computer": "DESKTOP-SIJOGEC",
                    "task": "13826",
                    "processID": "672",
                    "severityValue": "AUDIT_SUCCESS",
                    "providerName": "Microsoft-Windows-Security-Auditing"
                }
            }
        },
        "rule": {
            "mail": false,
            "level": 5,
            "pci_dss": [
                "8.1.2",
                "10.2.5"
            ],
            "hipaa": [
                "164.312.a.2.I",
                "164.312.a.2.II",
                "164.312.b"
            ],
            "tsc": [
                "CC6.8",
                "CC7.2",
                "CC7.3"
            ],
            "description": "Users Group Changed",
            "groups": [
                "windows",
                "windows_security",
                "group_changed",
                "win_group_changed"
            ],
            "nist_800_53": [
                "AC.2",
                "IA.4",
                "AU.14",
                "AC.7"
            ],
            "gdpr": [
                "IV_35.7.d",
                "IV_32.2"
            ],
            "firedtimes": 1,
            "mitre": {
                "technique": [
                    "Domain Policy Modification"
                ],
                "id": [
                    "T1484"
                ],
                "tactic": [
                    "Defense Evasion",
                    "Privilege Escalation"
                ]
            },
            "id": "60170",
            "gpg13": [
                "7.10"
            ]
        },
        "decoder": {
            "name": "windows_eventchannel"
        },
        "input": {
            "type": "log"
        },
        "@timestamp": "2025-11-24T06:18:30.929Z",
        "location": "EventChannel",
        "id": "1763965110.350778",
        "timestamp": "2025-11-24T06:18:30.929+0000"
    },
    {
        "agent": {
            "ip": "192.168.44.137",
            "name": "win",
            "id": "001"
        },
        "manager": {
            "name": "ubuntu"
        },
        "data": {
            "win": {
                "eventdata": {
                    "subjectLogonId": "0x19c24",
                    "scriptPath": "%%1793",
                    "passwordLastSet": "11/24/2025 1:18:28 PM",
                    "homeDirectory": "%%1793",
                    "subjectDomainName": "DESKTOP-SIJOGEC",
                    "displayName": "%%1793",
                    "accountExpires": "%%1794",
                    "homePath": "%%1793",
                    "samAccountName": "ultimate_test",
                    "targetUserName": "ultimate_test",
                    "subjectUserSid": "S-1-5-21-2643128391-4121916274-1247374836-1001",
                    "primaryGroupId": "513",
                    "logonHours": "%%1797",
                    "targetDomainName": "DESKTOP-SIJOGEC",
                    "profilePath": "%%1793",
                    "userWorkstations": "%%1793",
                    "oldUacValue": "0x15",
                    "newUacValue": "0x10",
                    "targetSid": "S-1-5-21-2643128391-4121916274-1247374836-1007",
                    "userAccountControl": "    %%2048    %%2050",
                    "subjectUserName": "windows"
                },
                "system": {
                    "eventID": "4738",
                    "keywords": "0x8020000000000000",
                    "providerGuid": "{54849625-5478-4994-a5ba-3e3b0328c30d}",
                    "level": "0",
                    "channel": "Security",
                    "opcode": "0",
                    "message": "\"A user account was changed.\r\n\r\nSubject:\r\n\tSecurity ID:\t\tS-1-5-21-2643128391-4121916274-1247374836-1001\r\n\tAccount Name:\t\twindows\r\n\tAccount Domain:\t\tDESKTOP-SIJOGEC\r\n\tLogon ID:\t\t0x19C24\r\n\r\nTarget Account:\r\n\tSecurity ID:\t\tS-1-5-21-2643128391-4121916274-1247374836-1007\r\n\tAccount Name:\t\tultimate_test\r\n\tAccount Domain:\t\tDESKTOP-SIJOGEC\r\n\r\nChanged Attributes:\r\n\tSAM Account Name:\tultimate_test\r\n\tDisplay Name:\t\t<value not set>\r\n\tUser Principal Name:\t-\r\n\tHome Directory:\t\t<value not set>\r\n\tHome Drive:\t\t<value not set>\r\n\tScript Path:\t\t<value not set>\r\n\tProfile Path:\t\t<value not set>\r\n\tUser Workstations:\t<value not set>\r\n\tPassword Last Set:\t11/24/2025 1:18:28 PM\r\n\tAccount Expires:\t\t<never>\r\n\tPrimary Group ID:\t513\r\n\tAllowedToDelegateTo:\t-\r\n\tOld UAC Value:\t\t0x15\r\n\tNew UAC Value:\t\t0x10\r\n\tUser Account Control:\t\r\n\t\tAccount Enabled\r\n\t\t'Password Not Required' - Disabled\r\n\tUser Parameters:\t-\r\n\tSID History:\t\t-\r\n\tLogon Hours:\t\tAll\r\n\r\nAdditional Information:\r\n\tPrivileges:\t\t-\"",
                    "version": "0",
                    "systemTime": "2025-11-24T06:18:28.7846300Z",
                    "eventRecordID": "22503",
                    "threadID": "752",
                    "computer": "DESKTOP-SIJOGEC",
                    "task": "13824",
                    "processID": "672",
                    "severityValue": "AUDIT_SUCCESS",
                    "providerName": "Microsoft-Windows-Security-Auditing"
                }
            }
        },
        "rule": {
            "mail": false,
            "level": 8,
            "pci_dss": [
                "8.1.2",
                "10.2.5"
            ],
            "hipaa": [
                "164.312.a.2.I",
                "164.312.a.2.II",
                "164.312.b"
            ],
            "tsc": [
                "CC6.8",
                "CC7.2",
                "CC7.3"
            ],
            "description": "User account changed",
            "groups": [
                "windows",
                "windows_security",
                "account_changed"
            ],
            "nist_800_53": [
                "AC.2",
                "IA.4",
                "AU.14",
                "AC.7"
            ],
            "gdpr": [
                "IV_35.7.d",
                "IV_32.2"
            ],
            "firedtimes": 1,
            "mitre": {
                "technique": [
                    "Account Manipulation"
                ],
                "id": [
                    "T1098"
                ],
                "tactic": [
                    "Persistence"
                ]
            },
            "id": "60110",
            "gpg13": [
                "7.10"
            ]
        },
        "decoder": {
            "name": "windows_eventchannel"
        },
        "input": {
            "type": "log"
        },
        "@timestamp": "2025-11-24T06:18:30.898Z",
        "location": "EventChannel",
        "id": "1763965110.345755",
        "timestamp": "2025-11-24T06:18:30.898+0000"
    },
