    {
        "agent": {
            "ip": "192.168.44.137",
            "name": "win",
            "id": "001"
        },
        "manager": {
            "name": "ubuntu"
        },
        "data": {
            "win": {
                "eventdata": {
                    "subjectLogonId": "0x3e7",
                    "subjectDomainName": "WORKGROUP",
                    "ipAddress": "127.0.0.1",
                    "authenticationPackageName": "Negotiate",
                    "workstationName": "DESKTOP-SIJOGEC",
                    "subStatus": "0xc000006a",
                    "logonProcessName": "User32",
                    "targetUserName": "windows",
                    "keyLength": "0",
                    "subjectUserSid": "S-1-5-18",
                    "processId": "0x4e8",
                    "processName": "C:\\\\Windows\\\\System32\\\\svchost.exe",
                    "ipPort": "0",
                    "failureReason": "%%2313",
                    "targetDomainName": "DESKTOP-SIJOGEC",
                    "targetUserSid": "S-1-0-0",
                    "logonType": "2",
                    "subjectUserName": "DESKTOP-SIJOGEC$",
                    "status": "0xc000006d"
                },
                "system": {
                    "eventID": "4625",
                    "keywords": "0x8010000000000000",
                    "providerGuid": "{54849625-5478-4994-a5ba-3e3b0328c30d}",
                    "level": "0",
                    "channel": "Security",
                    "opcode": "0",
                    "message": "\"An account failed to log on.\r\n\r\nSubject:\r\n\tSecurity ID:\t\tS-1-5-18\r\n\tAccount Name:\t\tDESKTOP-SIJOGEC$\r\n\tAccount Domain:\t\tWORKGROUP\r\n\tLogon ID:\t\t0x3E7\r\n\r\nLogon Type:\t\t\t2\r\n\r\nAccount For Which Logon Failed:\r\n\tSecurity ID:\t\tS-1-0-0\r\n\tAccount Name:\t\twindows\r\n\tAccount Domain:\t\tDESKTOP-SIJOGEC\r\n\r\nFailure Information:\r\n\tFailure Reason:\t\tUnknown user name or bad password.\r\n\tStatus:\t\t\t0xC000006D\r\n\tSub Status:\t\t0xC000006A\r\n\r\nProcess Information:\r\n\tCaller Process ID:\t0x4e8\r\n\tCaller Process Name:\tC:\\Windows\\System32\\svchost.exe\r\n\r\nNetwork Information:\r\n\tWorkstation Name:\tDESKTOP-SIJOGEC\r\n\tSource Network Address:\t127.0.0.1\r\n\tSource Port:\t\t0\r\n\r\nDetailed Authentication Information:\r\n\tLogon Process:\t\tUser32 \r\n\tAuthentication Package:\tNegotiate\r\n\tTransited Services:\t-\r\n\tPackage Name (NTLM only):\t-\r\n\tKey Length:\t\t0\r\n\r\nThis event is generated when a logon request fails. It is generated on the computer where access was attempted.\r\n\r\nThe Subject fields indicate the account on the local system which requested the logon. This is most commonly a service such as the Server service, or a local process such as Winlogon.exe or Services.exe.\r\n\r\nThe Logon Type field indicates the kind of logon that was requested. The most common types are 2 (interactive) and 3 (network).\r\n\r\nThe Process Information fields indicate which account and process on the system requested the logon.\r\n\r\nThe Network Information fields indicate where a remote logon request originated. Workstation name is not always available and may be left blank in some cases.\r\n\r\nThe authentication information fields provide detailed information about this specific logon request.\r\n\t- Transited services indicate which intermediate services have participated in this logon request.\r\n\t- Package name indicates which sub-protocol was used among the NTLM protocols.\r\n\t- Key length indicates the length of the generated session key. This will be 0 if no session key was requested.\"",
                    "version": "0",
                    "systemTime": "2025-11-24T21:39:30.3853900Z",
                    "eventRecordID": "23207",
                    "threadID": "712",
                    "computer": "DESKTOP-SIJOGEC",
                    "task": "12544",
                    "processID": "648",
                    "severityValue": "AUDIT_FAILURE",
                    "providerName": "Microsoft-Windows-Security-Auditing"
                }
            }
        },
        "rule": {
            "mail": false,
            "level": 5,
            "pci_dss": [
                "10.2.4",
                "10.2.5"
            ],
            "hipaa": [
                "164.312.b"
            ],
            "tsc": [
                "CC6.1",
                "CC6.8",
                "CC7.2",
                "CC7.3"
            ],
            "description": "Logon Failure - Unknown user or bad password",
            "groups": [
                "windows",
                "windows_security",
                "authentication_failed"
            ],
            "nist_800_53": [
                "AU.14",
                "AC.7"
            ],
            "gdpr": [
                "IV_35.7.d",
                "IV_32.2"
            ],
            "firedtimes": 1,
            "mitre": {
                "technique": [
                    "Account Access Removal"
                ],
                "id": [
                    "T1531"
                ],
                "tactic": [
                    "Impact"
                ]
            },
            "id": "60122",
            "gpg13": [
                "7.1"
            ]
        },
        "decoder": {
            "name": "windows_eventchannel"
        },
        "input": {
            "type": "log"
        },
        "@timestamp": "2025-11-24T21:39:30.994Z",
        "location": "EventChannel",
        "id": "1764020370.491567",
        "timestamp": "2025-11-24T21:39:30.994+0000"
    },
    {
        "agent": {
            "ip": "192.168.44.137",
            "name": "win",
            "id": "001"
        },
        "manager": {
            "name": "ubuntu"
        },
        "data": {
            "win": {
                "eventdata": {
                    "data": "hr=0x80004005, RuleId=31e71c49-8da7-4a2f-ad92-45d98a1c79ba;Action=AutoActivate;AppId=55c92734-d682-4d71-983e-d6ec3f16059f;SkuId=4de7cb65-cdf1-4de9-8ae8-e3cce27b9f2c;NotificationInterval=1440;Trigger=UserLogon;SessionId=1"
                },
                "system": {
                    "eventID": "8198",
                    "eventSourceName": "Software Protection Platform Service",
                    "keywords": "0x80000000000000",
                    "providerGuid": "{E23B33B0-C8C9-472C-A5F9-F2BDFEA0F156}",
                    "level": "2",
                    "channel": "Application",
                    "opcode": "0",
                    "message": "\"License Activation (slui.exe) failed with the following error code:\r\nhr=0x80004005\r\nCommand-line arguments:\r\nRuleId=31e71c49-8da7-4a2f-ad92-45d98a1c79ba;Action=AutoActivate;AppId=55c92734-d682-4d71-983e-d6ec3f16059f;SkuId=4de7cb65-cdf1-4de9-8ae8-e3cce27b9f2c;NotificationInterval=1440;Trigger=UserLogon;SessionId=1\"",
                    "version": "0",
                    "systemTime": "2025-11-24T21:38:41.1744449Z",
                    "eventRecordID": "1873",
                    "threadID": "0",
                    "computer": "DESKTOP-SIJOGEC",
                    "task": "0",
                    "processID": "0",
                    "severityValue": "ERROR",
                    "providerName": "Microsoft-Windows-Security-SPP"
                }
            }
        },
        "rule": {
            "firedtimes": 1,
            "mail": false,
            "level": 5,
            "description": "License activation (slui.exe) failed.",
            "groups": [
                "windows",
                "windows_application"
            ],
            "id": "60646"
        },
        "decoder": {
            "name": "windows_eventchannel"
        },
        "input": {
            "type": "log"
        },
        "@timestamp": "2025-11-24T21:39:09.310Z",
        "location": "EventChannel",
        "id": "1764020349.486877",
        "timestamp": "2025-11-24T21:39:09.310+0000"
    },
    {
        "agent": {
            "ip": "192.168.44.137",
            "name": "win",
            "id": "001"
        },
        "manager": {
            "name": "ubuntu"
        },
        "data": {
            "win": {
                "eventdata": {
                    "originalFileName": "Cmd.Exe",
                    "image": "C:\\\\Windows\\\\System32\\\\cmd.exe",
                    "product": "Microsoft速 Windows速 Operating System",
                    "parentProcessGuid": "{3e3e0db9-d04e-6924-4400-000000000c00}",
                    "description": "Windows Command Processor",
                    "logonGuid": "{3e3e0db9-d04a-6924-e703-000000000000}",
                    "parentCommandLine": "\\\"C:\\\\Program Files\\\\VMware\\\\VMware Tools\\\\vmtoolsd.exe\\\"",
                    "processGuid": "{3e3e0db9-d050-6924-4d00-000000000c00}",
                    "logonId": "0x3e7",
                    "parentProcessId": "2744",
                    "processId": "3392",
                    "currentDirectory": "C:\\\\Windows\\\\system32\\\\",
                    "utcTime": "2025-11-24 21:38:24.339",
                    "hashes": "MD5=2B40C98ED0F7A1D3B091A3E8353132DC,SHA256=BADF4752413CB0CBDC03FB95820CA167F0CDC63B597CCDB5EF43111180E088B0",
                    "parentImage": "C:\\\\Program Files\\\\VMware\\\\VMware Tools\\\\vmtoolsd.exe",
                    "company": "Microsoft Corporation",
                    "commandLine": "C:\\\\Windows\\\\system32\\\\cmd.exe /c \\\"\\\"C:\\\\Program Files\\\\VMware\\\\VMware Tools\\\\poweron-vm-default.bat\\\"\\\"",
                    "integrityLevel": "System",
                    "fileVersion": "10.0.19041.4355 (WinBuild.160101.0800)",
                    "user": "NT AUTHORITY\\\\SYSTEM",
                    "terminalSessionId": "0",
                    "parentUser": "NT AUTHORITY\\\\SYSTEM"
                },
                "system": {
                    "eventID": "1",
                    "keywords": "0x8000000000000000",
                    "providerGuid": "{5770385f-c22a-43e0-bf4c-06f5698ffbd9}",
                    "level": "4",
                    "channel": "Microsoft-Windows-Sysmon/Operational",
                    "opcode": "0",
                    "message": "\"Process Create:\r\nRuleName: -\r\nUtcTime: 2025-11-24 21:38:24.339\r\nProcessGuid: {3e3e0db9-d050-6924-4d00-000000000c00}\r\nProcessId: 3392\r\nImage: C:\\Windows\\System32\\cmd.exe\r\nFileVersion: 10.0.19041.4355 (WinBuild.160101.0800)\r\nDescription: Windows Command Processor\r\nProduct: Microsoft速 Windows速 Operating System\r\nCompany: Microsoft Corporation\r\nOriginalFileName: Cmd.Exe\r\nCommandLine: C:\\Windows\\system32\\cmd.exe /c \"\"C:\\Program Files\\VMware\\VMware Tools\\poweron-vm-default.bat\"\"\r\nCurrentDirectory: C:\\Windows\\system32\\\r\nUser: NT AUTHORITY\\SYSTEM\r\nLogonGuid: {3e3e0db9-d04a-6924-e703-000000000000}\r\nLogonId: 0x3E7\r\nTerminalSessionId: 0\r\nIntegrityLevel: System\r\nHashes: MD5=2B40C98ED0F7A1D3B091A3E8353132DC,SHA256=BADF4752413CB0CBDC03FB95820CA167F0CDC63B597CCDB5EF43111180E088B0\r\nParentProcessGuid: {3e3e0db9-d04e-6924-4400-000000000c00}\r\nParentProcessId: 2744\r\nParentImage: C:\\Program Files\\VMware\\VMware Tools\\vmtoolsd.exe\r\nParentCommandLine: \"C:\\Program Files\\VMware\\VMware Tools\\vmtoolsd.exe\"\r\nParentUser: NT AUTHORITY\\SYSTEM\"",
                    "version": "5",
                    "systemTime": "2025-11-24T21:38:33.0973858Z",
                    "eventRecordID": "3973",
                    "threadID": "4220",
                    "computer": "DESKTOP-SIJOGEC",
                    "task": "1",
                    "processID": "2804",
                    "severityValue": "INFORMATION",
                    "providerName": "Microsoft-Windows-Sysmon"
                }
            }
        },
        "rule": {
            "firedtimes": 1,
            "mail": false,
            "level": 4,
            "description": "Windows command prompt started by an abnormal process",
            "groups": [
                "sysmon",
                "sysmon_eid1_detections",
                "windows"
            ],
            "mitre": {
                "technique": [
                    "Windows Command Shell"
                ],
                "id": [
                    "T1059.003"
                ],
                "tactic": [
                    "Execution"
                ]
            },
            "id": "92052"
        },
        "decoder": {
            "name": "windows_eventchannel"
        },
        "input": {
            "type": "log"
        },
        "@timestamp": "2025-11-24T21:39:09.294Z",
        "location": "EventChannel",
        "id": "1764020349.481090",
        "timestamp": "2025-11-24T21:39:09.294+0000"
    },
    {
        "agent": {
            "ip": "192.168.44.137",
            "name": "win",
            "id": "001"
        },
        "manager": {
            "name": "ubuntu"
        },
        "data": {
            "win": {
                "eventdata": {
                    "data": "SessionEnv",
                    "binary": "D9060000"
                },
                "system": {
                    "eventID": "6000",
                    "eventSourceName": "Wlclntfy",
                    "keywords": "0x80000000000000",
                    "providerGuid": "{DBE9B383-7CF3-4331-91CC-A3CB16A3B538}",
                    "level": "4",
                    "channel": "Application",
                    "opcode": "0",
                    "message": "\"The winlogon notification subscriber <SessionEnv> was unavailable to handle a notification event.\"",
                    "version": "0",
                    "systemTime": "2025-11-24T21:38:30.9084840Z",
                    "eventRecordID": "1866",
                    "threadID": "0",
                    "computer": "DESKTOP-SIJOGEC",
                    "task": "0",
                    "processID": "0",
                    "severityValue": "INFORMATION",
                    "providerName": "Microsoft-Windows-Winlogon"
                }
            }
        },
        "rule": {
            "firedtimes": 1,
            "mail": false,
            "level": 5,
            "description": "SessionEnv was unavailable to handle a notification event.",
            "groups": [
                "windows",
                "windows_application"
            ],
            "id": "60775"
        },
        "decoder": {
            "name": "windows_eventchannel"
        },
        "input": {
            "type": "log"
        },
        "@timestamp": "2025-11-24T21:39:08.912Z",
        "location": "EventChannel",
        "id": "1764020348.479575",
        "timestamp": "2025-11-24T21:39:08.912+0000"
    },
    {
        "agent": {
            "ip": "192.168.44.137",
            "name": "win",
            "id": "001"
        },
        "manager": {
            "name": "ubuntu"
        },
        "data": {
            "win": {
                "eventdata": {
                    "extraInfo": " "
                },
                "system": {
                    "eventID": "1003",
                    "eventSourceName": "Windows Search Service",
                    "keywords": "0x80000000000000",
                    "providerGuid": "{CA4E628D-8567-4896-AB6B-835B221F373F}",
                    "level": "4",
                    "channel": "Application",
                    "opcode": "0",
                    "message": "\"The Windows Search Service started.\n\"",
                    "version": "0",
                    "systemTime": "2025-11-24T21:38:28.8302661Z",
                    "eventRecordID": "1865",
                    "threadID": "0",
                    "computer": "DESKTOP-SIJOGEC",
                    "task": "1",
                    "processID": "0",
                    "severityValue": "INFORMATION",
                    "providerName": "Microsoft-Windows-Search"
                }
            }
        },
        "rule": {
            "firedtimes": 1,
            "mail": false,
            "level": 3,
            "description": "The Windows search service started.",
            "groups": [
                "windows",
                "windows_application"
            ],
            "id": "60668"
        },
        "decoder": {
            "name": "windows_eventchannel"
        },
        "input": {
            "type": "log"
        },
        "@timestamp": "2025-11-24T21:39:08.863Z",
        "location": "EventChannel",
        "id": "1764020348.478239",
        "timestamp": "2025-11-24T21:39:08.863+0000"
    },
    {
        "agent": {
            "ip": "192.168.44.137",
            "name": "win",
            "id": "001"
        },
        "manager": {
            "name": "ubuntu"
        },
        "data": {
            "win": {
                "eventdata": {
                    "data": "SearchIndexer, 4032,D,50, Windows:, 1, C:\\\\ProgramData\\\\Microsoft\\\\Search\\\\Data\\\\Applications\\\\Windows\\\\Windows.edb, 0,  [1] 0.000006 +J(0) +M(C:0K, Fs:1, WS:4K # 0K, PF:0K # 0K, P:0K) [2] 0.001962 -0.001471 (1) WT +J(0) +M(C:0K, Fs:27, WS:40K # 0K, PF:36K # 0K, P:36K) [3] 0.010476 -0.005223 (6) WT +J(CM:0, PgRf:0, Rd:0/0, Dy:0/0, Lg:3480/2) +M(C:0K, Fs:38, WS:120K # 0K, PF:136K # 0K, P:136K) [4] 0.000110 +J(0) +M(C:0K, Fs:1, WS:4K # 0K, PF:0K # 0K, P:0K) [5] - [6] - [7] - [8] 0.004281 -0.003260 (2) CM +J(CM:2, PgRf:2, Rd:14/2, Dy:0/0, Lg:54/1) +M(C:0K, Fs:51, WS:200K # 0K, PF:684K # 0K, P:684K) [9] 0.090464 -0.000928 (5) CM -0.089137 (1) WT +J(CM:5, PgRf:23, Rd:0/5, Dy:0/0, Lg:0/0) +M(C:0K, Fs:71, WS:284K # 0K, PF:256K # 144K, P:256K) [10] 0.001049 -0.000860 (1) CM +J(CM:1, PgRf:40, Rd:0/1, Dy:0/0, Lg:0/0) +M(C:0K, Fs:9, WS:36K # 32K, PF:96K # 96K, P:96K) [11] 0.000022 +J(CM:0, PgRf:1, Rd:0/0, Dy:0/0, Lg:0/0) +M(C:0K, Fs:2, WS:8K # 8K, PF:0K # 0K, P:0K) [12] 0.000048 +J(CM:0, PgRf:42, Rd:0/0, Dy:0/0, Lg:0/0) +M(C:0K, Fs:3, WS:12K # 12K, PF:0K # 0K, P:0K) [13] 0.000001 +J(0) [14] 0.0 +J(0) [15] 0.000005 +J(CM:0, PgRf:1, Rd:0/0, Dy:0/0, Lg:0/0)., 0 0, lgposAttach = 0000000A:00DA:0268, dbv = 1568.110.240"
                },
                "system": {
                    "eventID": "326",
                    "keywords": "0x80000000000000",
                    "level": "4",
                    "channel": "Application",
                    "opcode": "0",
                    "message": "\"SearchIndexer (4032,D,50) Windows: The database engine attached a database (1, C:\\ProgramData\\Microsoft\\Search\\Data\\Applications\\Windows\\Windows.edb). (Time=0 seconds) \r\n \r\nSaved Cache: 0 0 \r\nAdditional Data: lgposAttach = 0000000A:00DA:0268,\ndbv = 1568.110.240 \r\n \r\nInternal Timing Sequence: \n[1] 0.000006 +J(0) +M(C:0K, Fs:1, WS:4K # 0K, PF:0K # 0K, P:0K)\n[2] 0.001962 -0.001471 (1) WT +J(0) +M(C:0K, Fs:27, WS:40K # 0K, PF:36K # 0K, P:36K)\n[3] 0.010476 -0.005223 (6) WT +J(CM:0, PgRf:0, Rd:0/0, Dy:0/0, Lg:3480/2) +M(C:0K, Fs:38, WS:120K # 0K, PF:136K # 0K, P:136K)\n[4] 0.000110 +J(0) +M(C:0K, Fs:1, WS:4K # 0K, PF:0K # 0K, P:0K)\n[5] -\n[6] -\n[7] -\n[8] 0.004281 -0.003260 (2) CM +J(CM:2, PgRf:2, Rd:14/2, Dy:0/0, Lg:54/1) +M(C:0K, Fs:51, WS:200K # 0K, PF:684K # 0K, P:684K)\n[9] 0.090464 -0.000928 (5) CM -0.089137 (1) WT +J(CM:5, PgRf:23, Rd:0/5, Dy:0/0, Lg:0/0) +M(C:0K, Fs:71, WS:284K # 0K, PF:256K # 144K, P:256K)\n[10] 0.001049 -0.000860 (1) CM +J(CM:1, PgRf:40, Rd:0/1, Dy:0/0, Lg:0/0) +M(C:0K, Fs:9, WS:36K # 32K, PF:96K # 96K, P:96K)\n[11] 0.000022 +J(CM:0, PgRf:1, Rd:0/0, Dy:0/0, Lg:0/0) +M(C:0K, Fs:2, WS:8K # 8K, PF:0K # 0K, P:0K)\n[12] 0.000048 +J(CM:0, PgRf:42, Rd:0/0, Dy:0/0, Lg:0/0) +M(C:0K, Fs:3, WS:12K # 12K, PF:0K # 0K, P:0K)\n[13] 0.000001 +J(0)\n[14] 0.0 +J(0)\n[15] 0.000005 +J(CM:0, PgRf:1, Rd:0/0, Dy:0/0, Lg:0/0).\"",
                    "version": "0",
                    "systemTime": "2025-11-24T21:38:28.0492939Z",
                    "eventRecordID": "1864",
                    "threadID": "0",
                    "computer": "DESKTOP-SIJOGEC",
                    "task": "1",
                    "processID": "0",
                    "severityValue": "INFORMATION",
                    "providerName": "ESENT"
                }
            }
        },
        "rule": {
            "firedtimes": 1,
            "mail": false,
            "level": 3,
            "description": "The database engine attached a database.",
            "groups": [
                "windows",
                "windows_application"
            ],
            "id": "60798"
        },
        "decoder": {
            "name": "windows_eventchannel"
        },
        "input": {
            "type": "log"
        },
        "@timestamp": "2025-11-24T21:39:08.816Z",
        "location": "EventChannel",
        "id": "1764020348.472078",
        "timestamp": "2025-11-24T21:39:08.816+0000"
    },
    {
        "agent": {
            "ip": "192.168.44.137",
            "name": "win",
            "id": "001"
        },
        "manager": {
            "name": "ubuntu"
        },
        "data": {
            "win": {
                "eventdata": {
                    "data": "SearchIndexer, 4032,P,98, Windows:, 0, 10, 00, 19045, 0000"
                },
                "system": {
                    "eventID": "102",
                    "keywords": "0x80000000000000",
                    "level": "4",
                    "channel": "Application",
                    "opcode": "0",
                    "message": "\"SearchIndexer (4032,P,98) Windows: The database engine (10.00.19045.0000) is starting a new instance (0).\"",
                    "version": "0",
                    "systemTime": "2025-11-24T21:38:27.8929304Z",
                    "eventRecordID": "1862",
                    "threadID": "0",
                    "computer": "DESKTOP-SIJOGEC",
                    "task": "1",
                    "processID": "0",
                    "severityValue": "INFORMATION",
                    "providerName": "ESENT"
                }
            }
        },
        "rule": {
            "firedtimes": 1,
            "mail": false,
            "level": 3,
            "description": "The database engine is starting a new instance.",
            "groups": [
                "windows",
                "windows_application"
            ],
            "id": "60805"
        },
        "decoder": {
            "name": "windows_eventchannel"
        },
        "input": {
            "type": "log"
        },
        "@timestamp": "2025-11-24T21:39:08.790Z",
        "location": "EventChannel",
        "id": "1764020348.470743",
        "timestamp": "2025-11-24T21:39:08.790+0000"
    },
    {
        "agent": {
            "name": "ubuntu",
            "id": "000"
        },
        "manager": {
            "name": "ubuntu"
        },
        "rule": {
            "firedtimes": 1,
            "mail": false,
            "level": 3,
            "pci_dss": [
                "10.6.1"
            ],
            "hipaa": [
                "164.312.b"
            ],
            "tsc": [
                "CC7.2",
                "CC7.3"
            ],
            "description": "Wazuh server started.",
            "groups": [
                "ossec"
            ],
            "id": "502",
            "nist_800_53": [
                "AU.6"
            ],
            "gpg13": [
                "10.1"
            ],
            "gdpr": [
                "IV_35.7.d"
            ]
        },
        "decoder": {
            "name": "ossec"
        },
        "full_log": "ossec: Manager started.",
        "input": {
            "type": "log"
        },
        "@timestamp": "2025-11-24T21:39:08.712Z",
        "location": "wazuh-monitord",
        "id": "1764020348.470496",
        "timestamp": "2025-11-24T21:39:08.712+0000"
    },
    {
        "agent": {
            "ip": "192.168.44.137",
            "name": "win",
            "id": "001"
        },
        "manager": {
            "name": "ubuntu"
        },
        "data": {
            "win": {
                "eventdata": {
                    "param3": "auto start",
                    "param4": "BITS",
                    "param1": "Background Intelligent Transfer Service",
                    "param2": "demand start"
                },
                "system": {
                    "eventID": "7040",
                    "eventSourceName": "Service Control Manager",
                    "keywords": "0x8080000000000000",
                    "providerGuid": "{555908d1-a6d7-4695-8e1e-26931d2012f4}",
                    "level": "4",
                    "channel": "System",
                    "opcode": "0",
                    "message": "\"The start type of the Background Intelligent Transfer Service service was changed from demand start to auto start.\"",
                    "version": "0",
                    "systemTime": "2025-11-24T21:38:47.7522149Z",
                    "eventRecordID": "1793",
                    "threadID": "3784",
                    "computer": "DESKTOP-SIJOGEC",
                    "task": "0",
                    "processID": "608",
                    "severityValue": "INFORMATION",
                    "providerName": "Service Control Manager"
                }
            }
        },
        "rule": {
            "firedtimes": 1,
            "mail": false,
            "level": 3,
            "pci_dss": [
                "10.6"
            ],
            "hipaa": [
                "164.312.b"
            ],
            "tsc": [
                "CC6.1",
                "CC6.8",
                "CC7.2",
                "CC7.3"
            ],
            "description": "Service startup type was changed",
            "groups": [
                "windows",
                "windows_system",
                "policy_changed"
            ],
            "id": "61104",
            "nist_800_53": [
                "AU.6"
            ],
            "info": "This does not appear to be logged on Windows 2000",
            "gdpr": [
                "IV_35.7.d"
            ]
        },
        "decoder": {
            "name": "windows_eventchannel"
        },
        "input": {
            "type": "log"
        },
        "@timestamp": "2025-11-24T21:39:08.708Z",
        "location": "EventChannel",
        "id": "1764020348.468666",
        "timestamp": "2025-11-24T21:39:08.708+0000"
    },
    {
        "agent": {
            "ip": "192.168.44.137",
            "name": "win",
            "id": "001"
        },
        "manager": {
            "name": "ubuntu"
        },
        "data": {
            "win": {
                "eventdata": {
                    "data": "hr=0x80004005, RuleId=31e71c49-8da7-4a2f-ad92-45d98a1c79ba;Action=AutoActivate;AppId=55c92734-d682-4d71-983e-d6ec3f16059f;SkuId=4de7cb65-cdf1-4de9-8ae8-e3cce27b9f2c;NotificationInterval=1440;Trigger=NetworkAvailable"
                },
                "system": {
                    "eventID": "8198",
                    "eventSourceName": "Software Protection Platform Service",
                    "keywords": "0x80000000000000",
                    "providerGuid": "{E23B33B0-C8C9-472C-A5F9-F2BDFEA0F156}",
                    "level": "2",
                    "channel": "Application",
                    "opcode": "0",
                    "message": "\"License Activation (slui.exe) failed with the following error code:\r\nhr=0x80004005\r\nCommand-line arguments:\r\nRuleId=31e71c49-8da7-4a2f-ad92-45d98a1c79ba;Action=AutoActivate;AppId=55c92734-d682-4d71-983e-d6ec3f16059f;SkuId=4de7cb65-cdf1-4de9-8ae8-e3cce27b9f2c;NotificationInterval=1440;Trigger=NetworkAvailable\"",
                    "version": "0",
                    "systemTime": "2025-11-24T21:38:46.2065448Z",
                    "eventRecordID": "1875",
                    "threadID": "0",
                    "computer": "DESKTOP-SIJOGEC",
                    "task": "0",
                    "processID": "0",
                    "severityValue": "ERROR",
                    "providerName": "Microsoft-Windows-Security-SPP"
                }
            }
        },
        "rule": {
            "firedtimes": 2,
            "mail": false,
            "level": 5,
            "description": "License activation (slui.exe) failed.",
            "groups": [
                "windows",
                "windows_application"
            ],
            "id": "60646"
        },
        "decoder": {
            "name": "windows_eventchannel"
        },
        "input": {
            "type": "log"
        },
        "@timestamp": "2025-11-24T21:39:07.749Z",
        "location": "EventChannel",
        "id": "1764020347.489232",
        "timestamp": "2025-11-24T21:39:07.749+0000"
    },
    {
        "predecoder": {
            "hostname": "ubuntu",
            "program_name": "login",
            "timestamp": "Nov 24 21:39:07"
        },
        "agent": {
            "name": "ubuntu",
            "id": "000"
        },
        "manager": {
            "name": "ubuntu"
        },
        "rule": {
            "firedtimes": 1,
            "mail": false,
            "level": 5,
            "pci_dss": [
                "10.2.4",
                "10.2.5"
            ],
            "hipaa": [
                "164.312.b"
            ],
            "tsc": [
                "CC6.1",
                "CC6.8",
                "CC7.2",
                "CC7.3"
            ],
            "description": "syslog: User authentication failure.",
            "groups": [
                "syslog",
                "access_control",
                "authentication_failed"
            ],
            "id": "2501",
            "nist_800_53": [
                "AU.14",
                "AC.7"
            ],
            "gpg13": [
                "7.8"
            ],
            "gdpr": [
                "IV_35.7.d",
                "IV_32.2"
            ]
        },
        "decoder": {},
        "full_log": "Nov 24 21:39:07 ubuntu login[1015]: FAILED LOGIN (1) on '/dev/tty1' FOR 'UNKNOWN', Authentication failure",
        "input": {
            "type": "log"
        },
        "@timestamp": "2025-11-24T21:39:07.680Z",
        "location": "journald",
        "id": "1764020347.468224",
        "timestamp": "2025-11-24T21:39:07.680+0000"
    },
    {
        "predecoder": {
            "hostname": "ubuntu",
            "program_name": "login",
            "timestamp": "Nov 24 21:39:05"
        },
        "agent": {
            "name": "ubuntu",
            "id": "000"
        },
        "manager": {
            "name": "ubuntu"
        },
        "data": {
            "uid": "0",
            "euid": "0",
            "logname": "LOGIN",
            "tty": "/dev/tty1"
        },
        "rule": {
            "mail": false,
            "level": 5,
            "pci_dss": [
                "10.2.4",
                "10.2.5"
            ],
            "hipaa": [
                "164.312.b"
            ],
            "tsc": [
                "CC6.1",
                "CC6.8",
                "CC7.2",
                "CC7.3"
            ],
            "description": "PAM: User login failed.",
            "groups": [
                "pam",
                "syslog",
                "authentication_failed"
            ],
            "nist_800_53": [
                "AU.14",
                "AC.7"
            ],
            "gdpr": [
                "IV_35.7.d",
                "IV_32.2"
            ],
            "firedtimes": 1,
            "mitre": {
                "technique": [
                    "Password Guessing"
                ],
                "id": [
                    "T1110.001"
                ],
                "tactic": [
                    "Credential Access"
                ]
            },
            "id": "5503",
            "gpg13": [
                "7.8"
            ]
        },
        "decoder": {
            "name": "pam"
        },
        "full_log": "Nov 24 21:39:05 ubuntu login[1015]: pam_unix(login:auth): authentication failure; logname=LOGIN uid=0 euid=0 tty=/dev/tty1 ruser= rhost=",
        "input": {
            "type": "log"
        },
        "@timestamp": "2025-11-24T21:39:05.679Z",
        "location": "journald",
        "id": "1764020345.467730",
        "timestamp": "2025-11-24T21:39:05.679+0000"
    },
    {
        "agent": {
            "ip": "192.168.44.137",
            "name": "win",
            "id": "001"
        },
        "manager": {
            "name": "ubuntu"
        },
        "data": {
            "extra_data": "win->192.168.44.137"
        },
        "rule": {
            "firedtimes": 1,
            "mail": false,
            "level": 3,
            "pci_dss": [
                "10.6.1",
                "10.2.6"
            ],
            "hipaa": [
                "164.312.b"
            ],
            "tsc": [
                "CC7.2",
                "CC7.3",
                "CC6.8"
            ],
            "description": "Wazuh agent started.",
            "groups": [
                "ossec"
            ],
            "id": "503",
            "nist_800_53": [
                "AU.6",
                "AU.14",
                "AU.5"
            ],
            "gpg13": [
                "10.1"
            ],
            "gdpr": [
                "IV_35.7.d"
            ]
        },
        "decoder": {
            "parent": "ossec",
            "name": "ossec"
        },
        "full_log": "ossec: Agent started: 'win->192.168.44.137'.",
        "input": {
            "type": "log"
        },
        "@timestamp": "2025-11-24T21:39:05.042Z",
        "location": "wazuh-agent",
        "id": "1764020345.467392",
        "timestamp": "2025-11-24T21:39:05.042+0000"
    },
    {
        "agent": {
            "name": "ubuntu",
            "id": "000"
        },
        "previous_output": "Previous output:\nossec: output: 'netstat listening ports':\ntcp 0.0.0.0:22 0.0.0.0:* /usr\ntcp6 :::22 :::* /usr\ntcp 127.0.0.53:53 0.0.0.0:* 930/systemd-resolve\nudp 127.0.0.53:53 0.0.0.0:* 930/systemd-resolve\nudp 192.168.44.138:68 0.0.0.0:* 928/systemd-network\ntcp 0.0.0.0:443 0.0.0.0:* 964/node\ntcp 0.0.0.0:1514 0.0.0.0:* 5885/wazuh-remoted\ntcp 0.0.0.0:1515 0.0.0.0:* 5740/wazuh-authd\ntcp6 :::9200 :::* 965/java\ntcp6 :::9300 :::* 965/java\ntcp 0.0.0.0:55000 0.0.0.0:* 5687/python3\ntcp6 :::55000 :::* 5687/python3",
        "manager": {
            "name": "ubuntu"
        },
        "rule": {
            "firedtimes": 1,
            "mail": false,
            "level": 7,
            "pci_dss": [
                "10.2.7",
                "10.6.1"
            ],
            "hipaa": [
                "164.312.b"
            ],
            "tsc": [
                "CC6.8",
                "CC7.2",
                "CC7.3"
            ],
            "description": "Listened ports status (netstat) changed (new port opened or closed).",
            "groups": [
                "ossec"
            ],
            "id": "533",
            "nist_800_53": [
                "AU.14",
                "AU.6"
            ],
            "gpg13": [
                "10.1"
            ],
            "gdpr": [
                "IV_35.7.d"
            ]
        },
        "decoder": {
            "name": "ossec"
        },
        "full_log": "ossec: output: 'netstat listening ports':\ntcp 0.0.0.0:22 0.0.0.0:* /usr\ntcp6 :::22 :::* /usr\ntcp 127.0.0.53:53 0.0.0.0:* 931/systemd-resolve\nudp 127.0.0.53:53 0.0.0.0:* 931/systemd-resolve\nudp 192.168.44.138:68 0.0.0.0:* 929/systemd-network\ntcp 0.0.0.0:443 0.0.0.0:* 967/node\ntcp 0.0.0.0:1514 0.0.0.0:* 1708/wazuh-remoted\ntcp 0.0.0.0:1515 0.0.0.0:* 1530/wazuh-authd\ntcp 0.0.0.0:55000 0.0.0.0:* 1478/python3\ntcp6 :::55000 :::* 1478/python3",
        "previous_log": "ossec: output: 'netstat listening ports':\ntcp 0.0.0.0:22 0.0.0.0:* /usr\ntcp6 :::22 :::* /usr\ntcp 127.0.0.53:53 0.0.0.0:* 930/systemd-resolve\nudp 127.0.0.53:53 0.0.0.0:* 930/systemd-resolve\nudp 192.168.44.138:68 0.0.0.0:* 928/systemd-network\ntcp 0.0.0.0:443 0.0.0.0:* 964/node\ntcp 0.0.0.0:1514 0.0.0.0:* 5885/wazuh-remoted\ntcp 0.0.0.0:1515 0.0.0.0:* 5740/wazuh-authd\ntcp6 :::9200 :::* 965/java\ntcp6 :::9300 :::* 965/java\ntcp 0.0.0.0:55000 0.0.0.0:* 5687/python3\ntcp6 :::55000 :::* 5687/python3",
        "input": {
            "type": "log"
        },
        "@timestamp": "2025-11-24T21:38:59.741Z",
        "location": "netstat listening ports",
        "id": "1764020339.466121",
        "timestamp": "2025-11-24T21:38:59.741+0000"
    },
    {
        "agent": {
            "ip": "192.168.44.137",
            "name": "win",
            "id": "001"
        },
        "manager": {
            "name": "ubuntu"
        },
        "data": {
            "win": {
                "eventdata": {
                    "targetLogonId": "0x19c5f",
                    "targetUserName": "windows",
                    "targetDomainName": "DESKTOP-SIJOGEC",
                    "targetUserSid": "S-1-5-21-2643128391-4121916274-1247374836-1001"
                },
                "system": {
                    "eventID": "4647",
                    "keywords": "0x8020000000000000",
                    "providerGuid": "{54849625-5478-4994-a5ba-3e3b0328c30d}",
                    "level": "0",
                    "channel": "Security",
                    "opcode": "0",
                    "message": "\"User initiated logoff:\r\n\r\nSubject:\r\n\tSecurity ID:\t\tS-1-5-21-2643128391-4121916274-1247374836-1001\r\n\tAccount Name:\t\twindows\r\n\tAccount Domain:\t\tDESKTOP-SIJOGEC\r\n\tLogon ID:\t\t0x19C5F\r\n\r\nThis event is generated when a logoff is initiated. No further user-initiated activity can occur. This event can be interpreted as a logoff event.\"",
                    "version": "0",
                    "systemTime": "2025-11-24T06:53:06.3843772Z",
                    "eventRecordID": "22564",
                    "threadID": "4304",
                    "computer": "DESKTOP-SIJOGEC",
                    "task": "12545",
                    "processID": "672",
                    "severityValue": "AUDIT_SUCCESS",
                    "providerName": "Microsoft-Windows-Security-Auditing"
                }
            }
        },
        "rule": {
            "firedtimes": 1,
            "mail": false,
            "level": 3,
            "pci_dss": [
                "10.2.5"
            ],
            "hipaa": [
                "164.312.b"
            ],
            "tsc": [
                "CC6.8",
                "CC7.2",
                "CC7.3"
            ],
            "description": "Windows User Logoff",
            "groups": [
                "windows",
                "windows_security"
            ],
            "id": "60137",
            "nist_800_53": [
                "AU.14",
                "AC.7"
            ],
            "gdpr": [
                "IV_32.2"
            ]
        },
        "decoder": {
            "name": "windows_eventchannel"
        },
        "input": {
            "type": "log"
        },
        "@timestamp": "2025-11-24T06:53:08.435Z",
        "location": "EventChannel",
        "id": "1763967188.463823",
        "timestamp": "2025-11-24T06:53:08.435+0000"
    },
    {
        "agent": {
            "ip": "192.168.44.137",
            "name": "win",
            "id": "001"
        },
        "manager": {
            "name": "ubuntu"
        },
        "data": {
            "win": {
                "eventdata": {
                    "data": "SessionEnv",
                    "binary": "D9060000"
                },
                "system": {
                    "eventID": "6000",
                    "eventSourceName": "Wlclntfy",
                    "keywords": "0x80000000000000",
                    "providerGuid": "{DBE9B383-7CF3-4331-91CC-A3CB16A3B538}",
                    "level": "4",
                    "channel": "Application",
                    "opcode": "0",
                    "message": "\"The winlogon notification subscriber <SessionEnv> was unavailable to handle a notification event.\"",
                    "version": "0",
                    "systemTime": "2025-11-24T06:53:06.6624029Z",
                    "eventRecordID": "1844",
                    "threadID": "0",
                    "computer": "DESKTOP-SIJOGEC",
                    "task": "0",
                    "processID": "0",
                    "severityValue": "INFORMATION",
                    "providerName": "Microsoft-Windows-Winlogon"
                }
            }
        },
        "rule": {
            "firedtimes": 2,
            "mail": false,
            "level": 5,
            "description": "SessionEnv was unavailable to handle a notification event.",
            "groups": [
                "windows",
                "windows_application"
            ],
            "id": "60775"
        },
        "decoder": {
            "name": "windows_eventchannel"
        },
        "input": {
            "type": "log"
        },
        "@timestamp": "2025-11-24T06:53:08.042Z",
        "location": "EventChannel",
        "id": "1763967188.462308",
        "timestamp": "2025-11-24T06:53:08.042+0000"
    },
    {
        "agent": {
            "ip": "192.168.44.137",
            "name": "win",
            "id": "001"
        },
        "manager": {
            "name": "ubuntu"
        },
        "data": {
            "win": {
                "eventdata": {
                    "data": "WSearch",
                    "binary": "D9060000"
                },
                "system": {
                    "eventID": "6000",
                    "eventSourceName": "Wlclntfy",
                    "keywords": "0x80000000000000",
                    "providerGuid": "{DBE9B383-7CF3-4331-91CC-A3CB16A3B538}",
                    "level": "4",
                    "channel": "Application",
                    "opcode": "0",
                    "message": "\"The winlogon notification subscriber <WSearch> was unavailable to handle a notification event.\"",
                    "version": "0",
                    "systemTime": "2025-11-24T06:53:06.6312612Z",
                    "eventRecordID": "1843",
                    "threadID": "0",
                    "computer": "DESKTOP-SIJOGEC",
                    "task": "0",
                    "processID": "0",
                    "severityValue": "INFORMATION",
                    "providerName": "Microsoft-Windows-Winlogon"
                }
            }
        },
        "rule": {
            "firedtimes": 1,
            "mail": false,
            "level": 5,
            "description": "WSearch was unavailable to handle a notification event.",
            "groups": [
                "windows",
                "windows_application"
            ],
            "id": "60775"
        },
        "decoder": {
            "name": "windows_eventchannel"
        },
        "input": {
            "type": "log"
        },
        "@timestamp": "2025-11-24T06:53:08.032Z",
        "location": "EventChannel",
        "id": "1763967188.460808",
        "timestamp": "2025-11-24T06:53:08.032+0000"
    },
    {
        "agent": {
            "ip": "192.168.44.137",
            "name": "win",
            "id": "001"
        },
        "manager": {
            "name": "ubuntu"
        },
        "data": {
            "win": {
                "eventdata": {
                    "param1": "{2593F8B9-4EAF-457C-B68A-50F6B8EA6B54}"
                },
                "system": {
                    "eventID": "10010",
                    "eventSourceName": "DCOM",
                    "keywords": "0x8080000000000000",
                    "providerGuid": "{1B562E86-B7AA-4131-BADC-B6F3A001407E}",
                    "level": "2",
                    "channel": "System",
                    "opcode": "0",
                    "message": "\"The server {2593F8B9-4EAF-457C-B68A-50F6B8EA6B54} did not register with DCOM within the required timeout.\"",
                    "version": "0",
                    "systemTime": "2025-11-24T06:53:00.4401455Z",
                    "eventRecordID": "1736",
                    "threadID": "4788",
                    "computer": "DESKTOP-SIJOGEC",
                    "task": "0",
                    "processID": "896",
                    "severityValue": "ERROR",
                    "providerName": "Microsoft-Windows-DistributedCOM"
                }
            }
        },
        "rule": {
            "firedtimes": 1,
            "mail": false,
            "level": 5,
            "description": "Windows System error event",
            "groups": [
                "windows",
                "windows_system",
                "system_error"
            ],
            "id": "61102",
            "gpg13": [
                "4.3"
            ],
            "gdpr": [
                "IV_35.7.d"
            ]
        },
        "decoder": {
            "name": "windows_eventchannel"
        },
        "input": {
            "type": "log"
        },
        "@timestamp": "2025-11-24T06:53:01.608Z",
        "location": "EventChannel",
        "id": "1763967181.457222",
        "timestamp": "2025-11-24T06:53:01.608+0000"
    },
    {
        "agent": {
            "ip": "192.168.44.137",
            "name": "win",
            "id": "001"
        },
        "manager": {
            "name": "ubuntu"
        },
        "data": {
            "win": {
                "eventdata": {
                    "param1": "Microsoft.AAD.BrokerPlugin_1000.19041.4239.0_neutral_neutral_cw5n1h2txyewy!Windows.Security.Authentication.Web.Core.BackgroundGetTokenTask.ClassId.WebAccountProvider"
                },
                "system": {
                    "eventID": "10010",
                    "eventSourceName": "DCOM",
                    "keywords": "0x8080000000000000",
                    "providerGuid": "{1B562E86-B7AA-4131-BADC-B6F3A001407E}",
                    "level": "2",
                    "channel": "System",
                    "opcode": "0",
                    "message": "\"The server Microsoft.AAD.BrokerPlugin_1000.19041.4239.0_neutral_neutral_cw5n1h2txyewy!Windows.Security.Authentication.Web.Core.BackgroundGetTokenTask.ClassId.WebAccountProvider did not register with DCOM within the required timeout.\"",
                    "version": "0",
                    "systemTime": "2025-11-24T06:53:00.2208023Z",
                    "eventRecordID": "1735",
                    "threadID": "4788",
                    "computer": "DESKTOP-SIJOGEC",
                    "task": "0",
                    "processID": "896",
                    "severityValue": "ERROR",
                    "providerName": "Microsoft-Windows-DistributedCOM"
                }
            }
        },
        "rule": {
            "firedtimes": 2,
            "mail": false,
            "level": 5,
            "description": "Windows System error event",
            "groups": [
                "windows",
                "windows_system",
                "system_error"
            ],
            "id": "61102",
            "gpg13": [
                "4.3"
            ],
            "gdpr": [
                "IV_35.7.d"
            ]
        },
        "decoder": {
            "name": "windows_eventchannel"
        },
        "input": {
            "type": "log"
        },
        "@timestamp": "2025-11-24T06:53:01.607Z",
        "location": "EventChannel",
        "id": "1763967181.458761",
        "timestamp": "2025-11-24T06:53:01.607+0000"
    },
