    {
        "predecoder": {
            "hostname": "ubuntu",
            "program_name": "sshd",
            "timestamp": "Nov 23 02:54:42"
        },
        "agent": {
            "name": "ubuntu",
            "id": "000"
        },
        "manager": {
            "name": "ubuntu"
        },
        "data": {
            "uid": "0",
            "dstuser": "ubuntu"
        },
        "rule": {
            "mail": false,
            "level": 3,
            "pci_dss": [
                "10.2.5"
            ],
            "hipaa": [
                "164.312.b"
            ],
            "tsc": [
                "CC6.8",
                "CC7.2",
                "CC7.3"
            ],
            "description": "PAM: Login session opened.",
            "groups": [
                "pam",
                "syslog",
                "authentication_success"
            ],
            "nist_800_53": [
                "AU.14",
                "AC.7"
            ],
            "gdpr": [
                "IV_32.2"
            ],
            "firedtimes": 3,
            "mitre": {
                "technique": [
                    "Valid Accounts"
                ],
                "id": [
                    "T1078"
                ],
                "tactic": [
                    "Defense Evasion",
                    "Persistence",
                    "Privilege Escalation",
                    "Initial Access"
                ]
            },
            "id": "5501",
            "gpg13": [
                "7.8",
                "7.9"
            ]
        },
        "decoder": {
            "parent": "pam",
            "name": "pam"
        },
        "full_log": "Nov 23 02:54:42 ubuntu sshd[4256]: pam_unix(sshd:session): session opened for user ubuntu(uid=1000) by (uid=0)",
        "input": {
            "type": "log"
        },
        "@timestamp": "2025-11-23T02:54:42.651Z",
        "location": "journald",
        "id": "1763866482.39140",
        "timestamp": "2025-11-23T02:54:42.651+0000"
    },
    {
        "predecoder": {
            "hostname": "ubuntu",
            "program_name": "sshd",
            "timestamp": "Nov 23 02:54:42"
        },
        "agent": {
            "name": "ubuntu",
            "id": "000"
        },
        "manager": {
            "name": "ubuntu"
        },
        "data": {
            "srcip": "192.168.44.1",
            "dstuser": "ubuntu",
            "srcport": "51770"
        },
        "rule": {
            "mail": false,
            "level": 3,
            "hipaa": [
                "164.312.b"
            ],
            "pci_dss": [
                "10.2.5"
            ],
            "tsc": [
                "CC6.8",
                "CC7.2",
                "CC7.3"
            ],
            "description": "sshd: authentication success.",
            "groups": [
                "syslog",
                "sshd",
                "authentication_success"
            ],
            "nist_800_53": [
                "AU.14",
                "AC.7"
            ],
            "gdpr": [
                "IV_32.2"
            ],
            "firedtimes": 1,
            "mitre": {
                "technique": [
                    "Valid Accounts",
                    "Remote Services"
                ],
                "id": [
                    "T1078",
                    "T1021"
                ],
                "tactic": [
                    "Defense Evasion",
                    "Persistence",
                    "Privilege Escalation",
                    "Initial Access",
                    "Lateral Movement"
                ]
            },
            "id": "5715",
            "gpg13": [
                "7.1",
                "7.2"
            ]
        },
        "decoder": {
            "parent": "sshd",
            "name": "sshd"
        },
        "full_log": "Nov 23 02:54:42 ubuntu sshd[4256]: Accepted password for ubuntu from 192.168.44.1 port 51770 ssh2",
        "input": {
            "type": "log"
        },
        "@timestamp": "2025-11-23T02:54:42.651Z",
        "location": "journald",
        "id": "1763866482.39556",
        "timestamp": "2025-11-23T02:54:42.651+0000"
    },
    {
        "predecoder": {
            "hostname": "ubuntu",
            "program_name": "login",
            "timestamp": "Nov 23 02:54:30"
        },
        "agent": {
            "name": "ubuntu",
            "id": "000"
        },
        "manager": {
            "name": "ubuntu"
        },
        "data": {
            "srcuser": "LOGIN",
            "uid": "0",
            "dstuser": "ubuntu"
        },
        "rule": {
            "mail": false,
            "level": 3,
            "pci_dss": [
                "10.2.5"
            ],
            "hipaa": [
                "164.312.b"
            ],
            "tsc": [
                "CC6.8",
                "CC7.2",
                "CC7.3"
            ],
            "description": "PAM: Login session opened.",
            "groups": [
                "pam",
                "syslog",
                "authentication_success"
            ],
            "nist_800_53": [
                "AU.14",
                "AC.7"
            ],
            "gdpr": [
                "IV_32.2"
            ],
            "firedtimes": 1,
            "mitre": {
                "technique": [
                    "Valid Accounts"
                ],
                "id": [
                    "T1078"
                ],
                "tactic": [
                    "Defense Evasion",
                    "Persistence",
                    "Privilege Escalation",
                    "Initial Access"
                ]
            },
            "id": "5501",
            "gpg13": [
                "7.8",
                "7.9"
            ]
        },
        "decoder": {
            "parent": "pam",
            "name": "pam"
        },
        "full_log": "Nov 23 02:54:30 ubuntu login[982]: pam_unix(login:session): session opened for user ubuntu(uid=1000) by LOGIN(uid=0)",
        "input": {
            "type": "log"
        },
        "@timestamp": "2025-11-23T02:54:30.648Z",
        "location": "journald",
        "id": "1763866470.38291",
        "timestamp": "2025-11-23T02:54:30.648+0000"
    },
    {
        "predecoder": {
            "hostname": "ubuntu",
            "program_name": "systemd",
            "timestamp": "Nov 23 02:54:30"
        },
        "agent": {
            "name": "ubuntu",
            "id": "000"
        },
        "manager": {
            "name": "ubuntu"
        },
        "data": {
            "uid": "0",
            "dstuser": "ubuntu"
        },
        "rule": {
            "mail": false,
            "level": 3,
            "pci_dss": [
                "10.2.5"
            ],
            "hipaa": [
                "164.312.b"
            ],
            "tsc": [
                "CC6.8",
                "CC7.2",
                "CC7.3"
            ],
            "description": "PAM: Login session opened.",
            "groups": [
                "pam",
                "syslog",
                "authentication_success"
            ],
            "nist_800_53": [
                "AU.14",
                "AC.7"
            ],
            "gdpr": [
                "IV_32.2"
            ],
            "firedtimes": 2,
            "mitre": {
                "technique": [
                    "Valid Accounts"
                ],
                "id": [
                    "T1078"
                ],
                "tactic": [
                    "Defense Evasion",
                    "Persistence",
                    "Privilege Escalation",
                    "Initial Access"
                ]
            },
            "id": "5501",
            "gpg13": [
                "7.8",
                "7.9"
            ]
        },
        "decoder": {
            "parent": "pam",
            "name": "pam"
        },
        "full_log": "Nov 23 02:54:30 ubuntu systemd[4053]: pam_unix(systemd-user:session): session opened for user ubuntu(uid=1000) by (uid=0)",
        "input": {
            "type": "log"
        },
        "@timestamp": "2025-11-23T02:54:30.648Z",
        "location": "journald",
        "id": "1763866470.38713",
        "timestamp": "2025-11-23T02:54:30.648+0000"
    },
    {
        "agent": {
            "ip": "192.168.44.137",
            "name": "win",
            "id": "001"
        },
        "manager": {
            "name": "ubuntu"
        },
        "data": {
            "win": {
                "eventdata": {
                    "data": "2025-11-24T02:53:28Z, RulesEngine"
                },
                "system": {
                    "eventID": "16384",
                    "eventSourceName": "Software Protection Platform Service",
                    "keywords": "0x80000000000000",
                    "providerGuid": "{E23B33B0-C8C9-472C-A5F9-F2BDFEA0F156}",
                    "level": "4",
                    "channel": "Application",
                    "opcode": "0",
                    "message": "\"Successfully scheduled Software Protection service for re-start at 2025-11-24T02:53:28Z. Reason: RulesEngine.\"",
                    "version": "0",
                    "systemTime": "2025-11-23T02:54:28.1789215Z",
                    "eventRecordID": "1474",
                    "threadID": "0",
                    "computer": "DESKTOP-SIJOGEC",
                    "task": "0",
                    "processID": "0",
                    "severityValue": "INFORMATION",
                    "providerName": "Microsoft-Windows-Security-SPP"
                }
            }
        },
        "rule": {
            "firedtimes": 1,
            "mail": false,
            "level": 3,
            "description": "Software protection service scheduled successfully.",
            "groups": [
                "windows",
                "windows_application"
            ],
            "id": "60642"
        },
        "decoder": {
            "name": "windows_eventchannel"
        },
        "input": {
            "type": "log"
        },
        "@timestamp": "2025-11-23T02:54:29.125Z",
        "location": "EventChannel",
        "id": "1763866469.36699",
        "timestamp": "2025-11-23T02:54:29.125+0000"
    },
    {
        "agent": {
            "name": "ubuntu",
            "id": "000"
        },
        "manager": {
            "name": "ubuntu"
        },
        "data": {
            "sca": {
                "score": "45",
                "total_checks": "207",
                "file": "cis_ubuntu22-04.yml",
                "policy_id": "cis_ubuntu22-04",
                "invalid": "11",
                "description": "This document provides prescriptive guidance for establishing a secure configuration posture for Ubuntu Linux 22.04 LTS based on CIS benchmark for Ubuntu Linux 22.04 LTS.",
                "scan_id": "1002150022",
                "passed": "89",
                "failed": "107",
                "type": "summary",
                "policy": "CIS Ubuntu Linux 22.04 LTS Benchmark v2.0.0."
            }
        },
        "rule": {
            "firedtimes": 1,
            "mail": false,
            "level": 7,
            "pci_dss": [
                "2.2"
            ],
            "tsc": [
                "CC7.1",
                "CC7.2"
            ],
            "description": "SCA summary: CIS Ubuntu Linux 22.04 LTS Benchmark v2.0.0.: Score less than 50% (45)",
            "groups": [
                "sca"
            ],
            "id": "19004",
            "nist_800_53": [
                "CM.1"
            ],
            "gdpr": [
                "IV_35.7.d"
            ]
        },
        "decoder": {
            "name": "sca"
        },
        "input": {
            "type": "log"
        },
        "@timestamp": "2025-11-23T02:54:03.506Z",
        "location": "sca",
        "id": "1763866443.35326",
        "timestamp": "2025-11-23T02:54:03.506+0000"
    },
    {
        "agent": {
            "ip": "192.168.44.137",
            "name": "win",
            "id": "001"
        },
        "manager": {
            "name": "ubuntu"
        },
        "data": {
            "win": {
                "eventdata": {
                    "data": "hr=0x80004005, RuleId=31e71c49-8da7-4a2f-ad92-45d98a1c79ba;Action=AutoActivate;AppId=55c92734-d682-4d71-983e-d6ec3f16059f;SkuId=4de7cb65-cdf1-4de9-8ae8-e3cce27b9f2c;NotificationInterval=1440;Trigger=NetworkAvailable"
                },
                "system": {
                    "eventID": "8198",
                    "eventSourceName": "Software Protection Platform Service",
                    "keywords": "0x80000000000000",
                    "providerGuid": "{E23B33B0-C8C9-472C-A5F9-F2BDFEA0F156}",
                    "level": "2",
                    "channel": "Application",
                    "opcode": "0",
                    "message": "\"License Activation (slui.exe) failed with the following error code:\r\nhr=0x80004005\r\nCommand-line arguments:\r\nRuleId=31e71c49-8da7-4a2f-ad92-45d98a1c79ba;Action=AutoActivate;AppId=55c92734-d682-4d71-983e-d6ec3f16059f;SkuId=4de7cb65-cdf1-4de9-8ae8-e3cce27b9f2c;NotificationInterval=1440;Trigger=NetworkAvailable\"",
                    "version": "0",
                    "systemTime": "2025-11-23T02:53:58.1477408Z",
                    "eventRecordID": "1470",
                    "threadID": "0",
                    "computer": "DESKTOP-SIJOGEC",
                    "task": "0",
                    "processID": "0",
                    "severityValue": "ERROR",
                    "providerName": "Microsoft-Windows-Security-SPP"
                }
            }
        },
        "rule": {
            "firedtimes": 2,
            "mail": false,
            "level": 5,
            "description": "License activation (slui.exe) failed.",
            "groups": [
                "windows",
                "windows_application"
            ],
            "id": "60646"
        },
        "decoder": {
            "name": "windows_eventchannel"
        },
        "input": {
            "type": "log"
        },
        "@timestamp": "2025-11-23T02:54:00.734Z",
        "location": "EventChannel",
        "id": "1763866440.32992",
        "timestamp": "2025-11-23T02:54:00.734+0000"
    },
    {
        "agent": {
            "ip": "192.168.44.137",
            "name": "win",
            "id": "001"
        },
        "manager": {
            "name": "ubuntu"
        },
        "data": {
            "win": {
                "eventdata": {
                    "targetLogonId": "0x959d3",
                    "targetUserName": "windows",
                    "targetDomainName": "DESKTOP-SIJOGEC",
                    "targetUserSid": "S-1-5-21-2643128391-4121916274-1247374836-1001",
                    "logonType": "2"
                },
                "system": {
                    "eventID": "4634",
                    "keywords": "0x8020000000000000",
                    "providerGuid": "{54849625-5478-4994-a5ba-3e3b0328c30d}",
                    "level": "0",
                    "channel": "Security",
                    "opcode": "0",
                    "message": "\"An account was logged off.\r\n\r\nSubject:\r\n\tSecurity ID:\t\tS-1-5-21-2643128391-4121916274-1247374836-1001\r\n\tAccount Name:\t\twindows\r\n\tAccount Domain:\t\tDESKTOP-SIJOGEC\r\n\tLogon ID:\t\t0x959D3\r\n\r\nLogon Type:\t\t\t2\r\n\r\nThis event is generated when a logon session is destroyed. It may be positively correlated with a logon event using the Logon ID value. Logon IDs are only unique between reboots on the same computer.\"",
                    "version": "0",
                    "systemTime": "2025-11-23T02:53:39.9838947Z",
                    "eventRecordID": "16353",
                    "threadID": "736",
                    "computer": "DESKTOP-SIJOGEC",
                    "task": "12545",
                    "processID": "672",
                    "severityValue": "AUDIT_SUCCESS",
                    "providerName": "Microsoft-Windows-Security-Auditing"
                }
            }
        },
        "rule": {
            "firedtimes": 2,
            "mail": false,
            "level": 3,
            "description": "Non service account logged off.",
            "groups": [
                "windows",
                " WEF"
            ],
            "id": "67023"
        },
        "decoder": {
            "name": "windows_eventchannel"
        },
        "input": {
            "type": "log"
        },
        "@timestamp": "2025-11-23T02:53:59.906Z",
        "location": "EventChannel",
        "id": "1763866439.30605",
        "timestamp": "2025-11-23T02:53:59.906+0000"
    },
    {
        "agent": {
            "ip": "192.168.44.137",
            "name": "win",
            "id": "001"
        },
        "manager": {
            "name": "ubuntu"
        },
        "data": {
            "win": {
                "eventdata": {
                    "targetLogonId": "0x959f9",
                    "targetUserName": "windows",
                    "targetDomainName": "DESKTOP-SIJOGEC",
                    "targetUserSid": "S-1-5-21-2643128391-4121916274-1247374836-1001",
                    "logonType": "2"
                },
                "system": {
                    "eventID": "4634",
                    "keywords": "0x8020000000000000",
                    "providerGuid": "{54849625-5478-4994-a5ba-3e3b0328c30d}",
                    "level": "0",
                    "channel": "Security",
                    "opcode": "0",
                    "message": "\"An account was logged off.\r\n\r\nSubject:\r\n\tSecurity ID:\t\tS-1-5-21-2643128391-4121916274-1247374836-1001\r\n\tAccount Name:\t\twindows\r\n\tAccount Domain:\t\tDESKTOP-SIJOGEC\r\n\tLogon ID:\t\t0x959F9\r\n\r\nLogon Type:\t\t\t2\r\n\r\nThis event is generated when a logon session is destroyed. It may be positively correlated with a logon event using the Logon ID value. Logon IDs are only unique between reboots on the same computer.\"",
                    "version": "0",
                    "systemTime": "2025-11-23T02:53:39.9838190Z",
                    "eventRecordID": "16352",
                    "threadID": "736",
                    "computer": "DESKTOP-SIJOGEC",
                    "task": "12545",
                    "processID": "672",
                    "severityValue": "AUDIT_SUCCESS",
                    "providerName": "Microsoft-Windows-Security-Auditing"
                }
            }
        },
        "rule": {
            "firedtimes": 1,
            "mail": false,
            "level": 3,
            "description": "Non service account logged off.",
            "groups": [
                "windows",
                " WEF"
            ],
            "id": "67023"
        },
        "decoder": {
            "name": "windows_eventchannel"
        },
        "input": {
            "type": "log"
        },
        "@timestamp": "2025-11-23T02:53:59.891Z",
        "location": "EventChannel",
        "id": "1763866439.28218",
        "timestamp": "2025-11-23T02:53:59.891+0000"
    },
    {
        "agent": {
            "ip": "192.168.44.137",
            "name": "win",
            "id": "001"
        },
        "manager": {
            "name": "ubuntu"
        },
        "data": {
            "win": {
                "eventdata": {
                    "subjectLogonId": "0x959d3",
                    "subjectUserSid": "S-1-5-21-2643128391-4121916274-1247374836-1001",
                    "subjectDomainName": "DESKTOP-SIJOGEC",
                    "privilegeList": "SeSecurityPrivilege     SeTakeOwnershipPrivilege     SeLoadDriverPrivilege     SeBackupPrivilege     SeRestorePrivilege     SeDebugPrivilege     SeSystemEnvironmentPrivilege     SeImpersonatePrivilege     SeDelegateSessionUserImpersonatePrivilege",
                    "subjectUserName": "windows"
                },
                "system": {
                    "eventID": "4672",
                    "keywords": "0x8020000000000000",
                    "providerGuid": "{54849625-5478-4994-a5ba-3e3b0328c30d}",
                    "level": "0",
                    "channel": "Security",
                    "opcode": "0",
                    "message": "\"Special privileges assigned to new logon.\r\n\r\nSubject:\r\n\tSecurity ID:\t\tS-1-5-21-2643128391-4121916274-1247374836-1001\r\n\tAccount Name:\t\twindows\r\n\tAccount Domain:\t\tDESKTOP-SIJOGEC\r\n\tLogon ID:\t\t0x959D3\r\n\r\nPrivileges:\t\tSeSecurityPrivilege\r\n\t\t\tSeTakeOwnershipPrivilege\r\n\t\t\tSeLoadDriverPrivilege\r\n\t\t\tSeBackupPrivilege\r\n\t\t\tSeRestorePrivilege\r\n\t\t\tSeDebugPrivilege\r\n\t\t\tSeSystemEnvironmentPrivilege\r\n\t\t\tSeImpersonatePrivilege\r\n\t\t\tSeDelegateSessionUserImpersonatePrivilege\"",
                    "version": "0",
                    "systemTime": "2025-11-23T02:53:39.9385254Z",
                    "eventRecordID": "16351",
                    "threadID": "768",
                    "computer": "DESKTOP-SIJOGEC",
                    "task": "12548",
                    "processID": "672",
                    "severityValue": "AUDIT_SUCCESS",
                    "providerName": "Microsoft-Windows-Security-Auditing"
                }
            }
        },
        "rule": {
            "firedtimes": 1,
            "mail": false,
            "level": 3,
            "description": "Special privileges assigned to new logon.",
            "groups": [
                "windows",
                " WEF"
            ],
            "mitre": {
                "technique": [
                    "Domain Policy Modification"
                ],
                "id": [
                    "T1484"
                ],
                "tactic": [
                    "Defense Evasion",
                    "Privilege Escalation"
                ]
            },
            "id": "67028"
        },
        "decoder": {
            "name": "windows_eventchannel"
        },
        "input": {
            "type": "log"
        },
        "@timestamp": "2025-11-23T02:53:59.876Z",
        "location": "EventChannel",
        "id": "1763866439.25168",
        "timestamp": "2025-11-23T02:53:59.876+0000"
    },
    {
        "agent": {
            "ip": "192.168.44.137",
            "name": "win",
            "id": "001"
        },
        "manager": {
            "name": "ubuntu"
        },
        "data": {
            "win": {
                "eventdata": {
                    "subjectLogonId": "0x3e7",
                    "subjectDomainName": "WORKGROUP",
                    "targetLinkedLogonId": "0x959d3",
                    "impersonationLevel": "%%1833",
                    "ipAddress": "127.0.0.1",
                    "authenticationPackageName": "Negotiate",
                    "workstationName": "DESKTOP-SIJOGEC",
                    "targetLogonId": "0x959f9",
                    "logonProcessName": "User32",
                    "logonGuid": "{00000000-0000-0000-0000-000000000000}",
                    "targetUserName": "windows",
                    "keyLength": "0",
                    "elevatedToken": "%%1843",
                    "subjectUserSid": "S-1-5-18",
                    "processId": "0x544",
                    "processName": "C:\\\\Windows\\\\System32\\\\svchost.exe",
                    "ipPort": "0",
                    "targetDomainName": "DESKTOP-SIJOGEC",
                    "targetUserSid": "S-1-5-21-2643128391-4121916274-1247374836-1001",
                    "virtualAccount": "%%1843",
                    "logonType": "2",
                    "subjectUserName": "DESKTOP-SIJOGEC$"
                },
                "system": {
                    "eventID": "4624",
                    "keywords": "0x8020000000000000",
                    "providerGuid": "{54849625-5478-4994-a5ba-3e3b0328c30d}",
                    "level": "0",
                    "channel": "Security",
                    "opcode": "0",
                    "message": "\"An account was successfully logged on.\r\n\r\nSubject:\r\n\tSecurity ID:\t\tS-1-5-18\r\n\tAccount Name:\t\tDESKTOP-SIJOGEC$\r\n\tAccount Domain:\t\tWORKGROUP\r\n\tLogon ID:\t\t0x3E7\r\n\r\nLogon Information:\r\n\tLogon Type:\t\t2\r\n\tRestricted Admin Mode:\t-\r\n\tVirtual Account:\t\tNo\r\n\tElevated Token:\t\tNo\r\n\r\nImpersonation Level:\t\tImpersonation\r\n\r\nNew Logon:\r\n\tSecurity ID:\t\tS-1-5-21-2643128391-4121916274-1247374836-1001\r\n\tAccount Name:\t\twindows\r\n\tAccount Domain:\t\tDESKTOP-SIJOGEC\r\n\tLogon ID:\t\t0x959F9\r\n\tLinked Logon ID:\t\t0x959D3\r\n\tNetwork Account Name:\t-\r\n\tNetwork Account Domain:\t-\r\n\tLogon GUID:\t\t{00000000-0000-0000-0000-000000000000}\r\n\r\nProcess Information:\r\n\tProcess ID:\t\t0x544\r\n\tProcess Name:\t\tC:\\Windows\\System32\\svchost.exe\r\n\r\nNetwork Information:\r\n\tWorkstation Name:\tDESKTOP-SIJOGEC\r\n\tSource Network Address:\t127.0.0.1\r\n\tSource Port:\t\t0\r\n\r\nDetailed Authentication Information:\r\n\tLogon Process:\t\tUser32 \r\n\tAuthentication Package:\tNegotiate\r\n\tTransited Services:\t-\r\n\tPackage Name (NTLM only):\t-\r\n\tKey Length:\t\t0\r\n\r\nThis event is generated when a logon session is created. It is generated on the computer that was accessed.\r\n\r\nThe subject fields indicate the account on the local system which requested the logon. This is most commonly a service such as the Server service, or a local process such as Winlogon.exe or Services.exe.\r\n\r\nThe logon type field indicates the kind of logon that occurred. The most common types are 2 (interactive) and 3 (network).\r\n\r\nThe New Logon fields indicate the account for whom the new logon was created, i.e. the account that was logged on.\r\n\r\nThe network fields indicate where a remote logon request originated. Workstation name is not always available and may be left blank in some cases.\r\n\r\nThe impersonation level field indicates the extent to which a process in the logon session can impersonate.\r\n\r\nThe authentication information fields provide detailed information about this specific logon request.\r\n\t- Logon GUID is a unique identifier that can be used to correlate this event with a KDC event.\r\n\t- Transited services indicate which intermediate services have participated in this logon request.\r\n\t- Package name indicates which sub-protocol was used among the NTLM protocols.\r\n\t- Key length indicates the length of the generated session key. This will be 0 if no session key was requested.\"",
                    "version": "2",
                    "systemTime": "2025-11-23T02:53:39.9385201Z",
                    "eventRecordID": "16350",
                    "threadID": "768",
                    "computer": "DESKTOP-SIJOGEC",
                    "task": "12544",
                    "processID": "672",
                    "severityValue": "AUDIT_SUCCESS",
                    "providerName": "Microsoft-Windows-Security-Auditing"
                }
            }
        },
        "rule": {
            "mail": false,
            "level": 3,
            "pci_dss": [
                "10.2.5"
            ],
            "hipaa": [
                "164.312.b"
            ],
            "tsc": [
                "CC6.8",
                "CC7.2",
                "CC7.3"
            ],
            "description": "Windows Workstation Logon Success",
            "groups": [
                "windows",
                "windows_security",
                "authentication_success"
            ],
            "nist_800_53": [
                "AU.14",
                "AC.9"
            ],
            "gdpr": [
                "IV_32.2"
            ],
            "firedtimes": 2,
            "mitre": {
                "technique": [
                    "Valid Accounts"
                ],
                "id": [
                    "T1078"
                ],
                "tactic": [
                    "Defense Evasion",
                    "Persistence",
                    "Privilege Escalation",
                    "Initial Access"
                ]
            },
            "id": "60118",
            "gpg13": [
                "7.1",
                "7.2"
            ]
        },
        "decoder": {
            "name": "windows_eventchannel"
        },
        "input": {
            "type": "log"
        },
        "@timestamp": "2025-11-23T02:53:59.860Z",
        "location": "EventChannel",
        "id": "1763866439.17431",
        "timestamp": "2025-11-23T02:53:59.860+0000"
    },
    {
        "agent": {
            "ip": "192.168.44.137",
            "name": "win",
            "id": "001"
        },
        "manager": {
            "name": "ubuntu"
        },
        "data": {
            "win": {
                "eventdata": {
                    "subjectLogonId": "0x3e7",
                    "subjectDomainName": "WORKGROUP",
                    "targetLinkedLogonId": "0x959f9",
                    "impersonationLevel": "%%1833",
                    "ipAddress": "127.0.0.1",
                    "authenticationPackageName": "Negotiate",
                    "workstationName": "DESKTOP-SIJOGEC",
                    "targetLogonId": "0x959d3",
                    "logonProcessName": "User32",
                    "logonGuid": "{00000000-0000-0000-0000-000000000000}",
                    "targetUserName": "windows",
                    "keyLength": "0",
                    "elevatedToken": "%%1842",
                    "subjectUserSid": "S-1-5-18",
                    "processId": "0x544",
                    "processName": "C:\\\\Windows\\\\System32\\\\svchost.exe",
                    "ipPort": "0",
                    "targetDomainName": "DESKTOP-SIJOGEC",
                    "targetUserSid": "S-1-5-21-2643128391-4121916274-1247374836-1001",
                    "virtualAccount": "%%1843",
                    "logonType": "2",
                    "subjectUserName": "DESKTOP-SIJOGEC$"
                },
                "system": {
                    "eventID": "4624",
                    "keywords": "0x8020000000000000",
                    "providerGuid": "{54849625-5478-4994-a5ba-3e3b0328c30d}",
                    "level": "0",
                    "channel": "Security",
                    "opcode": "0",
                    "message": "\"An account was successfully logged on.\r\n\r\nSubject:\r\n\tSecurity ID:\t\tS-1-5-18\r\n\tAccount Name:\t\tDESKTOP-SIJOGEC$\r\n\tAccount Domain:\t\tWORKGROUP\r\n\tLogon ID:\t\t0x3E7\r\n\r\nLogon Information:\r\n\tLogon Type:\t\t2\r\n\tRestricted Admin Mode:\t-\r\n\tVirtual Account:\t\tNo\r\n\tElevated Token:\t\tYes\r\n\r\nImpersonation Level:\t\tImpersonation\r\n\r\nNew Logon:\r\n\tSecurity ID:\t\tS-1-5-21-2643128391-4121916274-1247374836-1001\r\n\tAccount Name:\t\twindows\r\n\tAccount Domain:\t\tDESKTOP-SIJOGEC\r\n\tLogon ID:\t\t0x959D3\r\n\tLinked Logon ID:\t\t0x959F9\r\n\tNetwork Account Name:\t-\r\n\tNetwork Account Domain:\t-\r\n\tLogon GUID:\t\t{00000000-0000-0000-0000-000000000000}\r\n\r\nProcess Information:\r\n\tProcess ID:\t\t0x544\r\n\tProcess Name:\t\tC:\\Windows\\System32\\svchost.exe\r\n\r\nNetwork Information:\r\n\tWorkstation Name:\tDESKTOP-SIJOGEC\r\n\tSource Network Address:\t127.0.0.1\r\n\tSource Port:\t\t0\r\n\r\nDetailed Authentication Information:\r\n\tLogon Process:\t\tUser32 \r\n\tAuthentication Package:\tNegotiate\r\n\tTransited Services:\t-\r\n\tPackage Name (NTLM only):\t-\r\n\tKey Length:\t\t0\r\n\r\nThis event is generated when a logon session is created. It is generated on the computer that was accessed.\r\n\r\nThe subject fields indicate the account on the local system which requested the logon. This is most commonly a service such as the Server service, or a local process such as Winlogon.exe or Services.exe.\r\n\r\nThe logon type field indicates the kind of logon that occurred. The most common types are 2 (interactive) and 3 (network).\r\n\r\nThe New Logon fields indicate the account for whom the new logon was created, i.e. the account that was logged on.\r\n\r\nThe network fields indicate where a remote logon request originated. Workstation name is not always available and may be left blank in some cases.\r\n\r\nThe impersonation level field indicates the extent to which a process in the logon session can impersonate.\r\n\r\nThe authentication information fields provide detailed information about this specific logon request.\r\n\t- Logon GUID is a unique identifier that can be used to correlate this event with a KDC event.\r\n\t- Transited services indicate which intermediate services have participated in this logon request.\r\n\t- Package name indicates which sub-protocol was used among the NTLM protocols.\r\n\t- Key length indicates the length of the generated session key. This will be 0 if no session key was requested.\"",
                    "version": "2",
                    "systemTime": "2025-11-23T02:53:39.9385045Z",
                    "eventRecordID": "16349",
                    "threadID": "768",
                    "computer": "DESKTOP-SIJOGEC",
                    "task": "12544",
                    "processID": "672",
                    "severityValue": "AUDIT_SUCCESS",
                    "providerName": "Microsoft-Windows-Security-Auditing"
                }
            }
        },
        "rule": {
            "mail": false,
            "level": 3,
            "pci_dss": [
                "10.2.5"
            ],
            "hipaa": [
                "164.312.b"
            ],
            "tsc": [
                "CC6.8",
                "CC7.2",
                "CC7.3"
            ],
            "description": "Windows Workstation Logon Success",
            "groups": [
                "windows",
                "windows_security",
                "authentication_success"
            ],
            "nist_800_53": [
                "AU.14",
                "AC.9"
            ],
            "gdpr": [
                "IV_32.2"
            ],
            "firedtimes": 1,
            "mitre": {
                "technique": [
                    "Valid Accounts"
                ],
                "id": [
                    "T1078"
                ],
                "tactic": [
                    "Defense Evasion",
                    "Persistence",
                    "Privilege Escalation",
                    "Initial Access"
                ]
            },
            "id": "60118",
            "gpg13": [
                "7.1",
                "7.2"
            ]
        },
        "decoder": {
            "name": "windows_eventchannel"
        },
        "input": {
            "type": "log"
        },
        "@timestamp": "2025-11-23T02:53:59.846Z",
        "location": "EventChannel",
        "id": "1763866439.9693",
        "timestamp": "2025-11-23T02:53:59.846+0000"
    },
    {
        "agent": {
            "name": "ubuntu",
            "id": "000"
        },
        "manager": {
            "name": "ubuntu"
        },
        "data": {
            "sca": {
                "scan_id": "1002150022",
                "check": {
                    "result": "failed",
                    "remediation": "Run the following command to create a table in nftables # nft create table inet <table name> Example: # nft create table inet filter.",
                    "previous_result": "passed",
                    "compliance": {
                        "pci_dss_v4": {
                            "0": "1.2.1,1.4.1"
                        },
                        "cis_csc_v8": "4.4,4.5",
                        "soc_2": "CC6.6",
                        "pci_dss_v3": {
                            "2": {
                                "1": "1.1.4,1.3.1,1.4"
                            }
                        },
                        "nist_sp_800-53": "SC-7(5)",
                        "mitre_tactics": "TA0011",
                        "mitre_techniques": "T1562,T1562.004",
                        "cis": "4.2.4",
                        "cmmc_v2": {
                            "0": "AC.L1-3.1.20,CM.L2-3.4.7,SC.L1-3.13.1,SC.L2-3.13.6"
                        },
                        "iso_27001-2013": "A.13.1.1",
                        "cis_csc_v7": "9.4",
                        "mitre_mitigations": "M1047"
                    },
                    "description": "Tables hold chains. Each table only has one address family and only applies to packets of this family. Tables can have one of five families.",
                    "id": "28579",
                    "title": "Ensure a nftables table exists.",
                    "rationale": "nftables doesn't have any default tables. Without a table being build, nftables will not filter network traffic.",
                    "command": [
                        "nft list tables"
                    ]
                },
                "type": "check",
                "policy": "CIS Ubuntu Linux 22.04 LTS Benchmark v2.0.0."
            }
        },
        "rule": {
            "cis_csc_v8": [
                "4.4",
                "4.5"
            ],
            "mail": false,
            "level": 9,
            "pci_dss": [
                "2.2"
            ],
            "tsc": [
                "CC7.1",
                "CC7.2"
            ],
            "nist_sp_800-53": [
                "SC-7(5)"
            ],
            "description": "CIS Ubuntu Linux 22.04 LTS Benchmark v2.0.0.: Ensure a nftables table exists.: Status changed from passed to failed",
            "groups": [
                "sca"
            ],
            "mitre_tactics": [
                "TA0011"
            ],
            "mitre_techniques": [
                "T1562",
                "T1562.004"
            ],
            "cis": [
                "4.2.4"
            ],
            "iso_27001-2013": [
                "A.13.1.1"
            ],
            "nist_800_53": [
                "CM.1"
            ],
            "mitre_mitigations": [
                "M1047"
            ],
            "gdpr": [
                "IV_35.7.d"
            ],
            "firedtimes": 1,
            "soc_2": [
                "CC6.6"
            ],
            "id": "19011",
            "cis_csc_v7": [
                "9.4"
            ]
        },
        "decoder": {
            "name": "sca"
        },
        "input": {
            "type": "log"
        },
        "@timestamp": "2025-11-23T02:53:55.009Z",
        "location": "sca",
        "id": "1763866435.7057",
        "timestamp": "2025-11-23T02:53:55.009+0000"
    },
    {
        "agent": {
            "name": "ubuntu",
            "id": "000"
        },
        "manager": {
            "name": "ubuntu"
        },
        "rule": {
            "firedtimes": 1,
            "mail": false,
            "level": 3,
            "pci_dss": [
                "10.6.1"
            ],
            "hipaa": [
                "164.312.b"
            ],
            "tsc": [
                "CC7.2",
                "CC7.3"
            ],
            "description": "Wazuh server started.",
            "groups": [
                "ossec"
            ],
            "id": "502",
            "nist_800_53": [
                "AU.6"
            ],
            "gpg13": [
                "10.1"
            ],
            "gdpr": [
                "IV_35.7.d"
            ]
        },
        "decoder": {
            "name": "ossec"
        },
        "full_log": "ossec: Manager started.",
        "input": {
            "type": "log"
        },
        "@timestamp": "2025-11-23T02:53:51.687Z",
        "location": "wazuh-monitord",
        "id": "1763866431.6812",
        "timestamp": "2025-11-23T02:53:51.687+0000"
    },
    {
        "agent": {
            "ip": "192.168.44.137",
            "name": "win",
            "id": "001"
        },
        "manager": {
            "name": "ubuntu"
        },
        "data": {
            "win": {
                "eventdata": {
                    "data": "hr=0x80004005, RuleId=31e71c49-8da7-4a2f-ad92-45d98a1c79ba;Action=AutoActivate;AppId=55c92734-d682-4d71-983e-d6ec3f16059f;SkuId=4de7cb65-cdf1-4de9-8ae8-e3cce27b9f2c;NotificationInterval=1440;Trigger=UserLogon;SessionId=1"
                },
                "system": {
                    "eventID": "8198",
                    "eventSourceName": "Software Protection Platform Service",
                    "keywords": "0x80000000000000",
                    "providerGuid": "{E23B33B0-C8C9-472C-A5F9-F2BDFEA0F156}",
                    "level": "2",
                    "channel": "Application",
                    "opcode": "0",
                    "message": "\"License Activation (slui.exe) failed with the following error code:\r\nhr=0x80004005\r\nCommand-line arguments:\r\nRuleId=31e71c49-8da7-4a2f-ad92-45d98a1c79ba;Action=AutoActivate;AppId=55c92734-d682-4d71-983e-d6ec3f16059f;SkuId=4de7cb65-cdf1-4de9-8ae8-e3cce27b9f2c;NotificationInterval=1440;Trigger=UserLogon;SessionId=1\"",
                    "version": "0",
                    "systemTime": "2025-11-23T02:53:42.6946455Z",
                    "eventRecordID": "1468",
                    "threadID": "0",
                    "computer": "DESKTOP-SIJOGEC",
                    "task": "0",
                    "processID": "0",
                    "severityValue": "ERROR",
                    "providerName": "Microsoft-Windows-Security-SPP"
                }
            }
        },
        "rule": {
            "firedtimes": 1,
            "mail": false,
            "level": 5,
            "description": "License activation (slui.exe) failed.",
            "groups": [
                "windows",
                "windows_application"
            ],
            "id": "60646"
        },
        "decoder": {
            "name": "windows_eventchannel"
        },
        "input": {
            "type": "log"
        },
        "@timestamp": "2025-11-23T02:53:49.934Z",
        "location": "EventChannel",
        "id": "1763866429.4459",
        "timestamp": "2025-11-23T02:53:49.934+0000"
    },
    {
        "agent": {
            "ip": "192.168.44.137",
            "name": "win",
            "id": "001"
        },
        "manager": {
            "name": "ubuntu"
        },
        "data": {
            "win": {
                "eventdata": {
                    "data": "SessionEnv",
                    "binary": "D9060000"
                },
                "system": {
                    "eventID": "6000",
                    "eventSourceName": "Wlclntfy",
                    "keywords": "0x80000000000000",
                    "providerGuid": "{DBE9B383-7CF3-4331-91CC-A3CB16A3B538}",
                    "level": "4",
                    "channel": "Application",
                    "opcode": "0",
                    "message": "\"The winlogon notification subscriber <SessionEnv> was unavailable to handle a notification event.\"",
                    "version": "0",
                    "systemTime": "2025-11-23T02:53:15.3197812Z",
                    "eventRecordID": "1460",
                    "threadID": "0",
                    "computer": "DESKTOP-SIJOGEC",
                    "task": "0",
                    "processID": "0",
                    "severityValue": "INFORMATION",
                    "providerName": "Microsoft-Windows-Winlogon"
                }
            }
        },
        "rule": {
            "firedtimes": 1,
            "mail": false,
            "level": 5,
            "description": "SessionEnv was unavailable to handle a notification event.",
            "groups": [
                "windows",
                "windows_application"
            ],
            "id": "60775"
        },
        "decoder": {
            "name": "windows_eventchannel"
        },
        "input": {
            "type": "log"
        },
        "@timestamp": "2025-11-23T02:53:49.821Z",
        "location": "EventChannel",
        "id": "1763866429.2946",
        "timestamp": "2025-11-23T02:53:49.821+0000"
    },
    {
        "agent": {
            "ip": "192.168.44.137",
            "name": "win",
            "id": "001"
        },
        "manager": {
            "name": "ubuntu"
        },
        "data": {
            "win": {
                "eventdata": {
                    "extraInfo": " "
                },
                "system": {
                    "eventID": "1003",
                    "eventSourceName": "Windows Search Service",
                    "keywords": "0x80000000000000",
                    "providerGuid": "{CA4E628D-8567-4896-AB6B-835B221F373F}",
                    "level": "4",
                    "channel": "Application",
                    "opcode": "0",
                    "message": "\"The Windows Search Service started.\n\"",
                    "version": "0",
                    "systemTime": "2025-11-23T02:53:14.2103679Z",
                    "eventRecordID": "1458",
                    "threadID": "0",
                    "computer": "DESKTOP-SIJOGEC",
                    "task": "1",
                    "processID": "0",
                    "severityValue": "INFORMATION",
                    "providerName": "Microsoft-Windows-Search"
                }
            }
        },
        "rule": {
            "firedtimes": 1,
            "mail": false,
            "level": 3,
            "description": "The Windows search service started.",
            "groups": [
                "windows",
                "windows_application"
            ],
            "id": "60668"
        },
        "decoder": {
            "name": "windows_eventchannel"
        },
        "input": {
            "type": "log"
        },
        "@timestamp": "2025-11-23T02:53:49.762Z",
        "location": "EventChannel",
        "id": "1763866429.1612",
        "timestamp": "2025-11-23T02:53:49.762+0000"
    },
