    {
        "agent": {
            "ip": "192.168.44.137",
            "name": "win",
            "id": "001"
        },
        "manager": {
            "name": "ubuntu"
        },
        "data": {
            "win": {
                "eventdata": {
                    "data": "2025-11-24T17:17:06Z, RulesEngine"
                },
                "system": {
                    "eventID": "16384",
                    "eventSourceName": "Software Protection Platform Service",
                    "keywords": "0x80000000000000",
                    "providerGuid": "{E23B33B0-C8C9-472C-A5F9-F2BDFEA0F156}",
                    "level": "4",
                    "channel": "Application",
                    "opcode": "0",
                    "message": "\"Successfully scheduled Software Protection service for re-start at 2025-11-24T17:17:06Z. Reason: RulesEngine.\"",
                    "version": "0",
                    "systemTime": "2025-11-23T17:42:07.1659253Z",
                    "eventRecordID": "1620",
                    "threadID": "0",
                    "computer": "DESKTOP-SIJOGEC",
                    "task": "0",
                    "processID": "0",
                    "severityValue": "INFORMATION",
                    "providerName": "Microsoft-Windows-Security-SPP"
                }
            }
        },
        "rule": {
            "firedtimes": 6,
            "mail": false,
            "level": 3,
            "description": "Software protection service scheduled successfully.",
            "groups": [
                "windows",
                "windows_application"
            ],
            "id": "60642"
        },
        "decoder": {
            "name": "windows_eventchannel"
        },
        "input": {
            "type": "log"
        },
        "@timestamp": "2025-11-23T17:42:07.605Z",
        "location": "EventChannel",
        "id": "1763919727.404655",
        "timestamp": "2025-11-23T17:42:07.605+0000"
    },
    {
        "predecoder": {
            "hostname": "ubuntu",
            "program_name": "sudo",
            "timestamp": "Nov 23 17:40:50"
        },
        "agent": {
            "name": "ubuntu",
            "id": "000"
        },
        "manager": {
            "name": "ubuntu"
        },
        "data": {
            "dstuser": "root"
        },
        "rule": {
            "firedtimes": 2,
            "mail": false,
            "level": 3,
            "pci_dss": [
                "10.2.5"
            ],
            "hipaa": [
                "164.312.b"
            ],
            "tsc": [
                "CC6.8",
                "CC7.2",
                "CC7.3"
            ],
            "description": "PAM: Login session closed.",
            "groups": [
                "pam",
                "syslog"
            ],
            "id": "5502",
            "nist_800_53": [
                "AU.14",
                "AC.7"
            ],
            "gpg13": [
                "7.8",
                "7.9"
            ],
            "gdpr": [
                "IV_32.2"
            ]
        },
        "decoder": {
            "parent": "pam",
            "name": "pam"
        },
        "full_log": "Nov 23 17:40:50 ubuntu sudo[4710]: pam_unix(sudo:session): session closed for user root",
        "input": {
            "type": "log"
        },
        "@timestamp": "2025-11-23T17:40:52.598Z",
        "location": "journald",
        "id": "1763919652.404293",
        "timestamp": "2025-11-23T17:40:52.598+0000"
    },
    {
        "predecoder": {
            "hostname": "ubuntu",
            "program_name": "sudo",
            "timestamp": "Nov 23 17:40:48"
        },
        "agent": {
            "name": "ubuntu",
            "id": "000"
        },
        "manager": {
            "name": "ubuntu"
        },
        "data": {
            "srcuser": "ubuntu",
            "dstuser": "root",
            "tty": "pts/0",
            "pwd": "/home/ubuntu",
            "command": "/usr/bin/systemctl status filebeat"
        },
        "rule": {
            "mail": false,
            "level": 3,
            "pci_dss": [
                "10.2.5",
                "10.2.2"
            ],
            "hipaa": [
                "164.312.b"
            ],
            "tsc": [
                "CC6.8",
                "CC7.2",
                "CC7.3"
            ],
            "description": "Successful sudo to ROOT executed.",
            "groups": [
                "syslog",
                "sudo"
            ],
            "nist_800_53": [
                "AU.14",
                "AC.7",
                "AC.6"
            ],
            "gdpr": [
                "IV_32.2"
            ],
            "firedtimes": 2,
            "mitre": {
                "technique": [
                    "Sudo and Sudo Caching"
                ],
                "id": [
                    "T1548.003"
                ],
                "tactic": [
                    "Privilege Escalation",
                    "Defense Evasion"
                ]
            },
            "id": "5402",
            "gpg13": [
                "7.6",
                "7.8",
                "7.13"
            ]
        },
        "decoder": {
            "parent": "sudo",
            "name": "sudo",
            "ftscomment": "First time user executed the sudo command"
        },
        "full_log": "Nov 23 17:40:48 ubuntu sudo[4710]:   ubuntu : TTY=pts/0 ; PWD=/home/ubuntu ; USER=root ; COMMAND=/usr/bin/systemctl status filebeat",
        "input": {
            "type": "log"
        },
        "@timestamp": "2025-11-23T17:40:48.597Z",
        "location": "journald",
        "id": "1763919648.403763",
        "timestamp": "2025-11-23T17:40:48.597+0000"
    },
    {
        "predecoder": {
            "hostname": "ubuntu",
            "program_name": "sudo",
            "timestamp": "Nov 23 17:40:48"
        },
        "agent": {
            "name": "ubuntu",
            "id": "000"
        },
        "manager": {
            "name": "ubuntu"
        },
        "data": {
            "srcuser": "ubuntu",
            "uid": "1000",
            "dstuser": "root"
        },
        "rule": {
            "mail": false,
            "level": 3,
            "pci_dss": [
                "10.2.5"
            ],
            "hipaa": [
                "164.312.b"
            ],
            "tsc": [
                "CC6.8",
                "CC7.2",
                "CC7.3"
            ],
            "description": "PAM: Login session opened.",
            "groups": [
                "pam",
                "syslog",
                "authentication_success"
            ],
            "nist_800_53": [
                "AU.14",
                "AC.7"
            ],
            "gdpr": [
                "IV_32.2"
            ],
            "firedtimes": 5,
            "mitre": {
                "technique": [
                    "Valid Accounts"
                ],
                "id": [
                    "T1078"
                ],
                "tactic": [
                    "Defense Evasion",
                    "Persistence",
                    "Privilege Escalation",
                    "Initial Access"
                ]
            },
            "id": "5501",
            "gpg13": [
                "7.8",
                "7.9"
            ]
        },
        "decoder": {
            "parent": "pam",
            "name": "pam"
        },
        "full_log": "Nov 23 17:40:48 ubuntu sudo[4710]: pam_unix(sudo:session): session opened for user root(uid=0) by ubuntu(uid=1000)",
        "input": {
            "type": "log"
        },
        "@timestamp": "2025-11-23T17:40:48.597Z",
        "location": "journald",
        "id": "1763919648.403341",
        "timestamp": "2025-11-23T17:40:48.597+0000"
    },
    {
        "predecoder": {
            "hostname": "ubuntu",
            "program_name": "sudo",
            "timestamp": "Nov 23 17:40:42"
        },
        "agent": {
            "name": "ubuntu",
            "id": "000"
        },
        "manager": {
            "name": "ubuntu"
        },
        "data": {
            "srcuser": "ubuntu",
            "uid": "1000",
            "dstuser": "root"
        },
        "rule": {
            "mail": false,
            "level": 3,
            "pci_dss": [
                "10.2.5"
            ],
            "hipaa": [
                "164.312.b"
            ],
            "tsc": [
                "CC6.8",
                "CC7.2",
                "CC7.3"
            ],
            "description": "PAM: Login session opened.",
            "groups": [
                "pam",
                "syslog",
                "authentication_success"
            ],
            "nist_800_53": [
                "AU.14",
                "AC.7"
            ],
            "gdpr": [
                "IV_32.2"
            ],
            "firedtimes": 4,
            "mitre": {
                "technique": [
                    "Valid Accounts"
                ],
                "id": [
                    "T1078"
                ],
                "tactic": [
                    "Defense Evasion",
                    "Persistence",
                    "Privilege Escalation",
                    "Initial Access"
                ]
            },
            "id": "5501",
            "gpg13": [
                "7.8",
                "7.9"
            ]
        },
        "decoder": {
            "parent": "pam",
            "name": "pam"
        },
        "full_log": "Nov 23 17:40:42 ubuntu sudo[4704]: pam_unix(sudo:session): session opened for user root(uid=0) by ubuntu(uid=1000)",
        "input": {
            "type": "log"
        },
        "@timestamp": "2025-11-23T17:40:44.596Z",
        "location": "journald",
        "id": "1763919644.402029",
        "timestamp": "2025-11-23T17:40:44.596+0000"
    },
    {
        "predecoder": {
            "hostname": "ubuntu",
            "program_name": "sudo",
            "timestamp": "Nov 23 17:40:42"
        },
        "agent": {
            "name": "ubuntu",
            "id": "000"
        },
        "manager": {
            "name": "ubuntu"
        },
        "data": {
            "dstuser": "root"
        },
        "rule": {
            "firedtimes": 1,
            "mail": false,
            "level": 3,
            "pci_dss": [
                "10.2.5"
            ],
            "hipaa": [
                "164.312.b"
            ],
            "tsc": [
                "CC6.8",
                "CC7.2",
                "CC7.3"
            ],
            "description": "PAM: Login session closed.",
            "groups": [
                "pam",
                "syslog"
            ],
            "id": "5502",
            "nist_800_53": [
                "AU.14",
                "AC.7"
            ],
            "gpg13": [
                "7.8",
                "7.9"
            ],
            "gdpr": [
                "IV_32.2"
            ]
        },
        "decoder": {
            "parent": "pam",
            "name": "pam"
        },
        "full_log": "Nov 23 17:40:42 ubuntu sudo[4704]: pam_unix(sudo:session): session closed for user root",
        "input": {
            "type": "log"
        },
        "@timestamp": "2025-11-23T17:40:44.596Z",
        "location": "journald",
        "id": "1763919644.402451",
        "timestamp": "2025-11-23T17:40:44.596+0000"
    },
    {
        "predecoder": {
            "hostname": "ubuntu",
            "program_name": "sudo",
            "timestamp": "Nov 23 17:40:42"
        },
        "agent": {
            "name": "ubuntu",
            "id": "000"
        },
        "manager": {
            "name": "ubuntu"
        },
        "data": {
            "srcuser": "ubuntu",
            "dstuser": "root",
            "tty": "pts/0",
            "pwd": "/home/ubuntu",
            "command": "/usr/bin/systemctl start filebeat"
        },
        "rule": {
            "mail": false,
            "level": 3,
            "pci_dss": [
                "10.2.5",
                "10.2.2"
            ],
            "hipaa": [
                "164.312.b"
            ],
            "tsc": [
                "CC6.8",
                "CC7.2",
                "CC7.3"
            ],
            "description": "Successful sudo to ROOT executed.",
            "groups": [
                "syslog",
                "sudo"
            ],
            "nist_800_53": [
                "AU.14",
                "AC.7",
                "AC.6"
            ],
            "gdpr": [
                "IV_32.2"
            ],
            "firedtimes": 1,
            "mitre": {
                "technique": [
                    "Sudo and Sudo Caching"
                ],
                "id": [
                    "T1548.003"
                ],
                "tactic": [
                    "Privilege Escalation",
                    "Defense Evasion"
                ]
            },
            "id": "5402",
            "gpg13": [
                "7.6",
                "7.8",
                "7.13"
            ]
        },
        "decoder": {
            "parent": "sudo",
            "name": "sudo",
            "ftscomment": "First time user executed the sudo command"
        },
        "full_log": "Nov 23 17:40:42 ubuntu sudo[4704]:   ubuntu : TTY=pts/0 ; PWD=/home/ubuntu ; USER=root ; COMMAND=/usr/bin/systemctl start filebeat",
        "input": {
            "type": "log"
        },
        "@timestamp": "2025-11-23T17:40:44.595Z",
        "location": "journald",
        "id": "1763919644.402813",
        "timestamp": "2025-11-23T17:40:44.595+0000"
    },
    {
        "agent": {
            "ip": "192.168.44.137",
            "name": "win",
            "id": "001"
        },
        "manager": {
            "name": "ubuntu"
        },
        "data": {
            "win": {
                "eventdata": {
                    "param3": "demand start",
                    "param4": "BITS",
                    "param1": "Background Intelligent Transfer Service",
                    "param2": "auto start"
                },
                "system": {
                    "eventID": "7040",
                    "eventSourceName": "Service Control Manager",
                    "keywords": "0x8080000000000000",
                    "providerGuid": "{555908d1-a6d7-4695-8e1e-26931d2012f4}",
                    "level": "4",
                    "channel": "System",
                    "opcode": "0",
                    "message": "\"The start type of the Background Intelligent Transfer Service service was changed from auto start to demand start.\"",
                    "version": "0",
                    "systemTime": "2025-11-23T17:39:27.9004459Z",
                    "eventRecordID": "1045",
                    "threadID": "8164",
                    "computer": "DESKTOP-SIJOGEC",
                    "task": "0",
                    "processID": "656",
                    "severityValue": "INFORMATION",
                    "providerName": "Service Control Manager"
                }
            }
        },
        "rule": {
            "firedtimes": 6,
            "mail": false,
            "level": 3,
            "pci_dss": [
                "10.6"
            ],
            "hipaa": [
                "164.312.b"
            ],
            "tsc": [
                "CC6.1",
                "CC6.8",
                "CC7.2",
                "CC7.3"
            ],
            "description": "Service startup type was changed",
            "groups": [
                "windows",
                "windows_system",
                "policy_changed"
            ],
            "id": "61104",
            "nist_800_53": [
                "AU.6"
            ],
            "info": "This does not appear to be logged on Windows 2000",
            "gdpr": [
                "IV_35.7.d"
            ]
        },
        "decoder": {
            "name": "windows_eventchannel"
        },
        "input": {
            "type": "log"
        },
        "@timestamp": "2025-11-23T17:39:29.324Z",
        "location": "EventChannel",
        "id": "1763919569.400199",
        "timestamp": "2025-11-23T17:39:29.324+0000"
    },
    {
        "predecoder": {
            "hostname": "ubuntu",
            "program_name": "sshd",
            "timestamp": "Nov 23 17:39:13"
        },
        "agent": {
            "name": "ubuntu",
            "id": "000"
        },
        "manager": {
            "name": "ubuntu"
        },
        "data": {
            "srcip": "192.168.44.1",
            "dstuser": "ubuntu",
            "srcport": "52976"
        },
        "rule": {
            "mail": false,
            "level": 3,
            "hipaa": [
                "164.312.b"
            ],
            "pci_dss": [
                "10.2.5"
            ],
            "tsc": [
                "CC6.8",
                "CC7.2",
                "CC7.3"
            ],
            "description": "sshd: authentication success.",
            "groups": [
                "syslog",
                "sshd",
                "authentication_success"
            ],
            "nist_800_53": [
                "AU.14",
                "AC.7"
            ],
            "gdpr": [
                "IV_32.2"
            ],
            "firedtimes": 1,
            "mitre": {
                "technique": [
                    "Valid Accounts",
                    "Remote Services"
                ],
                "id": [
                    "T1078",
                    "T1021"
                ],
                "tactic": [
                    "Defense Evasion",
                    "Persistence",
                    "Privilege Escalation",
                    "Initial Access",
                    "Lateral Movement"
                ]
            },
            "id": "5715",
            "gpg13": [
                "7.1",
                "7.2"
            ]
        },
        "decoder": {
            "parent": "sshd",
            "name": "sshd"
        },
        "full_log": "Nov 23 17:39:13 ubuntu sshd[4612]: Accepted password for ubuntu from 192.168.44.1 port 52976 ssh2",
        "input": {
            "type": "log"
        },
        "@timestamp": "2025-11-23T17:39:14.523Z",
        "location": "journald",
        "id": "1763919554.399761",
        "timestamp": "2025-11-23T17:39:14.523+0000"
    },
    {
        "predecoder": {
            "hostname": "ubuntu",
            "program_name": "sshd",
            "timestamp": "Nov 23 17:39:13"
        },
        "agent": {
            "name": "ubuntu",
            "id": "000"
        },
        "manager": {
            "name": "ubuntu"
        },
        "data": {
            "uid": "0",
            "dstuser": "ubuntu"
        },
        "rule": {
            "mail": false,
            "level": 3,
            "pci_dss": [
                "10.2.5"
            ],
            "hipaa": [
                "164.312.b"
            ],
            "tsc": [
                "CC6.8",
                "CC7.2",
                "CC7.3"
            ],
            "description": "PAM: Login session opened.",
            "groups": [
                "pam",
                "syslog",
                "authentication_success"
            ],
            "nist_800_53": [
                "AU.14",
                "AC.7"
            ],
            "gdpr": [
                "IV_32.2"
            ],
            "firedtimes": 3,
            "mitre": {
                "technique": [
                    "Valid Accounts"
                ],
                "id": [
                    "T1078"
                ],
                "tactic": [
                    "Defense Evasion",
                    "Persistence",
                    "Privilege Escalation",
                    "Initial Access"
                ]
            },
            "id": "5501",
            "gpg13": [
                "7.8",
                "7.9"
            ]
        },
        "decoder": {
            "parent": "pam",
            "name": "pam"
        },
        "full_log": "Nov 23 17:39:13 ubuntu sshd[4612]: pam_unix(sshd:session): session opened for user ubuntu(uid=1000) by (uid=0)",
        "input": {
            "type": "log"
        },
        "@timestamp": "2025-11-23T17:39:14.523Z",
        "location": "journald",
        "id": "1763919554.399344",
        "timestamp": "2025-11-23T17:39:14.523+0000"
    },
    {
        "agent": {
            "ip": "192.168.44.137",
            "name": "win",
            "id": "001"
        },
        "manager": {
            "name": "ubuntu"
        },
        "data": {
            "win": {
                "eventdata": {
                    "data": "2025-11-24T17:17:09Z, RulesEngine"
                },
                "system": {
                    "eventID": "16384",
                    "eventSourceName": "Software Protection Platform Service",
                    "keywords": "0x80000000000000",
                    "providerGuid": "{E23B33B0-C8C9-472C-A5F9-F2BDFEA0F156}",
                    "level": "4",
                    "channel": "Application",
                    "opcode": "0",
                    "message": "\"Successfully scheduled Software Protection service for re-start at 2025-11-24T17:17:09Z. Reason: RulesEngine.\"",
                    "version": "0",
                    "systemTime": "2025-11-23T17:38:09.3537931Z",
                    "eventRecordID": "1618",
                    "threadID": "0",
                    "computer": "DESKTOP-SIJOGEC",
                    "task": "0",
                    "processID": "0",
                    "severityValue": "INFORMATION",
                    "providerName": "Microsoft-Windows-Security-SPP"
                }
            }
        },
        "rule": {
            "firedtimes": 5,
            "mail": false,
            "level": 3,
            "description": "Software protection service scheduled successfully.",
            "groups": [
                "windows",
                "windows_application"
            ],
            "id": "60642"
        },
        "decoder": {
            "name": "windows_eventchannel"
        },
        "input": {
            "type": "log"
        },
        "@timestamp": "2025-11-23T17:38:09.801Z",
        "location": "EventChannel",
        "id": "1763919489.397751",
        "timestamp": "2025-11-23T17:38:09.801+0000"
    },
    {
        "predecoder": {
            "hostname": "ubuntu",
            "program_name": "systemd",
            "timestamp": "Nov 23 17:37:51"
        },
        "agent": {
            "name": "ubuntu",
            "id": "000"
        },
        "manager": {
            "name": "ubuntu"
        },
        "data": {
            "uid": "0",
            "dstuser": "ubuntu"
        },
        "rule": {
            "mail": false,
            "level": 3,
            "pci_dss": [
                "10.2.5"
            ],
            "hipaa": [
                "164.312.b"
            ],
            "tsc": [
                "CC6.8",
                "CC7.2",
                "CC7.3"
            ],
            "description": "PAM: Login session opened.",
            "groups": [
                "pam",
                "syslog",
                "authentication_success"
            ],
            "nist_800_53": [
                "AU.14",
                "AC.7"
            ],
            "gdpr": [
                "IV_32.2"
            ],
            "firedtimes": 2,
            "mitre": {
                "technique": [
                    "Valid Accounts"
                ],
                "id": [
                    "T1078"
                ],
                "tactic": [
                    "Defense Evasion",
                    "Persistence",
                    "Privilege Escalation",
                    "Initial Access"
                ]
            },
            "id": "5501",
            "gpg13": [
                "7.8",
                "7.9"
            ]
        },
        "decoder": {
            "parent": "pam",
            "name": "pam"
        },
        "full_log": "Nov 23 17:37:51 ubuntu systemd[4594]: pam_unix(systemd-user:session): session opened for user ubuntu(uid=1000) by (uid=0)",
        "input": {
            "type": "log"
        },
        "@timestamp": "2025-11-23T17:37:52.499Z",
        "location": "journald",
        "id": "1763919472.396899",
        "timestamp": "2025-11-23T17:37:52.499+0000"
    },
    {
        "predecoder": {
            "hostname": "ubuntu",
            "program_name": "login",
            "timestamp": "Nov 23 17:37:51"
        },
        "agent": {
            "name": "ubuntu",
            "id": "000"
        },
        "manager": {
            "name": "ubuntu"
        },
        "data": {
            "srcuser": "LOGIN",
            "uid": "0",
            "dstuser": "ubuntu"
        },
        "rule": {
            "mail": false,
            "level": 3,
            "pci_dss": [
                "10.2.5"
            ],
            "hipaa": [
                "164.312.b"
            ],
            "tsc": [
                "CC6.8",
                "CC7.2",
                "CC7.3"
            ],
            "description": "PAM: Login session opened.",
            "groups": [
                "pam",
                "syslog",
                "authentication_success"
            ],
            "nist_800_53": [
                "AU.14",
                "AC.7"
            ],
            "gdpr": [
                "IV_32.2"
            ],
            "firedtimes": 1,
            "mitre": {
                "technique": [
                    "Valid Accounts"
                ],
                "id": [
                    "T1078"
                ],
                "tactic": [
                    "Defense Evasion",
                    "Persistence",
                    "Privilege Escalation",
                    "Initial Access"
                ]
            },
            "id": "5501",
            "gpg13": [
                "7.8",
                "7.9"
            ]
        },
        "decoder": {
            "parent": "pam",
            "name": "pam"
        },
        "full_log": "Nov 23 17:37:51 ubuntu login[1000]: pam_unix(login:session): session opened for user ubuntu(uid=1000) by LOGIN(uid=0)",
        "input": {
            "type": "log"
        },
        "@timestamp": "2025-11-23T17:37:52.497Z",
        "location": "journald",
        "id": "1763919472.397327",
        "timestamp": "2025-11-23T17:37:52.497+0000"
    },
    {
        "agent": {
            "ip": "192.168.44.137",
            "name": "win",
            "id": "001"
        },
        "manager": {
            "name": "ubuntu"
        },
        "data": {
            "win": {
                "eventdata": {
                    "targetLogonId": "0x1601069",
                    "targetUserName": "windows",
                    "targetDomainName": "DESKTOP-SIJOGEC",
                    "targetUserSid": "S-1-5-21-2643128391-4121916274-1247374836-1001",
                    "logonType": "2"
                },
                "system": {
                    "eventID": "4634",
                    "keywords": "0x8020000000000000",
                    "providerGuid": "{54849625-5478-4994-a5ba-3e3b0328c30d}",
                    "level": "0",
                    "channel": "Security",
                    "opcode": "0",
                    "message": "\"An account was logged off.\r\n\r\nSubject:\r\n\tSecurity ID:\t\tS-1-5-21-2643128391-4121916274-1247374836-1001\r\n\tAccount Name:\t\twindows\r\n\tAccount Domain:\t\tDESKTOP-SIJOGEC\r\n\tLogon ID:\t\t0x1601069\r\n\r\nLogon Type:\t\t\t2\r\n\r\nThis event is generated when a logon session is destroyed. It may be positively correlated with a logon event using the Logon ID value. Logon IDs are only unique between reboots on the same computer.\"",
                    "version": "0",
                    "systemTime": "2025-11-23T17:37:32.9895162Z",
                    "eventRecordID": "17993",
                    "threadID": "712",
                    "computer": "DESKTOP-SIJOGEC",
                    "task": "12545",
                    "processID": "680",
                    "severityValue": "AUDIT_SUCCESS",
                    "providerName": "Microsoft-Windows-Security-Auditing"
                }
            }
        },
        "rule": {
            "firedtimes": 2,
            "mail": false,
            "level": 3,
            "description": "Non service account logged off.",
            "groups": [
                "windows",
                " WEF"
            ],
            "id": "67023"
        },
        "decoder": {
            "name": "windows_eventchannel"
        },
        "input": {
            "type": "log"
        },
        "@timestamp": "2025-11-23T17:37:34.478Z",
        "location": "EventChannel",
        "id": "1763919454.394503",
        "timestamp": "2025-11-23T17:37:34.478+0000"
    },
    {
        "agent": {
            "ip": "192.168.44.137",
            "name": "win",
            "id": "001"
        },
        "manager": {
            "name": "ubuntu"
        },
        "data": {
            "win": {
                "eventdata": {
                    "targetLogonId": "0x160108a",
                    "targetUserName": "windows",
                    "targetDomainName": "DESKTOP-SIJOGEC",
                    "targetUserSid": "S-1-5-21-2643128391-4121916274-1247374836-1001",
                    "logonType": "2"
                },
                "system": {
                    "eventID": "4634",
                    "keywords": "0x8020000000000000",
                    "providerGuid": "{54849625-5478-4994-a5ba-3e3b0328c30d}",
                    "level": "0",
                    "channel": "Security",
                    "opcode": "0",
                    "message": "\"An account was logged off.\r\n\r\nSubject:\r\n\tSecurity ID:\t\tS-1-5-21-2643128391-4121916274-1247374836-1001\r\n\tAccount Name:\t\twindows\r\n\tAccount Domain:\t\tDESKTOP-SIJOGEC\r\n\tLogon ID:\t\t0x160108A\r\n\r\nLogon Type:\t\t\t2\r\n\r\nThis event is generated when a logon session is destroyed. It may be positively correlated with a logon event using the Logon ID value. Logon IDs are only unique between reboots on the same computer.\"",
                    "version": "0",
                    "systemTime": "2025-11-23T17:37:32.9879576Z",
                    "eventRecordID": "17992",
                    "threadID": "6360",
                    "computer": "DESKTOP-SIJOGEC",
                    "task": "12545",
                    "processID": "680",
                    "severityValue": "AUDIT_SUCCESS",
                    "providerName": "Microsoft-Windows-Security-Auditing"
                }
            }
        },
        "rule": {
            "firedtimes": 1,
            "mail": false,
            "level": 3,
            "description": "Non service account logged off.",
            "groups": [
                "windows",
                " WEF"
            ],
            "id": "67023"
        },
        "decoder": {
            "name": "windows_eventchannel"
        },
        "input": {
            "type": "log"
        },
        "@timestamp": "2025-11-23T17:37:34.462Z",
        "location": "EventChannel",
        "id": "1763919454.392105",
        "timestamp": "2025-11-23T17:37:34.462+0000"
    },
    {
        "agent": {
            "ip": "192.168.44.137",
            "name": "win",
            "id": "001"
        },
        "manager": {
            "name": "ubuntu"
        },
        "data": {
            "win": {
                "eventdata": {
                    "subjectLogonId": "0x1601069",
                    "subjectUserSid": "S-1-5-21-2643128391-4121916274-1247374836-1001",
                    "subjectDomainName": "DESKTOP-SIJOGEC",
                    "privilegeList": "SeSecurityPrivilege     SeTakeOwnershipPrivilege     SeLoadDriverPrivilege     SeBackupPrivilege     SeRestorePrivilege     SeDebugPrivilege     SeSystemEnvironmentPrivilege     SeImpersonatePrivilege     SeDelegateSessionUserImpersonatePrivilege",
                    "subjectUserName": "windows"
                },
                "system": {
                    "eventID": "4672",
                    "keywords": "0x8020000000000000",
                    "providerGuid": "{54849625-5478-4994-a5ba-3e3b0328c30d}",
                    "level": "0",
                    "channel": "Security",
                    "opcode": "0",
                    "message": "\"Special privileges assigned to new logon.\r\n\r\nSubject:\r\n\tSecurity ID:\t\tS-1-5-21-2643128391-4121916274-1247374836-1001\r\n\tAccount Name:\t\twindows\r\n\tAccount Domain:\t\tDESKTOP-SIJOGEC\r\n\tLogon ID:\t\t0x1601069\r\n\r\nPrivileges:\t\tSeSecurityPrivilege\r\n\t\t\tSeTakeOwnershipPrivilege\r\n\t\t\tSeLoadDriverPrivilege\r\n\t\t\tSeBackupPrivilege\r\n\t\t\tSeRestorePrivilege\r\n\t\t\tSeDebugPrivilege\r\n\t\t\tSeSystemEnvironmentPrivilege\r\n\t\t\tSeImpersonatePrivilege\r\n\t\t\tSeDelegateSessionUserImpersonatePrivilege\"",
                    "version": "0",
                    "systemTime": "2025-11-23T17:37:32.9818641Z",
                    "eventRecordID": "17991",
                    "threadID": "6360",
                    "computer": "DESKTOP-SIJOGEC",
                    "task": "12548",
                    "processID": "680",
                    "severityValue": "AUDIT_SUCCESS",
                    "providerName": "Microsoft-Windows-Security-Auditing"
                }
            }
        },
        "rule": {
            "firedtimes": 1,
            "mail": false,
            "level": 3,
            "description": "Special privileges assigned to new logon.",
            "groups": [
                "windows",
                " WEF"
            ],
            "mitre": {
                "technique": [
                    "Domain Policy Modification"
                ],
                "id": [
                    "T1484"
                ],
                "tactic": [
                    "Defense Evasion",
                    "Privilege Escalation"
                ]
            },
            "id": "67028"
        },
        "decoder": {
            "name": "windows_eventchannel"
        },
        "input": {
            "type": "log"
        },
        "@timestamp": "2025-11-23T17:37:34.445Z",
        "location": "EventChannel",
        "id": "1763919454.389044",
        "timestamp": "2025-11-23T17:37:34.445+0000"
    },
    {
        "agent": {
            "ip": "192.168.44.137",
            "name": "win",
            "id": "001"
        },
        "manager": {
            "name": "ubuntu"
        },
        "data": {
            "win": {
                "eventdata": {
                    "subjectLogonId": "0x3e7",
                    "subjectDomainName": "WORKGROUP",
                    "targetLinkedLogonId": "0x1601069",
                    "impersonationLevel": "%%1833",
                    "ipAddress": "127.0.0.1",
                    "authenticationPackageName": "Negotiate",
                    "workstationName": "DESKTOP-SIJOGEC",
                    "targetLogonId": "0x160108a",
                    "logonProcessName": "User32",
                    "logonGuid": "{00000000-0000-0000-0000-000000000000}",
                    "targetUserName": "windows",
                    "keyLength": "0",
                    "elevatedToken": "%%1843",
                    "subjectUserSid": "S-1-5-18",
                    "processId": "0x578",
                    "processName": "C:\\\\Windows\\\\System32\\\\svchost.exe",
                    "ipPort": "0",
                    "targetDomainName": "DESKTOP-SIJOGEC",
                    "targetUserSid": "S-1-5-21-2643128391-4121916274-1247374836-1001",
                    "virtualAccount": "%%1843",
                    "logonType": "2",
                    "subjectUserName": "DESKTOP-SIJOGEC$"
                },
                "system": {
                    "eventID": "4624",
                    "keywords": "0x8020000000000000",
                    "providerGuid": "{54849625-5478-4994-a5ba-3e3b0328c30d}",
                    "level": "0",
                    "channel": "Security",
                    "opcode": "0",
                    "message": "\"An account was successfully logged on.\r\n\r\nSubject:\r\n\tSecurity ID:\t\tS-1-5-18\r\n\tAccount Name:\t\tDESKTOP-SIJOGEC$\r\n\tAccount Domain:\t\tWORKGROUP\r\n\tLogon ID:\t\t0x3E7\r\n\r\nLogon Information:\r\n\tLogon Type:\t\t2\r\n\tRestricted Admin Mode:\t-\r\n\tVirtual Account:\t\tNo\r\n\tElevated Token:\t\tNo\r\n\r\nImpersonation Level:\t\tImpersonation\r\n\r\nNew Logon:\r\n\tSecurity ID:\t\tS-1-5-21-2643128391-4121916274-1247374836-1001\r\n\tAccount Name:\t\twindows\r\n\tAccount Domain:\t\tDESKTOP-SIJOGEC\r\n\tLogon ID:\t\t0x160108A\r\n\tLinked Logon ID:\t\t0x1601069\r\n\tNetwork Account Name:\t-\r\n\tNetwork Account Domain:\t-\r\n\tLogon GUID:\t\t{00000000-0000-0000-0000-000000000000}\r\n\r\nProcess Information:\r\n\tProcess ID:\t\t0x578\r\n\tProcess Name:\t\tC:\\Windows\\System32\\svchost.exe\r\n\r\nNetwork Information:\r\n\tWorkstation Name:\tDESKTOP-SIJOGEC\r\n\tSource Network Address:\t127.0.0.1\r\n\tSource Port:\t\t0\r\n\r\nDetailed Authentication Information:\r\n\tLogon Process:\t\tUser32 \r\n\tAuthentication Package:\tNegotiate\r\n\tTransited Services:\t-\r\n\tPackage Name (NTLM only):\t-\r\n\tKey Length:\t\t0\r\n\r\nThis event is generated when a logon session is created. It is generated on the computer that was accessed.\r\n\r\nThe subject fields indicate the account on the local system which requested the logon. This is most commonly a service such as the Server service, or a local process such as Winlogon.exe or Services.exe.\r\n\r\nThe logon type field indicates the kind of logon that occurred. The most common types are 2 (interactive) and 3 (network).\r\n\r\nThe New Logon fields indicate the account for whom the new logon was created, i.e. the account that was logged on.\r\n\r\nThe network fields indicate where a remote logon request originated. Workstation name is not always available and may be left blank in some cases.\r\n\r\nThe impersonation level field indicates the extent to which a process in the logon session can impersonate.\r\n\r\nThe authentication information fields provide detailed information about this specific logon request.\r\n\t- Logon GUID is a unique identifier that can be used to correlate this event with a KDC event.\r\n\t- Transited services indicate which intermediate services have participated in this logon request.\r\n\t- Package name indicates which sub-protocol was used among the NTLM protocols.\r\n\t- Key length indicates the length of the generated session key. This will be 0 if no session key was requested.\"",
                    "version": "2",
                    "systemTime": "2025-11-23T17:37:32.9818585Z",
                    "eventRecordID": "17990",
                    "threadID": "6360",
                    "computer": "DESKTOP-SIJOGEC",
                    "task": "12544",
                    "processID": "680",
                    "severityValue": "AUDIT_SUCCESS",
                    "providerName": "Microsoft-Windows-Security-Auditing"
                }
            }
        },
        "rule": {
            "mail": false,
            "level": 3,
            "pci_dss": [
                "10.2.5"
            ],
            "hipaa": [
                "164.312.b"
            ],
            "tsc": [
                "CC6.8",
                "CC7.2",
                "CC7.3"
            ],
            "description": "Windows Workstation Logon Success",
            "groups": [
                "windows",
                "windows_security",
                "authentication_success"
            ],
            "nist_800_53": [
                "AU.14",
                "AC.9"
            ],
            "gdpr": [
                "IV_32.2"
            ],
            "firedtimes": 2,
            "mitre": {
                "technique": [
                    "Valid Accounts"
                ],
                "id": [
                    "T1078"
                ],
                "tactic": [
                    "Defense Evasion",
                    "Persistence",
                    "Privilege Escalation",
                    "Initial Access"
                ]
            },
            "id": "60118",
            "gpg13": [
                "7.1",
                "7.2"
            ]
        },
        "decoder": {
            "name": "windows_eventchannel"
        },
        "input": {
            "type": "log"
        },
        "@timestamp": "2025-11-23T17:37:34.429Z",
        "location": "EventChannel",
        "id": "1763919454.381288",
        "timestamp": "2025-11-23T17:37:34.429+0000"
    },
    {
        "agent": {
            "ip": "192.168.44.137",
            "name": "win",
            "id": "001"
        },
        "manager": {
            "name": "ubuntu"
        },
        "data": {
            "win": {
                "eventdata": {
                    "subjectLogonId": "0x3e7",
                    "subjectDomainName": "WORKGROUP",
                    "targetLinkedLogonId": "0x160108a",
                    "impersonationLevel": "%%1833",
                    "ipAddress": "127.0.0.1",
                    "authenticationPackageName": "Negotiate",
                    "workstationName": "DESKTOP-SIJOGEC",
                    "targetLogonId": "0x1601069",
                    "logonProcessName": "User32",
                    "logonGuid": "{00000000-0000-0000-0000-000000000000}",
                    "targetUserName": "windows",
                    "keyLength": "0",
                    "elevatedToken": "%%1842",
                    "subjectUserSid": "S-1-5-18",
                    "processId": "0x578",
                    "processName": "C:\\\\Windows\\\\System32\\\\svchost.exe",
                    "ipPort": "0",
                    "targetDomainName": "DESKTOP-SIJOGEC",
                    "targetUserSid": "S-1-5-21-2643128391-4121916274-1247374836-1001",
                    "virtualAccount": "%%1843",
                    "logonType": "2",
                    "subjectUserName": "DESKTOP-SIJOGEC$"
                },
                "system": {
                    "eventID": "4624",
                    "keywords": "0x8020000000000000",
                    "providerGuid": "{54849625-5478-4994-a5ba-3e3b0328c30d}",
                    "level": "0",
                    "channel": "Security",
                    "opcode": "0",
                    "message": "\"An account was successfully logged on.\r\n\r\nSubject:\r\n\tSecurity ID:\t\tS-1-5-18\r\n\tAccount Name:\t\tDESKTOP-SIJOGEC$\r\n\tAccount Domain:\t\tWORKGROUP\r\n\tLogon ID:\t\t0x3E7\r\n\r\nLogon Information:\r\n\tLogon Type:\t\t2\r\n\tRestricted Admin Mode:\t-\r\n\tVirtual Account:\t\tNo\r\n\tElevated Token:\t\tYes\r\n\r\nImpersonation Level:\t\tImpersonation\r\n\r\nNew Logon:\r\n\tSecurity ID:\t\tS-1-5-21-2643128391-4121916274-1247374836-1001\r\n\tAccount Name:\t\twindows\r\n\tAccount Domain:\t\tDESKTOP-SIJOGEC\r\n\tLogon ID:\t\t0x1601069\r\n\tLinked Logon ID:\t\t0x160108A\r\n\tNetwork Account Name:\t-\r\n\tNetwork Account Domain:\t-\r\n\tLogon GUID:\t\t{00000000-0000-0000-0000-000000000000}\r\n\r\nProcess Information:\r\n\tProcess ID:\t\t0x578\r\n\tProcess Name:\t\tC:\\Windows\\System32\\svchost.exe\r\n\r\nNetwork Information:\r\n\tWorkstation Name:\tDESKTOP-SIJOGEC\r\n\tSource Network Address:\t127.0.0.1\r\n\tSource Port:\t\t0\r\n\r\nDetailed Authentication Information:\r\n\tLogon Process:\t\tUser32 \r\n\tAuthentication Package:\tNegotiate\r\n\tTransited Services:\t-\r\n\tPackage Name (NTLM only):\t-\r\n\tKey Length:\t\t0\r\n\r\nThis event is generated when a logon session is created. It is generated on the computer that was accessed.\r\n\r\nThe subject fields indicate the account on the local system which requested the logon. This is most commonly a service such as the Server service, or a local process such as Winlogon.exe or Services.exe.\r\n\r\nThe logon type field indicates the kind of logon that occurred. The most common types are 2 (interactive) and 3 (network).\r\n\r\nThe New Logon fields indicate the account for whom the new logon was created, i.e. the account that was logged on.\r\n\r\nThe network fields indicate where a remote logon request originated. Workstation name is not always available and may be left blank in some cases.\r\n\r\nThe impersonation level field indicates the extent to which a process in the logon session can impersonate.\r\n\r\nThe authentication information fields provide detailed information about this specific logon request.\r\n\t- Logon GUID is a unique identifier that can be used to correlate this event with a KDC event.\r\n\t- Transited services indicate which intermediate services have participated in this logon request.\r\n\t- Package name indicates which sub-protocol was used among the NTLM protocols.\r\n\t- Key length indicates the length of the generated session key. This will be 0 if no session key was requested.\"",
                    "version": "2",
                    "systemTime": "2025-11-23T17:37:32.9818432Z",
                    "eventRecordID": "17989",
                    "threadID": "6360",
                    "computer": "DESKTOP-SIJOGEC",
                    "task": "12544",
                    "processID": "680",
                    "severityValue": "AUDIT_SUCCESS",
                    "providerName": "Microsoft-Windows-Security-Auditing"
                }
            }
        },
        "rule": {
            "mail": false,
            "level": 3,
            "pci_dss": [
                "10.2.5"
            ],
            "hipaa": [
                "164.312.b"
            ],
            "tsc": [
                "CC6.8",
                "CC7.2",
                "CC7.3"
            ],
            "description": "Windows Workstation Logon Success",
            "groups": [
                "windows",
                "windows_security",
                "authentication_success"
            ],
            "nist_800_53": [
                "AU.14",
                "AC.9"
            ],
            "gdpr": [
                "IV_32.2"
            ],
            "firedtimes": 1,
            "mitre": {
                "technique": [
                    "Valid Accounts"
                ],
                "id": [
                    "T1078"
                ],
                "tactic": [
                    "Defense Evasion",
                    "Persistence",
                    "Privilege Escalation",
                    "Initial Access"
                ]
            },
            "id": "60118",
            "gpg13": [
                "7.1",
                "7.2"
            ]
        },
        "decoder": {
            "name": "windows_eventchannel"
        },
        "input": {
            "type": "log"
        },
        "@timestamp": "2025-11-23T17:37:34.420Z",
        "location": "EventChannel",
        "id": "1763919454.373530",
        "timestamp": "2025-11-23T17:37:34.420+0000"
    },
