    {
        "agent": {
            "ip": "192.168.44.137",
            "name": "win",
            "id": "001"
        },
        "manager": {
            "name": "ubuntu"
        },
        "data": {
            "win": {
                "eventdata": {
                    "data": "svchost, 8216,R,98, DS_Token_DB:, C:\\\\Windows\\\\system32\\\\config\\\\systemprofile\\\\AppData\\\\Local\\\\DataSharing\\\\Storage\\\\DSS.log,  [1] 0.003863 -0.001786 (2) CM -0.002193 (4) WT +J(CM:2, PgRf:78, Rd:17/1, Dy:1/1, Lg:12164/156) +M(C:160K, Fs:23, WS:88K # 88K, PF:168K # 172K, P:168K)., Insert, 55"
                },
                "system": {
                    "eventID": "301",
                    "keywords": "0x80000000000000",
                    "level": "4",
                    "channel": "Application",
                    "opcode": "0",
                    "message": "\"svchost (8216,R,98) DS_Token_DB: The database engine has finished replaying logfile C:\\Windows\\system32\\config\\systemprofile\\AppData\\Local\\DataSharing\\Storage\\DSS.log. \r\n \r\nProcessing Stats: \n[1] 0.003863 -0.001786 (2) CM -0.002193 (4) WT +J(CM:2, PgRf:78, Rd:17/1, Dy:1/1, Lg:12164/156) +M(C:160K, Fs:23, WS:88K # 88K, PF:168K # 172K, P:168K). \r\nLog record of type 'Insert   ' was seen most frequently (55 times)\"",
                    "version": "0",
                    "systemTime": "2025-11-23T03:58:33.0870006Z",
                    "eventRecordID": "1500",
                    "threadID": "0",
                    "computer": "DESKTOP-SIJOGEC",
                    "task": "3",
                    "processID": "0",
                    "severityValue": "INFORMATION",
                    "providerName": "ESENT"
                }
            }
        },
        "rule": {
            "firedtimes": 2,
            "mail": false,
            "level": 3,
            "description": "The database engine is replaying log file C:\\Winnt\\system32\\wins\\j50.log.",
            "groups": [
                "windows",
                "windows_application"
            ],
            "id": "60808"
        },
        "decoder": {
            "name": "windows_eventchannel"
        },
        "input": {
            "type": "log"
        },
        "@timestamp": "2025-11-23T03:58:34.468Z",
        "location": "EventChannel",
        "id": "1763870314.112965",
        "timestamp": "2025-11-23T03:58:34.468+0000"
    },
    {
        "agent": {
            "ip": "192.168.44.137",
            "name": "win",
            "id": "001"
        },
        "manager": {
            "name": "ubuntu"
        },
        "data": {
            "win": {
                "eventdata": {
                    "data": "svchost, 8216,R,98, DS_Token_DB:, C:\\\\Windows\\\\system32\\\\config\\\\systemprofile\\\\AppData\\\\Local\\\\DataSharing\\\\Storage\\\\DSS00001.log,  [1] 0.097004 -0.079671 (281) CM -0.051978 (289) WT +J(CM:281, PgRf:334, Rd:0/281, Dy:2/4, Lg:56674/750) +M(C:8K, Fs:154, WS:532K # 532K, PF:664K # 664K, P:664K)., Insert, 288"
                },
                "system": {
                    "eventID": "301",
                    "keywords": "0x80000000000000",
                    "level": "4",
                    "channel": "Application",
                    "opcode": "0",
                    "message": "\"svchost (8216,R,98) DS_Token_DB: The database engine has finished replaying logfile C:\\Windows\\system32\\config\\systemprofile\\AppData\\Local\\DataSharing\\Storage\\DSS00001.log. \r\n \r\nProcessing Stats: \n[1] 0.097004 -0.079671 (281) CM -0.051978 (289) WT +J(CM:281, PgRf:334, Rd:0/281, Dy:2/4, Lg:56674/750) +M(C:8K, Fs:154, WS:532K # 532K, PF:664K # 664K, P:664K). \r\nLog record of type 'Insert   ' was seen most frequently (288 times)\"",
                    "version": "0",
                    "systemTime": "2025-11-23T03:58:33.0712524Z",
                    "eventRecordID": "1499",
                    "threadID": "0",
                    "computer": "DESKTOP-SIJOGEC",
                    "task": "3",
                    "processID": "0",
                    "severityValue": "INFORMATION",
                    "providerName": "ESENT"
                }
            }
        },
        "rule": {
            "firedtimes": 1,
            "mail": false,
            "level": 3,
            "description": "The database engine is replaying log file C:\\Winnt\\system32\\wins\\j50.log.",
            "groups": [
                "windows",
                "windows_application"
            ],
            "id": "60808"
        },
        "decoder": {
            "name": "windows_eventchannel"
        },
        "input": {
            "type": "log"
        },
        "@timestamp": "2025-11-23T03:58:34.461Z",
        "location": "EventChannel",
        "id": "1763870314.110426",
        "timestamp": "2025-11-23T03:58:34.461+0000"
    },
    {
        "agent": {
            "ip": "192.168.44.137",
            "name": "win",
            "id": "001"
        },
        "manager": {
            "name": "ubuntu"
        },
        "data": {
            "win": {
                "eventdata": {
                    "data": "svchost, 8216,R,98, DS_Token_DB:"
                },
                "system": {
                    "eventID": "300",
                    "keywords": "0x80000000000000",
                    "level": "4",
                    "channel": "Application",
                    "opcode": "0",
                    "message": "\"svchost (8216,R,98) DS_Token_DB: The database engine is initiating recovery steps.\"",
                    "version": "0",
                    "systemTime": "2025-11-23T03:58:32.9775461Z",
                    "eventRecordID": "1498",
                    "threadID": "0",
                    "computer": "DESKTOP-SIJOGEC",
                    "task": "3",
                    "processID": "0",
                    "severityValue": "INFORMATION",
                    "providerName": "ESENT"
                }
            }
        },
        "rule": {
            "firedtimes": 1,
            "mail": false,
            "level": 3,
            "description": "The database engine is initiating recovery steps.",
            "groups": [
                "windows",
                "windows_application"
            ],
            "id": "60807"
        },
        "decoder": {
            "name": "windows_eventchannel"
        },
        "input": {
            "type": "log"
        },
        "@timestamp": "2025-11-23T03:58:34.406Z",
        "location": "EventChannel",
        "id": "1763870314.109187",
        "timestamp": "2025-11-23T03:58:34.406+0000"
    },
    {
        "agent": {
            "ip": "192.168.44.137",
            "name": "win",
            "id": "001"
        },
        "manager": {
            "name": "ubuntu"
        },
        "data": {
            "win": {
                "eventdata": {
                    "data": "svchost, 8216,P,98, DS_Token_DB:, 0, 10, 00, 19045, 0000"
                },
                "system": {
                    "eventID": "102",
                    "keywords": "0x80000000000000",
                    "level": "4",
                    "channel": "Application",
                    "opcode": "0",
                    "message": "\"svchost (8216,P,98) DS_Token_DB: The database engine (10.00.19045.0000) is starting a new instance (0).\"",
                    "version": "0",
                    "systemTime": "2025-11-23T03:58:32.9617142Z",
                    "eventRecordID": "1497",
                    "threadID": "0",
                    "computer": "DESKTOP-SIJOGEC",
                    "task": "1",
                    "processID": "0",
                    "severityValue": "INFORMATION",
                    "providerName": "ESENT"
                }
            }
        },
        "rule": {
            "firedtimes": 1,
            "mail": false,
            "level": 3,
            "description": "The database engine is starting a new instance.",
            "groups": [
                "windows",
                "windows_application"
            ],
            "id": "60805"
        },
        "decoder": {
            "name": "windows_eventchannel"
        },
        "input": {
            "type": "log"
        },
        "@timestamp": "2025-11-23T03:58:34.405Z",
        "location": "EventChannel",
        "id": "1763870314.107860",
        "timestamp": "2025-11-23T03:58:34.405+0000"
    },
    {
        "agent": {
            "ip": "192.168.44.137",
            "name": "win",
            "id": "001"
        },
        "manager": {
            "name": "ubuntu"
        },
        "data": {
            "win": {
                "eventdata": {
                    "param3": "auto start",
                    "param4": "BITS",
                    "param1": "Background Intelligent Transfer Service",
                    "param2": "demand start"
                },
                "system": {
                    "eventID": "7040",
                    "eventSourceName": "Service Control Manager",
                    "keywords": "0x8080000000000000",
                    "providerGuid": "{555908d1-a6d7-4695-8e1e-26931d2012f4}",
                    "level": "4",
                    "channel": "System",
                    "opcode": "0",
                    "message": "\"The start type of the Background Intelligent Transfer Service service was changed from demand start to auto start.\"",
                    "version": "0",
                    "systemTime": "2025-11-23T03:57:26.5553697Z",
                    "eventRecordID": "782",
                    "threadID": "5440",
                    "computer": "DESKTOP-SIJOGEC",
                    "task": "0",
                    "processID": "636",
                    "severityValue": "INFORMATION",
                    "providerName": "Service Control Manager"
                }
            }
        },
        "rule": {
            "firedtimes": 3,
            "mail": false,
            "level": 3,
            "pci_dss": [
                "10.6"
            ],
            "hipaa": [
                "164.312.b"
            ],
            "tsc": [
                "CC6.1",
                "CC6.8",
                "CC7.2",
                "CC7.3"
            ],
            "description": "Service startup type was changed",
            "groups": [
                "windows",
                "windows_system",
                "policy_changed"
            ],
            "id": "61104",
            "nist_800_53": [
                "AU.6"
            ],
            "info": "This does not appear to be logged on Windows 2000",
            "gdpr": [
                "IV_35.7.d"
            ]
        },
        "decoder": {
            "name": "windows_eventchannel"
        },
        "input": {
            "type": "log"
        },
        "@timestamp": "2025-11-23T03:57:28.601Z",
        "location": "EventChannel",
        "id": "1763870248.106032",
        "timestamp": "2025-11-23T03:57:28.601+0000"
    },
    {
        "agent": {
            "ip": "192.168.44.137",
            "name": "win",
            "id": "001"
        },
        "manager": {
            "name": "ubuntu"
        },
        "data": {
            "extra_data": "win->192.168.44.137"
        },
        "rule": {
            "firedtimes": 1,
            "mail": false,
            "level": 3,
            "pci_dss": [
                "10.6.1",
                "10.2.6"
            ],
            "hipaa": [
                "164.312.b"
            ],
            "tsc": [
                "CC7.2",
                "CC7.3",
                "CC6.8"
            ],
            "description": "Wazuh agent started.",
            "groups": [
                "ossec"
            ],
            "id": "503",
            "nist_800_53": [
                "AU.6",
                "AU.14",
                "AU.5"
            ],
            "gpg13": [
                "10.1"
            ],
            "gdpr": [
                "IV_35.7.d"
            ]
        },
        "decoder": {
            "parent": "ossec",
            "name": "ossec"
        },
        "full_log": "ossec: Agent started: 'win->192.168.44.137'.",
        "input": {
            "type": "log"
        },
        "@timestamp": "2025-11-23T03:51:03.628Z",
        "location": "wazuh-agent",
        "id": "1763869863.105694",
        "timestamp": "2025-11-23T03:51:03.628+0000"
    },
    {
        "agent": {
            "ip": "192.168.44.137",
            "name": "win",
            "id": "001"
        },
        "manager": {
            "name": "ubuntu"
        },
        "data": {
            "extra_data": "win->192.168.44.137"
        },
        "rule": {
            "mail": false,
            "level": 3,
            "pci_dss": [
                "10.6.1",
                "10.2.6"
            ],
            "hipaa": [
                "164.312.b"
            ],
            "tsc": [
                "CC7.2",
                "CC7.3",
                "CC6.8"
            ],
            "description": "Wazuh agent stopped.",
            "groups": [
                "ossec"
            ],
            "nist_800_53": [
                "AU.6",
                "AU.14",
                "AU.5"
            ],
            "gdpr": [
                "IV_35.7.d"
            ],
            "firedtimes": 1,
            "mitre": {
                "technique": [
                    "Disable or Modify Tools"
                ],
                "id": [
                    "T1562.001"
                ],
                "tactic": [
                    "Defense Evasion"
                ]
            },
            "id": "506",
            "gpg13": [
                "10.1"
            ]
        },
        "decoder": {
            "parent": "ossec",
            "name": "ossec"
        },
        "full_log": "ossec: Agent stopped: 'win->192.168.44.137'.",
        "input": {
            "type": "log"
        },
        "@timestamp": "2025-11-23T03:51:01.845Z",
        "location": "wazuh-remoted",
        "id": "1763869861.105354",
        "timestamp": "2025-11-23T03:51:01.845+0000"
    },
    {
        "agent": {
            "ip": "192.168.44.137",
            "name": "win",
            "id": "001"
        },
        "manager": {
            "name": "ubuntu"
        },
        "data": {
            "win": {
                "eventdata": {
                    "serviceType": "kernel mode driver",
                    "imagePath": "C:\\\\Windows\\\\SysmonDrv.sys",
                    "startType": "boot start",
                    "serviceName": "SysmonDrv"
                },
                "system": {
                    "eventID": "7045",
                    "eventSourceName": "Service Control Manager",
                    "keywords": "0x8080000000000000",
                    "providerGuid": "{555908d1-a6d7-4695-8e1e-26931d2012f4}",
                    "level": "4",
                    "channel": "System",
                    "opcode": "0",
                    "message": "\"A service was installed in the system.\r\n\r\nService Name:  SysmonDrv\r\nService File Name:  C:\\Windows\\SysmonDrv.sys\r\nService Type:  kernel mode driver\r\nService Start Type:  boot start\r\nService Account:  \"",
                    "version": "0",
                    "systemTime": "2025-11-23T03:48:05.9892735Z",
                    "eventRecordID": "780",
                    "threadID": "5440",
                    "computer": "DESKTOP-SIJOGEC",
                    "task": "0",
                    "processID": "636",
                    "severityValue": "INFORMATION",
                    "providerName": "Service Control Manager"
                }
            }
        },
        "rule": {
            "firedtimes": 2,
            "mail": false,
            "level": 5,
            "description": "New Windows Service Created",
            "groups": [
                "windows",
                "windows_system"
            ],
            "mitre": {
                "technique": [
                    "Windows Service"
                ],
                "id": [
                    "T1543.003"
                ],
                "tactic": [
                    "Persistence",
                    "Privilege Escalation"
                ]
            },
            "id": "61138"
        },
        "decoder": {
            "name": "windows_eventchannel"
        },
        "input": {
            "type": "log"
        },
        "@timestamp": "2025-11-23T03:48:08.518Z",
        "location": "EventChannel",
        "id": "1763869688.103429",
        "timestamp": "2025-11-23T03:48:08.518+0000"
    },
    {
        "agent": {
            "ip": "192.168.44.137",
            "name": "win",
            "id": "001"
        },
        "manager": {
            "name": "ubuntu"
        },
        "data": {
            "win": {
                "eventdata": {
                    "serviceType": "user mode service",
                    "accountName": "LocalSystem",
                    "imagePath": "C:\\\\Windows\\\\Sysmon64.exe",
                    "startType": "auto start",
                    "serviceName": "Sysmon64"
                },
                "system": {
                    "eventID": "7045",
                    "eventSourceName": "Service Control Manager",
                    "keywords": "0x8080000000000000",
                    "providerGuid": "{555908d1-a6d7-4695-8e1e-26931d2012f4}",
                    "level": "4",
                    "channel": "System",
                    "opcode": "0",
                    "message": "\"A service was installed in the system.\r\n\r\nService Name:  Sysmon64\r\nService File Name:  C:\\Windows\\Sysmon64.exe\r\nService Type:  user mode service\r\nService Start Type:  auto start\r\nService Account:  LocalSystem\"",
                    "version": "0",
                    "systemTime": "2025-11-23T03:48:05.9892735Z",
                    "eventRecordID": "779",
                    "threadID": "5440",
                    "computer": "DESKTOP-SIJOGEC",
                    "task": "0",
                    "processID": "636",
                    "severityValue": "INFORMATION",
                    "providerName": "Service Control Manager"
                }
            }
        },
        "rule": {
            "firedtimes": 1,
            "mail": false,
            "level": 5,
            "description": "New Windows Service Created",
            "groups": [
                "windows",
                "windows_system"
            ],
            "mitre": {
                "technique": [
                    "Windows Service"
                ],
                "id": [
                    "T1543.003"
                ],
                "tactic": [
                    "Persistence",
                    "Privilege Escalation"
                ]
            },
            "id": "61138"
        },
        "decoder": {
            "name": "windows_eventchannel"
        },
        "input": {
            "type": "log"
        },
        "@timestamp": "2025-11-23T03:48:08.477Z",
        "location": "EventChannel",
        "id": "1763869688.101427",
        "timestamp": "2025-11-23T03:48:08.477+0000"
    },
    {
        "agent": {
            "ip": "192.168.44.137",
            "name": "win",
            "id": "001"
        },
        "manager": {
            "name": "ubuntu"
        },
        "data": {
            "win": {
                "eventdata": {
                    "param3": "demand start",
                    "param4": "BITS",
                    "param1": "Background Intelligent Transfer Service",
                    "param2": "auto start"
                },
                "system": {
                    "eventID": "7040",
                    "eventSourceName": "Service Control Manager",
                    "keywords": "0x8080000000000000",
                    "providerGuid": "{555908d1-a6d7-4695-8e1e-26931d2012f4}",
                    "level": "4",
                    "channel": "System",
                    "opcode": "0",
                    "message": "\"The start type of the Background Intelligent Transfer Service service was changed from auto start to demand start.\"",
                    "version": "0",
                    "systemTime": "2025-11-23T03:44:25.9828728Z",
                    "eventRecordID": "775",
                    "threadID": "5440",
                    "computer": "DESKTOP-SIJOGEC",
                    "task": "0",
                    "processID": "636",
                    "severityValue": "INFORMATION",
                    "providerName": "Service Control Manager"
                }
            }
        },
        "rule": {
            "firedtimes": 2,
            "mail": false,
            "level": 3,
            "pci_dss": [
                "10.6"
            ],
            "hipaa": [
                "164.312.b"
            ],
            "tsc": [
                "CC6.1",
                "CC6.8",
                "CC7.2",
                "CC7.3"
            ],
            "description": "Service startup type was changed",
            "groups": [
                "windows",
                "windows_system",
                "policy_changed"
            ],
            "id": "61104",
            "nist_800_53": [
                "AU.6"
            ],
            "info": "This does not appear to be logged on Windows 2000",
            "gdpr": [
                "IV_35.7.d"
            ]
        },
        "decoder": {
            "name": "windows_eventchannel"
        },
        "input": {
            "type": "log"
        },
        "@timestamp": "2025-11-23T03:44:28.410Z",
        "location": "EventChannel",
        "id": "1763869468.99600",
        "timestamp": "2025-11-23T03:44:28.410+0000"
    },
    {
        "agent": {
            "ip": "192.168.44.137",
            "name": "win",
            "id": "001"
        },
        "manager": {
            "name": "ubuntu"
        },
        "data": {
            "win": {
                "eventdata": {
                    "targetLogonId": "0x3326c9",
                    "targetUserName": "windows",
                    "targetDomainName": "DESKTOP-SIJOGEC",
                    "targetUserSid": "S-1-5-21-2643128391-4121916274-1247374836-1001",
                    "logonType": "2"
                },
                "system": {
                    "eventID": "4634",
                    "keywords": "0x8020000000000000",
                    "providerGuid": "{54849625-5478-4994-a5ba-3e3b0328c30d}",
                    "level": "0",
                    "channel": "Security",
                    "opcode": "0",
                    "message": "\"An account was logged off.\r\n\r\nSubject:\r\n\tSecurity ID:\t\tS-1-5-21-2643128391-4121916274-1247374836-1001\r\n\tAccount Name:\t\twindows\r\n\tAccount Domain:\t\tDESKTOP-SIJOGEC\r\n\tLogon ID:\t\t0x3326C9\r\n\r\nLogon Type:\t\t\t2\r\n\r\nThis event is generated when a logon session is destroyed. It may be positively correlated with a logon event using the Logon ID value. Logon IDs are only unique between reboots on the same computer.\"",
                    "version": "0",
                    "systemTime": "2025-11-23T03:42:31.2435946Z",
                    "eventRecordID": "16418",
                    "threadID": "1732",
                    "computer": "DESKTOP-SIJOGEC",
                    "task": "12545",
                    "processID": "672",
                    "severityValue": "AUDIT_SUCCESS",
                    "providerName": "Microsoft-Windows-Security-Auditing"
                }
            }
        },
        "rule": {
            "firedtimes": 2,
            "mail": false,
            "level": 3,
            "description": "Non service account logged off.",
            "groups": [
                "windows",
                " WEF"
            ],
            "id": "67023"
        },
        "decoder": {
            "name": "windows_eventchannel"
        },
        "input": {
            "type": "log"
        },
        "@timestamp": "2025-11-23T03:42:33.841Z",
        "location": "EventChannel",
        "id": "1763869353.97207",
        "timestamp": "2025-11-23T03:42:33.841+0000"
    },
    {
        "agent": {
            "ip": "192.168.44.137",
            "name": "win",
            "id": "001"
        },
        "manager": {
            "name": "ubuntu"
        },
        "data": {
            "win": {
                "eventdata": {
                    "targetLogonId": "0x3326aa",
                    "targetUserName": "windows",
                    "targetDomainName": "DESKTOP-SIJOGEC",
                    "targetUserSid": "S-1-5-21-2643128391-4121916274-1247374836-1001",
                    "logonType": "2"
                },
                "system": {
                    "eventID": "4634",
                    "keywords": "0x8020000000000000",
                    "providerGuid": "{54849625-5478-4994-a5ba-3e3b0328c30d}",
                    "level": "0",
                    "channel": "Security",
                    "opcode": "0",
                    "message": "\"An account was logged off.\r\n\r\nSubject:\r\n\tSecurity ID:\t\tS-1-5-21-2643128391-4121916274-1247374836-1001\r\n\tAccount Name:\t\twindows\r\n\tAccount Domain:\t\tDESKTOP-SIJOGEC\r\n\tLogon ID:\t\t0x3326AA\r\n\r\nLogon Type:\t\t\t2\r\n\r\nThis event is generated when a logon session is destroyed. It may be positively correlated with a logon event using the Logon ID value. Logon IDs are only unique between reboots on the same computer.\"",
                    "version": "0",
                    "systemTime": "2025-11-23T03:42:31.2445081Z",
                    "eventRecordID": "16419",
                    "threadID": "6540",
                    "computer": "DESKTOP-SIJOGEC",
                    "task": "12545",
                    "processID": "672",
                    "severityValue": "AUDIT_SUCCESS",
                    "providerName": "Microsoft-Windows-Security-Auditing"
                }
            }
        },
        "rule": {
            "firedtimes": 1,
            "mail": false,
            "level": 3,
            "description": "Non service account logged off.",
            "groups": [
                "windows",
                " WEF"
            ],
            "id": "67023"
        },
        "decoder": {
            "name": "windows_eventchannel"
        },
        "input": {
            "type": "log"
        },
        "@timestamp": "2025-11-23T03:42:33.840Z",
        "location": "EventChannel",
        "id": "1763869353.94814",
        "timestamp": "2025-11-23T03:42:33.840+0000"
    },
    {
        "agent": {
            "ip": "192.168.44.137",
            "name": "win",
            "id": "001"
        },
        "manager": {
            "name": "ubuntu"
        },
        "data": {
            "win": {
                "eventdata": {
                    "subjectLogonId": "0x3326aa",
                    "subjectUserSid": "S-1-5-21-2643128391-4121916274-1247374836-1001",
                    "subjectDomainName": "DESKTOP-SIJOGEC",
                    "privilegeList": "SeSecurityPrivilege     SeTakeOwnershipPrivilege     SeLoadDriverPrivilege     SeBackupPrivilege     SeRestorePrivilege     SeDebugPrivilege     SeSystemEnvironmentPrivilege     SeImpersonatePrivilege     SeDelegateSessionUserImpersonatePrivilege",
                    "subjectUserName": "windows"
                },
                "system": {
                    "eventID": "4672",
                    "keywords": "0x8020000000000000",
                    "providerGuid": "{54849625-5478-4994-a5ba-3e3b0328c30d}",
                    "level": "0",
                    "channel": "Security",
                    "opcode": "0",
                    "message": "\"Special privileges assigned to new logon.\r\n\r\nSubject:\r\n\tSecurity ID:\t\tS-1-5-21-2643128391-4121916274-1247374836-1001\r\n\tAccount Name:\t\twindows\r\n\tAccount Domain:\t\tDESKTOP-SIJOGEC\r\n\tLogon ID:\t\t0x3326AA\r\n\r\nPrivileges:\t\tSeSecurityPrivilege\r\n\t\t\tSeTakeOwnershipPrivilege\r\n\t\t\tSeLoadDriverPrivilege\r\n\t\t\tSeBackupPrivilege\r\n\t\t\tSeRestorePrivilege\r\n\t\t\tSeDebugPrivilege\r\n\t\t\tSeSystemEnvironmentPrivilege\r\n\t\t\tSeImpersonatePrivilege\r\n\t\t\tSeDelegateSessionUserImpersonatePrivilege\"",
                    "version": "0",
                    "systemTime": "2025-11-23T03:42:31.2403621Z",
                    "eventRecordID": "16417",
                    "threadID": "6540",
                    "computer": "DESKTOP-SIJOGEC",
                    "task": "12548",
                    "processID": "672",
                    "severityValue": "AUDIT_SUCCESS",
                    "providerName": "Microsoft-Windows-Security-Auditing"
                }
            }
        },
        "rule": {
            "firedtimes": 1,
            "mail": false,
            "level": 3,
            "description": "Special privileges assigned to new logon.",
            "groups": [
                "windows",
                " WEF"
            ],
            "mitre": {
                "technique": [
                    "Domain Policy Modification"
                ],
                "id": [
                    "T1484"
                ],
                "tactic": [
                    "Defense Evasion",
                    "Privilege Escalation"
                ]
            },
            "id": "67028"
        },
        "decoder": {
            "name": "windows_eventchannel"
        },
        "input": {
            "type": "log"
        },
        "@timestamp": "2025-11-23T03:42:33.809Z",
        "location": "EventChannel",
        "id": "1763869353.91758",
        "timestamp": "2025-11-23T03:42:33.809+0000"
    },
    {
        "agent": {
            "ip": "192.168.44.137",
            "name": "win",
            "id": "001"
        },
        "manager": {
            "name": "ubuntu"
        },
        "data": {
            "win": {
                "eventdata": {
                    "subjectLogonId": "0x3e7",
                    "subjectDomainName": "WORKGROUP",
                    "targetLinkedLogonId": "0x3326aa",
                    "impersonationLevel": "%%1833",
                    "ipAddress": "127.0.0.1",
                    "authenticationPackageName": "Negotiate",
                    "workstationName": "DESKTOP-SIJOGEC",
                    "targetLogonId": "0x3326c9",
                    "logonProcessName": "User32",
                    "logonGuid": "{00000000-0000-0000-0000-000000000000}",
                    "targetUserName": "windows",
                    "keyLength": "0",
                    "elevatedToken": "%%1843",
                    "subjectUserSid": "S-1-5-18",
                    "processId": "0x544",
                    "processName": "C:\\\\Windows\\\\System32\\\\svchost.exe",
                    "ipPort": "0",
                    "targetDomainName": "DESKTOP-SIJOGEC",
                    "targetUserSid": "S-1-5-21-2643128391-4121916274-1247374836-1001",
                    "virtualAccount": "%%1843",
                    "logonType": "2",
                    "subjectUserName": "DESKTOP-SIJOGEC$"
                },
                "system": {
                    "eventID": "4624",
                    "keywords": "0x8020000000000000",
                    "providerGuid": "{54849625-5478-4994-a5ba-3e3b0328c30d}",
                    "level": "0",
                    "channel": "Security",
                    "opcode": "0",
                    "message": "\"An account was successfully logged on.\r\n\r\nSubject:\r\n\tSecurity ID:\t\tS-1-5-18\r\n\tAccount Name:\t\tDESKTOP-SIJOGEC$\r\n\tAccount Domain:\t\tWORKGROUP\r\n\tLogon ID:\t\t0x3E7\r\n\r\nLogon Information:\r\n\tLogon Type:\t\t2\r\n\tRestricted Admin Mode:\t-\r\n\tVirtual Account:\t\tNo\r\n\tElevated Token:\t\tNo\r\n\r\nImpersonation Level:\t\tImpersonation\r\n\r\nNew Logon:\r\n\tSecurity ID:\t\tS-1-5-21-2643128391-4121916274-1247374836-1001\r\n\tAccount Name:\t\twindows\r\n\tAccount Domain:\t\tDESKTOP-SIJOGEC\r\n\tLogon ID:\t\t0x3326C9\r\n\tLinked Logon ID:\t\t0x3326AA\r\n\tNetwork Account Name:\t-\r\n\tNetwork Account Domain:\t-\r\n\tLogon GUID:\t\t{00000000-0000-0000-0000-000000000000}\r\n\r\nProcess Information:\r\n\tProcess ID:\t\t0x544\r\n\tProcess Name:\t\tC:\\Windows\\System32\\svchost.exe\r\n\r\nNetwork Information:\r\n\tWorkstation Name:\tDESKTOP-SIJOGEC\r\n\tSource Network Address:\t127.0.0.1\r\n\tSource Port:\t\t0\r\n\r\nDetailed Authentication Information:\r\n\tLogon Process:\t\tUser32 \r\n\tAuthentication Package:\tNegotiate\r\n\tTransited Services:\t-\r\n\tPackage Name (NTLM only):\t-\r\n\tKey Length:\t\t0\r\n\r\nThis event is generated when a logon session is created. It is generated on the computer that was accessed.\r\n\r\nThe subject fields indicate the account on the local system which requested the logon. This is most commonly a service such as the Server service, or a local process such as Winlogon.exe or Services.exe.\r\n\r\nThe logon type field indicates the kind of logon that occurred. The most common types are 2 (interactive) and 3 (network).\r\n\r\nThe New Logon fields indicate the account for whom the new logon was created, i.e. the account that was logged on.\r\n\r\nThe network fields indicate where a remote logon request originated. Workstation name is not always available and may be left blank in some cases.\r\n\r\nThe impersonation level field indicates the extent to which a process in the logon session can impersonate.\r\n\r\nThe authentication information fields provide detailed information about this specific logon request.\r\n\t- Logon GUID is a unique identifier that can be used to correlate this event with a KDC event.\r\n\t- Transited services indicate which intermediate services have participated in this logon request.\r\n\t- Package name indicates which sub-protocol was used among the NTLM protocols.\r\n\t- Key length indicates the length of the generated session key. This will be 0 if no session key was requested.\"",
                    "version": "2",
                    "systemTime": "2025-11-23T03:42:31.2403560Z",
                    "eventRecordID": "16416",
                    "threadID": "6540",
                    "computer": "DESKTOP-SIJOGEC",
                    "task": "12544",
                    "processID": "672",
                    "severityValue": "AUDIT_SUCCESS",
                    "providerName": "Microsoft-Windows-Security-Auditing"
                }
            }
        },
        "rule": {
            "mail": false,
            "level": 3,
            "pci_dss": [
                "10.2.5"
            ],
            "hipaa": [
                "164.312.b"
            ],
            "tsc": [
                "CC6.8",
                "CC7.2",
                "CC7.3"
            ],
            "description": "Windows Workstation Logon Success",
            "groups": [
                "windows",
                "windows_security",
                "authentication_success"
            ],
            "nist_800_53": [
                "AU.14",
                "AC.9"
            ],
            "gdpr": [
                "IV_32.2"
            ],
            "firedtimes": 1,
            "mitre": {
                "technique": [
                    "Valid Accounts"
                ],
                "id": [
                    "T1078"
                ],
                "tactic": [
                    "Defense Evasion",
                    "Persistence",
                    "Privilege Escalation",
                    "Initial Access"
                ]
            },
            "id": "60118",
            "gpg13": [
                "7.1",
                "7.2"
            ]
        },
        "decoder": {
            "name": "windows_eventchannel"
        },
        "input": {
            "type": "log"
        },
        "@timestamp": "2025-11-23T03:42:33.792Z",
        "location": "EventChannel",
        "id": "1763869353.84011",
        "timestamp": "2025-11-23T03:42:33.792+0000"
    },
    {
        "agent": {
            "ip": "192.168.44.137",
            "name": "win",
            "id": "001"
        },
        "manager": {
            "name": "ubuntu"
        },
        "data": {
            "win": {
                "eventdata": {
                    "subjectLogonId": "0x3e7",
                    "subjectDomainName": "WORKGROUP",
                    "targetLinkedLogonId": "0x3326c9",
                    "impersonationLevel": "%%1833",
                    "ipAddress": "127.0.0.1",
                    "authenticationPackageName": "Negotiate",
                    "workstationName": "DESKTOP-SIJOGEC",
                    "targetLogonId": "0x3326aa",
                    "logonProcessName": "User32",
                    "logonGuid": "{00000000-0000-0000-0000-000000000000}",
                    "targetUserName": "windows",
                    "keyLength": "0",
                    "elevatedToken": "%%1842",
                    "subjectUserSid": "S-1-5-18",
                    "processId": "0x544",
                    "processName": "C:\\\\Windows\\\\System32\\\\svchost.exe",
                    "ipPort": "0",
                    "targetDomainName": "DESKTOP-SIJOGEC",
                    "targetUserSid": "S-1-5-21-2643128391-4121916274-1247374836-1001",
                    "virtualAccount": "%%1843",
                    "logonType": "2",
                    "subjectUserName": "DESKTOP-SIJOGEC$"
                },
                "system": {
                    "eventID": "4624",
                    "keywords": "0x8020000000000000",
                    "providerGuid": "{54849625-5478-4994-a5ba-3e3b0328c30d}",
                    "level": "0",
                    "channel": "Security",
                    "opcode": "0",
                    "message": "\"An account was successfully logged on.\r\n\r\nSubject:\r\n\tSecurity ID:\t\tS-1-5-18\r\n\tAccount Name:\t\tDESKTOP-SIJOGEC$\r\n\tAccount Domain:\t\tWORKGROUP\r\n\tLogon ID:\t\t0x3E7\r\n\r\nLogon Information:\r\n\tLogon Type:\t\t2\r\n\tRestricted Admin Mode:\t-\r\n\tVirtual Account:\t\tNo\r\n\tElevated Token:\t\tYes\r\n\r\nImpersonation Level:\t\tImpersonation\r\n\r\nNew Logon:\r\n\tSecurity ID:\t\tS-1-5-21-2643128391-4121916274-1247374836-1001\r\n\tAccount Name:\t\twindows\r\n\tAccount Domain:\t\tDESKTOP-SIJOGEC\r\n\tLogon ID:\t\t0x3326AA\r\n\tLinked Logon ID:\t\t0x3326C9\r\n\tNetwork Account Name:\t-\r\n\tNetwork Account Domain:\t-\r\n\tLogon GUID:\t\t{00000000-0000-0000-0000-000000000000}\r\n\r\nProcess Information:\r\n\tProcess ID:\t\t0x544\r\n\tProcess Name:\t\tC:\\Windows\\System32\\svchost.exe\r\n\r\nNetwork Information:\r\n\tWorkstation Name:\tDESKTOP-SIJOGEC\r\n\tSource Network Address:\t127.0.0.1\r\n\tSource Port:\t\t0\r\n\r\nDetailed Authentication Information:\r\n\tLogon Process:\t\tUser32 \r\n\tAuthentication Package:\tNegotiate\r\n\tTransited Services:\t-\r\n\tPackage Name (NTLM only):\t-\r\n\tKey Length:\t\t0\r\n\r\nThis event is generated when a logon session is created. It is generated on the computer that was accessed.\r\n\r\nThe subject fields indicate the account on the local system which requested the logon. This is most commonly a service such as the Server service, or a local process such as Winlogon.exe or Services.exe.\r\n\r\nThe logon type field indicates the kind of logon that occurred. The most common types are 2 (interactive) and 3 (network).\r\n\r\nThe New Logon fields indicate the account for whom the new logon was created, i.e. the account that was logged on.\r\n\r\nThe network fields indicate where a remote logon request originated. Workstation name is not always available and may be left blank in some cases.\r\n\r\nThe impersonation level field indicates the extent to which a process in the logon session can impersonate.\r\n\r\nThe authentication information fields provide detailed information about this specific logon request.\r\n\t- Logon GUID is a unique identifier that can be used to correlate this event with a KDC event.\r\n\t- Transited services indicate which intermediate services have participated in this logon request.\r\n\t- Package name indicates which sub-protocol was used among the NTLM protocols.\r\n\t- Key length indicates the length of the generated session key. This will be 0 if no session key was requested.\"",
                    "version": "2",
                    "systemTime": "2025-11-23T03:42:31.2403406Z",
                    "eventRecordID": "16415",
                    "threadID": "6540",
                    "computer": "DESKTOP-SIJOGEC",
                    "task": "12544",
                    "processID": "672",
                    "severityValue": "AUDIT_SUCCESS",
                    "providerName": "Microsoft-Windows-Security-Auditing"
                }
            }
        },
        "rule": {
            "mail": false,
            "level": 3,
            "pci_dss": [
                "10.2.5"
            ],
            "hipaa": [
                "164.312.b"
            ],
            "tsc": [
                "CC6.8",
                "CC7.2",
                "CC7.3"
            ],
            "description": "Windows Workstation Logon Success",
            "groups": [
                "windows",
                "windows_security",
                "authentication_success"
            ],
            "nist_800_53": [
                "AU.14",
                "AC.9"
            ],
            "gdpr": [
                "IV_32.2"
            ],
            "firedtimes": 2,
            "mitre": {
                "technique": [
                    "Valid Accounts"
                ],
                "id": [
                    "T1078"
                ],
                "tactic": [
                    "Defense Evasion",
                    "Persistence",
                    "Privilege Escalation",
                    "Initial Access"
                ]
            },
            "id": "60118",
            "gpg13": [
                "7.1",
                "7.2"
            ]
        },
        "decoder": {
            "name": "windows_eventchannel"
        },
        "input": {
            "type": "log"
        },
        "@timestamp": "2025-11-23T03:42:33.788Z",
        "location": "EventChannel",
        "id": "1763869353.76262",
        "timestamp": "2025-11-23T03:42:33.788+0000"
    },
    {
        "agent": {
            "ip": "192.168.44.137",
            "name": "win",
            "id": "001"
        },
        "manager": {
            "name": "ubuntu"
        },
        "data": {
            "win": {
                "eventdata": {
                    "data": "2025-11-24T03:41:14Z, RulesEngine"
                },
                "system": {
                    "eventID": "16384",
                    "eventSourceName": "Software Protection Platform Service",
                    "keywords": "0x80000000000000",
                    "providerGuid": "{E23B33B0-C8C9-472C-A5F9-F2BDFEA0F156}",
                    "level": "4",
                    "channel": "Application",
                    "opcode": "0",
                    "message": "\"Successfully scheduled Software Protection service for re-start at 2025-11-24T03:41:14Z. Reason: RulesEngine.\"",
                    "version": "0",
                    "systemTime": "2025-11-23T03:42:14.0999090Z",
                    "eventRecordID": "1495",
                    "threadID": "0",
                    "computer": "DESKTOP-SIJOGEC",
                    "task": "0",
                    "processID": "0",
                    "severityValue": "INFORMATION",
                    "providerName": "Microsoft-Windows-Security-SPP"
                }
            }
        },
        "rule": {
            "firedtimes": 2,
            "mail": false,
            "level": 3,
            "description": "Software protection service scheduled successfully.",
            "groups": [
                "windows",
                "windows_application"
            ],
            "id": "60642"
        },
        "decoder": {
            "name": "windows_eventchannel"
        },
        "input": {
            "type": "log"
        },
        "@timestamp": "2025-11-23T03:42:15.517Z",
        "location": "EventChannel",
        "id": "1763869335.74670",
        "timestamp": "2025-11-23T03:42:15.517+0000"
    },
