    {
        "agent": {
            "ip": "192.168.44.137",
            "name": "win",
            "id": "001"
        },
        "manager": {
            "name": "ubuntu"
        },
        "data": {
            "win": {
                "eventdata": {
                    "subjectLogonId": "0x3e7",
                    "subjectDomainName": "WORKGROUP",
                    "targetLinkedLogonId": "0x3cecf9",
                    "impersonationLevel": "%%1833",
                    "ipAddress": "127.0.0.1",
                    "authenticationPackageName": "Negotiate",
                    "workstationName": "DESKTOP-SIJOGEC",
                    "targetLogonId": "0x3cecd2",
                    "logonProcessName": "User32",
                    "logonGuid": "{00000000-0000-0000-0000-000000000000}",
                    "targetUserName": "windows",
                    "keyLength": "0",
                    "elevatedToken": "%%1842",
                    "subjectUserSid": "S-1-5-18",
                    "processId": "0x858",
                    "processName": "C:\\\\Windows\\\\System32\\\\svchost.exe",
                    "ipPort": "0",
                    "targetDomainName": "DESKTOP-SIJOGEC",
                    "targetUserSid": "S-1-5-21-2643128391-4121916274-1247374836-1001",
                    "virtualAccount": "%%1843",
                    "logonType": "2",
                    "subjectUserName": "DESKTOP-SIJOGEC$"
                },
                "system": {
                    "eventID": "4624",
                    "keywords": "0x8020000000000000",
                    "providerGuid": "{54849625-5478-4994-a5ba-3e3b0328c30d}",
                    "level": "0",
                    "channel": "Security",
                    "opcode": "0",
                    "message": "\"An account was successfully logged on.\r\n\r\nSubject:\r\n\tSecurity ID:\t\tS-1-5-18\r\n\tAccount Name:\t\tDESKTOP-SIJOGEC$\r\n\tAccount Domain:\t\tWORKGROUP\r\n\tLogon ID:\t\t0x3E7\r\n\r\nLogon Information:\r\n\tLogon Type:\t\t2\r\n\tRestricted Admin Mode:\t-\r\n\tVirtual Account:\t\tNo\r\n\tElevated Token:\t\tYes\r\n\r\nImpersonation Level:\t\tImpersonation\r\n\r\nNew Logon:\r\n\tSecurity ID:\t\tS-1-5-21-2643128391-4121916274-1247374836-1001\r\n\tAccount Name:\t\twindows\r\n\tAccount Domain:\t\tDESKTOP-SIJOGEC\r\n\tLogon ID:\t\t0x3CECD2\r\n\tLinked Logon ID:\t\t0x3CECF9\r\n\tNetwork Account Name:\t-\r\n\tNetwork Account Domain:\t-\r\n\tLogon GUID:\t\t{00000000-0000-0000-0000-000000000000}\r\n\r\nProcess Information:\r\n\tProcess ID:\t\t0x858\r\n\tProcess Name:\t\tC:\\Windows\\System32\\svchost.exe\r\n\r\nNetwork Information:\r\n\tWorkstation Name:\tDESKTOP-SIJOGEC\r\n\tSource Network Address:\t127.0.0.1\r\n\tSource Port:\t\t0\r\n\r\nDetailed Authentication Information:\r\n\tLogon Process:\t\tUser32 \r\n\tAuthentication Package:\tNegotiate\r\n\tTransited Services:\t-\r\n\tPackage Name (NTLM only):\t-\r\n\tKey Length:\t\t0\r\n\r\nThis event is generated when a logon session is created. It is generated on the computer that was accessed.\r\n\r\nThe subject fields indicate the account on the local system which requested the logon. This is most commonly a service such as the Server service, or a local process such as Winlogon.exe or Services.exe.\r\n\r\nThe logon type field indicates the kind of logon that occurred. The most common types are 2 (interactive) and 3 (network).\r\n\r\nThe New Logon fields indicate the account for whom the new logon was created, i.e. the account that was logged on.\r\n\r\nThe network fields indicate where a remote logon request originated. Workstation name is not always available and may be left blank in some cases.\r\n\r\nThe impersonation level field indicates the extent to which a process in the logon session can impersonate.\r\n\r\nThe authentication information fields provide detailed information about this specific logon request.\r\n\t- Logon GUID is a unique identifier that can be used to correlate this event with a KDC event.\r\n\t- Transited services indicate which intermediate services have participated in this logon request.\r\n\t- Package name indicates which sub-protocol was used among the NTLM protocols.\r\n\t- Key length indicates the length of the generated session key. This will be 0 if no session key was requested.\"",
                    "version": "2",
                    "systemTime": "2025-11-23T19:04:29.1717069Z",
                    "eventRecordID": "19337",
                    "threadID": "8000",
                    "computer": "DESKTOP-SIJOGEC",
                    "task": "12544",
                    "processID": "656",
                    "severityValue": "AUDIT_SUCCESS",
                    "providerName": "Microsoft-Windows-Security-Auditing"
                }
            }
        },
        "rule": {
            "mail": false,
            "level": 3,
            "pci_dss": [
                "10.2.5"
            ],
            "hipaa": [
                "164.312.b"
            ],
            "tsc": [
                "CC6.8",
                "CC7.2",
                "CC7.3"
            ],
            "description": "Windows Workstation Logon Success",
            "groups": [
                "windows",
                "windows_security",
                "authentication_success"
            ],
            "nist_800_53": [
                "AU.14",
                "AC.9"
            ],
            "gdpr": [
                "IV_32.2"
            ],
            "firedtimes": 1,
            "mitre": {
                "technique": [
                    "Valid Accounts"
                ],
                "id": [
                    "T1078"
                ],
                "tactic": [
                    "Defense Evasion",
                    "Persistence",
                    "Privilege Escalation",
                    "Initial Access"
                ]
            },
            "id": "60118",
            "gpg13": [
                "7.1",
                "7.2"
            ]
        },
        "decoder": {
            "name": "windows_eventchannel"
        },
        "input": {
            "type": "log"
        },
        "@timestamp": "2025-11-23T19:04:34.690Z",
        "location": "EventChannel",
        "id": "1763924674.608453",
        "timestamp": "2025-11-23T19:04:34.690+0000"
    },
    {
        "agent": {
            "ip": "192.168.44.137",
            "name": "win",
            "id": "001"
        },
        "manager": {
            "name": "ubuntu"
        },
        "data": {
            "win": {
                "eventdata": {
                    "data": "hr=0x80004005, RuleId=31e71c49-8da7-4a2f-ad92-45d98a1c79ba;Action=AutoActivate;AppId=55c92734-d682-4d71-983e-d6ec3f16059f;SkuId=4de7cb65-cdf1-4de9-8ae8-e3cce27b9f2c;NotificationInterval=1440;Trigger=NetworkAvailable"
                },
                "system": {
                    "eventID": "8198",
                    "eventSourceName": "Software Protection Platform Service",
                    "keywords": "0x80000000000000",
                    "providerGuid": "{E23B33B0-C8C9-472C-A5F9-F2BDFEA0F156}",
                    "level": "2",
                    "channel": "Application",
                    "opcode": "0",
                    "message": "\"License Activation (slui.exe) failed with the following error code:\r\nhr=0x80004005\r\nCommand-line arguments:\r\nRuleId=31e71c49-8da7-4a2f-ad92-45d98a1c79ba;Action=AutoActivate;AppId=55c92734-d682-4d71-983e-d6ec3f16059f;SkuId=4de7cb65-cdf1-4de9-8ae8-e3cce27b9f2c;NotificationInterval=1440;Trigger=NetworkAvailable\"",
                    "version": "0",
                    "systemTime": "2025-11-23T19:04:25.9983661Z",
                    "eventRecordID": "1711",
                    "threadID": "0",
                    "computer": "DESKTOP-SIJOGEC",
                    "task": "0",
                    "processID": "0",
                    "severityValue": "ERROR",
                    "providerName": "Microsoft-Windows-Security-SPP"
                }
            }
        },
        "rule": {
            "firedtimes": 1,
            "mail": false,
            "level": 5,
            "description": "License activation (slui.exe) failed.",
            "groups": [
                "windows",
                "windows_application"
            ],
            "id": "60646"
        },
        "decoder": {
            "name": "windows_eventchannel"
        },
        "input": {
            "type": "log"
        },
        "@timestamp": "2025-11-23T19:04:33.333Z",
        "location": "EventChannel",
        "id": "1763924673.606118",
        "timestamp": "2025-11-23T19:04:33.333+0000"
    },
    {
        "agent": {
            "ip": "192.168.44.137",
            "name": "win",
            "id": "001"
        },
        "manager": {
            "name": "ubuntu"
        },
        "data": {
            "win": {
                "eventdata": {
                    "data": "2025-11-24T18:32:34Z, RulesEngine"
                },
                "system": {
                    "eventID": "16384",
                    "eventSourceName": "Software Protection Platform Service",
                    "keywords": "0x80000000000000",
                    "providerGuid": "{E23B33B0-C8C9-472C-A5F9-F2BDFEA0F156}",
                    "level": "4",
                    "channel": "Application",
                    "opcode": "0",
                    "message": "\"Successfully scheduled Software Protection service for re-start at 2025-11-24T18:32:34Z. Reason: RulesEngine.\"",
                    "version": "0",
                    "systemTime": "2025-11-23T18:47:34.1847837Z",
                    "eventRecordID": "1708",
                    "threadID": "0",
                    "computer": "DESKTOP-SIJOGEC",
                    "task": "0",
                    "processID": "0",
                    "severityValue": "INFORMATION",
                    "providerName": "Microsoft-Windows-Security-SPP"
                }
            }
        },
        "rule": {
            "firedtimes": 6,
            "mail": false,
            "level": 3,
            "description": "Software protection service scheduled successfully.",
            "groups": [
                "windows",
                "windows_application"
            ],
            "id": "60642"
        },
        "decoder": {
            "name": "windows_eventchannel"
        },
        "input": {
            "type": "log"
        },
        "@timestamp": "2025-11-23T18:47:34.502Z",
        "location": "EventChannel",
        "id": "1763923654.604525",
        "timestamp": "2025-11-23T18:47:34.502+0000"
    },
    {
        "agent": {
            "ip": "192.168.44.137",
            "name": "win",
            "id": "001"
        },
        "manager": {
            "name": "ubuntu"
        },
        "data": {
            "win": {
                "eventdata": {
                    "data": "2025-11-24T18:32:52Z, RulesEngine"
                },
                "system": {
                    "eventID": "16384",
                    "eventSourceName": "Software Protection Platform Service",
                    "keywords": "0x80000000000000",
                    "providerGuid": "{E23B33B0-C8C9-472C-A5F9-F2BDFEA0F156}",
                    "level": "4",
                    "channel": "Application",
                    "opcode": "0",
                    "message": "\"Successfully scheduled Software Protection service for re-start at 2025-11-24T18:32:52Z. Reason: RulesEngine.\"",
                    "version": "0",
                    "systemTime": "2025-11-23T18:42:52.5304135Z",
                    "eventRecordID": "1705",
                    "threadID": "0",
                    "computer": "DESKTOP-SIJOGEC",
                    "task": "0",
                    "processID": "0",
                    "severityValue": "INFORMATION",
                    "providerName": "Microsoft-Windows-Security-SPP"
                }
            }
        },
        "rule": {
            "firedtimes": 5,
            "mail": false,
            "level": 3,
            "description": "Software protection service scheduled successfully.",
            "groups": [
                "windows",
                "windows_application"
            ],
            "id": "60642"
        },
        "decoder": {
            "name": "windows_eventchannel"
        },
        "input": {
            "type": "log"
        },
        "@timestamp": "2025-11-23T18:42:52.848Z",
        "location": "EventChannel",
        "id": "1763923372.602932",
        "timestamp": "2025-11-23T18:42:52.848+0000"
    },
    {
        "agent": {
            "ip": "192.168.44.137",
            "name": "win",
            "id": "001"
        },
        "manager": {
            "name": "ubuntu"
        },
        "data": {
            "win": {
                "eventdata": {
                    "param3": "demand start",
                    "param4": "BITS",
                    "param1": "Background Intelligent Transfer Service",
                    "param2": "auto start"
                },
                "system": {
                    "eventID": "7040",
                    "eventSourceName": "Service Control Manager",
                    "keywords": "0x8080000000000000",
                    "providerGuid": "{555908d1-a6d7-4695-8e1e-26931d2012f4}",
                    "level": "4",
                    "channel": "System",
                    "opcode": "0",
                    "message": "\"The start type of the Background Intelligent Transfer Service service was changed from auto start to demand start.\"",
                    "version": "0",
                    "systemTime": "2025-11-23T18:42:49.0911111Z",
                    "eventRecordID": "1555",
                    "threadID": "3188",
                    "computer": "DESKTOP-SIJOGEC",
                    "task": "0",
                    "processID": "584",
                    "severityValue": "INFORMATION",
                    "providerName": "Service Control Manager"
                }
            }
        },
        "rule": {
            "firedtimes": 9,
            "mail": false,
            "level": 3,
            "pci_dss": [
                "10.6"
            ],
            "hipaa": [
                "164.312.b"
            ],
            "tsc": [
                "CC6.1",
                "CC6.8",
                "CC7.2",
                "CC7.3"
            ],
            "description": "Service startup type was changed",
            "groups": [
                "windows",
                "windows_system",
                "policy_changed"
            ],
            "id": "61104",
            "nist_800_53": [
                "AU.6"
            ],
            "info": "This does not appear to be logged on Windows 2000",
            "gdpr": [
                "IV_35.7.d"
            ]
        },
        "decoder": {
            "name": "windows_eventchannel"
        },
        "input": {
            "type": "log"
        },
        "@timestamp": "2025-11-23T18:42:50.402Z",
        "location": "EventChannel",
        "id": "1763923370.601102",
        "timestamp": "2025-11-23T18:42:50.402+0000"
    },
    {
        "agent": {
            "ip": "192.168.44.137",
            "name": "win",
            "id": "001"
        },
        "manager": {
            "name": "ubuntu"
        },
        "data": {
            "win": {
                "eventdata": {
                    "data": "2025-11-24T18:33:30Z, RulesEngine"
                },
                "system": {
                    "eventID": "16384",
                    "eventSourceName": "Software Protection Platform Service",
                    "keywords": "0x80000000000000",
                    "providerGuid": "{E23B33B0-C8C9-472C-A5F9-F2BDFEA0F156}",
                    "level": "4",
                    "channel": "Application",
                    "opcode": "0",
                    "message": "\"Successfully scheduled Software Protection service for re-start at 2025-11-24T18:33:30Z. Reason: RulesEngine.\"",
                    "version": "0",
                    "systemTime": "2025-11-23T18:41:30.0596815Z",
                    "eventRecordID": "1703",
                    "threadID": "0",
                    "computer": "DESKTOP-SIJOGEC",
                    "task": "0",
                    "processID": "0",
                    "severityValue": "INFORMATION",
                    "providerName": "Microsoft-Windows-Security-SPP"
                }
            }
        },
        "rule": {
            "firedtimes": 4,
            "mail": false,
            "level": 3,
            "description": "Software protection service scheduled successfully.",
            "groups": [
                "windows",
                "windows_application"
            ],
            "id": "60642"
        },
        "decoder": {
            "name": "windows_eventchannel"
        },
        "input": {
            "type": "log"
        },
        "@timestamp": "2025-11-23T18:41:30.391Z",
        "location": "EventChannel",
        "id": "1763923290.599509",
        "timestamp": "2025-11-23T18:41:30.391+0000"
    },
    {
        "agent": {
            "ip": "192.168.44.137",
            "name": "win",
            "id": "001"
        },
        "manager": {
            "name": "ubuntu"
        },
        "data": {
            "win": {
                "eventdata": {
                    "bucketId": "c9179ef297a30992fa985c66d93c06df37fdd843898c7ef5b5d37ad9e5020beb",
                    "deviceAttributes": "BaseBoardManufacturer:Intel Corporation;FirmwareManufacturer:VMware, Inc.;FirmwareVersion:VMW201.00V.24006586.B64.2406042154;OEMModelNumber:VMware20,1;OEMModelBaseBoard:440BX Desktop Reference Platform;OEMModelSystemFamily:;OEMManufacturerName:VMware, Inc.;OEMModelSKU:;OSArchitecture:amd64;",
                    "updateType": "0",
                    "hResult": "0"
                },
                "system": {
                    "eventID": "1801",
                    "keywords": "0x8000000000000000",
                    "providerGuid": "{7d5387b0-cbe0-11da-a94d-0800200c9a66}",
                    "level": "2",
                    "channel": "System",
                    "opcode": "0",
                    "message": "\"Secure Boot CA/keys need to be updated. This device signature information is included here.\r\nDeviceAttributes: BaseBoardManufacturer:Intel Corporation;FirmwareManufacturer:VMware, Inc.;FirmwareVersion:VMW201.00V.24006586.B64.2406042154;OEMModelNumber:VMware20,1;OEMModelBaseBoard:440BX Desktop Reference Platform;OEMModelSystemFamily:;OEMManufacturerName:VMware, Inc.;OEMModelSKU:;OSArchitecture:amd64;\r\nBucketId: c9179ef297a30992fa985c66d93c06df37fdd843898c7ef5b5d37ad9e5020beb\r\nBucketConfidenceLevel: \r\nUpdateType: 0\r\nHResult: The operation completed successfully.\"",
                    "version": "0",
                    "systemTime": "2025-11-23T18:36:55.3843014Z",
                    "eventRecordID": "1553",
                    "threadID": "9236",
                    "computer": "DESKTOP-SIJOGEC",
                    "task": "0",
                    "processID": "7004",
                    "severityValue": "ERROR",
                    "providerName": "Microsoft-Windows-TPM-WMI"
                }
            }
        },
        "rule": {
            "firedtimes": 1,
            "mail": false,
            "level": 5,
            "description": "Windows System error event",
            "groups": [
                "windows",
                "windows_system",
                "system_error"
            ],
            "id": "61102",
            "gpg13": [
                "4.3"
            ],
            "gdpr": [
                "IV_35.7.d"
            ]
        },
        "decoder": {
            "name": "windows_eventchannel"
        },
        "input": {
            "type": "log"
        },
        "@timestamp": "2025-11-23T18:36:56.687Z",
        "location": "EventChannel",
        "id": "1763923016.596333",
        "timestamp": "2025-11-23T18:36:56.687+0000"
    },
    {
        "agent": {
            "ip": "192.168.44.137",
            "name": "win",
            "id": "001"
        },
        "manager": {
            "name": "ubuntu"
        },
        "data": {
            "win": {
                "eventdata": {
                    "data": "2025-11-24T18:32:43Z, RulesEngine"
                },
                "system": {
                    "eventID": "16384",
                    "eventSourceName": "Software Protection Platform Service",
                    "keywords": "0x80000000000000",
                    "providerGuid": "{E23B33B0-C8C9-472C-A5F9-F2BDFEA0F156}",
                    "level": "4",
                    "channel": "Application",
                    "opcode": "0",
                    "message": "\"Successfully scheduled Software Protection service for re-start at 2025-11-24T18:32:43Z. Reason: RulesEngine.\"",
                    "version": "0",
                    "systemTime": "2025-11-23T18:34:43.8880725Z",
                    "eventRecordID": "1700",
                    "threadID": "0",
                    "computer": "DESKTOP-SIJOGEC",
                    "task": "0",
                    "processID": "0",
                    "severityValue": "INFORMATION",
                    "providerName": "Microsoft-Windows-Security-SPP"
                }
            }
        },
        "rule": {
            "firedtimes": 3,
            "mail": false,
            "level": 3,
            "description": "Software protection service scheduled successfully.",
            "groups": [
                "windows",
                "windows_application"
            ],
            "id": "60642"
        },
        "decoder": {
            "name": "windows_eventchannel"
        },
        "input": {
            "type": "log"
        },
        "@timestamp": "2025-11-23T18:34:44.216Z",
        "location": "EventChannel",
        "id": "1763922884.594740",
        "timestamp": "2025-11-23T18:34:44.216+0000"
    },
    {
        "agent": {
            "ip": "192.168.44.137",
            "name": "win",
            "id": "001"
        },
        "manager": {
            "name": "ubuntu"
        },
        "data": {
            "win": {
                "eventdata": {
                    "data": "0, AppxDeploymentFailureBlue, Not available, 0, 80070057, 23, 2, windows.autoPlayContent, 10.0.19041.6456, 303,   \\\\\\\\?\\\\C:\\\\Windows\\\\TEMP\\\\Microsoft-Windows-AppXDeploymentServer_Operational_6A83092C-5CA7-0000-975A-836AA75CDC01.evtx  \\\\\\\\?\\\\C:\\\\Windows\\\\TEMP\\\\Microsoft-Windows-AppXPackaging_Operational_6A83092C-5CA7-0000-975A-836AA75CDC01.evtx  \\\\\\\\?\\\\C:\\\\Windows\\\\TEMP\\\\Microsoft-Windows-StateRepository_Operational_6A83092C-5CA7-0000-975A-836AA75CDC01.evtx  \\\\\\\\?\\\\C:\\\\Windows\\\\TEMP\\\\Microsoft-Windows-AppReadiness_Admin_6A83092C-5CA7-0000-975A-836AA75CDC01.evtx  \\\\\\\\?\\\\C:\\\\Windows\\\\TEMP\\\\Microsoft-Windows-AppReadiness_Operational_6A83092C-5CA7-0000-975A-836AA75CDC01.evtx  \\\\\\\\?\\\\C:\\\\Windows\\\\TEMP\\\\Microsoft-Windows-SettingSync_Debug_6A83092C-5CA7-0000-975A-836AA75CDC01.evtx  \\\\\\\\?\\\\C:\\\\Windows\\\\TEMP\\\\Microsoft-Windows-SettingSync_Operational_6A83092C-5CA7-0000-975A-836AA75CDC01.evtx  \\\\\\\\?\\\\C:\\\\Windows\\\\TEMP\\\\Microsoft-Windows-Store_Operational_6A83092C-5CA7-0000-975A-836AA75CDC01.evtx  \\\\\\\\?\\\\C:\\\\Windows\\\\TEMP\\\\Microsoft-Windows-WindowsUpdateClient_Operational_6A83092C-5CA7-0000-975A-836AA75CDC01.evtx  \\\\\\\\?\\\\C:\\\\Windows\\\\TEMP\\\\System_6A83092C-5CA7-0000-975A-836AA75CDC01.evtx  \\\\\\\\?\\\\C:\\\\Windows\\\\TEMP\\\\Application_6A83092C-5CA7-0000-975A-836AA75CDC01.evtx  \\\\\\\\?\\\\C:\\\\Windows\\\\TEMP\\\\AppxErrorReport_6A83092C-5CA7-0000-975A-836AA75CDC01.txt  \\\\\\\\?\\\\C:\\\\ProgramData\\\\Microsoft\\\\Windows\\\\WER\\\\Temp\\\\WER428D.tmp.WERInternalMetadata.xml  \\\\\\\\?\\\\C:\\\\ProgramData\\\\Microsoft\\\\Windows\\\\WER\\\\Temp\\\\WER43A7.tmp.xml  \\\\\\\\?\\\\C:\\\\ProgramData\\\\Microsoft\\\\Windows\\\\WER\\\\Temp\\\\WER43B6.tmp.csv  \\\\\\\\?\\\\C:\\\\ProgramData\\\\Microsoft\\\\Windows\\\\WER\\\\Temp\\\\WER43F5.tmp.txt, 0, 100e5c28-8c96-4954-9400-cdfdaac12dc5, 2147483648, 0"
                },
                "system": {
                    "eventID": "1001",
                    "keywords": "0x80000000000000",
                    "level": "4",
                    "channel": "Application",
                    "opcode": "0",
                    "message": "\"Fault bucket , type 0\r\nEvent Name: AppxDeploymentFailureBlue\r\nResponse: Not available\r\nCab Id: 0\r\n\r\nProblem signature:\r\nP1: 80070057\r\nP2: 23\r\nP3: 2\r\nP4: windows.autoPlayContent\r\nP5: 10.0.19041.6456\r\nP6: 303\r\nP7: \r\nP8: \r\nP9: \r\nP10: \r\n\r\nAttached files:\r\n\\\\?\\C:\\Windows\\TEMP\\Microsoft-Windows-AppXDeploymentServer_Operational_6A83092C-5CA7-0000-975A-836AA75CDC01.evtx\r\n\\\\?\\C:\\Windows\\TEMP\\Microsoft-Windows-AppXPackaging_Operational_6A83092C-5CA7-0000-975A-836AA75CDC01.evtx\r\n\\\\?\\C:\\Windows\\TEMP\\Microsoft-Windows-StateRepository_Operational_6A83092C-5CA7-0000-975A-836AA75CDC01.evtx\r\n\\\\?\\C:\\Windows\\TEMP\\Microsoft-Windows-AppReadiness_Admin_6A83092C-5CA7-0000-975A-836AA75CDC01.evtx\r\n\\\\?\\C:\\Windows\\TEMP\\Microsoft-Windows-AppReadiness_Operational_6A83092C-5CA7-0000-975A-836AA75CDC01.evtx\r\n\\\\?\\C:\\Windows\\TEMP\\Microsoft-Windows-SettingSync_Debug_6A83092C-5CA7-0000-975A-836AA75CDC01.evtx\r\n\\\\?\\C:\\Windows\\TEMP\\Microsoft-Windows-SettingSync_Operational_6A83092C-5CA7-0000-975A-836AA75CDC01.evtx\r\n\\\\?\\C:\\Windows\\TEMP\\Microsoft-Windows-Store_Operational_6A83092C-5CA7-0000-975A-836AA75CDC01.evtx\r\n\\\\?\\C:\\Windows\\TEMP\\Microsoft-Windows-WindowsUpdateClient_Operational_6A83092C-5CA7-0000-975A-836AA75CDC01.evtx\r\n\\\\?\\C:\\Windows\\TEMP\\System_6A83092C-5CA7-0000-975A-836AA75CDC01.evtx\r\n\\\\?\\C:\\Windows\\TEMP\\Application_6A83092C-5CA7-0000-975A-836AA75CDC01.evtx\r\n\\\\?\\C:\\Windows\\TEMP\\AppxErrorReport_6A83092C-5CA7-0000-975A-836AA75CDC01.txt\r\n\\\\?\\C:\\ProgramData\\Microsoft\\Windows\\WER\\Temp\\WER428D.tmp.WERInternalMetadata.xml\r\n\\\\?\\C:\\ProgramData\\Microsoft\\Windows\\WER\\Temp\\WER43A7.tmp.xml\r\n\\\\?\\C:\\ProgramData\\Microsoft\\Windows\\WER\\Temp\\WER43B6.tmp.csv\r\n\\\\?\\C:\\ProgramData\\Microsoft\\Windows\\WER\\Temp\\WER43F5.tmp.txt\r\n\r\nThese files may be available here:\r\n\r\n\r\nAnalysis symbol: \r\nRechecking for solution: 0\r\nReport Id: 100e5c28-8c96-4954-9400-cdfdaac12dc5\r\nReport Status: 2147483648\r\nHashed bucket: \r\nCab Guid: 0\"",
                    "version": "0",
                    "systemTime": "2025-11-23T18:34:09.3567758Z",
                    "eventRecordID": "1697",
                    "threadID": "0",
                    "computer": "DESKTOP-SIJOGEC",
                    "task": "0",
                    "processID": "0",
                    "severityValue": "INFORMATION",
                    "providerName": "Windows Error Reporting"
                }
            }
        },
        "rule": {
            "firedtimes": 1,
            "mail": false,
            "level": 4,
            "description": "Summary event of the report's signatures.",
            "groups": [
                "windows",
                "windows_application"
            ],
            "id": "60608"
        },
        "decoder": {
            "name": "windows_eventchannel"
        },
        "input": {
            "type": "log"
        },
        "@timestamp": "2025-11-23T18:34:09.716Z",
        "location": "EventChannel",
        "id": "1763922849.586059",
        "timestamp": "2025-11-23T18:34:09.716+0000"
    },
