    {
        "agent": {
            "ip": "192.168.44.137",
            "name": "win",
            "id": "001"
        },
        "manager": {
            "name": "ubuntu"
        },
        "data": {
            "win": {
                "eventdata": {
                    "subjectLogonId": "0x1908c",
                    "scriptPath": "%%1793",
                    "passwordLastSet": "11/23/2025 11:19:30 AM",
                    "homeDirectory": "%%1793",
                    "subjectDomainName": "DESKTOP-SIJOGEC",
                    "displayName": "%%1793",
                    "accountExpires": "%%1794",
                    "homePath": "%%1793",
                    "samAccountName": "hacker2",
                    "targetUserName": "hacker2",
                    "subjectUserSid": "S-1-5-21-2643128391-4121916274-1247374836-1001",
                    "primaryGroupId": "513",
                    "logonHours": "%%1797",
                    "targetDomainName": "DESKTOP-SIJOGEC",
                    "profilePath": "%%1793",
                    "userWorkstations": "%%1793",
                    "oldUacValue": "0x15",
                    "newUacValue": "0x10",
                    "targetSid": "S-1-5-21-2643128391-4121916274-1247374836-1004",
                    "userAccountControl": "    %%2048    %%2050",
                    "subjectUserName": "windows"
                },
                "system": {
                    "eventID": "4738",
                    "keywords": "0x8020000000000000",
                    "providerGuid": "{54849625-5478-4994-a5ba-3e3b0328c30d}",
                    "level": "0",
                    "channel": "Security",
                    "opcode": "0",
                    "message": "\"A user account was changed.\r\n\r\nSubject:\r\n\tSecurity ID:\t\tS-1-5-21-2643128391-4121916274-1247374836-1001\r\n\tAccount Name:\t\twindows\r\n\tAccount Domain:\t\tDESKTOP-SIJOGEC\r\n\tLogon ID:\t\t0x1908C\r\n\r\nTarget Account:\r\n\tSecurity ID:\t\tS-1-5-21-2643128391-4121916274-1247374836-1004\r\n\tAccount Name:\t\thacker2\r\n\tAccount Domain:\t\tDESKTOP-SIJOGEC\r\n\r\nChanged Attributes:\r\n\tSAM Account Name:\thacker2\r\n\tDisplay Name:\t\t<value not set>\r\n\tUser Principal Name:\t-\r\n\tHome Directory:\t\t<value not set>\r\n\tHome Drive:\t\t<value not set>\r\n\tScript Path:\t\t<value not set>\r\n\tProfile Path:\t\t<value not set>\r\n\tUser Workstations:\t<value not set>\r\n\tPassword Last Set:\t11/23/2025 11:19:30 AM\r\n\tAccount Expires:\t\t<never>\r\n\tPrimary Group ID:\t513\r\n\tAllowedToDelegateTo:\t-\r\n\tOld UAC Value:\t\t0x15\r\n\tNew UAC Value:\t\t0x10\r\n\tUser Account Control:\t\r\n\t\tAccount Enabled\r\n\t\t'Password Not Required' - Disabled\r\n\tUser Parameters:\t-\r\n\tSID History:\t\t-\r\n\tLogon Hours:\t\tAll\r\n\r\nAdditional Information:\r\n\tPrivileges:\t\t-\"",
                    "version": "0",
                    "systemTime": "2025-11-23T04:19:30.7253985Z",
                    "eventRecordID": "17062",
                    "threadID": "720",
                    "computer": "DESKTOP-SIJOGEC",
                    "task": "13824",
                    "processID": "672",
                    "severityValue": "AUDIT_SUCCESS",
                    "providerName": "Microsoft-Windows-Security-Auditing"
                }
            }
        },
        "rule": {
            "mail": false,
            "level": 8,
            "pci_dss": [
                "8.1.2",
                "10.2.5"
            ],
            "hipaa": [
                "164.312.a.2.I",
                "164.312.a.2.II",
                "164.312.b"
            ],
            "tsc": [
                "CC6.8",
                "CC7.2",
                "CC7.3"
            ],
            "description": "User account changed",
            "groups": [
                "windows",
                "windows_security",
                "account_changed"
            ],
            "nist_800_53": [
                "AC.2",
                "IA.4",
                "AU.14",
                "AC.7"
            ],
            "gdpr": [
                "IV_35.7.d",
                "IV_32.2"
            ],
            "firedtimes": 2,
            "mitre": {
                "technique": [
                    "Account Manipulation"
                ],
                "id": [
                    "T1098"
                ],
                "tactic": [
                    "Persistence"
                ]
            },
            "id": "60110",
            "gpg13": [
                "7.10"
            ]
        },
        "decoder": {
            "name": "windows_eventchannel"
        },
        "input": {
            "type": "log"
        },
        "@timestamp": "2025-11-23T04:19:33.175Z",
        "location": "EventChannel",
        "id": "1763871573.192099",
        "timestamp": "2025-11-23T04:19:33.175+0000"
    },
    {
        "agent": {
            "ip": "192.168.44.137",
            "name": "win",
            "id": "001"
        },
        "manager": {
            "name": "ubuntu"
        },
        "data": {
            "win": {
                "eventdata": {
                    "subjectLogonId": "0x1908c",
                    "targetUserName": "hacker2",
                    "subjectUserSid": "S-1-5-21-2643128391-4121916274-1247374836-1001",
                    "subjectDomainName": "DESKTOP-SIJOGEC",
                    "targetDomainName": "DESKTOP-SIJOGEC",
                    "targetSid": "S-1-5-21-2643128391-4121916274-1247374836-1004",
                    "subjectUserName": "windows"
                },
                "system": {
                    "eventID": "4722",
                    "keywords": "0x8020000000000000",
                    "providerGuid": "{54849625-5478-4994-a5ba-3e3b0328c30d}",
                    "level": "0",
                    "channel": "Security",
                    "opcode": "0",
                    "message": "\"A user account was enabled.\r\n\r\nSubject:\r\n\tSecurity ID:\t\tS-1-5-21-2643128391-4121916274-1247374836-1001\r\n\tAccount Name:\t\twindows\r\n\tAccount Domain:\t\tDESKTOP-SIJOGEC\r\n\tLogon ID:\t\t0x1908C\r\n\r\nTarget Account:\r\n\tSecurity ID:\t\tS-1-5-21-2643128391-4121916274-1247374836-1004\r\n\tAccount Name:\t\thacker2\r\n\tAccount Domain:\t\tDESKTOP-SIJOGEC\"",
                    "version": "0",
                    "systemTime": "2025-11-23T04:19:30.7252671Z",
                    "eventRecordID": "17061",
                    "threadID": "720",
                    "computer": "DESKTOP-SIJOGEC",
                    "task": "13824",
                    "processID": "672",
                    "severityValue": "AUDIT_SUCCESS",
                    "providerName": "Microsoft-Windows-Security-Auditing"
                }
            }
        },
        "rule": {
            "mail": false,
            "level": 8,
            "pci_dss": [
                "8.1.2",
                "10.2.5"
            ],
            "hipaa": [
                "164.312.a.2.I",
                "164.312.a.2.II",
                "164.312.b"
            ],
            "tsc": [
                "CC6.8",
                "CC7.2",
                "CC7.3"
            ],
            "description": "User account enabled or created",
            "groups": [
                "windows",
                "windows_security",
                "adduser",
                "account_changed"
            ],
            "nist_800_53": [
                "AC.2",
                "IA.4",
                "AU.14",
                "AC.7"
            ],
            "gdpr": [
                "IV_35.7.d",
                "IV_32.2"
            ],
            "firedtimes": 4,
            "mitre": {
                "technique": [
                    "Account Manipulation"
                ],
                "id": [
                    "T1098"
                ],
                "tactic": [
                    "Persistence"
                ]
            },
            "id": "60109",
            "gpg13": [
                "7.10"
            ]
        },
        "decoder": {
            "name": "windows_eventchannel"
        },
        "input": {
            "type": "log"
        },
        "@timestamp": "2025-11-23T04:19:33.159Z",
        "location": "EventChannel",
        "id": "1763871573.189352",
        "timestamp": "2025-11-23T04:19:33.159+0000"
    },
    {
        "agent": {
            "ip": "192.168.44.137",
            "name": "win",
            "id": "001"
        },
        "manager": {
            "name": "ubuntu"
        },
        "data": {
            "win": {
                "eventdata": {
                    "subjectLogonId": "0x1908c",
                    "scriptPath": "%%1793",
                    "passwordLastSet": "%%1794",
                    "homeDirectory": "%%1793",
                    "userParameters": "%%1793",
                    "subjectDomainName": "DESKTOP-SIJOGEC",
                    "displayName": "%%1793",
                    "accountExpires": "%%1794",
                    "homePath": "%%1793",
                    "samAccountName": "hacker2",
                    "targetUserName": "hacker2",
                    "subjectUserSid": "S-1-5-21-2643128391-4121916274-1247374836-1001",
                    "primaryGroupId": "513",
                    "logonHours": "%%1797",
                    "targetDomainName": "DESKTOP-SIJOGEC",
                    "profilePath": "%%1793",
                    "userWorkstations": "%%1793",
                    "oldUacValue": "0x0",
                    "newUacValue": "0x15",
                    "targetSid": "S-1-5-21-2643128391-4121916274-1247374836-1004",
                    "userAccountControl": "    %%2080    %%2082    %%2084",
                    "subjectUserName": "windows"
                },
                "system": {
                    "eventID": "4720",
                    "keywords": "0x8020000000000000",
                    "providerGuid": "{54849625-5478-4994-a5ba-3e3b0328c30d}",
                    "level": "0",
                    "channel": "Security",
                    "opcode": "0",
                    "message": "\"A user account was created.\r\n\r\nSubject:\r\n\tSecurity ID:\t\tS-1-5-21-2643128391-4121916274-1247374836-1001\r\n\tAccount Name:\t\twindows\r\n\tAccount Domain:\t\tDESKTOP-SIJOGEC\r\n\tLogon ID:\t\t0x1908C\r\n\r\nNew Account:\r\n\tSecurity ID:\t\tS-1-5-21-2643128391-4121916274-1247374836-1004\r\n\tAccount Name:\t\thacker2\r\n\tAccount Domain:\t\tDESKTOP-SIJOGEC\r\n\r\nAttributes:\r\n\tSAM Account Name:\thacker2\r\n\tDisplay Name:\t\t<value not set>\r\n\tUser Principal Name:\t-\r\n\tHome Directory:\t\t<value not set>\r\n\tHome Drive:\t\t<value not set>\r\n\tScript Path:\t\t<value not set>\r\n\tProfile Path:\t\t<value not set>\r\n\tUser Workstations:\t<value not set>\r\n\tPassword Last Set:\t<never>\r\n\tAccount Expires:\t\t<never>\r\n\tPrimary Group ID:\t513\r\n\tAllowed To Delegate To:\t-\r\n\tOld UAC Value:\t\t0x0\r\n\tNew UAC Value:\t\t0x15\r\n\tUser Account Control:\t\r\n\t\tAccount Disabled\r\n\t\t'Password Not Required' - Enabled\r\n\t\t'Normal Account' - Enabled\r\n\tUser Parameters:\t<value not set>\r\n\tSID History:\t\t-\r\n\tLogon Hours:\t\tAll\r\n\r\nAdditional Information:\r\n\tPrivileges\t\t-\"",
                    "version": "0",
                    "systemTime": "2025-11-23T04:19:30.7060436Z",
                    "eventRecordID": "17060",
                    "threadID": "720",
                    "computer": "DESKTOP-SIJOGEC",
                    "task": "13824",
                    "processID": "672",
                    "severityValue": "AUDIT_SUCCESS",
                    "providerName": "Microsoft-Windows-Security-Auditing"
                }
            }
        },
        "rule": {
            "mail": false,
            "level": 8,
            "pci_dss": [
                "8.1.2",
                "10.2.5"
            ],
            "hipaa": [
                "164.312.a.2.I",
                "164.312.a.2.II",
                "164.312.b"
            ],
            "tsc": [
                "CC6.8",
                "CC7.2",
                "CC7.3"
            ],
            "description": "User account enabled or created",
            "groups": [
                "windows",
                "windows_security",
                "adduser",
                "account_changed"
            ],
            "nist_800_53": [
                "AC.2",
                "IA.4",
                "AU.14",
                "AC.7"
            ],
            "gdpr": [
                "IV_35.7.d",
                "IV_32.2"
            ],
            "firedtimes": 3,
            "mitre": {
                "technique": [
                    "Account Manipulation"
                ],
                "id": [
                    "T1098"
                ],
                "tactic": [
                    "Persistence"
                ]
            },
            "id": "60109",
            "gpg13": [
                "7.10"
            ]
        },
        "decoder": {
            "name": "windows_eventchannel"
        },
        "input": {
            "type": "log"
        },
        "@timestamp": "2025-11-23T04:19:33.143Z",
        "location": "EventChannel",
        "id": "1763871573.184263",
        "timestamp": "2025-11-23T04:19:33.143+0000"
    },
    {
        "agent": {
            "ip": "192.168.44.137",
            "name": "win",
            "id": "001"
        },
        "manager": {
            "name": "ubuntu"
        },
        "data": {
            "win": {
                "eventdata": {
                    "subjectLogonId": "0x1908c",
                    "targetUserName": "None",
                    "memberSid": "S-1-5-21-2643128391-4121916274-1247374836-1004",
                    "subjectUserSid": "S-1-5-21-2643128391-4121916274-1247374836-1001",
                    "subjectDomainName": "DESKTOP-SIJOGEC",
                    "targetDomainName": "DESKTOP-SIJOGEC",
                    "targetSid": "S-1-5-21-2643128391-4121916274-1247374836-513",
                    "subjectUserName": "windows"
                },
                "system": {
                    "eventID": "4728",
                    "keywords": "0x8020000000000000",
                    "providerGuid": "{54849625-5478-4994-a5ba-3e3b0328c30d}",
                    "level": "0",
                    "channel": "Security",
                    "opcode": "0",
                    "message": "\"A member was added to a security-enabled global group.\r\n\r\nSubject:\r\n\tSecurity ID:\t\tS-1-5-21-2643128391-4121916274-1247374836-1001\r\n\tAccount Name:\t\twindows\r\n\tAccount Domain:\t\tDESKTOP-SIJOGEC\r\n\tLogon ID:\t\t0x1908C\r\n\r\nMember:\r\n\tSecurity ID:\t\tS-1-5-21-2643128391-4121916274-1247374836-1004\r\n\tAccount Name:\t\t-\r\n\r\nGroup:\r\n\tSecurity ID:\t\tS-1-5-21-2643128391-4121916274-1247374836-513\r\n\tGroup Name:\t\tNone\r\n\tGroup Domain:\t\tDESKTOP-SIJOGEC\r\n\r\nAdditional Information:\r\n\tPrivileges:\t\t-\"",
                    "version": "0",
                    "systemTime": "2025-11-23T04:19:30.7048211Z",
                    "eventRecordID": "17059",
                    "threadID": "720",
                    "computer": "DESKTOP-SIJOGEC",
                    "task": "13826",
                    "processID": "672",
                    "severityValue": "AUDIT_SUCCESS",
                    "providerName": "Microsoft-Windows-Security-Auditing"
                }
            }
        },
        "rule": {
            "mail": false,
            "level": 5,
            "pci_dss": [
                "8.1.2",
                "10.2.5"
            ],
            "hipaa": [
                "164.312.a.2.I",
                "164.312.a.2.II",
                "164.312.b"
            ],
            "tsc": [
                "CC6.8",
                "CC7.2",
                "CC7.3"
            ],
            "description": "Domain Users Group Changed",
            "groups": [
                "windows",
                "windows_security",
                "group_changed",
                "win_group_changed"
            ],
            "nist_800_53": [
                "AC.2",
                "IA.4",
                "AU.14",
                "AC.7"
            ],
            "gdpr": [
                "IV_35.7.d",
                "IV_32.2"
            ],
            "firedtimes": 2,
            "mitre": {
                "technique": [
                    "Domain Policy Modification"
                ],
                "id": [
                    "T1484"
                ],
                "tactic": [
                    "Defense Evasion",
                    "Privilege Escalation"
                ]
            },
            "id": "60160",
            "gpg13": [
                "7.10"
            ]
        },
        "decoder": {
            "name": "windows_eventchannel"
        },
        "input": {
            "type": "log"
        },
        "@timestamp": "2025-11-23T04:19:33.127Z",
        "location": "EventChannel",
        "id": "1763871573.181071",
        "timestamp": "2025-11-23T04:19:33.127+0000"
    },
    {
        "agent": {
            "ip": "192.168.44.137",
            "name": "win",
            "id": "001"
        },
        "manager": {
            "name": "ubuntu"
        },
        "data": {
            "win": {
                "eventdata": {
                    "originalFileName": "net.exe",
                    "image": "C:\\\\Windows\\\\System32\\\\net.exe",
                    "product": "Microsoft Windows Operating System",
                    "parentProcessGuid": "{3e3e0db9-8367-6922-7a01-000000000700}",
                    "description": "Net Command",
                    "logonGuid": "{3e3e0db9-7712-6922-8c90-010000000000}",
                    "parentCommandLine": "\\\"C:\\\\Windows\\\\System32\\\\WindowsPowerShell\\\\v1.0\\\\powershell.exe\\\"",
                    "processGuid": "{3e3e0db9-8b52-6922-cf01-000000000700}",
                    "logonId": "0x1908c",
                    "parentProcessId": "9152",
                    "processId": "5596",
                    "currentDirectory": "C:\\\\Users\\\\windows\\\\Downloads\\\\Sysmon\\\\",
                    "utcTime": "2025-11-23 04:19:30.674",
                    "hashes": "MD5=0BD94A338EEA5A4E1F2830AE326E6D19,SHA256=9F376759BCBCD705F726460FC4A7E2B07F310F52BAA73CAAAAA124FDDBDF993E",
                    "parentImage": "C:\\\\Windows\\\\System32\\\\WindowsPowerShell\\\\v1.0\\\\powershell.exe",
                    "company": "Microsoft Corporation",
                    "commandLine": "\\\"C:\\\\Windows\\\\system32\\\\net.exe\\\" user hacker2 123456 /add",
                    "integrityLevel": "High",
                    "fileVersion": "10.0.19041.1 (WinBuild.160101.0800)",
                    "user": "DESKTOP-SIJOGEC\\\\windows",
                    "terminalSessionId": "1",
                    "parentUser": "DESKTOP-SIJOGEC\\\\windows"
                },
                "system": {
                    "eventID": "1",
                    "keywords": "0x8000000000000000",
                    "providerGuid": "{5770385f-c22a-43e0-bf4c-06f5698ffbd9}",
                    "level": "4",
                    "channel": "Microsoft-Windows-Sysmon/Operational",
                    "opcode": "0",
                    "message": "\"Process Create:\r\nRuleName: -\r\nUtcTime: 2025-11-23 04:19:30.674\r\nProcessGuid: {3e3e0db9-8b52-6922-cf01-000000000700}\r\nProcessId: 5596\r\nImage: C:\\Windows\\System32\\net.exe\r\nFileVersion: 10.0.19041.1 (WinBuild.160101.0800)\r\nDescription: Net Command\r\nProduct: Microsoft Windows Operating System\r\nCompany: Microsoft Corporation\r\nOriginalFileName: net.exe\r\nCommandLine: \"C:\\Windows\\system32\\net.exe\" user hacker2 123456 /add\r\nCurrentDirectory: C:\\Users\\windows\\Downloads\\Sysmon\\\r\nUser: DESKTOP-SIJOGEC\\windows\r\nLogonGuid: {3e3e0db9-7712-6922-8c90-010000000000}\r\nLogonId: 0x1908C\r\nTerminalSessionId: 1\r\nIntegrityLevel: High\r\nHashes: MD5=0BD94A338EEA5A4E1F2830AE326E6D19,SHA256=9F376759BCBCD705F726460FC4A7E2B07F310F52BAA73CAAAAA124FDDBDF993E\r\nParentProcessGuid: {3e3e0db9-8367-6922-7a01-000000000700}\r\nParentProcessId: 9152\r\nParentImage: C:\\Windows\\System32\\WindowsPowerShell\\v1.0\\powershell.exe\r\nParentCommandLine: \"C:\\Windows\\System32\\WindowsPowerShell\\v1.0\\powershell.exe\" \r\nParentUser: DESKTOP-SIJOGEC\\windows\"",
                    "version": "5",
                    "systemTime": "2025-11-23T04:19:30.6799365Z",
                    "eventRecordID": "143",
                    "threadID": "2872",
                    "computer": "DESKTOP-SIJOGEC",
                    "task": "1",
                    "processID": "516",
                    "severityValue": "INFORMATION",
                    "providerName": "Microsoft-Windows-Sysmon"
                }
            }
        },
        "rule": {
            "firedtimes": 2,
            "mail": false,
            "level": 3,
            "description": "Discovery activity spawned via powershell execution",
            "groups": [
                "sysmon",
                "sysmon_eid1_detections",
                "windows"
            ],
            "mitre": {
                "technique": [
                    "Account Discovery",
                    "PowerShell"
                ],
                "id": [
                    "T1087",
                    "T1059.001"
                ],
                "tactic": [
                    "Discovery",
                    "Execution"
                ]
            },
            "id": "92033"
        },
        "decoder": {
            "name": "windows_eventchannel"
        },
        "input": {
            "type": "log"
        },
        "@timestamp": "2025-11-23T04:19:33.099Z",
        "location": "EventChannel",
        "id": "1763871573.175374",
        "timestamp": "2025-11-23T04:19:33.099+0000"
    },
    {
        "agent": {
            "ip": "192.168.44.137",
            "name": "win",
            "id": "001"
        },
        "manager": {
            "name": "ubuntu"
        },
        "data": {
            "win": {
                "eventdata": {
                    "subjectLogonId": "0x1908c",
                    "targetUserName": "Users",
                    "memberSid": "S-1-5-21-2643128391-4121916274-1247374836-1003",
                    "subjectUserSid": "S-1-5-21-2643128391-4121916274-1247374836-1001",
                    "subjectDomainName": "DESKTOP-SIJOGEC",
                    "targetDomainName": "Builtin",
                    "targetSid": "S-1-5-32-545",
                    "subjectUserName": "windows"
                },
                "system": {
                    "eventID": "4732",
                    "keywords": "0x8020000000000000",
                    "providerGuid": "{54849625-5478-4994-a5ba-3e3b0328c30d}",
                    "level": "0",
                    "channel": "Security",
                    "opcode": "0",
                    "message": "\"A member was added to a security-enabled local group.\r\n\r\nSubject:\r\n\tSecurity ID:\t\tS-1-5-21-2643128391-4121916274-1247374836-1001\r\n\tAccount Name:\t\twindows\r\n\tAccount Domain:\t\tDESKTOP-SIJOGEC\r\n\tLogon ID:\t\t0x1908C\r\n\r\nMember:\r\n\tSecurity ID:\t\tS-1-5-21-2643128391-4121916274-1247374836-1003\r\n\tAccount Name:\t\t-\r\n\r\nGroup:\r\n\tSecurity ID:\t\tS-1-5-32-545\r\n\tGroup Name:\t\tUsers\r\n\tGroup Domain:\t\tBuiltin\r\n\r\nAdditional Information:\r\n\tPrivileges:\t\t-\"",
                    "version": "0",
                    "systemTime": "2025-11-23T04:10:27.3284973Z",
                    "eventRecordID": "17054",
                    "threadID": "10220",
                    "computer": "DESKTOP-SIJOGEC",
                    "task": "13826",
                    "processID": "672",
                    "severityValue": "AUDIT_SUCCESS",
                    "providerName": "Microsoft-Windows-Security-Auditing"
                }
            }
        },
        "rule": {
            "mail": false,
            "level": 5,
            "pci_dss": [
                "8.1.2",
                "10.2.5"
            ],
            "hipaa": [
                "164.312.a.2.I",
                "164.312.a.2.II",
                "164.312.b"
            ],
            "tsc": [
                "CC6.8",
                "CC7.2",
                "CC7.3"
            ],
            "description": "Users Group Changed",
            "groups": [
                "windows",
                "windows_security",
                "group_changed",
                "win_group_changed"
            ],
            "nist_800_53": [
                "AC.2",
                "IA.4",
                "AU.14",
                "AC.7"
            ],
            "gdpr": [
                "IV_35.7.d",
                "IV_32.2"
            ],
            "firedtimes": 1,
            "mitre": {
                "technique": [
                    "Domain Policy Modification"
                ],
                "id": [
                    "T1484"
                ],
                "tactic": [
                    "Defense Evasion",
                    "Privilege Escalation"
                ]
            },
            "id": "60170",
            "gpg13": [
                "7.10"
            ]
        },
        "decoder": {
            "name": "windows_eventchannel"
        },
        "input": {
            "type": "log"
        },
        "@timestamp": "2025-11-23T04:10:29.830Z",
        "location": "EventChannel",
        "id": "1763871029.172347",
        "timestamp": "2025-11-23T04:10:29.830+0000"
    },
    {
        "agent": {
            "ip": "192.168.44.137",
            "name": "win",
            "id": "001"
        },
        "manager": {
            "name": "ubuntu"
        },
        "data": {
            "win": {
                "eventdata": {
                    "subjectLogonId": "0x1908c",
                    "scriptPath": "%%1793",
                    "passwordLastSet": "11/23/2025 11:10:27 AM",
                    "homeDirectory": "%%1793",
                    "subjectDomainName": "DESKTOP-SIJOGEC",
                    "displayName": "%%1793",
                    "accountExpires": "%%1794",
                    "homePath": "%%1793",
                    "samAccountName": "testtime",
                    "targetUserName": "testtime",
                    "subjectUserSid": "S-1-5-21-2643128391-4121916274-1247374836-1001",
                    "primaryGroupId": "513",
                    "logonHours": "%%1797",
                    "targetDomainName": "DESKTOP-SIJOGEC",
                    "profilePath": "%%1793",
                    "userWorkstations": "%%1793",
                    "oldUacValue": "0x15",
                    "newUacValue": "0x10",
                    "targetSid": "S-1-5-21-2643128391-4121916274-1247374836-1003",
                    "userAccountControl": "    %%2048    %%2050",
                    "subjectUserName": "windows"
                },
                "system": {
                    "eventID": "4738",
                    "keywords": "0x8020000000000000",
                    "providerGuid": "{54849625-5478-4994-a5ba-3e3b0328c30d}",
                    "level": "0",
                    "channel": "Security",
                    "opcode": "0",
                    "message": "\"A user account was changed.\r\n\r\nSubject:\r\n\tSecurity ID:\t\tS-1-5-21-2643128391-4121916274-1247374836-1001\r\n\tAccount Name:\t\twindows\r\n\tAccount Domain:\t\tDESKTOP-SIJOGEC\r\n\tLogon ID:\t\t0x1908C\r\n\r\nTarget Account:\r\n\tSecurity ID:\t\tS-1-5-21-2643128391-4121916274-1247374836-1003\r\n\tAccount Name:\t\ttesttime\r\n\tAccount Domain:\t\tDESKTOP-SIJOGEC\r\n\r\nChanged Attributes:\r\n\tSAM Account Name:\ttesttime\r\n\tDisplay Name:\t\t<value not set>\r\n\tUser Principal Name:\t-\r\n\tHome Directory:\t\t<value not set>\r\n\tHome Drive:\t\t<value not set>\r\n\tScript Path:\t\t<value not set>\r\n\tProfile Path:\t\t<value not set>\r\n\tUser Workstations:\t<value not set>\r\n\tPassword Last Set:\t11/23/2025 11:10:27 AM\r\n\tAccount Expires:\t\t<never>\r\n\tPrimary Group ID:\t513\r\n\tAllowedToDelegateTo:\t-\r\n\tOld UAC Value:\t\t0x15\r\n\tNew UAC Value:\t\t0x10\r\n\tUser Account Control:\t\r\n\t\tAccount Enabled\r\n\t\t'Password Not Required' - Disabled\r\n\tUser Parameters:\t-\r\n\tSID History:\t\t-\r\n\tLogon Hours:\t\tAll\r\n\r\nAdditional Information:\r\n\tPrivileges:\t\t-\"",
                    "version": "0",
                    "systemTime": "2025-11-23T04:10:27.3225441Z",
                    "eventRecordID": "17052",
                    "threadID": "5920",
                    "computer": "DESKTOP-SIJOGEC",
                    "task": "13824",
                    "processID": "672",
                    "severityValue": "AUDIT_SUCCESS",
                    "providerName": "Microsoft-Windows-Security-Auditing"
                }
            }
        },
        "rule": {
            "mail": false,
            "level": 8,
            "pci_dss": [
                "8.1.2",
                "10.2.5"
            ],
            "hipaa": [
                "164.312.a.2.I",
                "164.312.a.2.II",
                "164.312.b"
            ],
            "tsc": [
                "CC6.8",
                "CC7.2",
                "CC7.3"
            ],
            "description": "User account changed",
            "groups": [
                "windows",
                "windows_security",
                "account_changed"
            ],
            "nist_800_53": [
                "AC.2",
                "IA.4",
                "AU.14",
                "AC.7"
            ],
            "gdpr": [
                "IV_35.7.d",
                "IV_32.2"
            ],
            "firedtimes": 1,
            "mitre": {
                "technique": [
                    "Account Manipulation"
                ],
                "id": [
                    "T1098"
                ],
                "tactic": [
                    "Persistence"
                ]
            },
            "id": "60110",
            "gpg13": [
                "7.10"
            ]
        },
        "decoder": {
            "name": "windows_eventchannel"
        },
        "input": {
            "type": "log"
        },
        "@timestamp": "2025-11-23T04:10:29.815Z",
        "location": "EventChannel",
        "id": "1763871029.167358",
        "timestamp": "2025-11-23T04:10:29.815+0000"
    },
    {
        "agent": {
            "ip": "192.168.44.137",
            "name": "win",
            "id": "001"
        },
        "manager": {
            "name": "ubuntu"
        },
        "data": {
            "win": {
                "eventdata": {
                    "subjectLogonId": "0x1908c",
                    "targetUserName": "testtime",
                    "subjectUserSid": "S-1-5-21-2643128391-4121916274-1247374836-1001",
                    "subjectDomainName": "DESKTOP-SIJOGEC",
                    "targetDomainName": "DESKTOP-SIJOGEC",
                    "targetSid": "S-1-5-21-2643128391-4121916274-1247374836-1003",
                    "subjectUserName": "windows"
                },
                "system": {
                    "eventID": "4722",
                    "keywords": "0x8020000000000000",
                    "providerGuid": "{54849625-5478-4994-a5ba-3e3b0328c30d}",
                    "level": "0",
                    "channel": "Security",
                    "opcode": "0",
                    "message": "\"A user account was enabled.\r\n\r\nSubject:\r\n\tSecurity ID:\t\tS-1-5-21-2643128391-4121916274-1247374836-1001\r\n\tAccount Name:\t\twindows\r\n\tAccount Domain:\t\tDESKTOP-SIJOGEC\r\n\tLogon ID:\t\t0x1908C\r\n\r\nTarget Account:\r\n\tSecurity ID:\t\tS-1-5-21-2643128391-4121916274-1247374836-1003\r\n\tAccount Name:\t\ttesttime\r\n\tAccount Domain:\t\tDESKTOP-SIJOGEC\"",
                    "version": "0",
                    "systemTime": "2025-11-23T04:10:27.3223773Z",
                    "eventRecordID": "17051",
                    "threadID": "5920",
                    "computer": "DESKTOP-SIJOGEC",
                    "task": "13824",
                    "processID": "672",
                    "severityValue": "AUDIT_SUCCESS",
                    "providerName": "Microsoft-Windows-Security-Auditing"
                }
            }
        },
        "rule": {
            "mail": false,
            "level": 8,
            "pci_dss": [
                "8.1.2",
                "10.2.5"
            ],
            "hipaa": [
                "164.312.a.2.I",
                "164.312.a.2.II",
                "164.312.b"
            ],
            "tsc": [
                "CC6.8",
                "CC7.2",
                "CC7.3"
            ],
            "description": "User account enabled or created",
            "groups": [
                "windows",
                "windows_security",
                "adduser",
                "account_changed"
            ],
            "nist_800_53": [
                "AC.2",
                "IA.4",
                "AU.14",
                "AC.7"
            ],
            "gdpr": [
                "IV_35.7.d",
                "IV_32.2"
            ],
            "firedtimes": 2,
            "mitre": {
                "technique": [
                    "Account Manipulation"
                ],
                "id": [
                    "T1098"
                ],
                "tactic": [
                    "Persistence"
                ]
            },
            "id": "60109",
            "gpg13": [
                "7.10"
            ]
        },
        "decoder": {
            "name": "windows_eventchannel"
        },
        "input": {
            "type": "log"
        },
        "@timestamp": "2025-11-23T04:10:29.783Z",
        "location": "EventChannel",
        "id": "1763871029.164605",
        "timestamp": "2025-11-23T04:10:29.783+0000"
    },
    {
        "agent": {
            "ip": "192.168.44.137",
            "name": "win",
            "id": "001"
        },
        "manager": {
            "name": "ubuntu"
        },
        "data": {
            "win": {
                "eventdata": {
                    "subjectLogonId": "0x1908c",
                    "scriptPath": "%%1793",
                    "passwordLastSet": "%%1794",
                    "homeDirectory": "%%1793",
                    "userParameters": "%%1793",
                    "subjectDomainName": "DESKTOP-SIJOGEC",
                    "displayName": "%%1793",
                    "accountExpires": "%%1794",
                    "homePath": "%%1793",
                    "samAccountName": "testtime",
                    "targetUserName": "testtime",
                    "subjectUserSid": "S-1-5-21-2643128391-4121916274-1247374836-1001",
                    "primaryGroupId": "513",
                    "logonHours": "%%1797",
                    "targetDomainName": "DESKTOP-SIJOGEC",
                    "profilePath": "%%1793",
                    "userWorkstations": "%%1793",
                    "oldUacValue": "0x0",
                    "newUacValue": "0x15",
                    "targetSid": "S-1-5-21-2643128391-4121916274-1247374836-1003",
                    "userAccountControl": "    %%2080    %%2082    %%2084",
                    "subjectUserName": "windows"
                },
                "system": {
                    "eventID": "4720",
                    "keywords": "0x8020000000000000",
                    "providerGuid": "{54849625-5478-4994-a5ba-3e3b0328c30d}",
                    "level": "0",
                    "channel": "Security",
                    "opcode": "0",
                    "message": "\"A user account was created.\r\n\r\nSubject:\r\n\tSecurity ID:\t\tS-1-5-21-2643128391-4121916274-1247374836-1001\r\n\tAccount Name:\t\twindows\r\n\tAccount Domain:\t\tDESKTOP-SIJOGEC\r\n\tLogon ID:\t\t0x1908C\r\n\r\nNew Account:\r\n\tSecurity ID:\t\tS-1-5-21-2643128391-4121916274-1247374836-1003\r\n\tAccount Name:\t\ttesttime\r\n\tAccount Domain:\t\tDESKTOP-SIJOGEC\r\n\r\nAttributes:\r\n\tSAM Account Name:\ttesttime\r\n\tDisplay Name:\t\t<value not set>\r\n\tUser Principal Name:\t-\r\n\tHome Directory:\t\t<value not set>\r\n\tHome Drive:\t\t<value not set>\r\n\tScript Path:\t\t<value not set>\r\n\tProfile Path:\t\t<value not set>\r\n\tUser Workstations:\t<value not set>\r\n\tPassword Last Set:\t<never>\r\n\tAccount Expires:\t\t<never>\r\n\tPrimary Group ID:\t513\r\n\tAllowed To Delegate To:\t-\r\n\tOld UAC Value:\t\t0x0\r\n\tNew UAC Value:\t\t0x15\r\n\tUser Account Control:\t\r\n\t\tAccount Disabled\r\n\t\t'Password Not Required' - Enabled\r\n\t\t'Normal Account' - Enabled\r\n\tUser Parameters:\t<value not set>\r\n\tSID History:\t\t-\r\n\tLogon Hours:\t\tAll\r\n\r\nAdditional Information:\r\n\tPrivileges\t\t-\"",
                    "version": "0",
                    "systemTime": "2025-11-23T04:10:27.3009147Z",
                    "eventRecordID": "17050",
                    "threadID": "10220",
                    "computer": "DESKTOP-SIJOGEC",
                    "task": "13824",
                    "processID": "672",
                    "severityValue": "AUDIT_SUCCESS",
                    "providerName": "Microsoft-Windows-Security-Auditing"
                }
            }
        },
        "rule": {
            "mail": false,
            "level": 8,
            "pci_dss": [
                "8.1.2",
                "10.2.5"
            ],
            "hipaa": [
                "164.312.a.2.I",
                "164.312.a.2.II",
                "164.312.b"
            ],
            "tsc": [
                "CC6.8",
                "CC7.2",
                "CC7.3"
            ],
            "description": "User account enabled or created",
            "groups": [
                "windows",
                "windows_security",
                "adduser",
                "account_changed"
            ],
            "nist_800_53": [
                "AC.2",
                "IA.4",
                "AU.14",
                "AC.7"
            ],
            "gdpr": [
                "IV_35.7.d",
                "IV_32.2"
            ],
            "firedtimes": 1,
            "mitre": {
                "technique": [
                    "Account Manipulation"
                ],
                "id": [
                    "T1098"
                ],
                "tactic": [
                    "Persistence"
                ]
            },
            "id": "60109",
            "gpg13": [
                "7.10"
            ]
        },
        "decoder": {
            "name": "windows_eventchannel"
        },
        "input": {
            "type": "log"
        },
        "@timestamp": "2025-11-23T04:10:29.769Z",
        "location": "EventChannel",
        "id": "1763871029.159504",
        "timestamp": "2025-11-23T04:10:29.769+0000"
    },
    {
        "agent": {
            "ip": "192.168.44.137",
            "name": "win",
            "id": "001"
        },
        "manager": {
            "name": "ubuntu"
        },
        "data": {
            "win": {
                "eventdata": {
                    "subjectLogonId": "0x1908c",
                    "targetUserName": "None",
                    "memberSid": "S-1-5-21-2643128391-4121916274-1247374836-1003",
                    "subjectUserSid": "S-1-5-21-2643128391-4121916274-1247374836-1001",
                    "subjectDomainName": "DESKTOP-SIJOGEC",
                    "targetDomainName": "DESKTOP-SIJOGEC",
                    "targetSid": "S-1-5-21-2643128391-4121916274-1247374836-513",
                    "subjectUserName": "windows"
                },
                "system": {
                    "eventID": "4728",
                    "keywords": "0x8020000000000000",
                    "providerGuid": "{54849625-5478-4994-a5ba-3e3b0328c30d}",
                    "level": "0",
                    "channel": "Security",
                    "opcode": "0",
                    "message": "\"A member was added to a security-enabled global group.\r\n\r\nSubject:\r\n\tSecurity ID:\t\tS-1-5-21-2643128391-4121916274-1247374836-1001\r\n\tAccount Name:\t\twindows\r\n\tAccount Domain:\t\tDESKTOP-SIJOGEC\r\n\tLogon ID:\t\t0x1908C\r\n\r\nMember:\r\n\tSecurity ID:\t\tS-1-5-21-2643128391-4121916274-1247374836-1003\r\n\tAccount Name:\t\t-\r\n\r\nGroup:\r\n\tSecurity ID:\t\tS-1-5-21-2643128391-4121916274-1247374836-513\r\n\tGroup Name:\t\tNone\r\n\tGroup Domain:\t\tDESKTOP-SIJOGEC\r\n\r\nAdditional Information:\r\n\tPrivileges:\t\t-\"",
                    "version": "0",
                    "systemTime": "2025-11-23T04:10:27.2995765Z",
                    "eventRecordID": "17049",
                    "threadID": "10220",
                    "computer": "DESKTOP-SIJOGEC",
                    "task": "13826",
                    "processID": "672",
                    "severityValue": "AUDIT_SUCCESS",
                    "providerName": "Microsoft-Windows-Security-Auditing"
                }
            }
        },
        "rule": {
            "mail": false,
            "level": 5,
            "pci_dss": [
                "8.1.2",
                "10.2.5"
            ],
            "hipaa": [
                "164.312.a.2.I",
                "164.312.a.2.II",
                "164.312.b"
            ],
            "tsc": [
                "CC6.8",
                "CC7.2",
                "CC7.3"
            ],
            "description": "Domain Users Group Changed",
            "groups": [
                "windows",
                "windows_security",
                "group_changed",
                "win_group_changed"
            ],
            "nist_800_53": [
                "AC.2",
                "IA.4",
                "AU.14",
                "AC.7"
            ],
            "gdpr": [
                "IV_35.7.d",
                "IV_32.2"
            ],
            "firedtimes": 1,
            "mitre": {
                "technique": [
                    "Domain Policy Modification"
                ],
                "id": [
                    "T1484"
                ],
                "tactic": [
                    "Defense Evasion",
                    "Privilege Escalation"
                ]
            },
            "id": "60160",
            "gpg13": [
                "7.10"
            ]
        },
        "decoder": {
            "name": "windows_eventchannel"
        },
        "input": {
            "type": "log"
        },
        "@timestamp": "2025-11-23T04:10:29.768Z",
        "location": "EventChannel",
        "id": "1763871029.156308",
        "timestamp": "2025-11-23T04:10:29.768+0000"
    },
