    {
        "agent": {
            "ip": "192.168.44.137",
            "name": "win",
            "id": "001"
        },
        "manager": {
            "name": "ubuntu"
        },
        "data": {
            "win": {
                "eventdata": {
                    "image": "C:\\\\Windows\\\\system32\\\\svchost.exe",
                    "processGuid": "{3e3e0db9-8b7d-6923-6a00-000000000a00}",
                    "processId": "4456",
                    "utcTime": "2025-11-23 22:43:32.927",
                    "targetFilename": "C:\\\\Windows\\\\SoftwareDistribution\\\\Download\\\\Install\\\\AM_Delta_Patch_1.441.437.0.exe",
                    "creationUtcTime": "2025-11-23 22:43:32.927",
                    "user": "NT AUTHORITY\\\\SYSTEM"
                },
                "system": {
                    "eventID": "11",
                    "keywords": "0x8000000000000000",
                    "providerGuid": "{5770385f-c22a-43e0-bf4c-06f5698ffbd9}",
                    "level": "4",
                    "channel": "Microsoft-Windows-Sysmon/Operational",
                    "opcode": "0",
                    "message": "\"File created:\r\nRuleName: -\r\nUtcTime: 2025-11-23 22:43:32.927\r\nProcessGuid: {3e3e0db9-8b7d-6923-6a00-000000000a00}\r\nProcessId: 4456\r\nImage: C:\\Windows\\system32\\svchost.exe\r\nTargetFilename: C:\\Windows\\SoftwareDistribution\\Download\\Install\\AM_Delta_Patch_1.441.437.0.exe\r\nCreationUtcTime: 2025-11-23 22:43:32.927\r\nUser: NT AUTHORITY\\SYSTEM\"",
                    "version": "2",
                    "systemTime": "2025-11-23T22:43:32.9289120Z",
                    "eventRecordID": "2517",
                    "threadID": "4596",
                    "computer": "DESKTOP-SIJOGEC",
                    "task": "11",
                    "processID": "2792",
                    "severityValue": "INFORMATION",
                    "providerName": "Microsoft-Windows-Sysmon"
                }
            }
        },
        "rule": {
            "firedtimes": 1,
            "mail": false,
            "level": 6,
            "description": "Executable dropped in Windows root folder",
            "groups": [
                "sysmon",
                "sysmon_eid11_detections",
                "windows"
            ],
            "mitre": {
                "technique": [
                    "Lateral Tool Transfer"
                ],
                "id": [
                    "T1570"
                ],
                "tactic": [
                    "Lateral Movement"
                ]
            },
            "id": "92217"
        },
        "decoder": {
            "name": "windows_eventchannel"
        },
        "input": {
            "type": "log"
        },
        "@timestamp": "2025-11-23T22:43:34.847Z",
        "location": "EventChannel",
        "id": "1763937814.703089",
        "timestamp": "2025-11-23T22:43:34.847+0000"
    },
    {
        "agent": {
            "ip": "192.168.44.137",
            "name": "win",
            "id": "001"
        },
        "manager": {
            "name": "ubuntu"
        },
        "data": {
            "win": {
                "eventdata": {
                    "image": "C:\\\\Windows\\\\system32\\\\cleanmgr.exe",
                    "processGuid": "{3e3e0db9-8e06-6923-2b01-000000000a00}",
                    "processId": "6292",
                    "utcTime": "2025-11-23 22:43:21.161",
                    "targetFilename": "C:\\\\Users\\\\windows\\\\AppData\\\\Local\\\\Temp\\\\62BC9777-C185-4422-B554-9007E58F62A5\\\\DismHost.exe",
                    "creationUtcTime": "2025-11-23 22:43:21.161",
                    "user": "DESKTOP-SIJOGEC\\\\windows"
                },
                "system": {
                    "eventID": "11",
                    "keywords": "0x8000000000000000",
                    "providerGuid": "{5770385f-c22a-43e0-bf4c-06f5698ffbd9}",
                    "level": "4",
                    "channel": "Microsoft-Windows-Sysmon/Operational",
                    "opcode": "0",
                    "message": "\"File created:\r\nRuleName: -\r\nUtcTime: 2025-11-23 22:43:21.161\r\nProcessGuid: {3e3e0db9-8e06-6923-2b01-000000000a00}\r\nProcessId: 6292\r\nImage: C:\\Windows\\system32\\cleanmgr.exe\r\nTargetFilename: C:\\Users\\windows\\AppData\\Local\\Temp\\62BC9777-C185-4422-B554-9007E58F62A5\\DismHost.exe\r\nCreationUtcTime: 2025-11-23 22:43:21.161\r\nUser: DESKTOP-SIJOGEC\\windows\"",
                    "version": "2",
                    "systemTime": "2025-11-23T22:43:21.1617471Z",
                    "eventRecordID": "2487",
                    "threadID": "4596",
                    "computer": "DESKTOP-SIJOGEC",
                    "task": "11",
                    "processID": "2792",
                    "severityValue": "INFORMATION",
                    "providerName": "Microsoft-Windows-Sysmon"
                }
            }
        },
        "rule": {
            "firedtimes": 1,
            "mail": true,
            "level": 15,
            "description": "Executable file dropped in folder commonly used by malware",
            "groups": [
                "sysmon",
                "sysmon_eid11_detections",
                "windows"
            ],
            "mitre": {
                "technique": [
                    "Ingress Tool Transfer"
                ],
                "id": [
                    "T1105"
                ],
                "tactic": [
                    "Command and Control"
                ]
            },
            "id": "92213"
        },
        "decoder": {
            "name": "windows_eventchannel"
        },
        "input": {
            "type": "log"
        },
        "@timestamp": "2025-11-23T22:43:22.250Z",
        "location": "EventChannel",
        "id": "1763937802.700346",
        "timestamp": "2025-11-23T22:43:22.250+0000"
    },
    {
        "agent": {
            "ip": "192.168.44.137",
            "name": "win",
            "id": "001"
        },
        "manager": {
            "name": "ubuntu"
        },
        "data": {
            "win": {
                "eventdata": {
                    "data": "svchost, 7300,D,50, DS_Token_DB:, 1, C:\\\\Windows\\\\system32\\\\config\\\\systemprofile\\\\AppData\\\\Local\\\\DataSharing\\\\Storage\\\\DSTokenDB2.dat, 0,  [1] 0.000026 +J(0) [2] 0.002449 -0.000231 (1) WT +J(0) +M(C:0K, Fs:17, WS:4K # 12K, PF:4K # 0K, P:4K) [3] 0.009042 -0.002720 (6) WT +J(CM:0, PgRf:0, Rd:0/0, Dy:0/0, Lg:3480/2) +M(C:0K, Fs:12, WS:44K # 0K, PF:40K # 0K, P:40K) [4] 0.000818 +J(0) [5] - [6] - [7] - [8] 0.001089 -0.000481 (2) CM -0.000271 (2) WT +J(CM:2, PgRf:2, Rd:4/2, Dy:0/0, Lg:54/1) +M(C:8K, Fs:4, WS:16K # 0K, PF:28K # 4K, P:28K) [9] 0.001844 -0.000818 (3) CM -0.000593 (3) WT +J(CM:3, PgRf:23, Rd:0/3, Dy:0/0, Lg:0/0) +M(C:0K, Fs:27, WS:100K # 100K, PF:196K # 204K, P:196K) [10] 0.001630 -0.001183 (3) CM -0.000622 (3) WT +J(CM:3, PgRf:40, Rd:0/3, Dy:0/0, Lg:0/0) +M(C:0K, Fs:1, WS:4K # 0K, PF:64K # 56K, P:64K) [11] 0.000029 +J(CM:0, PgRf:1, Rd:0/0, Dy:0/0, Lg:0/0) +M(C:0K, Fs:2, WS:8K # 8K, PF:0K # 0K, P:0K) [12] 0.000090 +J(CM:0, PgRf:42, Rd:0/0, Dy:0/0, Lg:0/0) +M(C:0K, Fs:6, WS:24K # 24K, PF:0K # 0K, P:0K) [13] 0.000001 +J(0) [14] 0.0 +J(0) [15] 0.000004 +J(CM:0, PgRf:1, Rd:0/0, Dy:0/0, Lg:0/0)., 1 0, lgposAttach = 00000003:0001:0268, dbv = 1568.110.240"
                },
                "system": {
                    "eventID": "326",
                    "keywords": "0x80000000000000",
                    "level": "4",
                    "channel": "Application",
                    "opcode": "0",
                    "message": "\"svchost (7300,D,50) DS_Token_DB: The database engine attached a database (1, C:\\Windows\\system32\\config\\systemprofile\\AppData\\Local\\DataSharing\\Storage\\DSTokenDB2.dat). (Time=0 seconds) \r\n \r\nSaved Cache: 1 0 \r\nAdditional Data: lgposAttach = 00000003:0001:0268,\ndbv = 1568.110.240 \r\n \r\nInternal Timing Sequence: \n[1] 0.000026 +J(0)\n[2] 0.002449 -0.000231 (1) WT +J(0) +M(C:0K, Fs:17, WS:4K # 12K, PF:4K # 0K, P:4K)\n[3] 0.009042 -0.002720 (6) WT +J(CM:0, PgRf:0, Rd:0/0, Dy:0/0, Lg:3480/2) +M(C:0K, Fs:12, WS:44K # 0K, PF:40K # 0K, P:40K)\n[4] 0.000818 +J(0)\n[5] -\n[6] -\n[7] -\n[8] 0.001089 -0.000481 (2) CM -0.000271 (2) WT +J(CM:2, PgRf:2, Rd:4/2, Dy:0/0, Lg:54/1) +M(C:8K, Fs:4, WS:16K # 0K, PF:28K # 4K, P:28K)\n[9] 0.001844 -0.000818 (3) CM -0.000593 (3) WT +J(CM:3, PgRf:23, Rd:0/3, Dy:0/0, Lg:0/0) +M(C:0K, Fs:27, WS:100K # 100K, PF:196K # 204K, P:196K)\n[10] 0.001630 -0.001183 (3) CM -0.000622 (3) WT +J(CM:3, PgRf:40, Rd:0/3, Dy:0/0, Lg:0/0) +M(C:0K, Fs:1, WS:4K # 0K, PF:64K # 56K, P:64K)\n[11] 0.000029 +J(CM:0, PgRf:1, Rd:0/0, Dy:0/0, Lg:0/0) +M(C:0K, Fs:2, WS:8K # 8K, PF:0K # 0K, P:0K)\n[12] 0.000090 +J(CM:0, PgRf:42, Rd:0/0, Dy:0/0, Lg:0/0) +M(C:0K, Fs:6, WS:24K # 24K, PF:0K # 0K, P:0K)\n[13] 0.000001 +J(0)\n[14] 0.0 +J(0)\n[15] 0.000004 +J(CM:0, PgRf:1, Rd:0/0, Dy:0/0, Lg:0/0).\"",
                    "version": "0",
                    "systemTime": "2025-11-23T22:43:19.7963499Z",
                    "eventRecordID": "1766",
                    "threadID": "0",
                    "computer": "DESKTOP-SIJOGEC",
                    "task": "1",
                    "processID": "0",
                    "severityValue": "INFORMATION",
                    "providerName": "ESENT"
                }
            }
        },
        "rule": {
            "firedtimes": 2,
            "mail": false,
            "level": 3,
            "description": "The database engine attached a database.",
            "groups": [
                "windows",
                "windows_application"
            ],
            "id": "60798"
        },
        "decoder": {
            "name": "windows_eventchannel"
        },
        "input": {
            "type": "log"
        },
        "@timestamp": "2025-11-23T22:43:20.709Z",
        "location": "EventChannel",
        "id": "1763937800.694367",
        "timestamp": "2025-11-23T22:43:20.709+0000"
    },
    {
        "agent": {
            "ip": "192.168.44.137",
            "name": "win",
            "id": "001"
        },
        "manager": {
            "name": "ubuntu"
        },
        "data": {
            "win": {
                "eventdata": {
                    "data": "svchost, 7300,U,98, DS_Token_DB:"
                },
                "system": {
                    "eventID": "302",
                    "keywords": "0x80000000000000",
                    "level": "4",
                    "channel": "Application",
                    "opcode": "0",
                    "message": "\"svchost (7300,U,98) DS_Token_DB: The database engine has successfully completed recovery steps.\"",
                    "version": "0",
                    "systemTime": "2025-11-23T22:43:19.7522131Z",
                    "eventRecordID": "1764",
                    "threadID": "0",
                    "computer": "DESKTOP-SIJOGEC",
                    "task": "3",
                    "processID": "0",
                    "severityValue": "INFORMATION",
                    "providerName": "ESENT"
                }
            }
        },
        "rule": {
            "firedtimes": 1,
            "mail": false,
            "level": 3,
            "description": "The database engine has completed recovery steps.",
            "groups": [
                "windows",
                "windows_application"
            ],
            "id": "60809"
        },
        "decoder": {
            "name": "windows_eventchannel"
        },
        "input": {
            "type": "log"
        },
        "@timestamp": "2025-11-23T22:43:20.672Z",
        "location": "EventChannel",
        "id": "1763937800.693102",
        "timestamp": "2025-11-23T22:43:20.672+0000"
    },
    {
        "agent": {
            "ip": "192.168.44.137",
            "name": "win",
            "id": "001"
        },
        "manager": {
            "name": "ubuntu"
        },
        "data": {
            "win": {
                "eventdata": {
                    "data": "svchost, 7300,R,98, DS_Token_DB:, C:\\\\Windows\\\\system32\\\\config\\\\systemprofile\\\\AppData\\\\Local\\\\DataSharing\\\\Storage\\\\DSS.log,  [1] 0.019039 -0.002660 (8) WT +J(CM:0, PgRf:0, Rd:0/0, Dy:0/0, Lg:48658/230) +M(C:0K, Fs:92, WS:228K # 176K, PF:140K # 76K, P:140K)., Insert, 79"
                },
                "system": {
                    "eventID": "301",
                    "keywords": "0x80000000000000",
                    "level": "4",
                    "channel": "Application",
                    "opcode": "0",
                    "message": "\"svchost (7300,R,98) DS_Token_DB: The database engine has finished replaying logfile C:\\Windows\\system32\\config\\systemprofile\\AppData\\Local\\DataSharing\\Storage\\DSS.log. \r\n \r\nProcessing Stats: \n[1] 0.019039 -0.002660 (8) WT +J(CM:0, PgRf:0, Rd:0/0, Dy:0/0, Lg:48658/230) +M(C:0K, Fs:92, WS:228K # 176K, PF:140K # 76K, P:140K). \r\nLog record of type 'Insert   ' was seen most frequently (79 times)\"",
                    "version": "0",
                    "systemTime": "2025-11-23T22:43:19.7105785Z",
                    "eventRecordID": "1763",
                    "threadID": "0",
                    "computer": "DESKTOP-SIJOGEC",
                    "task": "3",
                    "processID": "0",
                    "severityValue": "INFORMATION",
                    "providerName": "ESENT"
                }
            }
        },
        "rule": {
            "firedtimes": 1,
            "mail": false,
            "level": 3,
            "description": "The database engine is replaying log file C:\\Winnt\\system32\\wins\\j50.log.",
            "groups": [
                "windows",
                "windows_application"
            ],
            "id": "60808"
        },
        "decoder": {
            "name": "windows_eventchannel"
        },
        "input": {
            "type": "log"
        },
        "@timestamp": "2025-11-23T22:43:20.625Z",
        "location": "EventChannel",
        "id": "1763937800.690703",
        "timestamp": "2025-11-23T22:43:20.625+0000"
    },
    {
        "agent": {
            "ip": "192.168.44.137",
            "name": "win",
            "id": "001"
        },
        "manager": {
            "name": "ubuntu"
        },
        "data": {
            "win": {
                "eventdata": {
                    "data": "svchost, 7300,R,98, DS_Token_DB:"
                },
                "system": {
                    "eventID": "300",
                    "keywords": "0x80000000000000",
                    "level": "4",
                    "channel": "Application",
                    "opcode": "0",
                    "message": "\"svchost (7300,R,98) DS_Token_DB: The database engine is initiating recovery steps.\"",
                    "version": "0",
                    "systemTime": "2025-11-23T22:43:19.6806616Z",
                    "eventRecordID": "1762",
                    "threadID": "0",
                    "computer": "DESKTOP-SIJOGEC",
                    "task": "3",
                    "processID": "0",
                    "severityValue": "INFORMATION",
                    "providerName": "ESENT"
                }
            }
        },
        "rule": {
            "firedtimes": 1,
            "mail": false,
            "level": 3,
            "description": "The database engine is initiating recovery steps.",
            "groups": [
                "windows",
                "windows_application"
            ],
            "id": "60807"
        },
        "decoder": {
            "name": "windows_eventchannel"
        },
        "input": {
            "type": "log"
        },
        "@timestamp": "2025-11-23T22:43:20.597Z",
        "location": "EventChannel",
        "id": "1763937800.689464",
        "timestamp": "2025-11-23T22:43:20.597+0000"
    },
    {
        "agent": {
            "ip": "192.168.44.137",
            "name": "win",
            "id": "001"
        },
        "manager": {
            "name": "ubuntu"
        },
        "data": {
            "win": {
                "eventdata": {
                    "data": "svchost, 7300,P,98, DS_Token_DB:, 0, 10, 00, 19045, 0000"
                },
                "system": {
                    "eventID": "102",
                    "keywords": "0x80000000000000",
                    "level": "4",
                    "channel": "Application",
                    "opcode": "0",
                    "message": "\"svchost (7300,P,98) DS_Token_DB: The database engine (10.00.19045.0000) is starting a new instance (0).\"",
                    "version": "0",
                    "systemTime": "2025-11-23T22:43:19.6585311Z",
                    "eventRecordID": "1761",
                    "threadID": "0",
                    "computer": "DESKTOP-SIJOGEC",
                    "task": "1",
                    "processID": "0",
                    "severityValue": "INFORMATION",
                    "providerName": "ESENT"
                }
            }
        },
        "rule": {
            "firedtimes": 2,
            "mail": false,
            "level": 3,
            "description": "The database engine is starting a new instance.",
            "groups": [
                "windows",
                "windows_application"
            ],
            "id": "60805"
        },
        "decoder": {
            "name": "windows_eventchannel"
        },
        "input": {
            "type": "log"
        },
        "@timestamp": "2025-11-23T22:43:20.579Z",
        "location": "EventChannel",
        "id": "1763937800.688137",
        "timestamp": "2025-11-23T22:43:20.579+0000"
    },
    {
        "agent": {
            "ip": "192.168.44.137",
            "name": "win",
            "id": "001"
        },
        "manager": {
            "name": "ubuntu"
        },
        "data": {
            "win": {
                "eventdata": {
                    "param3": "auto start",
                    "param4": "BITS",
                    "param1": "Background Intelligent Transfer Service",
                    "param2": "demand start"
                },
                "system": {
                    "eventID": "7040",
                    "eventSourceName": "Service Control Manager",
                    "keywords": "0x8080000000000000",
                    "providerGuid": "{555908d1-a6d7-4695-8e1e-26931d2012f4}",
                    "level": "4",
                    "channel": "System",
                    "opcode": "0",
                    "message": "\"The start type of the Background Intelligent Transfer Service service was changed from demand start to auto start.\"",
                    "version": "0",
                    "systemTime": "2025-11-23T22:40:05.4536972Z",
                    "eventRecordID": "1638",
                    "threadID": "732",
                    "computer": "DESKTOP-SIJOGEC",
                    "task": "0",
                    "processID": "608",
                    "severityValue": "INFORMATION",
                    "providerName": "Service Control Manager"
                }
            }
        },
        "rule": {
            "firedtimes": 2,
            "mail": false,
            "level": 3,
            "pci_dss": [
                "10.6"
            ],
            "hipaa": [
                "164.312.b"
            ],
            "tsc": [
                "CC6.1",
                "CC6.8",
                "CC7.2",
                "CC7.3"
            ],
            "description": "Service startup type was changed",
            "groups": [
                "windows",
                "windows_system",
                "policy_changed"
            ],
            "id": "61104",
            "nist_800_53": [
                "AU.6"
            ],
            "info": "This does not appear to be logged on Windows 2000",
            "gdpr": [
                "IV_35.7.d"
            ]
        },
        "decoder": {
            "name": "windows_eventchannel"
        },
        "input": {
            "type": "log"
        },
        "@timestamp": "2025-11-23T22:40:07.380Z",
        "location": "EventChannel",
        "id": "1763937607.686309",
        "timestamp": "2025-11-23T22:40:07.380+0000"
    },
    {
        "agent": {
            "ip": "192.168.44.137",
            "name": "win",
            "id": "001"
        },
        "manager": {
            "name": "ubuntu"
        },
        "data": {
            "win": {
                "eventdata": {
                    "data": "2025-11-24T22:32:08Z, RulesEngine"
                },
                "system": {
                    "eventID": "16384",
                    "eventSourceName": "Software Protection Platform Service",
                    "keywords": "0x80000000000000",
                    "providerGuid": "{E23B33B0-C8C9-472C-A5F9-F2BDFEA0F156}",
                    "level": "4",
                    "channel": "Application",
                    "opcode": "0",
                    "message": "\"Successfully scheduled Software Protection service for re-start at 2025-11-24T22:32:08Z. Reason: RulesEngine.\"",
                    "version": "0",
                    "systemTime": "2025-11-23T22:39:08.2542088Z",
                    "eventRecordID": "1758",
                    "threadID": "0",
                    "computer": "DESKTOP-SIJOGEC",
                    "task": "0",
                    "processID": "0",
                    "severityValue": "INFORMATION",
                    "providerName": "Microsoft-Windows-Security-SPP"
                }
            }
        },
        "rule": {
            "firedtimes": 4,
            "mail": false,
            "level": 3,
            "description": "Software protection service scheduled successfully.",
            "groups": [
                "windows",
                "windows_application"
            ],
            "id": "60642"
        },
        "decoder": {
            "name": "windows_eventchannel"
        },
        "input": {
            "type": "log"
        },
        "@timestamp": "2025-11-23T22:39:09.167Z",
        "location": "EventChannel",
        "id": "1763937549.684716",
        "timestamp": "2025-11-23T22:39:09.167+0000"
    },
    {
        "agent": {
            "name": "ubuntu",
            "id": "000"
        },
        "previous_output": "Previous output:\nossec: output: 'netstat listening ports':\ntcp 0.0.0.0:22 0.0.0.0:* /usr\ntcp6 :::22 :::* /usr\ntcp 127.0.0.53:53 0.0.0.0:* 932/systemd-resolve\nudp 127.0.0.53:53 0.0.0.0:* 932/systemd-resolve\nudp 192.168.44.138:68 0.0.0.0:* 930/systemd-network\ntcp 0.0.0.0:443 0.0.0.0:* 968/node\ntcp 0.0.0.0:1514 0.0.0.0:* 1647/wazuh-remoted\ntcp 0.0.0.0:1515 0.0.0.0:* 1541/wazuh-authd\ntcp 0.0.0.0:55000 0.0.0.0:* 1479/python3\ntcp6 :::55000 :::* 1479/python3",
        "manager": {
            "name": "ubuntu"
        },
        "rule": {
            "firedtimes": 2,
            "mail": false,
            "level": 7,
            "pci_dss": [
                "10.2.7",
                "10.6.1"
            ],
            "hipaa": [
                "164.312.b"
            ],
            "tsc": [
                "CC6.8",
                "CC7.2",
                "CC7.3"
            ],
            "description": "Listened ports status (netstat) changed (new port opened or closed).",
            "groups": [
                "ossec"
            ],
            "id": "533",
            "nist_800_53": [
                "AU.14",
                "AU.6"
            ],
            "gpg13": [
                "10.1"
            ],
            "gdpr": [
                "IV_35.7.d"
            ]
        },
        "decoder": {
            "name": "ossec"
        },
        "full_log": "ossec: output: 'netstat listening ports':\ntcp 0.0.0.0:22 0.0.0.0:* /usr\ntcp6 :::22 :::* /usr\ntcp 127.0.0.53:53 0.0.0.0:* 932/systemd-resolve\nudp 127.0.0.53:53 0.0.0.0:* 932/systemd-resolve\nudp 192.168.44.138:68 0.0.0.0:* 930/systemd-network\ntcp 0.0.0.0:443 0.0.0.0:* 968/node\ntcp 0.0.0.0:1514 0.0.0.0:* 1647/wazuh-remoted\ntcp 0.0.0.0:1515 0.0.0.0:* 1541/wazuh-authd\ntcp6 :::9200 :::* 969/java\ntcp6 :::9300 :::* 969/java\ntcp 0.0.0.0:55000 0.0.0.0:* 1479/python3\ntcp6 :::55000 :::* 1479/python3",
        "previous_log": "ossec: output: 'netstat listening ports':\ntcp 0.0.0.0:22 0.0.0.0:* /usr\ntcp6 :::22 :::* /usr\ntcp 127.0.0.53:53 0.0.0.0:* 932/systemd-resolve\nudp 127.0.0.53:53 0.0.0.0:* 932/systemd-resolve\nudp 192.168.44.138:68 0.0.0.0:* 930/systemd-network\ntcp 0.0.0.0:443 0.0.0.0:* 968/node\ntcp 0.0.0.0:1514 0.0.0.0:* 1647/wazuh-remoted\ntcp 0.0.0.0:1515 0.0.0.0:* 1541/wazuh-authd\ntcp 0.0.0.0:55000 0.0.0.0:* 1479/python3\ntcp6 :::55000 :::* 1479/python3",
        "input": {
            "type": "log"
        },
        "@timestamp": "2025-11-23T22:39:06.727Z",
        "location": "netstat listening ports",
        "id": "1763937546.683445",
        "timestamp": "2025-11-23T22:39:06.727+0000"
    },
    {
        "agent": {
            "ip": "192.168.44.137",
            "name": "win",
            "id": "001"
        },
        "manager": {
            "name": "ubuntu"
        },
        "data": {
            "win": {
                "eventdata": {
                    "data": "2025-11-24T22:32:13Z, RulesEngine"
                },
                "system": {
                    "eventID": "16384",
                    "eventSourceName": "Software Protection Platform Service",
                    "keywords": "0x80000000000000",
                    "providerGuid": "{E23B33B0-C8C9-472C-A5F9-F2BDFEA0F156}",
                    "level": "4",
                    "channel": "Application",
                    "opcode": "0",
                    "message": "\"Successfully scheduled Software Protection service for re-start at 2025-11-24T22:32:13Z. Reason: RulesEngine.\"",
                    "version": "0",
                    "systemTime": "2025-11-23T22:38:13.9259900Z",
                    "eventRecordID": "1756",
                    "threadID": "0",
                    "computer": "DESKTOP-SIJOGEC",
                    "task": "0",
                    "processID": "0",
                    "severityValue": "INFORMATION",
                    "providerName": "Microsoft-Windows-Security-SPP"
                }
            }
        },
        "rule": {
            "firedtimes": 3,
            "mail": false,
            "level": 3,
            "description": "Software protection service scheduled successfully.",
            "groups": [
                "windows",
                "windows_application"
            ],
            "id": "60642"
        },
        "decoder": {
            "name": "windows_eventchannel"
        },
        "input": {
            "type": "log"
        },
        "@timestamp": "2025-11-23T22:38:14.836Z",
        "location": "EventChannel",
        "id": "1763937494.681852",
        "timestamp": "2025-11-23T22:38:14.836+0000"
    },
    {
        "agent": {
            "ip": "192.168.44.137",
            "name": "win",
            "id": "001"
        },
        "manager": {
            "name": "ubuntu"
        },
        "data": {
            "win": {
                "eventdata": {
                    "image": "C:\\\\Windows\\\\System32\\\\WindowsPowerShell\\\\v1.0\\\\powershell.exe",
                    "processGuid": "{3e3e0db9-8cd1-6923-0001-000000000a00}",
                    "processId": "1892",
                    "utcTime": "2025-11-23 22:38:10.410",
                    "targetFilename": "C:\\\\Windows\\\\SystemTemp\\\\__PSScriptPolicyTest_2w0r5oik.koy.ps1",
                    "creationUtcTime": "2025-11-23 22:38:10.410",
                    "user": "NT AUTHORITY\\\\SYSTEM"
                },
                "system": {
                    "eventID": "11",
                    "keywords": "0x8000000000000000",
                    "providerGuid": "{5770385f-c22a-43e0-bf4c-06f5698ffbd9}",
                    "level": "4",
                    "channel": "Microsoft-Windows-Sysmon/Operational",
                    "opcode": "0",
                    "message": "\"File created:\r\nRuleName: -\r\nUtcTime: 2025-11-23 22:38:10.410\r\nProcessGuid: {3e3e0db9-8cd1-6923-0001-000000000a00}\r\nProcessId: 1892\r\nImage: C:\\Windows\\System32\\WindowsPowerShell\\v1.0\\powershell.exe\r\nTargetFilename: C:\\Windows\\SystemTemp\\__PSScriptPolicyTest_2w0r5oik.koy.ps1\r\nCreationUtcTime: 2025-11-23 22:38:10.410\r\nUser: NT AUTHORITY\\SYSTEM\"",
                    "version": "2",
                    "systemTime": "2025-11-23T22:38:10.4184150Z",
                    "eventRecordID": "2433",
                    "threadID": "4596",
                    "computer": "DESKTOP-SIJOGEC",
                    "task": "11",
                    "processID": "2792",
                    "severityValue": "INFORMATION",
                    "providerName": "Microsoft-Windows-Sysmon"
                }
            }
        },
        "rule": {
            "firedtimes": 1,
            "mail": false,
            "level": 9,
            "description": "Powershell process created an executable file in Windows root folder",
            "groups": [
                "sysmon",
                "sysmon_eid11_detections",
                "windows"
            ],
            "mitre": {
                "technique": [
                    "Ingress Tool Transfer"
                ],
                "id": [
                    "T1105"
                ],
                "tactic": [
                    "Command and Control"
                ]
            },
            "id": "92205"
        },
        "decoder": {
            "name": "windows_eventchannel"
        },
        "input": {
            "type": "log"
        },
        "@timestamp": "2025-11-23T22:38:11.368Z",
        "location": "EventChannel",
        "id": "1763937491.679136",
        "timestamp": "2025-11-23T22:38:11.368+0000"
    },
    {
        "agent": {
            "ip": "192.168.44.137",
            "name": "win",
            "id": "001"
        },
        "manager": {
            "name": "ubuntu"
        },
        "data": {
            "win": {
                "eventdata": {
                    "bucketId": "c9179ef297a30992fa985c66d93c06df37fdd843898c7ef5b5d37ad9e5020beb",
                    "deviceAttributes": "BaseBoardManufacturer:Intel Corporation;FirmwareManufacturer:VMware, Inc.;FirmwareVersion:VMW201.00V.24006586.B64.2406042154;OEMModelNumber:VMware20,1;OEMModelBaseBoard:440BX Desktop Reference Platform;OEMModelSystemFamily:;OEMManufacturerName:VMware, Inc.;OEMModelSKU:;OSArchitecture:amd64;",
                    "updateType": "0",
                    "hResult": "0"
                },
                "system": {
                    "eventID": "1801",
                    "keywords": "0x8000000000000000",
                    "providerGuid": "{7d5387b0-cbe0-11da-a94d-0800200c9a66}",
                    "level": "2",
                    "channel": "System",
                    "opcode": "0",
                    "message": "\"Secure Boot CA/keys need to be updated. This device signature information is included here.\r\nDeviceAttributes: BaseBoardManufacturer:Intel Corporation;FirmwareManufacturer:VMware, Inc.;FirmwareVersion:VMW201.00V.24006586.B64.2406042154;OEMModelNumber:VMware20,1;OEMModelBaseBoard:440BX Desktop Reference Platform;OEMModelSystemFamily:;OEMManufacturerName:VMware, Inc.;OEMModelSKU:;OSArchitecture:amd64;\r\nBucketId: c9179ef297a30992fa985c66d93c06df37fdd843898c7ef5b5d37ad9e5020beb\r\nBucketConfidenceLevel: \r\nUpdateType: 0\r\nHResult: The operation completed successfully.\"",
                    "version": "0",
                    "systemTime": "2025-11-23T22:37:21.1696000Z",
                    "eventRecordID": "1637",
                    "threadID": "2192",
                    "computer": "DESKTOP-SIJOGEC",
                    "task": "0",
                    "processID": "8508",
                    "severityValue": "ERROR",
                    "providerName": "Microsoft-Windows-TPM-WMI"
                }
            }
        },
        "rule": {
            "firedtimes": 1,
            "mail": false,
            "level": 5,
            "description": "Windows System error event",
            "groups": [
                "windows",
                "windows_system",
                "system_error"
            ],
            "id": "61102",
            "gpg13": [
                "4.3"
            ],
            "gdpr": [
                "IV_35.7.d"
            ]
        },
        "decoder": {
            "name": "windows_eventchannel"
        },
        "input": {
            "type": "log"
        },
        "@timestamp": "2025-11-23T22:37:22.699Z",
        "location": "EventChannel",
        "id": "1763937442.675960",
        "timestamp": "2025-11-23T22:37:22.699+0000"
    },
    {
        "agent": {
            "ip": "192.168.44.137",
            "name": "win",
            "id": "001"
        },
        "manager": {
            "name": "ubuntu"
        },
        "data": {
            "win": {
                "eventdata": {
                    "param3": "demand start",
                    "param4": "BITS",
                    "param1": "Background Intelligent Transfer Service",
                    "param2": "auto start"
                },
                "system": {
                    "eventID": "7040",
                    "eventSourceName": "Service Control Manager",
                    "keywords": "0x8080000000000000",
                    "providerGuid": "{555908d1-a6d7-4695-8e1e-26931d2012f4}",
                    "level": "4",
                    "channel": "System",
                    "opcode": "0",
                    "message": "\"The start type of the Background Intelligent Transfer Service service was changed from auto start to demand start.\"",
                    "version": "0",
                    "systemTime": "2025-11-23T22:37:05.5043240Z",
                    "eventRecordID": "1636",
                    "threadID": "732",
                    "computer": "DESKTOP-SIJOGEC",
                    "task": "0",
                    "processID": "608",
                    "severityValue": "INFORMATION",
                    "providerName": "Service Control Manager"
                }
            }
        },
        "rule": {
            "firedtimes": 1,
            "mail": false,
            "level": 3,
            "pci_dss": [
                "10.6"
            ],
            "hipaa": [
                "164.312.b"
            ],
            "tsc": [
                "CC6.1",
                "CC6.8",
                "CC7.2",
                "CC7.3"
            ],
            "description": "Service startup type was changed",
            "groups": [
                "windows",
                "windows_system",
                "policy_changed"
            ],
            "id": "61104",
            "nist_800_53": [
                "AU.6"
            ],
            "info": "This does not appear to be logged on Windows 2000",
            "gdpr": [
                "IV_35.7.d"
            ]
        },
        "decoder": {
            "name": "windows_eventchannel"
        },
        "input": {
            "type": "log"
        },
        "@timestamp": "2025-11-23T22:37:07.430Z",
        "location": "EventChannel",
        "id": "1763937427.674132",
        "timestamp": "2025-11-23T22:37:07.430+0000"
    },
    {
        "agent": {
            "ip": "192.168.44.137",
            "name": "win",
            "id": "001"
        },
        "manager": {
            "name": "ubuntu"
        },
        "data": {
            "win": {
                "eventdata": {
                    "binary": "2D20436F64653A2020434F525356434330303030303737342D2043616C6C3A2020434F525356434330303030303735362D205049443A202030303030343238342D205449443A202030303030343332382D20434D443A2020433A5C57696E646F77735C73797374656D33325C76737376632E6578652020202D20557365723A204E616D653A204E5420415554484F524954595C53595354454D2C205349443A532D312D352D313820"
                },
                "system": {
                    "eventID": "8224",
                    "keywords": "0x80000000000000",
                    "level": "4",
                    "channel": "Application",
                    "opcode": "0",
                    "message": "\"The VSS service is shutting down due to idle timeout. \"",
                    "version": "0",
                    "systemTime": "2025-11-23T22:35:29.1602401Z",
                    "eventRecordID": "1754",
                    "threadID": "0",
                    "computer": "DESKTOP-SIJOGEC",
                    "task": "0",
                    "processID": "0",
                    "severityValue": "INFORMATION",
                    "providerName": "VSS"
                }
            }
        },
        "rule": {
            "firedtimes": 1,
            "mail": false,
            "level": 5,
            "description": "The VSS service is shutting down due to idle timeout.",
            "groups": [
                "windows",
                "windows_application"
            ],
            "id": "60702"
        },
        "decoder": {
            "name": "windows_eventchannel"
        },
        "input": {
            "type": "log"
        },
        "@timestamp": "2025-11-23T22:35:30.110Z",
        "location": "EventChannel",
        "id": "1763937330.672335",
        "timestamp": "2025-11-23T22:35:30.110+0000"
    },
    {
        "agent": {
            "ip": "192.168.44.137",
            "name": "win",
            "id": "001"
        },
        "manager": {
            "name": "ubuntu"
        },
        "data": {
            "win": {
                "eventdata": {
                    "data": "2025-11-24T22:31:55Z, RulesEngine"
                },
                "system": {
                    "eventID": "16384",
                    "eventSourceName": "Software Protection Platform Service",
                    "keywords": "0x80000000000000",
                    "providerGuid": "{E23B33B0-C8C9-472C-A5F9-F2BDFEA0F156}",
                    "level": "4",
                    "channel": "Application",
                    "opcode": "0",
                    "message": "\"Successfully scheduled Software Protection service for re-start at 2025-11-24T22:31:55Z. Reason: RulesEngine.\"",
                    "version": "0",
                    "systemTime": "2025-11-23T22:34:55.4572731Z",
                    "eventRecordID": "1753",
                    "threadID": "0",
                    "computer": "DESKTOP-SIJOGEC",
                    "task": "0",
                    "processID": "0",
                    "severityValue": "INFORMATION",
                    "providerName": "Microsoft-Windows-Security-SPP"
                }
            }
        },
        "rule": {
            "firedtimes": 2,
            "mail": false,
            "level": 3,
            "description": "Software protection service scheduled successfully.",
            "groups": [
                "windows",
                "windows_application"
            ],
            "id": "60642"
        },
        "decoder": {
            "name": "windows_eventchannel"
        },
        "input": {
            "type": "log"
        },
        "@timestamp": "2025-11-23T22:34:56.374Z",
        "location": "EventChannel",
        "id": "1763937296.670742",
        "timestamp": "2025-11-23T22:34:56.374+0000"
    },
    {
        "agent": {
            "ip": "192.168.44.137",
            "name": "win",
            "id": "001"
        },
        "manager": {
            "name": "ubuntu"
        },
        "data": {
            "win": {
                "eventdata": {
                    "data": "2025-11-24T22:32:44Z, RulesEngine"
                },
                "system": {
                    "eventID": "16384",
                    "eventSourceName": "Software Protection Platform Service",
                    "keywords": "0x80000000000000",
                    "providerGuid": "{E23B33B0-C8C9-472C-A5F9-F2BDFEA0F156}",
                    "level": "4",
                    "channel": "Application",
                    "opcode": "0",
                    "message": "\"Successfully scheduled Software Protection service for re-start at 2025-11-24T22:32:44Z. Reason: RulesEngine.\"",
                    "version": "0",
                    "systemTime": "2025-11-23T22:33:44.2227328Z",
                    "eventRecordID": "1745",
                    "threadID": "0",
                    "computer": "DESKTOP-SIJOGEC",
                    "task": "0",
                    "processID": "0",
                    "severityValue": "INFORMATION",
                    "providerName": "Microsoft-Windows-Security-SPP"
                }
            }
        },
        "rule": {
            "firedtimes": 1,
            "mail": false,
            "level": 3,
            "description": "Software protection service scheduled successfully.",
            "groups": [
                "windows",
                "windows_application"
            ],
            "id": "60642"
        },
        "decoder": {
            "name": "windows_eventchannel"
        },
        "input": {
            "type": "log"
        },
        "@timestamp": "2025-11-23T22:33:45.168Z",
        "location": "EventChannel",
        "id": "1763937225.669149",
        "timestamp": "2025-11-23T22:33:45.168+0000"
    },
    {
        "agent": {
            "name": "ubuntu",
            "id": "000"
        },
        "manager": {
            "name": "ubuntu"
        },
        "rule": {
            "firedtimes": 1,
            "mail": false,
            "level": 3,
            "pci_dss": [
                "10.6.1"
            ],
            "hipaa": [
                "164.312.b"
            ],
            "tsc": [
                "CC7.2",
                "CC7.3"
            ],
            "description": "Wazuh server started.",
            "groups": [
                "ossec"
            ],
            "id": "502",
            "nist_800_53": [
                "AU.6"
            ],
            "gpg13": [
                "10.1"
            ],
            "gdpr": [
                "IV_35.7.d"
            ]
        },
        "decoder": {
            "name": "ossec"
        },
        "full_log": "ossec: Manager started.",
        "input": {
            "type": "log"
        },
        "@timestamp": "2025-11-23T22:33:14.655Z",
        "location": "wazuh-monitord",
        "id": "1763937194.668902",
        "timestamp": "2025-11-23T22:33:14.655+0000"
    },
    {
        "agent": {
            "ip": "192.168.44.137",
            "name": "win",
            "id": "001"
        },
        "manager": {
            "name": "ubuntu"
        },
        "data": {
            "win": {
                "eventdata": {
                    "data": "hr=0x80004005, RuleId=31e71c49-8da7-4a2f-ad92-45d98a1c79ba;Action=AutoActivate;AppId=55c92734-d682-4d71-983e-d6ec3f16059f;SkuId=4de7cb65-cdf1-4de9-8ae8-e3cce27b9f2c;NotificationInterval=1440;Trigger=UserLogon;SessionId=1"
                },
                "system": {
                    "eventID": "8198",
                    "eventSourceName": "Software Protection Platform Service",
                    "keywords": "0x80000000000000",
                    "providerGuid": "{E23B33B0-C8C9-472C-A5F9-F2BDFEA0F156}",
                    "level": "2",
                    "channel": "Application",
                    "opcode": "0",
                    "message": "\"License Activation (slui.exe) failed with the following error code:\r\nhr=0x80004005\r\nCommand-line arguments:\r\nRuleId=31e71c49-8da7-4a2f-ad92-45d98a1c79ba;Action=AutoActivate;AppId=55c92734-d682-4d71-983e-d6ec3f16059f;SkuId=4de7cb65-cdf1-4de9-8ae8-e3cce27b9f2c;NotificationInterval=1440;Trigger=UserLogon;SessionId=1\"",
                    "version": "0",
                    "systemTime": "2025-11-23T22:32:46.6603790Z",
                    "eventRecordID": "1744",
                    "threadID": "0",
                    "computer": "DESKTOP-SIJOGEC",
                    "task": "0",
                    "processID": "0",
                    "severityValue": "ERROR",
                    "providerName": "Microsoft-Windows-Security-SPP"
                }
            }
        },
        "rule": {
            "firedtimes": 1,
            "mail": false,
            "level": 5,
            "description": "License activation (slui.exe) failed.",
            "groups": [
                "windows",
                "windows_application"
            ],
            "id": "60646"
        },
        "decoder": {
            "name": "windows_eventchannel"
        },
        "input": {
            "type": "log"
        },
        "@timestamp": "2025-11-23T22:33:13.061Z",
        "location": "EventChannel",
        "id": "1763937193.666547",
        "timestamp": "2025-11-23T22:33:13.061+0000"
    },
    {
        "agent": {
            "ip": "192.168.44.137",
            "name": "win",
            "id": "001"
        },
        "manager": {
            "name": "ubuntu"
        },
        "data": {
            "win": {
                "eventdata": {
                    "data": "SessionEnv",
                    "binary": "D9060000"
                },
                "system": {
                    "eventID": "6000",
                    "eventSourceName": "Wlclntfy",
                    "keywords": "0x80000000000000",
                    "providerGuid": "{DBE9B383-7CF3-4331-91CC-A3CB16A3B538}",
                    "level": "4",
                    "channel": "Application",
                    "opcode": "0",
                    "message": "\"The winlogon notification subscriber <SessionEnv> was unavailable to handle a notification event.\"",
                    "version": "0",
                    "systemTime": "2025-11-23T22:32:32.7876548Z",
                    "eventRecordID": "1737",
                    "threadID": "0",
                    "computer": "DESKTOP-SIJOGEC",
                    "task": "0",
                    "processID": "0",
                    "severityValue": "INFORMATION",
                    "providerName": "Microsoft-Windows-Winlogon"
                }
            }
        },
        "rule": {
            "firedtimes": 1,
            "mail": false,
            "level": 5,
            "description": "SessionEnv was unavailable to handle a notification event.",
            "groups": [
                "windows",
                "windows_application"
            ],
            "id": "60775"
        },
        "decoder": {
            "name": "windows_eventchannel"
        },
        "input": {
            "type": "log"
        },
        "@timestamp": "2025-11-23T22:33:12.493Z",
        "location": "EventChannel",
        "id": "1763937192.665032",
        "timestamp": "2025-11-23T22:33:12.493+0000"
    },
    {
        "agent": {
            "ip": "192.168.44.137",
            "name": "win",
            "id": "001"
        },
        "manager": {
            "name": "ubuntu"
        },
        "data": {
            "win": {
                "eventdata": {
                    "extraInfo": " "
                },
                "system": {
                    "eventID": "1003",
                    "eventSourceName": "Windows Search Service",
                    "keywords": "0x80000000000000",
                    "providerGuid": "{CA4E628D-8567-4896-AB6B-835B221F373F}",
                    "level": "4",
                    "channel": "Application",
                    "opcode": "0",
                    "message": "\"The Windows Search Service started.\n\"",
                    "version": "0",
                    "systemTime": "2025-11-23T22:32:29.5519138Z",
                    "eventRecordID": "1736",
                    "threadID": "0",
                    "computer": "DESKTOP-SIJOGEC",
                    "task": "1",
                    "processID": "0",
                    "severityValue": "INFORMATION",
                    "providerName": "Microsoft-Windows-Search"
                }
            }
        },
        "rule": {
            "firedtimes": 1,
            "mail": false,
            "level": 3,
            "description": "The Windows search service started.",
            "groups": [
                "windows",
                "windows_application"
            ],
            "id": "60668"
        },
        "decoder": {
            "name": "windows_eventchannel"
        },
        "input": {
            "type": "log"
        },
        "@timestamp": "2025-11-23T22:33:12.447Z",
        "location": "EventChannel",
        "id": "1763937192.663696",
        "timestamp": "2025-11-23T22:33:12.447+0000"
    },
