    {
        "agent": {
            "ip": "192.168.44.137",
            "name": "win",
            "id": "001"
        },
        "manager": {
            "name": "ubuntu"
        },
        "data": {
            "win": {
                "eventdata": {
                    "subjectLogonId": "0x19c88",
                    "targetUserName": "final_attacker_test",
                    "subjectUserSid": "S-1-5-21-2643128391-4121916274-1247374836-1001",
                    "subjectDomainName": "DESKTOP-SIJOGEC",
                    "targetDomainName": "DESKTOP-SIJOGEC",
                    "targetSid": "S-1-5-21-2643128391-4121916274-1247374836-1006",
                    "subjectUserName": "windows"
                },
                "system": {
                    "eventID": "4726",
                    "keywords": "0x8020000000000000",
                    "providerGuid": "{54849625-5478-4994-a5ba-3e3b0328c30d}",
                    "level": "0",
                    "channel": "Security",
                    "opcode": "0",
                    "message": "\"A user account was deleted.\r\n\r\nSubject:\r\n\tSecurity ID:\t\tS-1-5-21-2643128391-4121916274-1247374836-1001\r\n\tAccount Name:\t\twindows\r\n\tAccount Domain:\t\tDESKTOP-SIJOGEC\r\n\tLogon ID:\t\t0x19C88\r\n\r\nTarget Account:\r\n\tSecurity ID:\t\tS-1-5-21-2643128391-4121916274-1247374836-1006\r\n\tAccount Name:\t\tfinal_attacker_test\r\n\tAccount Domain:\t\tDESKTOP-SIJOGEC\r\n\r\nAdditional Information:\r\n\tPrivileges\t-\"",
                    "version": "0",
                    "systemTime": "2025-11-24T01:36:25.3547650Z",
                    "eventRecordID": "21943",
                    "threadID": "4516",
                    "computer": "DESKTOP-SIJOGEC",
                    "task": "13824",
                    "processID": "664",
                    "severityValue": "AUDIT_SUCCESS",
                    "providerName": "Microsoft-Windows-Security-Auditing"
                }
            }
        },
        "rule": {
            "mail": false,
            "level": 8,
            "pci_dss": [
                "8.1.2",
                "10.2.5"
            ],
            "hipaa": [
                "164.312.a.2.I",
                "164.312.a.2.II",
                "164.312.b"
            ],
            "tsc": [
                "CC6.8",
                "CC7.2",
                "CC7.3"
            ],
            "description": "User account disabled or deleted",
            "groups": [
                "windows",
                "windows_security",
                "adduser",
                "account_changed"
            ],
            "nist_800_53": [
                "AC.2",
                "IA.4",
                "AU.14",
                "AC.7"
            ],
            "gdpr": [
                "IV_35.7.d",
                "IV_32.2"
            ],
            "firedtimes": 1,
            "mitre": {
                "technique": [
                    "Account Manipulation",
                    "Account Access Removal"
                ],
                "id": [
                    "T1098",
                    "T1531"
                ],
                "tactic": [
                    "Persistence",
                    "Impact"
                ]
            },
            "id": "60111",
            "gpg13": [
                "7.10"
            ]
        },
        "decoder": {
            "name": "windows_eventchannel"
        },
        "input": {
            "type": "log"
        },
        "@timestamp": "2025-11-24T01:36:26.605Z",
        "location": "EventChannel",
        "id": "1763948186.230865",
        "timestamp": "2025-11-24T01:36:26.605+0000"
    },
    {
        "agent": {
            "ip": "192.168.44.137",
            "name": "win",
            "id": "001"
        },
        "manager": {
            "name": "ubuntu"
        },
        "data": {
            "win": {
                "eventdata": {
                    "subjectLogonId": "0x19c88",
                    "targetUserName": "Users",
                    "memberSid": "S-1-5-21-2643128391-4121916274-1247374836-1006",
                    "subjectUserSid": "S-1-5-21-2643128391-4121916274-1247374836-1001",
                    "subjectDomainName": "DESKTOP-SIJOGEC",
                    "targetDomainName": "Builtin",
                    "targetSid": "S-1-5-32-545",
                    "subjectUserName": "windows"
                },
                "system": {
                    "eventID": "4733",
                    "keywords": "0x8020000000000000",
                    "providerGuid": "{54849625-5478-4994-a5ba-3e3b0328c30d}",
                    "level": "0",
                    "channel": "Security",
                    "opcode": "0",
                    "message": "\"A member was removed from a security-enabled local group.\r\n\r\nSubject:\r\n\tSecurity ID:\t\tS-1-5-21-2643128391-4121916274-1247374836-1001\r\n\tAccount Name:\t\twindows\r\n\tAccount Domain:\t\tDESKTOP-SIJOGEC\r\n\tLogon ID:\t\t0x19C88\r\n\r\nMember:\r\n\tSecurity ID:\t\tS-1-5-21-2643128391-4121916274-1247374836-1006\r\n\tAccount Name:\t\t-\r\n\r\nGroup:\r\n\tSecurity ID:\t\tS-1-5-32-545\r\n\tGroup Name:\t\tUsers\r\n\tGroup Domain:\t\tBuiltin\r\n\r\nAdditional Information:\r\n\tPrivileges:\t\t-\"",
                    "version": "0",
                    "systemTime": "2025-11-24T01:36:25.3502331Z",
                    "eventRecordID": "21941",
                    "threadID": "4516",
                    "computer": "DESKTOP-SIJOGEC",
                    "task": "13826",
                    "processID": "664",
                    "severityValue": "AUDIT_SUCCESS",
                    "providerName": "Microsoft-Windows-Security-Auditing"
                }
            }
        },
        "rule": {
            "mail": false,
            "level": 5,
            "pci_dss": [
                "8.1.2",
                "10.2.5"
            ],
            "hipaa": [
                "164.312.a.2.I",
                "164.312.a.2.II",
                "164.312.b"
            ],
            "tsc": [
                "CC6.8",
                "CC7.2",
                "CC7.3"
            ],
            "description": "Users Group Changed",
            "groups": [
                "windows",
                "windows_security",
                "group_changed",
                "win_group_changed"
            ],
            "nist_800_53": [
                "AC.2",
                "IA.4",
                "AU.14",
                "AC.7"
            ],
            "gdpr": [
                "IV_35.7.d",
                "IV_32.2"
            ],
            "firedtimes": 1,
            "mitre": {
                "technique": [
                    "Domain Policy Modification"
                ],
                "id": [
                    "T1484"
                ],
                "tactic": [
                    "Defense Evasion",
                    "Privilege Escalation"
                ]
            },
            "id": "60170",
            "gpg13": [
                "7.10"
            ]
        },
        "decoder": {
            "name": "windows_eventchannel"
        },
        "input": {
            "type": "log"
        },
        "@timestamp": "2025-11-24T01:36:26.590Z",
        "location": "EventChannel",
        "id": "1763948186.224630",
        "timestamp": "2025-11-24T01:36:26.590+0000"
    },
    {
        "agent": {
            "ip": "192.168.44.137",
            "name": "win",
            "id": "001"
        },
        "manager": {
            "name": "ubuntu"
        },
        "data": {
            "win": {
                "eventdata": {
                    "subjectLogonId": "0x19c88",
                    "targetUserName": "None",
                    "memberSid": "S-1-5-21-2643128391-4121916274-1247374836-1006",
                    "subjectUserSid": "S-1-5-21-2643128391-4121916274-1247374836-1001",
                    "subjectDomainName": "DESKTOP-SIJOGEC",
                    "targetDomainName": "DESKTOP-SIJOGEC",
                    "targetSid": "S-1-5-21-2643128391-4121916274-1247374836-513",
                    "subjectUserName": "windows"
                },
                "system": {
                    "eventID": "4729",
                    "keywords": "0x8020000000000000",
                    "providerGuid": "{54849625-5478-4994-a5ba-3e3b0328c30d}",
                    "level": "0",
                    "channel": "Security",
                    "opcode": "0",
                    "message": "\"A member was removed from a security-enabled global group.\r\n\r\nSubject:\r\n\tSecurity ID:\t\tS-1-5-21-2643128391-4121916274-1247374836-1001\r\n\tAccount Name:\t\twindows\r\n\tAccount Domain:\t\tDESKTOP-SIJOGEC\r\n\tLogon ID:\t\t0x19C88\r\n\r\nMember:\r\n\tSecurity ID:\t\tS-1-5-21-2643128391-4121916274-1247374836-1006\r\n\tAccount Name:\t\t-\r\n\r\nGroup:\r\n\tSecurity ID:\t\tS-1-5-21-2643128391-4121916274-1247374836-513\r\n\tGroup Name:\t\tNone\r\n\tGroup Domain:\t\tDESKTOP-SIJOGEC\r\n\r\nAdditional Information:\r\n\tPrivileges:\t\t-\"",
                    "version": "0",
                    "systemTime": "2025-11-24T01:36:25.3532124Z",
                    "eventRecordID": "21942",
                    "threadID": "4516",
                    "computer": "DESKTOP-SIJOGEC",
                    "task": "13826",
                    "processID": "664",
                    "severityValue": "AUDIT_SUCCESS",
                    "providerName": "Microsoft-Windows-Security-Auditing"
                }
            }
        },
        "rule": {
            "mail": false,
            "level": 5,
            "pci_dss": [
                "8.1.2",
                "10.2.5"
            ],
            "hipaa": [
                "164.312.a.2.I",
                "164.312.a.2.II",
                "164.312.b"
            ],
            "tsc": [
                "CC6.8",
                "CC7.2",
                "CC7.3"
            ],
            "description": "Domain Users Group Changed",
            "groups": [
                "windows",
                "windows_security",
                "group_changed",
                "win_group_changed"
            ],
            "nist_800_53": [
                "AC.2",
                "IA.4",
                "AU.14",
                "AC.7"
            ],
            "gdpr": [
                "IV_35.7.d",
                "IV_32.2"
            ],
            "firedtimes": 1,
            "mitre": {
                "technique": [
                    "Domain Policy Modification"
                ],
                "id": [
                    "T1484"
                ],
                "tactic": [
                    "Defense Evasion",
                    "Privilege Escalation"
                ]
            },
            "id": "60160",
            "gpg13": [
                "7.10"
            ]
        },
        "decoder": {
            "name": "windows_eventchannel"
        },
        "input": {
            "type": "log"
        },
        "@timestamp": "2025-11-24T01:36:26.590Z",
        "location": "EventChannel",
        "id": "1763948186.227663",
        "timestamp": "2025-11-24T01:36:26.590+0000"
    },
    {
        "agent": {
            "ip": "192.168.44.137",
            "name": "win",
            "id": "001"
        },
        "manager": {
            "name": "ubuntu"
        },
        "data": {
            "win": {
                "eventdata": {
                    "originalFileName": "net.exe",
                    "image": "C:\\\\Windows\\\\System32\\\\net.exe",
                    "product": "Microsoft速 Windows速 Operating System",
                    "parentProcessGuid": "{3e3e0db9-ac71-6923-9603-000000000a00}",
                    "description": "Net Command",
                    "logonGuid": "{3e3e0db9-8b74-6923-889c-010000000000}",
                    "parentCommandLine": "\\\"C:\\\\Windows\\\\System32\\\\WindowsPowerShell\\\\v1.0\\\\powershell.exe\\\"",
                    "processGuid": "{3e3e0db9-b699-6923-f403-000000000a00}",
                    "logonId": "0x19c88",
                    "parentProcessId": "9248",
                    "processId": "6248",
                    "currentDirectory": "C:\\\\Windows\\\\system32\\\\",
                    "utcTime": "2025-11-24 01:36:25.314",
                    "hashes": "MD5=0BD94A338EEA5A4E1F2830AE326E6D19,SHA256=9F376759BCBCD705F726460FC4A7E2B07F310F52BAA73CAAAAA124FDDBDF993E",
                    "parentImage": "C:\\\\Windows\\\\System32\\\\WindowsPowerShell\\\\v1.0\\\\powershell.exe",
                    "company": "Microsoft Corporation",
                    "commandLine": "\\\"C:\\\\Windows\\\\system32\\\\net.exe\\\" user final_attacker_test /DELETE",
                    "integrityLevel": "High",
                    "fileVersion": "10.0.19041.1 (WinBuild.160101.0800)",
                    "user": "DESKTOP-SIJOGEC\\\\windows",
                    "terminalSessionId": "1",
                    "parentUser": "DESKTOP-SIJOGEC\\\\windows"
                },
                "system": {
                    "eventID": "1",
                    "keywords": "0x8000000000000000",
                    "providerGuid": "{5770385f-c22a-43e0-bf4c-06f5698ffbd9}",
                    "level": "4",
                    "channel": "Microsoft-Windows-Sysmon/Operational",
                    "opcode": "0",
                    "message": "\"Process Create:\r\nRuleName: -\r\nUtcTime: 2025-11-24 01:36:25.314\r\nProcessGuid: {3e3e0db9-b699-6923-f403-000000000a00}\r\nProcessId: 6248\r\nImage: C:\\Windows\\System32\\net.exe\r\nFileVersion: 10.0.19041.1 (WinBuild.160101.0800)\r\nDescription: Net Command\r\nProduct: Microsoft速 Windows速 Operating System\r\nCompany: Microsoft Corporation\r\nOriginalFileName: net.exe\r\nCommandLine: \"C:\\Windows\\system32\\net.exe\" user final_attacker_test /DELETE\r\nCurrentDirectory: C:\\Windows\\system32\\\r\nUser: DESKTOP-SIJOGEC\\windows\r\nLogonGuid: {3e3e0db9-8b74-6923-889c-010000000000}\r\nLogonId: 0x19C88\r\nTerminalSessionId: 1\r\nIntegrityLevel: High\r\nHashes: MD5=0BD94A338EEA5A4E1F2830AE326E6D19,SHA256=9F376759BCBCD705F726460FC4A7E2B07F310F52BAA73CAAAAA124FDDBDF993E\r\nParentProcessGuid: {3e3e0db9-ac71-6923-9603-000000000a00}\r\nParentProcessId: 9248\r\nParentImage: C:\\Windows\\System32\\WindowsPowerShell\\v1.0\\powershell.exe\r\nParentCommandLine: \"C:\\Windows\\System32\\WindowsPowerShell\\v1.0\\powershell.exe\" \r\nParentUser: DESKTOP-SIJOGEC\\windows\"",
                    "version": "5",
                    "systemTime": "2025-11-24T01:36:25.3190803Z",
                    "eventRecordID": "3372",
                    "threadID": "4596",
                    "computer": "DESKTOP-SIJOGEC",
                    "task": "1",
                    "processID": "2792",
                    "severityValue": "INFORMATION",
                    "providerName": "Microsoft-Windows-Sysmon"
                }
            }
        },
        "rule": {
            "firedtimes": 2,
            "mail": false,
            "level": 3,
            "description": "Discovery activity spawned via powershell execution",
            "groups": [
                "sysmon",
                "sysmon_eid1_detections",
                "windows"
            ],
            "mitre": {
                "technique": [
                    "Account Discovery",
                    "PowerShell"
                ],
                "id": [
                    "T1087",
                    "T1059.001"
                ],
                "tactic": [
                    "Discovery",
                    "Execution"
                ]
            },
            "id": "92033"
        },
        "decoder": {
            "name": "windows_eventchannel"
        },
        "input": {
            "type": "log"
        },
        "@timestamp": "2025-11-24T01:36:26.516Z",
        "location": "EventChannel",
        "id": "1763948186.218963",
        "timestamp": "2025-11-24T01:36:26.516+0000"
    },
    {
        "agent": {
            "ip": "192.168.44.137",
            "name": "win",
            "id": "001"
        },
        "manager": {
            "name": "ubuntu"
        },
        "data": {
            "win": {
                "eventdata": {
                    "originalFileName": "net.exe",
                    "image": "C:\\\\Windows\\\\System32\\\\net.exe",
                    "product": "Microsoft速 Windows速 Operating System",
                    "parentProcessGuid": "{3e3e0db9-ac71-6923-9603-000000000a00}",
                    "description": "Net Command",
                    "logonGuid": "{3e3e0db9-8b74-6923-889c-010000000000}",
                    "parentCommandLine": "\\\"C:\\\\Windows\\\\System32\\\\WindowsPowerShell\\\\v1.0\\\\powershell.exe\\\"",
                    "processGuid": "{3e3e0db9-b686-6923-f203-000000000a00}",
                    "logonId": "0x19c88",
                    "parentProcessId": "9248",
                    "processId": "4680",
                    "currentDirectory": "C:\\\\Windows\\\\system32\\\\",
                    "utcTime": "2025-11-24 01:36:06.086",
                    "hashes": "MD5=0BD94A338EEA5A4E1F2830AE326E6D19,SHA256=9F376759BCBCD705F726460FC4A7E2B07F310F52BAA73CAAAAA124FDDBDF993E",
                    "parentImage": "C:\\\\Windows\\\\System32\\\\WindowsPowerShell\\\\v1.0\\\\powershell.exe",
                    "company": "Microsoft Corporation",
                    "commandLine": "\\\"C:\\\\Windows\\\\system32\\\\net.exe\\\" user final_attacker_test/DELETE",
                    "integrityLevel": "High",
                    "fileVersion": "10.0.19041.1 (WinBuild.160101.0800)",
                    "user": "DESKTOP-SIJOGEC\\\\windows",
                    "terminalSessionId": "1",
                    "parentUser": "DESKTOP-SIJOGEC\\\\windows"
                },
                "system": {
                    "eventID": "1",
                    "keywords": "0x8000000000000000",
                    "providerGuid": "{5770385f-c22a-43e0-bf4c-06f5698ffbd9}",
                    "level": "4",
                    "channel": "Microsoft-Windows-Sysmon/Operational",
                    "opcode": "0",
                    "message": "\"Process Create:\r\nRuleName: -\r\nUtcTime: 2025-11-24 01:36:06.086\r\nProcessGuid: {3e3e0db9-b686-6923-f203-000000000a00}\r\nProcessId: 4680\r\nImage: C:\\Windows\\System32\\net.exe\r\nFileVersion: 10.0.19041.1 (WinBuild.160101.0800)\r\nDescription: Net Command\r\nProduct: Microsoft速 Windows速 Operating System\r\nCompany: Microsoft Corporation\r\nOriginalFileName: net.exe\r\nCommandLine: \"C:\\Windows\\system32\\net.exe\" user final_attacker_test/DELETE\r\nCurrentDirectory: C:\\Windows\\system32\\\r\nUser: DESKTOP-SIJOGEC\\windows\r\nLogonGuid: {3e3e0db9-8b74-6923-889c-010000000000}\r\nLogonId: 0x19C88\r\nTerminalSessionId: 1\r\nIntegrityLevel: High\r\nHashes: MD5=0BD94A338EEA5A4E1F2830AE326E6D19,SHA256=9F376759BCBCD705F726460FC4A7E2B07F310F52BAA73CAAAAA124FDDBDF993E\r\nParentProcessGuid: {3e3e0db9-ac71-6923-9603-000000000a00}\r\nParentProcessId: 9248\r\nParentImage: C:\\Windows\\System32\\WindowsPowerShell\\v1.0\\powershell.exe\r\nParentCommandLine: \"C:\\Windows\\System32\\WindowsPowerShell\\v1.0\\powershell.exe\" \r\nParentUser: DESKTOP-SIJOGEC\\windows\"",
                    "version": "5",
                    "systemTime": "2025-11-24T01:36:06.1053983Z",
                    "eventRecordID": "3369",
                    "threadID": "4596",
                    "computer": "DESKTOP-SIJOGEC",
                    "task": "1",
                    "processID": "2792",
                    "severityValue": "INFORMATION",
                    "providerName": "Microsoft-Windows-Sysmon"
                }
            }
        },
        "rule": {
            "firedtimes": 1,
            "mail": false,
            "level": 3,
            "description": "Discovery activity spawned via powershell execution",
            "groups": [
                "sysmon",
                "sysmon_eid1_detections",
                "windows"
            ],
            "mitre": {
                "technique": [
                    "Account Discovery",
                    "PowerShell"
                ],
                "id": [
                    "T1087",
                    "T1059.001"
                ],
                "tactic": [
                    "Discovery",
                    "Execution"
                ]
            },
            "id": "92033"
        },
        "decoder": {
            "name": "windows_eventchannel"
        },
        "input": {
            "type": "log"
        },
        "@timestamp": "2025-11-24T01:36:07.280Z",
        "location": "EventChannel",
        "id": "1763948167.213300",
        "timestamp": "2025-11-24T01:36:07.280+0000"
    },
    {
        "agent": {
            "name": "ubuntu",
            "id": "000"
        },
        "manager": {
            "name": "ubuntu"
        },
        "rule": {
            "firedtimes": 1,
            "mail": false,
            "level": 3,
            "pci_dss": [
                "10.6.1"
            ],
            "hipaa": [
                "164.312.b"
            ],
            "tsc": [
                "CC7.2",
                "CC7.3"
            ],
            "description": "Wazuh server started.",
            "groups": [
                "ossec"
            ],
            "id": "502",
            "nist_800_53": [
                "AU.6"
            ],
            "gpg13": [
                "10.1"
            ],
            "gdpr": [
                "IV_35.7.d"
            ]
        },
        "decoder": {
            "name": "ossec"
        },
        "full_log": "ossec: Manager started.",
        "input": {
            "type": "log"
        },
        "@timestamp": "2025-11-24T01:34:35.964Z",
        "location": "wazuh-monitord",
        "id": "1763948075.213053",
        "timestamp": "2025-11-24T01:34:35.964+0000"
    },
    {
        "predecoder": {
            "hostname": "ubuntu",
            "program_name": "sudo",
            "timestamp": "Nov 24 01:34:30"
        },
        "agent": {
            "name": "ubuntu",
            "id": "000"
        },
        "manager": {
            "name": "ubuntu"
        },
        "data": {
            "dstuser": "root"
        },
        "rule": {
            "firedtimes": 1,
            "mail": false,
            "level": 3,
            "pci_dss": [
                "10.2.5"
            ],
            "hipaa": [
                "164.312.b"
            ],
            "tsc": [
                "CC6.8",
                "CC7.2",
                "CC7.3"
            ],
            "description": "PAM: Login session closed.",
            "groups": [
                "pam",
                "syslog"
            ],
            "id": "5502",
            "nist_800_53": [
                "AU.14",
                "AC.7"
            ],
            "gpg13": [
                "7.8",
                "7.9"
            ],
            "gdpr": [
                "IV_32.2"
            ]
        },
        "decoder": {
            "parent": "pam",
            "name": "pam"
        },
        "full_log": "Nov 24 01:34:30 ubuntu sudo[17351]: pam_unix(sudo:session): session closed for user root",
        "input": {
            "type": "log"
        },
        "@timestamp": "2025-11-24T01:34:30.945Z",
        "location": "journald",
        "id": "1763948070.212690",
        "timestamp": "2025-11-24T01:34:30.945+0000"
    },
    {
        "agent": {
            "name": "ubuntu",
            "id": "000"
        },
        "previous_output": "Previous output:\nossec: output: 'netstat listening ports':\ntcp 0.0.0.0:22 0.0.0.0:* /usr\ntcp6 :::22 :::* /usr\ntcp 127.0.0.53:53 0.0.0.0:* 932/systemd-resolve\nudp 127.0.0.53:53 0.0.0.0:* 932/systemd-resolve\nudp 192.168.44.138:68 0.0.0.0:* 930/systemd-network\ntcp 0.0.0.0:443 0.0.0.0:* 968/node\ntcp 0.0.0.0:1514 0.0.0.0:* 14549/wazuh-remoted\ntcp 0.0.0.0:1515 0.0.0.0:* 14402/wazuh-authd\ntcp6 :::9200 :::* 969/java\ntcp6 :::9300 :::* 969/java\ntcp 0.0.0.0:55000 0.0.0.0:* 14350/python3\ntcp6 :::55000 :::* 14350/python3",
        "manager": {
            "name": "ubuntu"
        },
        "rule": {
            "firedtimes": 1,
            "mail": false,
            "level": 7,
            "pci_dss": [
                "10.2.7",
                "10.6.1"
            ],
            "hipaa": [
                "164.312.b"
            ],
            "tsc": [
                "CC6.8",
                "CC7.2",
                "CC7.3"
            ],
            "description": "Listened ports status (netstat) changed (new port opened or closed).",
            "groups": [
                "ossec"
            ],
            "id": "533",
            "nist_800_53": [
                "AU.14",
                "AU.6"
            ],
            "gpg13": [
                "10.1"
            ],
            "gdpr": [
                "IV_35.7.d"
            ]
        },
        "decoder": {
            "name": "ossec"
        },
        "full_log": "ossec: output: 'netstat listening ports':\ntcp 0.0.0.0:22 0.0.0.0:* /usr\ntcp6 :::22 :::* /usr\ntcp 127.0.0.53:53 0.0.0.0:* 932/systemd-resolve\nudp 127.0.0.53:53 0.0.0.0:* 932/systemd-resolve\nudp 192.168.44.138:68 0.0.0.0:* 930/systemd-network\ntcp 0.0.0.0:443 0.0.0.0:* 968/node\ntcp 0.0.0.0:1514 0.0.0.0:* 17616/wazuh-remoted\ntcp 0.0.0.0:1515 0.0.0.0:* 17470/wazuh-authd\ntcp6 :::9200 :::* 969/java\ntcp6 :::9300 :::* 969/java\ntcp 0.0.0.0:55000 0.0.0.0:* 17417/python3\ntcp6 :::55000 :::* 17417/python3",
        "previous_log": "ossec: output: 'netstat listening ports':\ntcp 0.0.0.0:22 0.0.0.0:* /usr\ntcp6 :::22 :::* /usr\ntcp 127.0.0.53:53 0.0.0.0:* 932/systemd-resolve\nudp 127.0.0.53:53 0.0.0.0:* 932/systemd-resolve\nudp 192.168.44.138:68 0.0.0.0:* 930/systemd-network\ntcp 0.0.0.0:443 0.0.0.0:* 968/node\ntcp 0.0.0.0:1514 0.0.0.0:* 14549/wazuh-remoted\ntcp 0.0.0.0:1515 0.0.0.0:* 14402/wazuh-authd\ntcp6 :::9200 :::* 969/java\ntcp6 :::9300 :::* 969/java\ntcp 0.0.0.0:55000 0.0.0.0:* 14350/python3\ntcp6 :::55000 :::* 14350/python3",
        "input": {
            "type": "log"
        },
        "@timestamp": "2025-11-24T01:34:26.968Z",
        "location": "netstat listening ports",
        "id": "1763948066.211357",
        "timestamp": "2025-11-24T01:34:26.968+0000"
    },
    {
        "agent": {
            "ip": "192.168.44.137",
            "name": "win",
            "id": "001"
        },
        "manager": {
            "name": "ubuntu"
        },
        "data": {
            "win": {
                "eventdata": {
                    "data": "2025-11-24T23:23:16Z, RulesEngine"
                },
                "system": {
                    "eventID": "16384",
                    "eventSourceName": "Software Protection Platform Service",
                    "keywords": "0x80000000000000",
                    "providerGuid": "{E23B33B0-C8C9-472C-A5F9-F2BDFEA0F156}",
                    "level": "4",
                    "channel": "Application",
                    "opcode": "0",
                    "message": "\"Successfully scheduled Software Protection service for re-start at 2025-11-24T23:23:16Z. Reason: RulesEngine.\"",
                    "version": "0",
                    "systemTime": "2025-11-24T01:32:16.7024610Z",
                    "eventRecordID": "1785",
                    "threadID": "0",
                    "computer": "DESKTOP-SIJOGEC",
                    "task": "0",
                    "processID": "0",
                    "severityValue": "INFORMATION",
                    "providerName": "Microsoft-Windows-Security-SPP"
                }
            }
        },
        "rule": {
            "firedtimes": 1,
            "mail": false,
            "level": 3,
            "description": "Software protection service scheduled successfully.",
            "groups": [
                "windows",
                "windows_application"
            ],
            "id": "60642"
        },
        "decoder": {
            "name": "windows_eventchannel"
        },
        "input": {
            "type": "log"
        },
        "@timestamp": "2025-11-24T01:34:25.792Z",
        "location": "EventChannel",
        "id": "1763948065.209764",
        "timestamp": "2025-11-24T01:34:25.792+0000"
    },
    {
        "predecoder": {
            "hostname": "ubuntu",
            "program_name": "sudo",
            "timestamp": "Nov 24 01:25:35"
        },
        "agent": {
            "name": "ubuntu",
            "id": "000"
        },
        "manager": {
            "name": "ubuntu"
        },
        "data": {
            "dstuser": "root"
        },
        "rule": {
            "firedtimes": 2,
            "mail": false,
            "level": 3,
            "pci_dss": [
                "10.2.5"
            ],
            "hipaa": [
                "164.312.b"
            ],
            "tsc": [
                "CC6.8",
                "CC7.2",
                "CC7.3"
            ],
            "description": "PAM: Login session closed.",
            "groups": [
                "pam",
                "syslog"
            ],
            "id": "5502",
            "nist_800_53": [
                "AU.14",
                "AC.7"
            ],
            "gpg13": [
                "7.8",
                "7.9"
            ],
            "gdpr": [
                "IV_32.2"
            ]
        },
        "decoder": {
            "parent": "pam",
            "name": "pam"
        },
        "full_log": "Nov 24 01:25:35 ubuntu sudo[17134]: pam_unix(sudo:session): session closed for user root",
        "input": {
            "type": "log"
        },
        "@timestamp": "2025-11-24T01:25:35.862Z",
        "location": "journald",
        "id": "1763947535.209401",
        "timestamp": "2025-11-24T01:25:35.862+0000"
    },
    {
        "predecoder": {
            "hostname": "ubuntu",
            "program_name": "sudo",
            "timestamp": "Nov 24 01:24:35"
        },
        "agent": {
            "name": "ubuntu",
            "id": "000"
        },
        "manager": {
            "name": "ubuntu"
        },
        "data": {
            "srcuser": "ubuntu",
            "uid": "1000",
            "dstuser": "root"
        },
        "rule": {
            "mail": false,
            "level": 3,
            "pci_dss": [
                "10.2.5"
            ],
            "hipaa": [
                "164.312.b"
            ],
            "tsc": [
                "CC6.8",
                "CC7.2",
                "CC7.3"
            ],
            "description": "PAM: Login session opened.",
            "groups": [
                "pam",
                "syslog",
                "authentication_success"
            ],
            "nist_800_53": [
                "AU.14",
                "AC.7"
            ],
            "gdpr": [
                "IV_32.2"
            ],
            "firedtimes": 1,
            "mitre": {
                "technique": [
                    "Valid Accounts"
                ],
                "id": [
                    "T1078"
                ],
                "tactic": [
                    "Defense Evasion",
                    "Persistence",
                    "Privilege Escalation",
                    "Initial Access"
                ]
            },
            "id": "5501",
            "gpg13": [
                "7.8",
                "7.9"
            ]
        },
        "decoder": {
            "parent": "pam",
            "name": "pam"
        },
        "full_log": "Nov 24 01:24:35 ubuntu sudo[17134]: pam_unix(sudo:session): session opened for user root(uid=0) by ubuntu(uid=1000)",
        "input": {
            "type": "log"
        },
        "@timestamp": "2025-11-24T01:24:35.844Z",
        "location": "journald",
        "id": "1763947475.208453",
        "timestamp": "2025-11-24T01:24:35.844+0000"
    },
    {
        "predecoder": {
            "hostname": "ubuntu",
            "program_name": "sudo",
            "timestamp": "Nov 24 01:24:35"
        },
        "agent": {
            "name": "ubuntu",
            "id": "000"
        },
        "manager": {
            "name": "ubuntu"
        },
        "data": {
            "srcuser": "ubuntu",
            "dstuser": "root",
            "tty": "pts/0",
            "pwd": "/var",
            "command": "/usr/bin/nano /var/ossec/etc/ossec.conf"
        },
        "rule": {
            "mail": false,
            "level": 3,
            "pci_dss": [
                "10.2.5",
                "10.2.2"
            ],
            "hipaa": [
                "164.312.b"
            ],
            "tsc": [
                "CC6.8",
                "CC7.2",
                "CC7.3"
            ],
            "description": "Successful sudo to ROOT executed.",
            "groups": [
                "syslog",
                "sudo"
            ],
            "nist_800_53": [
                "AU.14",
                "AC.7",
                "AC.6"
            ],
            "gdpr": [
                "IV_32.2"
            ],
            "firedtimes": 1,
            "mitre": {
                "technique": [
                    "Sudo and Sudo Caching"
                ],
                "id": [
                    "T1548.003"
                ],
                "tactic": [
                    "Privilege Escalation",
                    "Defense Evasion"
                ]
            },
            "id": "5402",
            "gpg13": [
                "7.6",
                "7.8",
                "7.13"
            ]
        },
        "decoder": {
            "parent": "sudo",
            "name": "sudo",
            "ftscomment": "First time user executed the sudo command"
        },
        "full_log": "Nov 24 01:24:35 ubuntu sudo[17134]:   ubuntu : TTY=pts/0 ; PWD=/var ; USER=root ; COMMAND=/usr/bin/nano /var/ossec/etc/ossec.conf",
        "input": {
            "type": "log"
        },
        "@timestamp": "2025-11-24T01:24:35.844Z",
        "location": "journald",
        "id": "1763947475.208876",
        "timestamp": "2025-11-24T01:24:35.844+0000"
    },
    {
        "agent": {
            "ip": "192.168.44.137",
            "name": "win",
            "id": "001"
        },
        "manager": {
            "name": "ubuntu"
        },
        "data": {
            "win": {
                "eventdata": {
                    "subjectLogonId": "0x19c88",
                    "targetUserName": "Users",
                    "memberSid": "S-1-5-21-2643128391-4121916274-1247374836-1006",
                    "subjectUserSid": "S-1-5-21-2643128391-4121916274-1247374836-1001",
                    "subjectDomainName": "DESKTOP-SIJOGEC",
                    "targetDomainName": "Builtin",
                    "targetSid": "S-1-5-32-545",
                    "subjectUserName": "windows"
                },
                "system": {
                    "eventID": "4732",
                    "keywords": "0x8020000000000000",
                    "providerGuid": "{54849625-5478-4994-a5ba-3e3b0328c30d}",
                    "level": "0",
                    "channel": "Security",
                    "opcode": "0",
                    "message": "\"A member was added to a security-enabled local group.\r\n\r\nSubject:\r\n\tSecurity ID:\t\tS-1-5-21-2643128391-4121916274-1247374836-1001\r\n\tAccount Name:\t\twindows\r\n\tAccount Domain:\t\tDESKTOP-SIJOGEC\r\n\tLogon ID:\t\t0x19C88\r\n\r\nMember:\r\n\tSecurity ID:\t\tS-1-5-21-2643128391-4121916274-1247374836-1006\r\n\tAccount Name:\t\t-\r\n\r\nGroup:\r\n\tSecurity ID:\t\tS-1-5-32-545\r\n\tGroup Name:\t\tUsers\r\n\tGroup Domain:\t\tBuiltin\r\n\r\nAdditional Information:\r\n\tPrivileges:\t\t-\"",
                    "version": "0",
                    "systemTime": "2025-11-24T01:22:29.4473607Z",
                    "eventRecordID": "21488",
                    "threadID": "268",
                    "computer": "DESKTOP-SIJOGEC",
                    "task": "13826",
                    "processID": "664",
                    "severityValue": "AUDIT_SUCCESS",
                    "providerName": "Microsoft-Windows-Security-Auditing"
                }
            }
        },
        "rule": {
            "mail": false,
            "level": 5,
            "pci_dss": [
                "8.1.2",
                "10.2.5"
            ],
            "hipaa": [
                "164.312.a.2.I",
                "164.312.a.2.II",
                "164.312.b"
            ],
            "tsc": [
                "CC6.8",
                "CC7.2",
                "CC7.3"
            ],
            "description": "Users Group Changed",
            "groups": [
                "windows",
                "windows_security",
                "group_changed",
                "win_group_changed"
            ],
            "nist_800_53": [
                "AC.2",
                "IA.4",
                "AU.14",
                "AC.7"
            ],
            "gdpr": [
                "IV_35.7.d",
                "IV_32.2"
            ],
            "firedtimes": 3,
            "mitre": {
                "technique": [
                    "Domain Policy Modification"
                ],
                "id": [
                    "T1484"
                ],
                "tactic": [
                    "Defense Evasion",
                    "Privilege Escalation"
                ]
            },
            "id": "60170",
            "gpg13": [
                "7.10"
            ]
        },
        "decoder": {
            "name": "windows_eventchannel"
        },
        "input": {
            "type": "log"
        },
        "@timestamp": "2025-11-24T01:22:30.643Z",
        "location": "EventChannel",
        "id": "1763947350.205430",
        "timestamp": "2025-11-24T01:22:30.643+0000"
    },
    {
        "agent": {
            "ip": "192.168.44.137",
            "name": "win",
            "id": "001"
        },
        "manager": {
            "name": "ubuntu"
        },
        "data": {
            "win": {
                "eventdata": {
                    "subjectLogonId": "0x19c88",
                    "scriptPath": "%%1793",
                    "passwordLastSet": "11/24/2025 8:22:29 AM",
                    "homeDirectory": "%%1793",
                    "subjectDomainName": "DESKTOP-SIJOGEC",
                    "displayName": "%%1793",
                    "accountExpires": "%%1794",
                    "homePath": "%%1793",
                    "samAccountName": "final_attacker_test",
                    "targetUserName": "final_attacker_test",
                    "subjectUserSid": "S-1-5-21-2643128391-4121916274-1247374836-1001",
                    "primaryGroupId": "513",
                    "logonHours": "%%1797",
                    "targetDomainName": "DESKTOP-SIJOGEC",
                    "profilePath": "%%1793",
                    "userWorkstations": "%%1793",
                    "oldUacValue": "0x15",
                    "newUacValue": "0x10",
                    "targetSid": "S-1-5-21-2643128391-4121916274-1247374836-1006",
                    "userAccountControl": "    %%2048    %%2050",
                    "subjectUserName": "windows"
                },
                "system": {
                    "eventID": "4738",
                    "keywords": "0x8020000000000000",
                    "providerGuid": "{54849625-5478-4994-a5ba-3e3b0328c30d}",
                    "level": "0",
                    "channel": "Security",
                    "opcode": "0",
                    "message": "\"A user account was changed.\r\n\r\nSubject:\r\n\tSecurity ID:\t\tS-1-5-21-2643128391-4121916274-1247374836-1001\r\n\tAccount Name:\t\twindows\r\n\tAccount Domain:\t\tDESKTOP-SIJOGEC\r\n\tLogon ID:\t\t0x19C88\r\n\r\nTarget Account:\r\n\tSecurity ID:\t\tS-1-5-21-2643128391-4121916274-1247374836-1006\r\n\tAccount Name:\t\tfinal_attacker_test\r\n\tAccount Domain:\t\tDESKTOP-SIJOGEC\r\n\r\nChanged Attributes:\r\n\tSAM Account Name:\tfinal_attacker_test\r\n\tDisplay Name:\t\t<value not set>\r\n\tUser Principal Name:\t-\r\n\tHome Directory:\t\t<value not set>\r\n\tHome Drive:\t\t<value not set>\r\n\tScript Path:\t\t<value not set>\r\n\tProfile Path:\t\t<value not set>\r\n\tUser Workstations:\t<value not set>\r\n\tPassword Last Set:\t11/24/2025 8:22:29 AM\r\n\tAccount Expires:\t\t<never>\r\n\tPrimary Group ID:\t513\r\n\tAllowedToDelegateTo:\t-\r\n\tOld UAC Value:\t\t0x15\r\n\tNew UAC Value:\t\t0x10\r\n\tUser Account Control:\t\r\n\t\tAccount Enabled\r\n\t\t'Password Not Required' - Disabled\r\n\tUser Parameters:\t-\r\n\tSID History:\t\t-\r\n\tLogon Hours:\t\tAll\r\n\r\nAdditional Information:\r\n\tPrivileges:\t\t-\"",
                    "version": "0",
                    "systemTime": "2025-11-24T01:22:29.4401945Z",
                    "eventRecordID": "21486",
                    "threadID": "268",
                    "computer": "DESKTOP-SIJOGEC",
                    "task": "13824",
                    "processID": "664",
                    "severityValue": "AUDIT_SUCCESS",
                    "providerName": "Microsoft-Windows-Security-Auditing"
                }
            }
        },
        "rule": {
            "mail": false,
            "level": 8,
            "pci_dss": [
                "8.1.2",
                "10.2.5"
            ],
            "hipaa": [
                "164.312.a.2.I",
                "164.312.a.2.II",
                "164.312.b"
            ],
            "tsc": [
                "CC6.8",
                "CC7.2",
                "CC7.3"
            ],
            "description": "User account changed",
            "groups": [
                "windows",
                "windows_security",
                "account_changed"
            ],
            "nist_800_53": [
                "AC.2",
                "IA.4",
                "AU.14",
                "AC.7"
            ],
            "gdpr": [
                "IV_35.7.d",
                "IV_32.2"
            ],
            "firedtimes": 1,
            "mitre": {
                "technique": [
                    "Account Manipulation"
                ],
                "id": [
                    "T1098"
                ],
                "tactic": [
                    "Persistence"
                ]
            },
            "id": "60110",
            "gpg13": [
                "7.10"
            ]
        },
        "decoder": {
            "name": "windows_eventchannel"
        },
        "input": {
            "type": "log"
        },
        "@timestamp": "2025-11-24T01:22:30.640Z",
        "location": "EventChannel",
        "id": "1763947350.200359",
        "timestamp": "2025-11-24T01:22:30.640+0000"
    },
    {
        "agent": {
            "ip": "192.168.44.137",
            "name": "win",
            "id": "001"
        },
        "manager": {
            "name": "ubuntu"
        },
        "data": {
            "win": {
                "eventdata": {
                    "subjectLogonId": "0x19c88",
                    "targetUserName": "final_attacker_test",
                    "subjectUserSid": "S-1-5-21-2643128391-4121916274-1247374836-1001",
                    "subjectDomainName": "DESKTOP-SIJOGEC",
                    "targetDomainName": "DESKTOP-SIJOGEC",
                    "targetSid": "S-1-5-21-2643128391-4121916274-1247374836-1006",
                    "subjectUserName": "windows"
                },
                "system": {
                    "eventID": "4722",
                    "keywords": "0x8020000000000000",
                    "providerGuid": "{54849625-5478-4994-a5ba-3e3b0328c30d}",
                    "level": "0",
                    "channel": "Security",
                    "opcode": "0",
                    "message": "\"A user account was enabled.\r\n\r\nSubject:\r\n\tSecurity ID:\t\tS-1-5-21-2643128391-4121916274-1247374836-1001\r\n\tAccount Name:\t\twindows\r\n\tAccount Domain:\t\tDESKTOP-SIJOGEC\r\n\tLogon ID:\t\t0x19C88\r\n\r\nTarget Account:\r\n\tSecurity ID:\t\tS-1-5-21-2643128391-4121916274-1247374836-1006\r\n\tAccount Name:\t\tfinal_attacker_test\r\n\tAccount Domain:\t\tDESKTOP-SIJOGEC\"",
                    "version": "0",
                    "systemTime": "2025-11-24T01:22:29.4398128Z",
                    "eventRecordID": "21485",
                    "threadID": "268",
                    "computer": "DESKTOP-SIJOGEC",
                    "task": "13824",
                    "processID": "664",
                    "severityValue": "AUDIT_SUCCESS",
                    "providerName": "Microsoft-Windows-Security-Auditing"
                }
            }
        },
        "rule": {
            "mail": false,
            "level": 8,
            "pci_dss": [
                "8.1.2",
                "10.2.5"
            ],
            "hipaa": [
                "164.312.a.2.I",
                "164.312.a.2.II",
                "164.312.b"
            ],
            "tsc": [
                "CC6.8",
                "CC7.2",
                "CC7.3"
            ],
            "description": "User account enabled or created",
            "groups": [
                "windows",
                "windows_security",
                "adduser",
                "account_changed"
            ],
            "nist_800_53": [
                "AC.2",
                "IA.4",
                "AU.14",
                "AC.7"
            ],
            "gdpr": [
                "IV_35.7.d",
                "IV_32.2"
            ],
            "firedtimes": 2,
            "mitre": {
                "technique": [
                    "Account Manipulation"
                ],
                "id": [
                    "T1098"
                ],
                "tactic": [
                    "Persistence"
                ]
            },
            "id": "60109",
            "gpg13": [
                "7.10"
            ]
        },
        "decoder": {
            "name": "windows_eventchannel"
        },
        "input": {
            "type": "log"
        },
        "@timestamp": "2025-11-24T01:22:30.636Z",
        "location": "EventChannel",
        "id": "1763947350.197564",
        "timestamp": "2025-11-24T01:22:30.636+0000"
    },
