    {
        "predecoder": {
            "hostname": "ubuntu",
            "program_name": "sudo",
            "timestamp": "Nov 24 22:54:42"
        },
        "agent": {
            "name": "ubuntu",
            "id": "000"
        },
        "manager": {
            "name": "ubuntu"
        },
        "data": {
            "dstuser": "root"
        },
        "rule": {
            "firedtimes": 2,
            "mail": false,
            "level": 3,
            "pci_dss": [
                "10.2.5"
            ],
            "hipaa": [
                "164.312.b"
            ],
            "tsc": [
                "CC6.8",
                "CC7.2",
                "CC7.3"
            ],
            "description": "PAM: Login session closed.",
            "groups": [
                "pam",
                "syslog"
            ],
            "id": "5502",
            "nist_800_53": [
                "AU.14",
                "AC.7"
            ],
            "gpg13": [
                "7.8",
                "7.9"
            ],
            "gdpr": [
                "IV_32.2"
            ]
        },
        "decoder": {
            "parent": "pam",
            "name": "pam"
        },
        "full_log": "Nov 24 22:54:42 ubuntu sudo[9103]: pam_unix(sudo:session): session closed for user root",
        "input": {
            "type": "log"
        },
        "@timestamp": "2025-11-24T22:54:43.934Z",
        "location": "journald",
        "id": "1764024883.753735",
        "timestamp": "2025-11-24T22:54:43.934+0000"
    },
    {
        "predecoder": {
            "hostname": "ubuntu",
            "program_name": "sudo",
            "timestamp": "Nov 24 22:54:41"
        },
        "agent": {
            "name": "ubuntu",
            "id": "000"
        },
        "manager": {
            "name": "ubuntu"
        },
        "data": {
            "srcuser": "ubuntu",
            "uid": "1000",
            "dstuser": "root"
        },
        "rule": {
            "mail": false,
            "level": 3,
            "pci_dss": [
                "10.2.5"
            ],
            "hipaa": [
                "164.312.b"
            ],
            "tsc": [
                "CC6.8",
                "CC7.2",
                "CC7.3"
            ],
            "description": "PAM: Login session opened.",
            "groups": [
                "pam",
                "syslog",
                "authentication_success"
            ],
            "nist_800_53": [
                "AU.14",
                "AC.7"
            ],
            "gdpr": [
                "IV_32.2"
            ],
            "firedtimes": 1,
            "mitre": {
                "technique": [
                    "Valid Accounts"
                ],
                "id": [
                    "T1078"
                ],
                "tactic": [
                    "Defense Evasion",
                    "Persistence",
                    "Privilege Escalation",
                    "Initial Access"
                ]
            },
            "id": "5501",
            "gpg13": [
                "7.8",
                "7.9"
            ]
        },
        "decoder": {
            "parent": "pam",
            "name": "pam"
        },
        "full_log": "Nov 24 22:54:41 ubuntu sudo[9103]: pam_unix(sudo:session): session opened for user root(uid=0) by ubuntu(uid=1000)",
        "input": {
            "type": "log"
        },
        "@timestamp": "2025-11-24T22:54:41.934Z",
        "location": "journald",
        "id": "1764024881.753313",
        "timestamp": "2025-11-24T22:54:41.934+0000"
    },
    {
        "predecoder": {
            "hostname": "ubuntu",
            "program_name": "sudo",
            "timestamp": "Nov 24 22:54:41"
        },
        "agent": {
            "name": "ubuntu",
            "id": "000"
        },
        "manager": {
            "name": "ubuntu"
        },
        "data": {
            "srcuser": "ubuntu",
            "dstuser": "root",
            "tty": "pts/0",
            "pwd": "/home/ubuntu/SIEM-PROJECT/scripts",
            "command": "/var/ossec/integrations/custom-telegram start"
        },
        "rule": {
            "mail": false,
            "level": 3,
            "pci_dss": [
                "10.2.5",
                "10.2.2"
            ],
            "hipaa": [
                "164.312.b"
            ],
            "tsc": [
                "CC6.8",
                "CC7.2",
                "CC7.3"
            ],
            "description": "Successful sudo to ROOT executed.",
            "groups": [
                "syslog",
                "sudo"
            ],
            "nist_800_53": [
                "AU.14",
                "AC.7",
                "AC.6"
            ],
            "gdpr": [
                "IV_32.2"
            ],
            "firedtimes": 1,
            "mitre": {
                "technique": [
                    "Sudo and Sudo Caching"
                ],
                "id": [
                    "T1548.003"
                ],
                "tactic": [
                    "Privilege Escalation",
                    "Defense Evasion"
                ]
            },
            "id": "5402",
            "gpg13": [
                "7.6",
                "7.8",
                "7.13"
            ]
        },
        "decoder": {
            "parent": "sudo",
            "name": "sudo",
            "ftscomment": "First time user executed the sudo command"
        },
        "full_log": "Nov 24 22:54:41 ubuntu sudo[9103]:   ubuntu : TTY=pts/0 ; PWD=/home/ubuntu/SIEM-PROJECT/scripts ; USER=root ; COMMAND=/var/ossec/integrations/custom-telegram start",
        "input": {
            "type": "log"
        },
        "@timestamp": "2025-11-24T22:54:41.933Z",
        "location": "journald",
        "id": "1764024881.752719",
        "timestamp": "2025-11-24T22:54:41.933+0000"
    },
    {
        "agent": {
            "ip": "192.168.44.137",
            "name": "win",
            "id": "001"
        },
        "manager": {
            "name": "ubuntu"
        },
        "data": {
            "win": {
                "eventdata": {
                    "subjectLogonId": "0x1a2e1",
                    "targetUserName": "Users",
                    "memberSid": "S-1-5-21-2643128391-4121916274-1247374836-1010",
                    "subjectUserSid": "S-1-5-21-2643128391-4121916274-1247374836-1001",
                    "subjectDomainName": "DESKTOP-SIJOGEC",
                    "targetDomainName": "Builtin",
                    "targetSid": "S-1-5-32-545",
                    "subjectUserName": "windows"
                },
                "system": {
                    "eventID": "4732",
                    "keywords": "0x8020000000000000",
                    "providerGuid": "{54849625-5478-4994-a5ba-3e3b0328c30d}",
                    "level": "0",
                    "channel": "Security",
                    "opcode": "0",
                    "message": "\"A member was added to a security-enabled local group.\r\n\r\nSubject:\r\n\tSecurity ID:\t\tS-1-5-21-2643128391-4121916274-1247374836-1001\r\n\tAccount Name:\t\twindows\r\n\tAccount Domain:\t\tDESKTOP-SIJOGEC\r\n\tLogon ID:\t\t0x1A2E1\r\n\r\nMember:\r\n\tSecurity ID:\t\tS-1-5-21-2643128391-4121916274-1247374836-1010\r\n\tAccount Name:\t\t-\r\n\r\nGroup:\r\n\tSecurity ID:\t\tS-1-5-32-545\r\n\tGroup Name:\t\tUsers\r\n\tGroup Domain:\t\tBuiltin\r\n\r\nAdditional Information:\r\n\tPrivileges:\t\t-\"",
                    "version": "0",
                    "systemTime": "2025-11-24T22:53:06.5130849Z",
                    "eventRecordID": "23338",
                    "threadID": "8948",
                    "computer": "DESKTOP-SIJOGEC",
                    "task": "13826",
                    "processID": "648",
                    "severityValue": "AUDIT_SUCCESS",
                    "providerName": "Microsoft-Windows-Security-Auditing"
                }
            }
        },
        "rule": {
            "mail": false,
            "level": 5,
            "pci_dss": [
                "8.1.2",
                "10.2.5"
            ],
            "hipaa": [
                "164.312.a.2.I",
                "164.312.a.2.II",
                "164.312.b"
            ],
            "tsc": [
                "CC6.8",
                "CC7.2",
                "CC7.3"
            ],
            "description": "Users Group Changed",
            "groups": [
                "windows",
                "windows_security",
                "group_changed",
                "win_group_changed"
            ],
            "nist_800_53": [
                "AC.2",
                "IA.4",
                "AU.14",
                "AC.7"
            ],
            "gdpr": [
                "IV_35.7.d",
                "IV_32.2"
            ],
            "firedtimes": 1,
            "mitre": {
                "technique": [
                    "Domain Policy Modification"
                ],
                "id": [
                    "T1484"
                ],
                "tactic": [
                    "Defense Evasion",
                    "Privilege Escalation"
                ]
            },
            "id": "60170",
            "gpg13": [
                "7.10"
            ]
        },
        "decoder": {
            "name": "windows_eventchannel"
        },
        "input": {
            "type": "log"
        },
        "@timestamp": "2025-11-24T22:53:07.152Z",
        "location": "EventChannel",
        "id": "1764024787.749694",
        "timestamp": "2025-11-24T22:53:07.152+0000"
    },
    {
        "agent": {
            "ip": "192.168.44.137",
            "name": "win",
            "id": "001"
        },
        "manager": {
            "name": "ubuntu"
        },
        "data": {
            "win": {
                "eventdata": {
                    "subjectLogonId": "0x1a2e1",
                    "scriptPath": "%%1793",
                    "passwordLastSet": "11/25/2025 5:53:06 AM",
                    "homeDirectory": "%%1793",
                    "subjectDomainName": "DESKTOP-SIJOGEC",
                    "displayName": "%%1793",
                    "accountExpires": "%%1794",
                    "homePath": "%%1793",
                    "samAccountName": "ultimate_tes1t",
                    "targetUserName": "ultimate_tes1t",
                    "subjectUserSid": "S-1-5-21-2643128391-4121916274-1247374836-1001",
                    "primaryGroupId": "513",
                    "logonHours": "%%1797",
                    "targetDomainName": "DESKTOP-SIJOGEC",
                    "profilePath": "%%1793",
                    "userWorkstations": "%%1793",
                    "oldUacValue": "0x15",
                    "newUacValue": "0x10",
                    "targetSid": "S-1-5-21-2643128391-4121916274-1247374836-1010",
                    "userAccountControl": "    %%2048    %%2050",
                    "subjectUserName": "windows"
                },
                "system": {
                    "eventID": "4738",
                    "keywords": "0x8020000000000000",
                    "providerGuid": "{54849625-5478-4994-a5ba-3e3b0328c30d}",
                    "level": "0",
                    "channel": "Security",
                    "opcode": "0",
                    "message": "\"A user account was changed.\r\n\r\nSubject:\r\n\tSecurity ID:\t\tS-1-5-21-2643128391-4121916274-1247374836-1001\r\n\tAccount Name:\t\twindows\r\n\tAccount Domain:\t\tDESKTOP-SIJOGEC\r\n\tLogon ID:\t\t0x1A2E1\r\n\r\nTarget Account:\r\n\tSecurity ID:\t\tS-1-5-21-2643128391-4121916274-1247374836-1010\r\n\tAccount Name:\t\tultimate_tes1t\r\n\tAccount Domain:\t\tDESKTOP-SIJOGEC\r\n\r\nChanged Attributes:\r\n\tSAM Account Name:\tultimate_tes1t\r\n\tDisplay Name:\t\t<value not set>\r\n\tUser Principal Name:\t-\r\n\tHome Directory:\t\t<value not set>\r\n\tHome Drive:\t\t<value not set>\r\n\tScript Path:\t\t<value not set>\r\n\tProfile Path:\t\t<value not set>\r\n\tUser Workstations:\t<value not set>\r\n\tPassword Last Set:\t11/25/2025 5:53:06 AM\r\n\tAccount Expires:\t\t<never>\r\n\tPrimary Group ID:\t513\r\n\tAllowedToDelegateTo:\t-\r\n\tOld UAC Value:\t\t0x15\r\n\tNew UAC Value:\t\t0x10\r\n\tUser Account Control:\t\r\n\t\tAccount Enabled\r\n\t\t'Password Not Required' - Disabled\r\n\tUser Parameters:\t-\r\n\tSID History:\t\t-\r\n\tLogon Hours:\t\tAll\r\n\r\nAdditional Information:\r\n\tPrivileges:\t\t-\"",
                    "version": "0",
                    "systemTime": "2025-11-24T22:53:06.5081263Z",
                    "eventRecordID": "23336",
                    "threadID": "8948",
                    "computer": "DESKTOP-SIJOGEC",
                    "task": "13824",
                    "processID": "648",
                    "severityValue": "AUDIT_SUCCESS",
                    "providerName": "Microsoft-Windows-Security-Auditing"
                }
            }
        },
        "rule": {
            "mail": false,
            "level": 8,
            "pci_dss": [
                "8.1.2",
                "10.2.5"
            ],
            "hipaa": [
                "164.312.a.2.I",
                "164.312.a.2.II",
                "164.312.b"
            ],
            "tsc": [
                "CC6.8",
                "CC7.2",
                "CC7.3"
            ],
            "description": "User account changed",
            "groups": [
                "windows",
                "windows_security",
                "account_changed"
            ],
            "nist_800_53": [
                "AC.2",
                "IA.4",
                "AU.14",
                "AC.7"
            ],
            "gdpr": [
                "IV_35.7.d",
                "IV_32.2"
            ],
            "firedtimes": 1,
            "mitre": {
                "technique": [
                    "Account Manipulation"
                ],
                "id": [
                    "T1098"
                ],
                "tactic": [
                    "Persistence"
                ]
            },
            "id": "60110",
            "gpg13": [
                "7.10"
            ]
        },
        "decoder": {
            "name": "windows_eventchannel"
        },
        "input": {
            "type": "log"
        },
        "@timestamp": "2025-11-24T22:53:07.145Z",
        "location": "EventChannel",
        "id": "1764024787.744661",
        "timestamp": "2025-11-24T22:53:07.145+0000"
    },
    {
        "agent": {
            "ip": "192.168.44.137",
            "name": "win",
            "id": "001"
        },
        "manager": {
            "name": "ubuntu"
        },
        "data": {
            "win": {
                "eventdata": {
                    "subjectLogonId": "0x1a2e1",
                    "targetUserName": "ultimate_tes1t",
                    "subjectUserSid": "S-1-5-21-2643128391-4121916274-1247374836-1001",
                    "subjectDomainName": "DESKTOP-SIJOGEC",
                    "targetDomainName": "DESKTOP-SIJOGEC",
                    "targetSid": "S-1-5-21-2643128391-4121916274-1247374836-1010",
                    "subjectUserName": "windows"
                },
                "system": {
                    "eventID": "4722",
                    "keywords": "0x8020000000000000",
                    "providerGuid": "{54849625-5478-4994-a5ba-3e3b0328c30d}",
                    "level": "0",
                    "channel": "Security",
                    "opcode": "0",
                    "message": "\"A user account was enabled.\r\n\r\nSubject:\r\n\tSecurity ID:\t\tS-1-5-21-2643128391-4121916274-1247374836-1001\r\n\tAccount Name:\t\twindows\r\n\tAccount Domain:\t\tDESKTOP-SIJOGEC\r\n\tLogon ID:\t\t0x1A2E1\r\n\r\nTarget Account:\r\n\tSecurity ID:\t\tS-1-5-21-2643128391-4121916274-1247374836-1010\r\n\tAccount Name:\t\tultimate_tes1t\r\n\tAccount Domain:\t\tDESKTOP-SIJOGEC\"",
                    "version": "0",
                    "systemTime": "2025-11-24T22:53:06.5078253Z",
                    "eventRecordID": "23335",
                    "threadID": "8948",
                    "computer": "DESKTOP-SIJOGEC",
                    "task": "13824",
                    "processID": "648",
                    "severityValue": "AUDIT_SUCCESS",
                    "providerName": "Microsoft-Windows-Security-Auditing"
                }
            }
        },
        "rule": {
            "mail": false,
            "level": 8,
            "pci_dss": [
                "8.1.2",
                "10.2.5"
            ],
            "hipaa": [
                "164.312.a.2.I",
                "164.312.a.2.II",
                "164.312.b"
            ],
            "tsc": [
                "CC6.8",
                "CC7.2",
                "CC7.3"
            ],
            "description": "User account enabled or created",
            "groups": [
                "windows",
                "windows_security",
                "adduser",
                "account_changed"
            ],
            "nist_800_53": [
                "AC.2",
                "IA.4",
                "AU.14",
                "AC.7"
            ],
            "gdpr": [
                "IV_35.7.d",
                "IV_32.2"
            ],
            "firedtimes": 2,
            "mitre": {
                "technique": [
                    "Account Manipulation"
                ],
                "id": [
                    "T1098"
                ],
                "tactic": [
                    "Persistence"
                ]
            },
            "id": "60109",
            "gpg13": [
                "7.10"
            ]
        },
        "decoder": {
            "name": "windows_eventchannel"
        },
        "input": {
            "type": "log"
        },
        "@timestamp": "2025-11-24T22:53:07.132Z",
        "location": "EventChannel",
        "id": "1764024787.741884",
        "timestamp": "2025-11-24T22:53:07.132+0000"
    },
    {
        "agent": {
            "ip": "192.168.44.137",
            "name": "win",
            "id": "001"
        },
        "manager": {
            "name": "ubuntu"
        },
        "data": {
            "win": {
                "eventdata": {
                    "subjectLogonId": "0x1a2e1",
                    "scriptPath": "%%1793",
                    "passwordLastSet": "%%1794",
                    "homeDirectory": "%%1793",
                    "userParameters": "%%1793",
                    "subjectDomainName": "DESKTOP-SIJOGEC",
                    "displayName": "%%1793",
                    "accountExpires": "%%1794",
                    "homePath": "%%1793",
                    "samAccountName": "ultimate_tes1t",
                    "targetUserName": "ultimate_tes1t",
                    "subjectUserSid": "S-1-5-21-2643128391-4121916274-1247374836-1001",
                    "primaryGroupId": "513",
                    "logonHours": "%%1797",
                    "targetDomainName": "DESKTOP-SIJOGEC",
                    "profilePath": "%%1793",
                    "userWorkstations": "%%1793",
                    "oldUacValue": "0x0",
                    "newUacValue": "0x15",
                    "targetSid": "S-1-5-21-2643128391-4121916274-1247374836-1010",
                    "userAccountControl": "    %%2080    %%2082    %%2084",
                    "subjectUserName": "windows"
                },
                "system": {
                    "eventID": "4720",
                    "keywords": "0x8020000000000000",
                    "providerGuid": "{54849625-5478-4994-a5ba-3e3b0328c30d}",
                    "level": "0",
                    "channel": "Security",
                    "opcode": "0",
                    "message": "\"A user account was created.\r\n\r\nSubject:\r\n\tSecurity ID:\t\tS-1-5-21-2643128391-4121916274-1247374836-1001\r\n\tAccount Name:\t\twindows\r\n\tAccount Domain:\t\tDESKTOP-SIJOGEC\r\n\tLogon ID:\t\t0x1A2E1\r\n\r\nNew Account:\r\n\tSecurity ID:\t\tS-1-5-21-2643128391-4121916274-1247374836-1010\r\n\tAccount Name:\t\tultimate_tes1t\r\n\tAccount Domain:\t\tDESKTOP-SIJOGEC\r\n\r\nAttributes:\r\n\tSAM Account Name:\tultimate_tes1t\r\n\tDisplay Name:\t\t<value not set>\r\n\tUser Principal Name:\t-\r\n\tHome Directory:\t\t<value not set>\r\n\tHome Drive:\t\t<value not set>\r\n\tScript Path:\t\t<value not set>\r\n\tProfile Path:\t\t<value not set>\r\n\tUser Workstations:\t<value not set>\r\n\tPassword Last Set:\t<never>\r\n\tAccount Expires:\t\t<never>\r\n\tPrimary Group ID:\t513\r\n\tAllowed To Delegate To:\t-\r\n\tOld UAC Value:\t\t0x0\r\n\tNew UAC Value:\t\t0x15\r\n\tUser Account Control:\t\r\n\t\tAccount Disabled\r\n\t\t'Password Not Required' - Enabled\r\n\t\t'Normal Account' - Enabled\r\n\tUser Parameters:\t<value not set>\r\n\tSID History:\t\t-\r\n\tLogon Hours:\t\tAll\r\n\r\nAdditional Information:\r\n\tPrivileges\t\t-\"",
                    "version": "0",
                    "systemTime": "2025-11-24T22:53:06.4804481Z",
                    "eventRecordID": "23334",
                    "threadID": "8948",
                    "computer": "DESKTOP-SIJOGEC",
                    "task": "13824",
                    "processID": "648",
                    "severityValue": "AUDIT_SUCCESS",
                    "providerName": "Microsoft-Windows-Security-Auditing"
                }
            }
        },
        "rule": {
            "mail": false,
            "level": 8,
            "pci_dss": [
                "8.1.2",
                "10.2.5"
            ],
            "hipaa": [
                "164.312.a.2.I",
                "164.312.a.2.II",
                "164.312.b"
            ],
            "tsc": [
                "CC6.8",
                "CC7.2",
                "CC7.3"
            ],
            "description": "User account enabled or created",
            "groups": [
                "windows",
                "windows_security",
                "adduser",
                "account_changed"
            ],
            "nist_800_53": [
                "AC.2",
                "IA.4",
                "AU.14",
                "AC.7"
            ],
            "gdpr": [
                "IV_35.7.d",
                "IV_32.2"
            ],
            "firedtimes": 1,
            "mitre": {
                "technique": [
                    "Account Manipulation"
                ],
                "id": [
                    "T1098"
                ],
                "tactic": [
                    "Persistence"
                ]
            },
            "id": "60109",
            "gpg13": [
                "7.10"
            ]
        },
        "decoder": {
            "name": "windows_eventchannel"
        },
        "input": {
            "type": "log"
        },
        "@timestamp": "2025-11-24T22:53:07.117Z",
        "location": "EventChannel",
        "id": "1764024787.736737",
        "timestamp": "2025-11-24T22:53:07.117+0000"
    },
    {
        "agent": {
            "ip": "192.168.44.137",
            "name": "win",
            "id": "001"
        },
        "manager": {
            "name": "ubuntu"
        },
        "data": {
            "win": {
                "eventdata": {
                    "subjectLogonId": "0x1a2e1",
                    "targetUserName": "None",
                    "memberSid": "S-1-5-21-2643128391-4121916274-1247374836-1010",
                    "subjectUserSid": "S-1-5-21-2643128391-4121916274-1247374836-1001",
                    "subjectDomainName": "DESKTOP-SIJOGEC",
                    "targetDomainName": "DESKTOP-SIJOGEC",
                    "targetSid": "S-1-5-21-2643128391-4121916274-1247374836-513",
                    "subjectUserName": "windows"
                },
                "system": {
                    "eventID": "4728",
                    "keywords": "0x8020000000000000",
                    "providerGuid": "{54849625-5478-4994-a5ba-3e3b0328c30d}",
                    "level": "0",
                    "channel": "Security",
                    "opcode": "0",
                    "message": "\"A member was added to a security-enabled global group.\r\n\r\nSubject:\r\n\tSecurity ID:\t\tS-1-5-21-2643128391-4121916274-1247374836-1001\r\n\tAccount Name:\t\twindows\r\n\tAccount Domain:\t\tDESKTOP-SIJOGEC\r\n\tLogon ID:\t\t0x1A2E1\r\n\r\nMember:\r\n\tSecurity ID:\t\tS-1-5-21-2643128391-4121916274-1247374836-1010\r\n\tAccount Name:\t\t-\r\n\r\nGroup:\r\n\tSecurity ID:\t\tS-1-5-21-2643128391-4121916274-1247374836-513\r\n\tGroup Name:\t\tNone\r\n\tGroup Domain:\t\tDESKTOP-SIJOGEC\r\n\r\nAdditional Information:\r\n\tPrivileges:\t\t-\"",
                    "version": "0",
                    "systemTime": "2025-11-24T22:53:06.4767295Z",
                    "eventRecordID": "23333",
                    "threadID": "8948",
                    "computer": "DESKTOP-SIJOGEC",
                    "task": "13826",
                    "processID": "648",
                    "severityValue": "AUDIT_SUCCESS",
                    "providerName": "Microsoft-Windows-Security-Auditing"
                }
            }
        },
        "rule": {
            "mail": false,
            "level": 5,
            "pci_dss": [
                "8.1.2",
                "10.2.5"
            ],
            "hipaa": [
                "164.312.a.2.I",
                "164.312.a.2.II",
                "164.312.b"
            ],
            "tsc": [
                "CC6.8",
                "CC7.2",
                "CC7.3"
            ],
            "description": "Domain Users Group Changed",
            "groups": [
                "windows",
                "windows_security",
                "group_changed",
                "win_group_changed"
            ],
            "nist_800_53": [
                "AC.2",
                "IA.4",
                "AU.14",
                "AC.7"
            ],
            "gdpr": [
                "IV_35.7.d",
                "IV_32.2"
            ],
            "firedtimes": 1,
            "mitre": {
                "technique": [
                    "Domain Policy Modification"
                ],
                "id": [
                    "T1484"
                ],
                "tactic": [
                    "Defense Evasion",
                    "Privilege Escalation"
                ]
            },
            "id": "60160",
            "gpg13": [
                "7.10"
            ]
        },
        "decoder": {
            "name": "windows_eventchannel"
        },
        "input": {
            "type": "log"
        },
        "@timestamp": "2025-11-24T22:53:07.099Z",
        "location": "EventChannel",
        "id": "1764024787.733543",
        "timestamp": "2025-11-24T22:53:07.099+0000"
    },
    {
        "agent": {
            "ip": "192.168.44.137",
            "name": "win",
            "id": "001"
        },
        "manager": {
            "name": "ubuntu"
        },
        "data": {
            "win": {
                "eventdata": {
                    "originalFileName": "net.exe",
                    "image": "C:\\\\Windows\\\\System32\\\\net.exe",
                    "product": "Microsoft速 Windows速 Operating System",
                    "parentProcessGuid": "{3e3e0db9-e1c7-6924-cd01-000000000c00}",
                    "description": "Net Command",
                    "logonGuid": "{3e3e0db9-d04d-6924-e1a2-010000000000}",
                    "parentCommandLine": "\\\"C:\\\\Windows\\\\System32\\\\WindowsPowerShell\\\\v1.0\\\\powershell.exe\\\"",
                    "processGuid": "{3e3e0db9-e1d2-6924-d101-000000000c00}",
                    "logonId": "0x1a2e1",
                    "parentProcessId": "5612",
                    "processId": "9776",
                    "currentDirectory": "C:\\\\Windows\\\\system32\\\\",
                    "utcTime": "2025-11-24 22:53:06.436",
                    "hashes": "MD5=0BD94A338EEA5A4E1F2830AE326E6D19,SHA256=9F376759BCBCD705F726460FC4A7E2B07F310F52BAA73CAAAAA124FDDBDF993E",
                    "parentImage": "C:\\\\Windows\\\\System32\\\\WindowsPowerShell\\\\v1.0\\\\powershell.exe",
                    "company": "Microsoft Corporation",
                    "commandLine": "\\\"C:\\\\Windows\\\\system32\\\\net.exe\\\" user ultimate_tes1t 1234586 /add",
                    "integrityLevel": "High",
                    "fileVersion": "10.0.19041.1 (WinBuild.160101.0800)",
                    "user": "DESKTOP-SIJOGEC\\\\windows",
                    "terminalSessionId": "1",
                    "parentUser": "DESKTOP-SIJOGEC\\\\windows"
                },
                "system": {
                    "eventID": "1",
                    "keywords": "0x8000000000000000",
                    "providerGuid": "{5770385f-c22a-43e0-bf4c-06f5698ffbd9}",
                    "level": "4",
                    "channel": "Microsoft-Windows-Sysmon/Operational",
                    "opcode": "0",
                    "message": "\"Process Create:\r\nRuleName: -\r\nUtcTime: 2025-11-24 22:53:06.436\r\nProcessGuid: {3e3e0db9-e1d2-6924-d101-000000000c00}\r\nProcessId: 9776\r\nImage: C:\\Windows\\System32\\net.exe\r\nFileVersion: 10.0.19041.1 (WinBuild.160101.0800)\r\nDescription: Net Command\r\nProduct: Microsoft速 Windows速 Operating System\r\nCompany: Microsoft Corporation\r\nOriginalFileName: net.exe\r\nCommandLine: \"C:\\Windows\\system32\\net.exe\" user ultimate_tes1t 1234586 /add\r\nCurrentDirectory: C:\\Windows\\system32\\\r\nUser: DESKTOP-SIJOGEC\\windows\r\nLogonGuid: {3e3e0db9-d04d-6924-e1a2-010000000000}\r\nLogonId: 0x1A2E1\r\nTerminalSessionId: 1\r\nIntegrityLevel: High\r\nHashes: MD5=0BD94A338EEA5A4E1F2830AE326E6D19,SHA256=9F376759BCBCD705F726460FC4A7E2B07F310F52BAA73CAAAAA124FDDBDF993E\r\nParentProcessGuid: {3e3e0db9-e1c7-6924-cd01-000000000c00}\r\nParentProcessId: 5612\r\nParentImage: C:\\Windows\\System32\\WindowsPowerShell\\v1.0\\powershell.exe\r\nParentCommandLine: \"C:\\Windows\\System32\\WindowsPowerShell\\v1.0\\powershell.exe\" \r\nParentUser: DESKTOP-SIJOGEC\\windows\"",
                    "version": "5",
                    "systemTime": "2025-11-24T22:53:06.4420807Z",
                    "eventRecordID": "4505",
                    "threadID": "4220",
                    "computer": "DESKTOP-SIJOGEC",
                    "task": "1",
                    "processID": "2804",
                    "severityValue": "INFORMATION",
                    "providerName": "Microsoft-Windows-Sysmon"
                }
            }
        },
        "rule": {
            "firedtimes": 2,
            "mail": false,
            "level": 3,
            "description": "Discovery activity spawned via powershell execution",
            "groups": [
                "sysmon",
                "sysmon_eid1_detections",
                "windows"
            ],
            "mitre": {
                "technique": [
                    "Account Discovery",
                    "PowerShell"
                ],
                "id": [
                    "T1087",
                    "T1059.001"
                ],
                "tactic": [
                    "Discovery",
                    "Execution"
                ]
            },
            "id": "92033"
        },
        "decoder": {
            "name": "windows_eventchannel"
        },
        "input": {
            "type": "log"
        },
        "@timestamp": "2025-11-24T22:53:07.057Z",
        "location": "EventChannel",
        "id": "1764024787.727876",
        "timestamp": "2025-11-24T22:53:07.057+0000"
    },
    {
        "agent": {
            "ip": "192.168.44.137",
            "name": "win",
            "id": "001"
        },
        "manager": {
            "name": "ubuntu"
        },
        "data": {
            "win": {
                "eventdata": {
                    "originalFileName": "net.exe",
                    "image": "C:\\\\Windows\\\\System32\\\\net.exe",
                    "product": "Microsoft速 Windows速 Operating System",
                    "parentProcessGuid": "{3e3e0db9-e1c7-6924-cd01-000000000c00}",
                    "description": "Net Command",
                    "logonGuid": "{3e3e0db9-d04d-6924-e1a2-010000000000}",
                    "parentCommandLine": "\\\"C:\\\\Windows\\\\System32\\\\WindowsPowerShell\\\\v1.0\\\\powershell.exe\\\"",
                    "processGuid": "{3e3e0db9-e1cf-6924-cf01-000000000c00}",
                    "logonId": "0x1a2e1",
                    "parentProcessId": "5612",
                    "processId": "9696",
                    "currentDirectory": "C:\\\\Windows\\\\system32\\\\",
                    "utcTime": "2025-11-24 22:53:03.840",
                    "hashes": "MD5=0BD94A338EEA5A4E1F2830AE326E6D19,SHA256=9F376759BCBCD705F726460FC4A7E2B07F310F52BAA73CAAAAA124FDDBDF993E",
                    "parentImage": "C:\\\\Windows\\\\System32\\\\WindowsPowerShell\\\\v1.0\\\\powershell.exe",
                    "company": "Microsoft Corporation",
                    "commandLine": "\\\"C:\\\\Windows\\\\system32\\\\net.exe\\\" user ultimate_tes1t /DELETE",
                    "integrityLevel": "High",
                    "fileVersion": "10.0.19041.1 (WinBuild.160101.0800)",
                    "user": "DESKTOP-SIJOGEC\\\\windows",
                    "terminalSessionId": "1",
                    "parentUser": "DESKTOP-SIJOGEC\\\\windows"
                },
                "system": {
                    "eventID": "1",
                    "keywords": "0x8000000000000000",
                    "providerGuid": "{5770385f-c22a-43e0-bf4c-06f5698ffbd9}",
                    "level": "4",
                    "channel": "Microsoft-Windows-Sysmon/Operational",
                    "opcode": "0",
                    "message": "\"Process Create:\r\nRuleName: -\r\nUtcTime: 2025-11-24 22:53:03.840\r\nProcessGuid: {3e3e0db9-e1cf-6924-cf01-000000000c00}\r\nProcessId: 9696\r\nImage: C:\\Windows\\System32\\net.exe\r\nFileVersion: 10.0.19041.1 (WinBuild.160101.0800)\r\nDescription: Net Command\r\nProduct: Microsoft速 Windows速 Operating System\r\nCompany: Microsoft Corporation\r\nOriginalFileName: net.exe\r\nCommandLine: \"C:\\Windows\\system32\\net.exe\" user ultimate_tes1t /DELETE\r\nCurrentDirectory: C:\\Windows\\system32\\\r\nUser: DESKTOP-SIJOGEC\\windows\r\nLogonGuid: {3e3e0db9-d04d-6924-e1a2-010000000000}\r\nLogonId: 0x1A2E1\r\nTerminalSessionId: 1\r\nIntegrityLevel: High\r\nHashes: MD5=0BD94A338EEA5A4E1F2830AE326E6D19,SHA256=9F376759BCBCD705F726460FC4A7E2B07F310F52BAA73CAAAAA124FDDBDF993E\r\nParentProcessGuid: {3e3e0db9-e1c7-6924-cd01-000000000c00}\r\nParentProcessId: 5612\r\nParentImage: C:\\Windows\\System32\\WindowsPowerShell\\v1.0\\powershell.exe\r\nParentCommandLine: \"C:\\Windows\\System32\\WindowsPowerShell\\v1.0\\powershell.exe\" \r\nParentUser: DESKTOP-SIJOGEC\\windows\"",
                    "version": "5",
                    "systemTime": "2025-11-24T22:53:03.8500720Z",
                    "eventRecordID": "4502",
                    "threadID": "4220",
                    "computer": "DESKTOP-SIJOGEC",
                    "task": "1",
                    "processID": "2804",
                    "severityValue": "INFORMATION",
                    "providerName": "Microsoft-Windows-Sysmon"
                }
            }
        },
        "rule": {
            "firedtimes": 1,
            "mail": false,
            "level": 3,
            "description": "Discovery activity spawned via powershell execution",
            "groups": [
                "sysmon",
                "sysmon_eid1_detections",
                "windows"
            ],
            "mitre": {
                "technique": [
                    "Account Discovery",
                    "PowerShell"
                ],
                "id": [
                    "T1087",
                    "T1059.001"
                ],
                "tactic": [
                    "Discovery",
                    "Execution"
                ]
            },
            "id": "92033"
        },
        "decoder": {
            "name": "windows_eventchannel"
        },
        "input": {
            "type": "log"
        },
        "@timestamp": "2025-11-24T22:53:04.456Z",
        "location": "EventChannel",
        "id": "1764024784.722229",
        "timestamp": "2025-11-24T22:53:04.456+0000"
    },
    {
        "agent": {
            "ip": "192.168.44.137",
            "name": "win",
            "id": "001"
        },
        "manager": {
            "name": "ubuntu"
        },
        "data": {
            "win": {
                "eventdata": {
                    "image": "C:\\\\Windows\\\\System32\\\\WindowsPowerShell\\\\v1.0\\\\powershell.exe",
                    "processGuid": "{3e3e0db9-e1c7-6924-cd01-000000000c00}",
                    "processId": "5612",
                    "utcTime": "2025-11-24 22:52:56.294",
                    "targetFilename": "C:\\\\Users\\\\windows\\\\AppData\\\\Local\\\\Temp\\\\__PSScriptPolicyTest_3m0lzsj2.l2r.ps1",
                    "creationUtcTime": "2025-11-24 22:52:56.294",
                    "user": "DESKTOP-SIJOGEC\\\\windows"
                },
                "system": {
                    "eventID": "11",
                    "keywords": "0x8000000000000000",
                    "providerGuid": "{5770385f-c22a-43e0-bf4c-06f5698ffbd9}",
                    "level": "4",
                    "channel": "Microsoft-Windows-Sysmon/Operational",
                    "opcode": "0",
                    "message": "\"File created:\r\nRuleName: -\r\nUtcTime: 2025-11-24 22:52:56.294\r\nProcessGuid: {3e3e0db9-e1c7-6924-cd01-000000000c00}\r\nProcessId: 5612\r\nImage: C:\\Windows\\System32\\WindowsPowerShell\\v1.0\\powershell.exe\r\nTargetFilename: C:\\Users\\windows\\AppData\\Local\\Temp\\__PSScriptPolicyTest_3m0lzsj2.l2r.ps1\r\nCreationUtcTime: 2025-11-24 22:52:56.294\r\nUser: DESKTOP-SIJOGEC\\windows\"",
                    "version": "2",
                    "systemTime": "2025-11-24T22:52:56.3047289Z",
                    "eventRecordID": "4498",
                    "threadID": "4220",
                    "computer": "DESKTOP-SIJOGEC",
                    "task": "11",
                    "processID": "2804",
                    "severityValue": "INFORMATION",
                    "providerName": "Microsoft-Windows-Sysmon"
                }
            }
        },
        "rule": {
            "firedtimes": 1,
            "mail": true,
            "level": 15,
            "description": "Executable file dropped in folder commonly used by malware",
            "groups": [
                "sysmon",
                "sysmon_eid11_detections",
                "windows"
            ],
            "mitre": {
                "technique": [
                    "Ingress Tool Transfer"
                ],
                "id": [
                    "T1105"
                ],
                "tactic": [
                    "Command and Control"
                ]
            },
            "id": "92213"
        },
        "decoder": {
            "name": "windows_eventchannel"
        },
        "input": {
            "type": "log"
        },
        "@timestamp": "2025-11-24T22:52:56.906Z",
        "location": "EventChannel",
        "id": "1764024776.719429",
        "timestamp": "2025-11-24T22:52:56.906+0000"
    },
    {
        "agent": {
            "ip": "192.168.44.137",
            "name": "win",
            "id": "001"
        },
        "manager": {
            "name": "ubuntu"
        },
        "data": {
            "win": {
                "eventdata": {
                    "data": "2025-11-25T22:50:59Z, RulesEngine"
                },
                "system": {
                    "eventID": "16384",
                    "eventSourceName": "Software Protection Platform Service",
                    "keywords": "0x80000000000000",
                    "providerGuid": "{E23B33B0-C8C9-472C-A5F9-F2BDFEA0F156}",
                    "level": "4",
                    "channel": "Application",
                    "opcode": "0",
                    "message": "\"Successfully scheduled Software Protection service for re-start at 2025-11-25T22:50:59Z. Reason: RulesEngine.\"",
                    "version": "0",
                    "systemTime": "2025-11-24T22:51:59.0577929Z",
                    "eventRecordID": "1911",
                    "threadID": "0",
                    "computer": "DESKTOP-SIJOGEC",
                    "task": "0",
                    "processID": "0",
                    "severityValue": "INFORMATION",
                    "providerName": "Microsoft-Windows-Security-SPP"
                }
            }
        },
        "rule": {
            "firedtimes": 1,
            "mail": false,
            "level": 3,
            "description": "Software protection service scheduled successfully.",
            "groups": [
                "windows",
                "windows_application"
            ],
            "id": "60642"
        },
        "decoder": {
            "name": "windows_eventchannel"
        },
        "input": {
            "type": "log"
        },
        "@timestamp": "2025-11-24T22:51:58.664Z",
        "location": "EventChannel",
        "id": "1764024718.717836",
        "timestamp": "2025-11-24T22:51:58.664+0000"
    },
    {
        "agent": {
            "ip": "192.168.44.137",
            "name": "win",
            "id": "001"
        },
        "manager": {
            "name": "ubuntu"
        },
        "data": {
            "win": {
                "eventdata": {
                    "data": "hr=0x80004005, RuleId=31e71c49-8da7-4a2f-ad92-45d98a1c79ba;Action=AutoActivate;AppId=55c92734-d682-4d71-983e-d6ec3f16059f;SkuId=4de7cb65-cdf1-4de9-8ae8-e3cce27b9f2c;NotificationInterval=1440;Trigger=NetworkAvailable"
                },
                "system": {
                    "eventID": "8198",
                    "eventSourceName": "Software Protection Platform Service",
                    "keywords": "0x80000000000000",
                    "providerGuid": "{E23B33B0-C8C9-472C-A5F9-F2BDFEA0F156}",
                    "level": "2",
                    "channel": "Application",
                    "opcode": "0",
                    "message": "\"License Activation (slui.exe) failed with the following error code:\r\nhr=0x80004005\r\nCommand-line arguments:\r\nRuleId=31e71c49-8da7-4a2f-ad92-45d98a1c79ba;Action=AutoActivate;AppId=55c92734-d682-4d71-983e-d6ec3f16059f;SkuId=4de7cb65-cdf1-4de9-8ae8-e3cce27b9f2c;NotificationInterval=1440;Trigger=NetworkAvailable\"",
                    "version": "0",
                    "systemTime": "2025-11-24T22:51:29.0259929Z",
                    "eventRecordID": "1909",
                    "threadID": "0",
                    "computer": "DESKTOP-SIJOGEC",
                    "task": "0",
                    "processID": "0",
                    "severityValue": "ERROR",
                    "providerName": "Microsoft-Windows-Security-SPP"
                }
            }
        },
        "rule": {
            "firedtimes": 1,
            "mail": false,
            "level": 5,
            "description": "License activation (slui.exe) failed.",
            "groups": [
                "windows",
                "windows_application"
            ],
            "id": "60646"
        },
        "decoder": {
            "name": "windows_eventchannel"
        },
        "input": {
            "type": "log"
        },
        "@timestamp": "2025-11-24T22:51:36.191Z",
        "location": "EventChannel",
        "id": "1764024696.715501",
        "timestamp": "2025-11-24T22:51:36.191+0000"
    },
    {
        "agent": {
            "ip": "192.168.44.137",
            "name": "win",
            "id": "001"
        },
        "manager": {
            "name": "ubuntu"
        },
        "data": {
            "win": {
                "eventdata": {
                    "targetLogonId": "0x500a3e",
                    "targetUserName": "windows",
                    "targetDomainName": "DESKTOP-SIJOGEC",
                    "targetUserSid": "S-1-5-21-2643128391-4121916274-1247374836-1001",
                    "logonType": "2"
                },
                "system": {
                    "eventID": "4634",
                    "keywords": "0x8020000000000000",
                    "providerGuid": "{54849625-5478-4994-a5ba-3e3b0328c30d}",
                    "level": "0",
                    "channel": "Security",
                    "opcode": "0",
                    "message": "\"An account was logged off.\r\n\r\nSubject:\r\n\tSecurity ID:\t\tS-1-5-21-2643128391-4121916274-1247374836-1001\r\n\tAccount Name:\t\twindows\r\n\tAccount Domain:\t\tDESKTOP-SIJOGEC\r\n\tLogon ID:\t\t0x500A3E\r\n\r\nLogon Type:\t\t\t2\r\n\r\nThis event is generated when a logon session is destroyed. It may be positively correlated with a logon event using the Logon ID value. Logon IDs are only unique between reboots on the same computer.\"",
                    "version": "0",
                    "systemTime": "2025-11-24T22:51:29.9575988Z",
                    "eventRecordID": "23330",
                    "threadID": "6052",
                    "computer": "DESKTOP-SIJOGEC",
                    "task": "12545",
                    "processID": "648",
                    "severityValue": "AUDIT_SUCCESS",
                    "providerName": "Microsoft-Windows-Security-Auditing"
                }
            }
        },
        "rule": {
            "firedtimes": 2,
            "mail": false,
            "level": 3,
            "description": "Non service account logged off.",
            "groups": [
                "windows",
                " WEF"
            ],
            "id": "67023"
        },
        "decoder": {
            "name": "windows_eventchannel"
        },
        "input": {
            "type": "log"
        },
        "@timestamp": "2025-11-24T22:51:36.105Z",
        "location": "EventChannel",
        "id": "1764024696.713107",
        "timestamp": "2025-11-24T22:51:36.105+0000"
    },
    {
        "agent": {
            "ip": "192.168.44.137",
            "name": "win",
            "id": "001"
        },
        "manager": {
            "name": "ubuntu"
        },
        "data": {
            "win": {
                "eventdata": {
                    "targetLogonId": "0x500a5e",
                    "targetUserName": "windows",
                    "targetDomainName": "DESKTOP-SIJOGEC",
                    "targetUserSid": "S-1-5-21-2643128391-4121916274-1247374836-1001",
                    "logonType": "2"
                },
                "system": {
                    "eventID": "4634",
                    "keywords": "0x8020000000000000",
                    "providerGuid": "{54849625-5478-4994-a5ba-3e3b0328c30d}",
                    "level": "0",
                    "channel": "Security",
                    "opcode": "0",
                    "message": "\"An account was logged off.\r\n\r\nSubject:\r\n\tSecurity ID:\t\tS-1-5-21-2643128391-4121916274-1247374836-1001\r\n\tAccount Name:\t\twindows\r\n\tAccount Domain:\t\tDESKTOP-SIJOGEC\r\n\tLogon ID:\t\t0x500A5E\r\n\r\nLogon Type:\t\t\t2\r\n\r\nThis event is generated when a logon session is destroyed. It may be positively correlated with a logon event using the Logon ID value. Logon IDs are only unique between reboots on the same computer.\"",
                    "version": "0",
                    "systemTime": "2025-11-24T22:51:29.9569046Z",
                    "eventRecordID": "23329",
                    "threadID": "6052",
                    "computer": "DESKTOP-SIJOGEC",
                    "task": "12545",
                    "processID": "648",
                    "severityValue": "AUDIT_SUCCESS",
                    "providerName": "Microsoft-Windows-Security-Auditing"
                }
            }
        },
        "rule": {
            "firedtimes": 1,
            "mail": false,
            "level": 3,
            "description": "Non service account logged off.",
            "groups": [
                "windows",
                " WEF"
            ],
            "id": "67023"
        },
        "decoder": {
            "name": "windows_eventchannel"
        },
        "input": {
            "type": "log"
        },
        "@timestamp": "2025-11-24T22:51:36.091Z",
        "location": "EventChannel",
        "id": "1764024696.710713",
        "timestamp": "2025-11-24T22:51:36.091+0000"
    },
