    {
        "agent": {
            "ip": "192.168.44.137",
            "name": "win",
            "id": "001"
        },
        "manager": {
            "name": "ubuntu"
        },
        "data": {
            "win": {
                "eventdata": {
                    "subjectLogonId": "0x3e7",
                    "subjectDomainName": "WORKGROUP",
                    "targetLinkedLogonId": "0x15c025",
                    "impersonationLevel": "%%1833",
                    "ipAddress": "127.0.0.1",
                    "authenticationPackageName": "Negotiate",
                    "workstationName": "DESKTOP-SIJOGEC",
                    "targetLogonId": "0x15bffe",
                    "logonProcessName": "User32",
                    "logonGuid": "{00000000-0000-0000-0000-000000000000}",
                    "targetUserName": "windows",
                    "keyLength": "0",
                    "elevatedToken": "%%1842",
                    "subjectUserSid": "S-1-5-18",
                    "processId": "0x5e4",
                    "processName": "C:\\\\Windows\\\\System32\\\\svchost.exe",
                    "ipPort": "0",
                    "targetDomainName": "DESKTOP-SIJOGEC",
                    "targetUserSid": "S-1-5-21-2643128391-4121916274-1247374836-1001",
                    "virtualAccount": "%%1843",
                    "logonType": "2",
                    "subjectUserName": "DESKTOP-SIJOGEC$"
                },
                "system": {
                    "eventID": "4624",
                    "keywords": "0x8020000000000000",
                    "providerGuid": "{54849625-5478-4994-a5ba-3e3b0328c30d}",
                    "level": "0",
                    "channel": "Security",
                    "opcode": "0",
                    "message": "\"An account was successfully logged on.\r\n\r\nSubject:\r\n\tSecurity ID:\t\tS-1-5-18\r\n\tAccount Name:\t\tDESKTOP-SIJOGEC$\r\n\tAccount Domain:\t\tWORKGROUP\r\n\tLogon ID:\t\t0x3E7\r\n\r\nLogon Information:\r\n\tLogon Type:\t\t2\r\n\tRestricted Admin Mode:\t-\r\n\tVirtual Account:\t\tNo\r\n\tElevated Token:\t\tYes\r\n\r\nImpersonation Level:\t\tImpersonation\r\n\r\nNew Logon:\r\n\tSecurity ID:\t\tS-1-5-21-2643128391-4121916274-1247374836-1001\r\n\tAccount Name:\t\twindows\r\n\tAccount Domain:\t\tDESKTOP-SIJOGEC\r\n\tLogon ID:\t\t0x15BFFE\r\n\tLinked Logon ID:\t\t0x15C025\r\n\tNetwork Account Name:\t-\r\n\tNetwork Account Domain:\t-\r\n\tLogon GUID:\t\t{00000000-0000-0000-0000-000000000000}\r\n\r\nProcess Information:\r\n\tProcess ID:\t\t0x5e4\r\n\tProcess Name:\t\tC:\\Windows\\System32\\svchost.exe\r\n\r\nNetwork Information:\r\n\tWorkstation Name:\tDESKTOP-SIJOGEC\r\n\tSource Network Address:\t127.0.0.1\r\n\tSource Port:\t\t0\r\n\r\nDetailed Authentication Information:\r\n\tLogon Process:\t\tUser32 \r\n\tAuthentication Package:\tNegotiate\r\n\tTransited Services:\t-\r\n\tPackage Name (NTLM only):\t-\r\n\tKey Length:\t\t0\r\n\r\nThis event is generated when a logon session is created. It is generated on the computer that was accessed.\r\n\r\nThe subject fields indicate the account on the local system which requested the logon. This is most commonly a service such as the Server service, or a local process such as Winlogon.exe or Services.exe.\r\n\r\nThe logon type field indicates the kind of logon that occurred. The most common types are 2 (interactive) and 3 (network).\r\n\r\nThe New Logon fields indicate the account for whom the new logon was created, i.e. the account that was logged on.\r\n\r\nThe network fields indicate where a remote logon request originated. Workstation name is not always available and may be left blank in some cases.\r\n\r\nThe impersonation level field indicates the extent to which a process in the logon session can impersonate.\r\n\r\nThe authentication information fields provide detailed information about this specific logon request.\r\n\t- Logon GUID is a unique identifier that can be used to correlate this event with a KDC event.\r\n\t- Transited services indicate which intermediate services have participated in this logon request.\r\n\t- Package name indicates which sub-protocol was used among the NTLM protocols.\r\n\t- Key length indicates the length of the generated session key. This will be 0 if no session key was requested.\"",
                    "version": "2",
                    "systemTime": "2025-11-24T06:12:15.0287997Z",
                    "eventRecordID": "22478",
                    "threadID": "724",
                    "computer": "DESKTOP-SIJOGEC",
                    "task": "12544",
                    "processID": "672",
                    "severityValue": "AUDIT_SUCCESS",
                    "providerName": "Microsoft-Windows-Security-Auditing"
                }
            }
        },
        "rule": {
            "mail": false,
            "level": 3,
            "pci_dss": [
                "10.2.5"
            ],
            "hipaa": [
                "164.312.b"
            ],
            "tsc": [
                "CC6.8",
                "CC7.2",
                "CC7.3"
            ],
            "description": "Windows Workstation Logon Success",
            "groups": [
                "windows",
                "windows_security",
                "authentication_success"
            ],
            "nist_800_53": [
                "AU.14",
                "AC.9"
            ],
            "gdpr": [
                "IV_32.2"
            ],
            "firedtimes": 1,
            "mitre": {
                "technique": [
                    "Valid Accounts"
                ],
                "id": [
                    "T1078"
                ],
                "tactic": [
                    "Defense Evasion",
                    "Persistence",
                    "Privilege Escalation",
                    "Initial Access"
                ]
            },
            "id": "60118",
            "gpg13": [
                "7.1",
                "7.2"
            ]
        },
        "decoder": {
            "name": "windows_eventchannel"
        },
        "input": {
            "type": "log"
        },
        "@timestamp": "2025-11-24T06:12:17.105Z",
        "location": "EventChannel",
        "id": "1763964737.269095",
        "timestamp": "2025-11-24T06:12:17.105+0000"
    },
    {
        "agent": {
            "ip": "192.168.44.137",
            "name": "win",
            "id": "001"
        },
        "manager": {
            "name": "ubuntu"
        },
        "data": {
            "win": {
                "eventdata": {
                    "data": "2025-11-25T06:09:35Z, RulesEngine"
                },
                "system": {
                    "eventID": "16384",
                    "eventSourceName": "Software Protection Platform Service",
                    "keywords": "0x80000000000000",
                    "providerGuid": "{E23B33B0-C8C9-472C-A5F9-F2BDFEA0F156}",
                    "level": "4",
                    "channel": "Application",
                    "opcode": "0",
                    "message": "\"Successfully scheduled Software Protection service for re-start at 2025-11-25T06:09:35Z. Reason: RulesEngine.\"",
                    "version": "0",
                    "systemTime": "2025-11-24T06:11:35.7667185Z",
                    "eventRecordID": "1820",
                    "threadID": "0",
                    "computer": "DESKTOP-SIJOGEC",
                    "task": "0",
                    "processID": "0",
                    "severityValue": "INFORMATION",
                    "providerName": "Microsoft-Windows-Security-SPP"
                }
            }
        },
        "rule": {
            "firedtimes": 1,
            "mail": false,
            "level": 3,
            "description": "Software protection service scheduled successfully.",
            "groups": [
                "windows",
                "windows_application"
            ],
            "id": "60642"
        },
        "decoder": {
            "name": "windows_eventchannel"
        },
        "input": {
            "type": "log"
        },
        "@timestamp": "2025-11-24T06:11:36.846Z",
        "location": "EventChannel",
        "id": "1763964696.267502",
        "timestamp": "2025-11-24T06:11:36.846+0000"
    },
    {
        "agent": {
            "name": "ubuntu",
            "id": "000"
        },
        "manager": {
            "name": "ubuntu"
        },
        "rule": {
            "firedtimes": 1,
            "mail": false,
            "level": 3,
            "pci_dss": [
                "10.6.1"
            ],
            "hipaa": [
                "164.312.b"
            ],
            "tsc": [
                "CC7.2",
                "CC7.3"
            ],
            "description": "Wazuh server started.",
            "groups": [
                "ossec"
            ],
            "id": "502",
            "nist_800_53": [
                "AU.6"
            ],
            "gpg13": [
                "10.1"
            ],
            "gdpr": [
                "IV_35.7.d"
            ]
        },
        "decoder": {
            "name": "ossec"
        },
        "full_log": "ossec: Manager started.",
        "input": {
            "type": "log"
        },
        "@timestamp": "2025-11-24T06:11:02.341Z",
        "location": "wazuh-monitord",
        "id": "1763964662.267255",
        "timestamp": "2025-11-24T06:11:02.341+0000"
    },
    {
        "agent": {
            "ip": "192.168.44.137",
            "name": "win",
            "id": "001"
        },
        "manager": {
            "name": "ubuntu"
        },
        "data": {
            "win": {
                "eventdata": {
                    "data": "hr=0x80004005, RuleId=31e71c49-8da7-4a2f-ad92-45d98a1c79ba;Action=AutoActivate;AppId=55c92734-d682-4d71-983e-d6ec3f16059f;SkuId=4de7cb65-cdf1-4de9-8ae8-e3cce27b9f2c;NotificationInterval=1440;Trigger=NetworkAvailable"
                },
                "system": {
                    "eventID": "8198",
                    "eventSourceName": "Software Protection Platform Service",
                    "keywords": "0x80000000000000",
                    "providerGuid": "{E23B33B0-C8C9-472C-A5F9-F2BDFEA0F156}",
                    "level": "2",
                    "channel": "Application",
                    "opcode": "0",
                    "message": "\"License Activation (slui.exe) failed with the following error code:\r\nhr=0x80004005\r\nCommand-line arguments:\r\nRuleId=31e71c49-8da7-4a2f-ad92-45d98a1c79ba;Action=AutoActivate;AppId=55c92734-d682-4d71-983e-d6ec3f16059f;SkuId=4de7cb65-cdf1-4de9-8ae8-e3cce27b9f2c;NotificationInterval=1440;Trigger=NetworkAvailable\"",
                    "version": "0",
                    "systemTime": "2025-11-24T06:10:36.5482102Z",
                    "eventRecordID": "1817",
                    "threadID": "0",
                    "computer": "DESKTOP-SIJOGEC",
                    "task": "0",
                    "processID": "0",
                    "severityValue": "ERROR",
                    "providerName": "Microsoft-Windows-Security-SPP"
                }
            }
        },
        "rule": {
            "firedtimes": 2,
            "mail": false,
            "level": 5,
            "description": "License activation (slui.exe) failed.",
            "groups": [
                "windows",
                "windows_application"
            ],
            "id": "60646"
        },
        "decoder": {
            "name": "windows_eventchannel"
        },
        "input": {
            "type": "log"
        },
        "@timestamp": "2025-11-24T06:11:00.316Z",
        "location": "EventChannel",
        "id": "1763964660.264920",
        "timestamp": "2025-11-24T06:11:00.316+0000"
    },
    {
        "agent": {
            "ip": "192.168.44.137",
            "name": "win",
            "id": "001"
        },
        "manager": {
            "name": "ubuntu"
        },
        "data": {
            "win": {
                "eventdata": {
                    "data": "hr=0x80004005, RuleId=31e71c49-8da7-4a2f-ad92-45d98a1c79ba;Action=AutoActivate;AppId=55c92734-d682-4d71-983e-d6ec3f16059f;SkuId=4de7cb65-cdf1-4de9-8ae8-e3cce27b9f2c;NotificationInterval=1440;Trigger=UserLogon;SessionId=1"
                },
                "system": {
                    "eventID": "8198",
                    "eventSourceName": "Software Protection Platform Service",
                    "keywords": "0x80000000000000",
                    "providerGuid": "{E23B33B0-C8C9-472C-A5F9-F2BDFEA0F156}",
                    "level": "2",
                    "channel": "Application",
                    "opcode": "0",
                    "message": "\"License Activation (slui.exe) failed with the following error code:\r\nhr=0x80004005\r\nCommand-line arguments:\r\nRuleId=31e71c49-8da7-4a2f-ad92-45d98a1c79ba;Action=AutoActivate;AppId=55c92734-d682-4d71-983e-d6ec3f16059f;SkuId=4de7cb65-cdf1-4de9-8ae8-e3cce27b9f2c;NotificationInterval=1440;Trigger=UserLogon;SessionId=1\"",
                    "version": "0",
                    "systemTime": "2025-11-24T06:10:29.5326137Z",
                    "eventRecordID": "1815",
                    "threadID": "0",
                    "computer": "DESKTOP-SIJOGEC",
                    "task": "0",
                    "processID": "0",
                    "severityValue": "ERROR",
                    "providerName": "Microsoft-Windows-Security-SPP"
                }
            }
        },
        "rule": {
            "firedtimes": 1,
            "mail": false,
            "level": 5,
            "description": "License activation (slui.exe) failed.",
            "groups": [
                "windows",
                "windows_application"
            ],
            "id": "60646"
        },
        "decoder": {
            "name": "windows_eventchannel"
        },
        "input": {
            "type": "log"
        },
        "@timestamp": "2025-11-24T06:11:00.225Z",
        "location": "EventChannel",
        "id": "1763964660.262565",
        "timestamp": "2025-11-24T06:11:00.225+0000"
    },
    {
        "agent": {
            "ip": "192.168.44.137",
            "name": "win",
            "id": "001"
        },
        "manager": {
            "name": "ubuntu"
        },
        "data": {
            "win": {
                "eventdata": {
                    "binary": "2D20436F64653A2020434F525356434330303030303737342D2043616C6C3A2020434F525356434330303030303735362D205049443A202030303030343337322D205449443A202030303030343338342D20434D443A2020433A5C57696E646F77735C73797374656D33325C76737376632E6578652020202D20557365723A204E616D653A204E5420415554484F524954595C53595354454D2C205349443A532D312D352D313820"
                },
                "system": {
                    "eventID": "8224",
                    "keywords": "0x80000000000000",
                    "level": "4",
                    "channel": "Application",
                    "opcode": "0",
                    "message": "\"The VSS service is shutting down due to idle timeout. \"",
                    "version": "0",
                    "systemTime": "2025-11-24T06:10:21.1260121Z",
                    "eventRecordID": "1808",
                    "threadID": "0",
                    "computer": "DESKTOP-SIJOGEC",
                    "task": "0",
                    "processID": "0",
                    "severityValue": "INFORMATION",
                    "providerName": "VSS"
                }
            }
        },
        "rule": {
            "firedtimes": 1,
            "mail": false,
            "level": 5,
            "description": "The VSS service is shutting down due to idle timeout.",
            "groups": [
                "windows",
                "windows_application"
            ],
            "id": "60702"
        },
        "decoder": {
            "name": "windows_eventchannel"
        },
        "input": {
            "type": "log"
        },
        "@timestamp": "2025-11-24T06:10:59.660Z",
        "location": "EventChannel",
        "id": "1763964659.260768",
        "timestamp": "2025-11-24T06:10:59.660+0000"
    },
    {
        "agent": {
            "ip": "192.168.44.137",
            "name": "win",
            "id": "001"
        },
        "manager": {
            "name": "ubuntu"
        },
        "data": {
            "win": {
                "eventdata": {
                    "data": "SessionEnv",
                    "binary": "D9060000"
                },
                "system": {
                    "eventID": "6000",
                    "eventSourceName": "Wlclntfy",
                    "keywords": "0x80000000000000",
                    "providerGuid": "{DBE9B383-7CF3-4331-91CC-A3CB16A3B538}",
                    "level": "4",
                    "channel": "Application",
                    "opcode": "0",
                    "message": "\"The winlogon notification subscriber <SessionEnv> was unavailable to handle a notification event.\"",
                    "version": "0",
                    "systemTime": "2025-11-24T06:10:21.0012476Z",
                    "eventRecordID": "1807",
                    "threadID": "0",
                    "computer": "DESKTOP-SIJOGEC",
                    "task": "0",
                    "processID": "0",
                    "severityValue": "INFORMATION",
                    "providerName": "Microsoft-Windows-Winlogon"
                }
            }
        },
        "rule": {
            "firedtimes": 1,
            "mail": false,
            "level": 5,
            "description": "SessionEnv was unavailable to handle a notification event.",
            "groups": [
                "windows",
                "windows_application"
            ],
            "id": "60775"
        },
        "decoder": {
            "name": "windows_eventchannel"
        },
        "input": {
            "type": "log"
        },
        "@timestamp": "2025-11-24T06:10:59.613Z",
        "location": "EventChannel",
        "id": "1763964659.259253",
        "timestamp": "2025-11-24T06:10:59.613+0000"
    },
    {
        "agent": {
            "ip": "192.168.44.137",
            "name": "win",
            "id": "001"
        },
        "manager": {
            "name": "ubuntu"
        },
        "data": {
            "win": {
                "eventdata": {
                    "extraInfo": " "
                },
                "system": {
                    "eventID": "1003",
                    "eventSourceName": "Windows Search Service",
                    "keywords": "0x80000000000000",
                    "providerGuid": "{CA4E628D-8567-4896-AB6B-835B221F373F}",
                    "level": "4",
                    "channel": "Application",
                    "opcode": "0",
                    "message": "\"The Windows Search Service started.\n\"",
                    "version": "0",
                    "systemTime": "2025-11-24T06:10:19.2236133Z",
                    "eventRecordID": "1806",
                    "threadID": "0",
                    "computer": "DESKTOP-SIJOGEC",
                    "task": "1",
                    "processID": "0",
                    "severityValue": "INFORMATION",
                    "providerName": "Microsoft-Windows-Search"
                }
            }
        },
        "rule": {
            "firedtimes": 1,
            "mail": false,
            "level": 3,
            "description": "The Windows search service started.",
            "groups": [
                "windows",
                "windows_application"
            ],
            "id": "60668"
        },
        "decoder": {
            "name": "windows_eventchannel"
        },
        "input": {
            "type": "log"
        },
        "@timestamp": "2025-11-24T06:10:59.581Z",
        "location": "EventChannel",
        "id": "1763964659.257917",
        "timestamp": "2025-11-24T06:10:59.581+0000"
    },
    {
        "agent": {
            "ip": "192.168.44.137",
            "name": "win",
            "id": "001"
        },
        "manager": {
            "name": "ubuntu"
        },
        "data": {
            "win": {
                "eventdata": {
                    "data": "SearchIndexer, 2984,D,50, Windows:, 1, C:\\\\ProgramData\\\\Microsoft\\\\Search\\\\Data\\\\Applications\\\\Windows\\\\Windows.edb, 0,  [1] 0.000004 +J(0) +M(C:0K, Fs:1, WS:4K # 0K, PF:0K # 0K, P:0K) [2] 0.001851 -0.001615 (1) WT +J(0) +M(C:0K, Fs:27, WS:40K # 0K, PF:36K # 0K, P:36K) [3] 0.027859 -0.024453 (6) WT +J(CM:0, PgRf:0, Rd:0/0, Dy:0/0, Lg:3480/2) +M(C:0K, Fs:39, WS:124K # 0K, PF:140K # 0K, P:140K) [4] 0.000120 +J(0) +M(C:0K, Fs:1, WS:4K # 0K, PF:0K # 0K, P:0K) [5] - [6] - [7] - [8] 0.002991 -0.001869 (2) CM +J(CM:2, PgRf:2, Rd:14/2, Dy:0/0, Lg:54/1) +M(C:0K, Fs:49, WS:192K # 0K, PF:684K # 0K, P:684K) [9] 0.029493 -0.000615 (5) CM -0.028430 (1) WT +J(CM:5, PgRf:23, Rd:0/5, Dy:0/0, Lg:0/0) +M(C:0K, Fs:71, WS:284K # 0K, PF:256K # 152K, P:256K) [10] 0.000711 -0.000600 (1) CM +J(CM:1, PgRf:40, Rd:0/1, Dy:0/0, Lg:0/0) +M(C:0K, Fs:9, WS:36K # 28K, PF:96K # 96K, P:96K) [11] 0.000012 +J(CM:0, PgRf:1, Rd:0/0, Dy:0/0, Lg:0/0) +M(C:0K, Fs:2, WS:8K # 8K, PF:0K # 0K, P:0K) [12] 0.000027 +J(CM:0, PgRf:42, Rd:0/0, Dy:0/0, Lg:0/0) +M(C:0K, Fs:3, WS:12K # 12K, PF:0K # 0K, P:0K) [13] 0.0 +J(0) [14] 0.0 +J(0) [15] 0.000003 +J(CM:0, PgRf:1, Rd:0/0, Dy:0/0, Lg:0/0)., 0 0, lgposAttach = 0000000A:00BC:0268, dbv = 1568.110.240"
                },
                "system": {
                    "eventID": "326",
                    "keywords": "0x80000000000000",
                    "level": "4",
                    "channel": "Application",
                    "opcode": "0",
                    "message": "\"SearchIndexer (2984,D,50) Windows: The database engine attached a database (1, C:\\ProgramData\\Microsoft\\Search\\Data\\Applications\\Windows\\Windows.edb). (Time=0 seconds) \r\n \r\nSaved Cache: 0 0 \r\nAdditional Data: lgposAttach = 0000000A:00BC:0268,\ndbv = 1568.110.240 \r\n \r\nInternal Timing Sequence: \n[1] 0.000004 +J(0) +M(C:0K, Fs:1, WS:4K # 0K, PF:0K # 0K, P:0K)\n[2] 0.001851 -0.001615 (1) WT +J(0) +M(C:0K, Fs:27, WS:40K # 0K, PF:36K # 0K, P:36K)\n[3] 0.027859 -0.024453 (6) WT +J(CM:0, PgRf:0, Rd:0/0, Dy:0/0, Lg:3480/2) +M(C:0K, Fs:39, WS:124K # 0K, PF:140K # 0K, P:140K)\n[4] 0.000120 +J(0) +M(C:0K, Fs:1, WS:4K # 0K, PF:0K # 0K, P:0K)\n[5] -\n[6] -\n[7] -\n[8] 0.002991 -0.001869 (2) CM +J(CM:2, PgRf:2, Rd:14/2, Dy:0/0, Lg:54/1) +M(C:0K, Fs:49, WS:192K # 0K, PF:684K # 0K, P:684K)\n[9] 0.029493 -0.000615 (5) CM -0.028430 (1) WT +J(CM:5, PgRf:23, Rd:0/5, Dy:0/0, Lg:0/0) +M(C:0K, Fs:71, WS:284K # 0K, PF:256K # 152K, P:256K)\n[10] 0.000711 -0.000600 (1) CM +J(CM:1, PgRf:40, Rd:0/1, Dy:0/0, Lg:0/0) +M(C:0K, Fs:9, WS:36K # 28K, PF:96K # 96K, P:96K)\n[11] 0.000012 +J(CM:0, PgRf:1, Rd:0/0, Dy:0/0, Lg:0/0) +M(C:0K, Fs:2, WS:8K # 8K, PF:0K # 0K, P:0K)\n[12] 0.000027 +J(CM:0, PgRf:42, Rd:0/0, Dy:0/0, Lg:0/0) +M(C:0K, Fs:3, WS:12K # 12K, PF:0K # 0K, P:0K)\n[13] 0.0 +J(0)\n[14] 0.0 +J(0)\n[15] 0.000003 +J(CM:0, PgRf:1, Rd:0/0, Dy:0/0, Lg:0/0).\"",
                    "version": "0",
                    "systemTime": "2025-11-24T06:10:18.6885669Z",
                    "eventRecordID": "1805",
                    "threadID": "0",
                    "computer": "DESKTOP-SIJOGEC",
                    "task": "1",
                    "processID": "0",
                    "severityValue": "INFORMATION",
                    "providerName": "ESENT"
                }
            }
        },
        "rule": {
            "firedtimes": 1,
            "mail": false,
            "level": 3,
            "description": "The database engine attached a database.",
            "groups": [
                "windows",
                "windows_application"
            ],
            "id": "60798"
        },
        "decoder": {
            "name": "windows_eventchannel"
        },
        "input": {
            "type": "log"
        },
        "@timestamp": "2025-11-24T06:10:59.538Z",
        "location": "EventChannel",
        "id": "1763964659.251776",
        "timestamp": "2025-11-24T06:10:59.538+0000"
    },
    {
        "agent": {
            "ip": "192.168.44.137",
            "name": "win",
            "id": "001"
        },
        "manager": {
            "name": "ubuntu"
        },
        "data": {
            "win": {
                "eventdata": {
                    "originalFileName": "Cmd.Exe",
                    "image": "C:\\\\Windows\\\\System32\\\\cmd.exe",
                    "product": "Microsoft速 Windows速 Operating System",
                    "parentProcessGuid": "{3e3e0db9-f6c5-6923-4100-000000000b00}",
                    "description": "Windows Command Processor",
                    "logonGuid": "{3e3e0db9-f6c0-6923-e703-000000000000}",
                    "parentCommandLine": "\\\"C:\\\\Program Files\\\\VMware\\\\VMware Tools\\\\vmtoolsd.exe\\\"",
                    "processGuid": "{3e3e0db9-f6c6-6923-4a00-000000000b00}",
                    "logonId": "0x3e7",
                    "parentProcessId": "2672",
                    "processId": "3268",
                    "currentDirectory": "C:\\\\Windows\\\\system32\\\\",
                    "utcTime": "2025-11-24 06:10:14.498",
                    "hashes": "MD5=2B40C98ED0F7A1D3B091A3E8353132DC,SHA256=BADF4752413CB0CBDC03FB95820CA167F0CDC63B597CCDB5EF43111180E088B0",
                    "parentImage": "C:\\\\Program Files\\\\VMware\\\\VMware Tools\\\\vmtoolsd.exe",
                    "company": "Microsoft Corporation",
                    "commandLine": "C:\\\\Windows\\\\system32\\\\cmd.exe /c \\\"\\\"C:\\\\Program Files\\\\VMware\\\\VMware Tools\\\\poweron-vm-default.bat\\\"\\\"",
                    "integrityLevel": "System",
                    "fileVersion": "10.0.19041.4355 (WinBuild.160101.0800)",
                    "user": "NT AUTHORITY\\\\SYSTEM",
                    "terminalSessionId": "0",
                    "parentUser": "NT AUTHORITY\\\\SYSTEM"
                },
                "system": {
                    "eventID": "1",
                    "keywords": "0x8000000000000000",
                    "providerGuid": "{5770385f-c22a-43e0-bf4c-06f5698ffbd9}",
                    "level": "4",
                    "channel": "Microsoft-Windows-Sysmon/Operational",
                    "opcode": "0",
                    "message": "\"Process Create:\r\nRuleName: -\r\nUtcTime: 2025-11-24 06:10:14.498\r\nProcessGuid: {3e3e0db9-f6c6-6923-4a00-000000000b00}\r\nProcessId: 3268\r\nImage: C:\\Windows\\System32\\cmd.exe\r\nFileVersion: 10.0.19041.4355 (WinBuild.160101.0800)\r\nDescription: Windows Command Processor\r\nProduct: Microsoft速 Windows速 Operating System\r\nCompany: Microsoft Corporation\r\nOriginalFileName: Cmd.Exe\r\nCommandLine: C:\\Windows\\system32\\cmd.exe /c \"\"C:\\Program Files\\VMware\\VMware Tools\\poweron-vm-default.bat\"\"\r\nCurrentDirectory: C:\\Windows\\system32\\\r\nUser: NT AUTHORITY\\SYSTEM\r\nLogonGuid: {3e3e0db9-f6c0-6923-e703-000000000000}\r\nLogonId: 0x3E7\r\nTerminalSessionId: 0\r\nIntegrityLevel: System\r\nHashes: MD5=2B40C98ED0F7A1D3B091A3E8353132DC,SHA256=BADF4752413CB0CBDC03FB95820CA167F0CDC63B597CCDB5EF43111180E088B0\r\nParentProcessGuid: {3e3e0db9-f6c5-6923-4100-000000000b00}\r\nParentProcessId: 2672\r\nParentImage: C:\\Program Files\\VMware\\VMware Tools\\vmtoolsd.exe\r\nParentCommandLine: \"C:\\Program Files\\VMware\\VMware Tools\\vmtoolsd.exe\"\r\nParentUser: NT AUTHORITY\\SYSTEM\"",
                    "version": "5",
                    "systemTime": "2025-11-24T06:10:17.0176976Z",
                    "eventRecordID": "3472",
                    "threadID": "3744",
                    "computer": "DESKTOP-SIJOGEC",
                    "task": "1",
                    "processID": "2792",
                    "severityValue": "INFORMATION",
                    "providerName": "Microsoft-Windows-Sysmon"
                }
            }
        },
        "rule": {
            "firedtimes": 1,
            "mail": false,
            "level": 4,
            "description": "Windows command prompt started by an abnormal process",
            "groups": [
                "sysmon",
                "sysmon_eid1_detections",
                "windows"
            ],
            "mitre": {
                "technique": [
                    "Windows Command Shell"
                ],
                "id": [
                    "T1059.003"
                ],
                "tactic": [
                    "Execution"
                ]
            },
            "id": "92052"
        },
        "decoder": {
            "name": "windows_eventchannel"
        },
        "input": {
            "type": "log"
        },
        "@timestamp": "2025-11-24T06:10:59.529Z",
        "location": "EventChannel",
        "id": "1763964659.245989",
        "timestamp": "2025-11-24T06:10:59.529+0000"
    },
    {
        "agent": {
            "ip": "192.168.44.137",
            "name": "win",
            "id": "001"
        },
        "manager": {
            "name": "ubuntu"
        },
        "data": {
            "win": {
                "eventdata": {
                    "data": "SearchIndexer, 2984,P,98, Windows:, 0, 10, 00, 19045, 0000"
                },
                "system": {
                    "eventID": "102",
                    "keywords": "0x80000000000000",
                    "level": "4",
                    "channel": "Application",
                    "opcode": "0",
                    "message": "\"SearchIndexer (2984,P,98) Windows: The database engine (10.00.19045.0000) is starting a new instance (0).\"",
                    "version": "0",
                    "systemTime": "2025-11-24T06:10:18.5792297Z",
                    "eventRecordID": "1803",
                    "threadID": "0",
                    "computer": "DESKTOP-SIJOGEC",
                    "task": "1",
                    "processID": "0",
                    "severityValue": "INFORMATION",
                    "providerName": "ESENT"
                }
            }
        },
        "rule": {
            "firedtimes": 1,
            "mail": false,
            "level": 3,
            "description": "The database engine is starting a new instance.",
            "groups": [
                "windows",
                "windows_application"
            ],
            "id": "60805"
        },
        "decoder": {
            "name": "windows_eventchannel"
        },
        "input": {
            "type": "log"
        },
        "@timestamp": "2025-11-24T06:10:59.481Z",
        "location": "EventChannel",
        "id": "1763964659.244654",
        "timestamp": "2025-11-24T06:10:59.481+0000"
    },
    {
        "agent": {
            "ip": "192.168.44.137",
            "name": "win",
            "id": "001"
        },
        "manager": {
            "name": "ubuntu"
        },
        "data": {
            "win": {
                "eventdata": {
                    "param3": "auto start",
                    "param4": "BITS",
                    "param1": "Background Intelligent Transfer Service",
                    "param2": "demand start"
                },
                "system": {
                    "eventID": "7040",
                    "eventSourceName": "Service Control Manager",
                    "keywords": "0x8080000000000000",
                    "providerGuid": "{555908d1-a6d7-4695-8e1e-26931d2012f4}",
                    "level": "4",
                    "channel": "System",
                    "opcode": "0",
                    "message": "\"The start type of the Background Intelligent Transfer Service service was changed from demand start to auto start.\"",
                    "version": "0",
                    "systemTime": "2025-11-24T06:10:38.6261402Z",
                    "eventRecordID": "1719",
                    "threadID": "4564",
                    "computer": "DESKTOP-SIJOGEC",
                    "task": "0",
                    "processID": "628",
                    "severityValue": "INFORMATION",
                    "providerName": "Service Control Manager"
                }
            }
        },
        "rule": {
            "firedtimes": 1,
            "mail": false,
            "level": 3,
            "pci_dss": [
                "10.6"
            ],
            "hipaa": [
                "164.312.b"
            ],
            "tsc": [
                "CC6.1",
                "CC6.8",
                "CC7.2",
                "CC7.3"
            ],
            "description": "Service startup type was changed",
            "groups": [
                "windows",
                "windows_system",
                "policy_changed"
            ],
            "id": "61104",
            "nist_800_53": [
                "AU.6"
            ],
            "info": "This does not appear to be logged on Windows 2000",
            "gdpr": [
                "IV_35.7.d"
            ]
        },
        "decoder": {
            "name": "windows_eventchannel"
        },
        "input": {
            "type": "log"
        },
        "@timestamp": "2025-11-24T06:10:56.481Z",
        "location": "EventChannel",
        "id": "1763964656.242824",
        "timestamp": "2025-11-24T06:10:56.481+0000"
    },
    {
        "agent": {
            "ip": "192.168.44.137",
            "name": "win",
            "id": "001"
        },
        "manager": {
            "name": "ubuntu"
        },
        "data": {
            "extra_data": "win->192.168.44.137"
        },
        "rule": {
            "firedtimes": 1,
            "mail": false,
            "level": 3,
            "pci_dss": [
                "10.6.1",
                "10.2.6"
            ],
            "hipaa": [
                "164.312.b"
            ],
            "tsc": [
                "CC7.2",
                "CC7.3",
                "CC6.8"
            ],
            "description": "Wazuh agent started.",
            "groups": [
                "ossec"
            ],
            "id": "503",
            "nist_800_53": [
                "AU.6",
                "AU.14",
                "AU.5"
            ],
            "gpg13": [
                "10.1"
            ],
            "gdpr": [
                "IV_35.7.d"
            ]
        },
        "decoder": {
            "parent": "ossec",
            "name": "ossec"
        },
        "full_log": "ossec: Agent started: 'win->192.168.44.137'.",
        "input": {
            "type": "log"
        },
        "@timestamp": "2025-11-24T06:10:56.222Z",
        "location": "wazuh-agent",
        "id": "1763964656.242486",
        "timestamp": "2025-11-24T06:10:56.222+0000"
    },
    {
        "agent": {
            "name": "ubuntu",
            "id": "000"
        },
        "previous_output": "Previous output:\nossec: output: 'netstat listening ports':\ntcp 0.0.0.0:22 0.0.0.0:* /usr\ntcp6 :::22 :::* /usr\ntcp 127.0.0.53:53 0.0.0.0:* 932/systemd-resolve\nudp 127.0.0.53:53 0.0.0.0:* 932/systemd-resolve\nudp 192.168.44.138:68 0.0.0.0:* 930/systemd-network\ntcp 0.0.0.0:443 0.0.0.0:* 968/node\ntcp 0.0.0.0:1514 0.0.0.0:* 17616/wazuh-remoted\ntcp 0.0.0.0:1515 0.0.0.0:* 17470/wazuh-authd\ntcp6 :::9200 :::* 969/java\ntcp6 :::9300 :::* 969/java\ntcp 0.0.0.0:55000 0.0.0.0:* 17417/python3\ntcp6 :::55000 :::* 17417/python3",
        "manager": {
            "name": "ubuntu"
        },
        "rule": {
            "firedtimes": 1,
            "mail": false,
            "level": 7,
            "pci_dss": [
                "10.2.7",
                "10.6.1"
            ],
            "hipaa": [
                "164.312.b"
            ],
            "tsc": [
                "CC6.8",
                "CC7.2",
                "CC7.3"
            ],
            "description": "Listened ports status (netstat) changed (new port opened or closed).",
            "groups": [
                "ossec"
            ],
            "id": "533",
            "nist_800_53": [
                "AU.14",
                "AU.6"
            ],
            "gpg13": [
                "10.1"
            ],
            "gdpr": [
                "IV_35.7.d"
            ]
        },
        "decoder": {
            "name": "ossec"
        },
        "full_log": "ossec: output: 'netstat listening ports':\ntcp 0.0.0.0:22 0.0.0.0:* /usr\ntcp6 :::22 :::* /usr\ntcp 127.0.0.53:53 0.0.0.0:* 930/systemd-resolve\nudp 127.0.0.53:53 0.0.0.0:* 930/systemd-resolve\nudp 192.168.44.138:68 0.0.0.0:* 928/systemd-network\ntcp 0.0.0.0:443 0.0.0.0:* 964/node\ntcp 0.0.0.0:1514 0.0.0.0:* 1694/wazuh-remoted\ntcp 0.0.0.0:1515 0.0.0.0:* 1536/wazuh-authd\ntcp 0.0.0.0:55000 0.0.0.0:* 1471/python3\ntcp6 :::55000 :::* 1471/python3",
        "previous_log": "ossec: output: 'netstat listening ports':\ntcp 0.0.0.0:22 0.0.0.0:* /usr\ntcp6 :::22 :::* /usr\ntcp 127.0.0.53:53 0.0.0.0:* 932/systemd-resolve\nudp 127.0.0.53:53 0.0.0.0:* 932/systemd-resolve\nudp 192.168.44.138:68 0.0.0.0:* 930/systemd-network\ntcp 0.0.0.0:443 0.0.0.0:* 968/node\ntcp 0.0.0.0:1514 0.0.0.0:* 17616/wazuh-remoted\ntcp 0.0.0.0:1515 0.0.0.0:* 17470/wazuh-authd\ntcp6 :::9200 :::* 969/java\ntcp6 :::9300 :::* 969/java\ntcp 0.0.0.0:55000 0.0.0.0:* 17417/python3\ntcp6 :::55000 :::* 17417/python3",
        "input": {
            "type": "log"
        },
        "@timestamp": "2025-11-24T06:10:53.292Z",
        "location": "netstat listening ports",
        "id": "1763964653.241211",
        "timestamp": "2025-11-24T06:10:53.292+0000"
    },
    {
        "agent": {
            "ip": "192.168.44.137",
            "name": "win",
            "id": "001"
        },
        "manager": {
            "name": "ubuntu"
        },
        "data": {
            "win": {
                "eventdata": {
                    "targetLogonId": "0x19ce6",
                    "targetUserName": "windows",
                    "targetDomainName": "DESKTOP-SIJOGEC",
                    "targetUserSid": "S-1-5-21-2643128391-4121916274-1247374836-1001"
                },
                "system": {
                    "eventID": "4647",
                    "keywords": "0x8020000000000000",
                    "providerGuid": "{54849625-5478-4994-a5ba-3e3b0328c30d}",
                    "level": "0",
                    "channel": "Security",
                    "opcode": "0",
                    "message": "\"User initiated logoff:\r\n\r\nSubject:\r\n\tSecurity ID:\t\tS-1-5-21-2643128391-4121916274-1247374836-1001\r\n\tAccount Name:\t\twindows\r\n\tAccount Domain:\t\tDESKTOP-SIJOGEC\r\n\tLogon ID:\t\t0x19CE6\r\n\r\nThis event is generated when a logoff is initiated. No further user-initiated activity can occur. This event can be interpreted as a logoff event.\"",
                    "version": "0",
                    "systemTime": "2025-11-24T01:38:21.2238192Z",
                    "eventRecordID": "21944",
                    "threadID": "3716",
                    "computer": "DESKTOP-SIJOGEC",
                    "task": "12545",
                    "processID": "664",
                    "severityValue": "AUDIT_SUCCESS",
                    "providerName": "Microsoft-Windows-Security-Auditing"
                }
            }
        },
        "rule": {
            "firedtimes": 1,
            "mail": false,
            "level": 3,
            "pci_dss": [
                "10.2.5"
            ],
            "hipaa": [
                "164.312.b"
            ],
            "tsc": [
                "CC6.8",
                "CC7.2",
                "CC7.3"
            ],
            "description": "Windows User Logoff",
            "groups": [
                "windows",
                "windows_security"
            ],
            "id": "60137",
            "nist_800_53": [
                "AU.14",
                "AC.7"
            ],
            "gdpr": [
                "IV_32.2"
            ]
        },
        "decoder": {
            "name": "windows_eventchannel"
        },
        "input": {
            "type": "log"
        },
        "@timestamp": "2025-11-24T01:38:22.619Z",
        "location": "EventChannel",
        "id": "1763948302.238913",
        "timestamp": "2025-11-24T01:38:22.619+0000"
    },
    {
        "agent": {
            "ip": "192.168.44.137",
            "name": "win",
            "id": "001"
        },
        "manager": {
            "name": "ubuntu"
        },
        "data": {
            "win": {
                "eventdata": {
                    "data": "SessionEnv",
                    "binary": "D9060000"
                },
                "system": {
                    "eventID": "6000",
                    "eventSourceName": "Wlclntfy",
                    "keywords": "0x80000000000000",
                    "providerGuid": "{DBE9B383-7CF3-4331-91CC-A3CB16A3B538}",
                    "level": "4",
                    "channel": "Application",
                    "opcode": "0",
                    "message": "\"The winlogon notification subscriber <SessionEnv> was unavailable to handle a notification event.\"",
                    "version": "0",
                    "systemTime": "2025-11-24T01:38:21.5615096Z",
                    "eventRecordID": "1787",
                    "threadID": "0",
                    "computer": "DESKTOP-SIJOGEC",
                    "task": "0",
                    "processID": "0",
                    "severityValue": "INFORMATION",
                    "providerName": "Microsoft-Windows-Winlogon"
                }
            }
        },
        "rule": {
            "firedtimes": 2,
            "mail": false,
            "level": 5,
            "description": "SessionEnv was unavailable to handle a notification event.",
            "groups": [
                "windows",
                "windows_application"
            ],
            "id": "60775"
        },
        "decoder": {
            "name": "windows_eventchannel"
        },
        "input": {
            "type": "log"
        },
        "@timestamp": "2025-11-24T01:38:21.755Z",
        "location": "EventChannel",
        "id": "1763948301.237398",
        "timestamp": "2025-11-24T01:38:21.755+0000"
    },
    {
        "agent": {
            "ip": "192.168.44.137",
            "name": "win",
            "id": "001"
        },
        "manager": {
            "name": "ubuntu"
        },
        "data": {
            "win": {
                "eventdata": {
                    "data": "WSearch",
                    "binary": "D9060000"
                },
                "system": {
                    "eventID": "6000",
                    "eventSourceName": "Wlclntfy",
                    "keywords": "0x80000000000000",
                    "providerGuid": "{DBE9B383-7CF3-4331-91CC-A3CB16A3B538}",
                    "level": "4",
                    "channel": "Application",
                    "opcode": "0",
                    "message": "\"The winlogon notification subscriber <WSearch> was unavailable to handle a notification event.\"",
                    "version": "0",
                    "systemTime": "2025-11-24T01:38:21.4369122Z",
                    "eventRecordID": "1786",
                    "threadID": "0",
                    "computer": "DESKTOP-SIJOGEC",
                    "task": "0",
                    "processID": "0",
                    "severityValue": "INFORMATION",
                    "providerName": "Microsoft-Windows-Winlogon"
                }
            }
        },
        "rule": {
            "firedtimes": 1,
            "mail": false,
            "level": 5,
            "description": "WSearch was unavailable to handle a notification event.",
            "groups": [
                "windows",
                "windows_application"
            ],
            "id": "60775"
        },
        "decoder": {
            "name": "windows_eventchannel"
        },
        "input": {
            "type": "log"
        },
        "@timestamp": "2025-11-24T01:38:21.641Z",
        "location": "EventChannel",
        "id": "1763948301.235898",
        "timestamp": "2025-11-24T01:38:21.641+0000"
    },
    {
        "agent": {
            "ip": "192.168.44.137",
            "name": "win",
            "id": "001"
        },
        "manager": {
            "name": "ubuntu"
        },
        "data": {
            "win": {
                "eventdata": {
                    "param7": "DESKTOP-SIJOGEC\\\\windows",
                    "param5": "power off",
                    "param3": "Other (Unplanned)",
                    "param4": "0x0",
                    "param1": "C:\\\\Windows\\\\System32\\\\RuntimeBroker.exe (DESKTOP-SIJOGEC)",
                    "param2": "DESKTOP-SIJOGEC"
                },
                "system": {
                    "eventID": "1074",
                    "eventSourceName": "User32",
                    "keywords": "0x8080000000000000",
                    "providerGuid": "{b0aa8734-56f7-41cc-b2f4-de228e98b946}",
                    "level": "4",
                    "channel": "System",
                    "opcode": "0",
                    "message": "\"The process C:\\Windows\\System32\\RuntimeBroker.exe (DESKTOP-SIJOGEC) has initiated the power off of computer DESKTOP-SIJOGEC on behalf of user DESKTOP-SIJOGEC\\windows for the following reason: Other (Unplanned)\r\n Reason Code: 0x0\r\n Shutdown Type: power off\r\n Comment: \"",
                    "version": "0",
                    "systemTime": "2025-11-24T01:38:13.7022218Z",
                    "eventRecordID": "1662",
                    "threadID": "436",
                    "computer": "DESKTOP-SIJOGEC",
                    "task": "0",
                    "processID": "420",
                    "severityValue": "INFORMATION",
                    "providerName": "User32"
                }
            }
        },
        "rule": {
            "firedtimes": 1,
            "mail": false,
            "level": 3,
            "description": "System shutdown initiated.",
            "groups": [
                "windows",
                " WEF"
            ],
            "mitre": {
                "technique": [
                    "System Shutdown/Reboot"
                ],
                "id": [
                    "T1529"
                ],
                "tactic": [
                    "Impact"
                ]
            },
            "id": "67018"
        },
        "decoder": {
            "name": "windows_eventchannel"
        },
        "input": {
            "type": "log"
        },
        "@timestamp": "2025-11-24T01:38:14.910Z",
        "location": "EventChannel",
        "id": "1763948294.233755",
        "timestamp": "2025-11-24T01:38:14.910+0000"
    },
