    {
        "agent": {
            "ip": "192.168.44.137",
            "name": "win",
            "id": "001"
        },
        "manager": {
            "name": "ubuntu"
        },
        "data": {
            "win": {
                "eventdata": {
                    "subjectLogonId": "0x19c88",
                    "scriptPath": "%%1793",
                    "passwordLastSet": "%%1794",
                    "homeDirectory": "%%1793",
                    "userParameters": "%%1793",
                    "subjectDomainName": "DESKTOP-SIJOGEC",
                    "displayName": "%%1793",
                    "accountExpires": "%%1794",
                    "homePath": "%%1793",
                    "samAccountName": "final_attacker_test",
                    "targetUserName": "final_attacker_test",
                    "subjectUserSid": "S-1-5-21-2643128391-4121916274-1247374836-1001",
                    "primaryGroupId": "513",
                    "logonHours": "%%1797",
                    "targetDomainName": "DESKTOP-SIJOGEC",
                    "profilePath": "%%1793",
                    "userWorkstations": "%%1793",
                    "oldUacValue": "0x0",
                    "newUacValue": "0x15",
                    "targetSid": "S-1-5-21-2643128391-4121916274-1247374836-1006",
                    "userAccountControl": "    %%2080    %%2082    %%2084",
                    "subjectUserName": "windows"
                },
                "system": {
                    "eventID": "4720",
                    "keywords": "0x8020000000000000",
                    "providerGuid": "{54849625-5478-4994-a5ba-3e3b0328c30d}",
                    "level": "0",
                    "channel": "Security",
                    "opcode": "0",
                    "message": "\"A user account was created.\r\n\r\nSubject:\r\n\tSecurity ID:\t\tS-1-5-21-2643128391-4121916274-1247374836-1001\r\n\tAccount Name:\t\twindows\r\n\tAccount Domain:\t\tDESKTOP-SIJOGEC\r\n\tLogon ID:\t\t0x19C88\r\n\r\nNew Account:\r\n\tSecurity ID:\t\tS-1-5-21-2643128391-4121916274-1247374836-1006\r\n\tAccount Name:\t\tfinal_attacker_test\r\n\tAccount Domain:\t\tDESKTOP-SIJOGEC\r\n\r\nAttributes:\r\n\tSAM Account Name:\tfinal_attacker_test\r\n\tDisplay Name:\t\t<value not set>\r\n\tUser Principal Name:\t-\r\n\tHome Directory:\t\t<value not set>\r\n\tHome Drive:\t\t<value not set>\r\n\tScript Path:\t\t<value not set>\r\n\tProfile Path:\t\t<value not set>\r\n\tUser Workstations:\t<value not set>\r\n\tPassword Last Set:\t<never>\r\n\tAccount Expires:\t\t<never>\r\n\tPrimary Group ID:\t513\r\n\tAllowed To Delegate To:\t-\r\n\tOld UAC Value:\t\t0x0\r\n\tNew UAC Value:\t\t0x15\r\n\tUser Account Control:\t\r\n\t\tAccount Disabled\r\n\t\t'Password Not Required' - Enabled\r\n\t\t'Normal Account' - Enabled\r\n\tUser Parameters:\t<value not set>\r\n\tSID History:\t\t-\r\n\tLogon Hours:\t\tAll\r\n\r\nAdditional Information:\r\n\tPrivileges\t\t-\"",
                    "version": "0",
                    "systemTime": "2025-11-24T01:22:29.4124691Z",
                    "eventRecordID": "21484",
                    "threadID": "268",
                    "computer": "DESKTOP-SIJOGEC",
                    "task": "13824",
                    "processID": "664",
                    "severityValue": "AUDIT_SUCCESS",
                    "providerName": "Microsoft-Windows-Security-Auditing"
                }
            }
        },
        "rule": {
            "mail": false,
            "level": 8,
            "pci_dss": [
                "8.1.2",
                "10.2.5"
            ],
            "hipaa": [
                "164.312.a.2.I",
                "164.312.a.2.II",
                "164.312.b"
            ],
            "tsc": [
                "CC6.8",
                "CC7.2",
                "CC7.3"
            ],
            "description": "User account enabled or created",
            "groups": [
                "windows",
                "windows_security",
                "adduser",
                "account_changed"
            ],
            "nist_800_53": [
                "AC.2",
                "IA.4",
                "AU.14",
                "AC.7"
            ],
            "gdpr": [
                "IV_35.7.d",
                "IV_32.2"
            ],
            "firedtimes": 1,
            "mitre": {
                "technique": [
                    "Account Manipulation"
                ],
                "id": [
                    "T1098"
                ],
                "tactic": [
                    "Persistence"
                ]
            },
            "id": "60109",
            "gpg13": [
                "7.10"
            ]
        },
        "decoder": {
            "name": "windows_eventchannel"
        },
        "input": {
            "type": "log"
        },
        "@timestamp": "2025-11-24T01:22:30.633Z",
        "location": "EventChannel",
        "id": "1763947350.192379",
        "timestamp": "2025-11-24T01:22:30.633+0000"
    },
    {
        "agent": {
            "ip": "192.168.44.137",
            "name": "win",
            "id": "001"
        },
        "manager": {
            "name": "ubuntu"
        },
        "data": {
            "win": {
                "eventdata": {
                    "subjectLogonId": "0x19c88",
                    "targetUserName": "None",
                    "memberSid": "S-1-5-21-2643128391-4121916274-1247374836-1006",
                    "subjectUserSid": "S-1-5-21-2643128391-4121916274-1247374836-1001",
                    "subjectDomainName": "DESKTOP-SIJOGEC",
                    "targetDomainName": "DESKTOP-SIJOGEC",
                    "targetSid": "S-1-5-21-2643128391-4121916274-1247374836-513",
                    "subjectUserName": "windows"
                },
                "system": {
                    "eventID": "4728",
                    "keywords": "0x8020000000000000",
                    "providerGuid": "{54849625-5478-4994-a5ba-3e3b0328c30d}",
                    "level": "0",
                    "channel": "Security",
                    "opcode": "0",
                    "message": "\"A member was added to a security-enabled global group.\r\n\r\nSubject:\r\n\tSecurity ID:\t\tS-1-5-21-2643128391-4121916274-1247374836-1001\r\n\tAccount Name:\t\twindows\r\n\tAccount Domain:\t\tDESKTOP-SIJOGEC\r\n\tLogon ID:\t\t0x19C88\r\n\r\nMember:\r\n\tSecurity ID:\t\tS-1-5-21-2643128391-4121916274-1247374836-1006\r\n\tAccount Name:\t\t-\r\n\r\nGroup:\r\n\tSecurity ID:\t\tS-1-5-21-2643128391-4121916274-1247374836-513\r\n\tGroup Name:\t\tNone\r\n\tGroup Domain:\t\tDESKTOP-SIJOGEC\r\n\r\nAdditional Information:\r\n\tPrivileges:\t\t-\"",
                    "version": "0",
                    "systemTime": "2025-11-24T01:22:29.4081723Z",
                    "eventRecordID": "21483",
                    "threadID": "268",
                    "computer": "DESKTOP-SIJOGEC",
                    "task": "13826",
                    "processID": "664",
                    "severityValue": "AUDIT_SUCCESS",
                    "providerName": "Microsoft-Windows-Security-Auditing"
                }
            }
        },
        "rule": {
            "mail": false,
            "level": 5,
            "pci_dss": [
                "8.1.2",
                "10.2.5"
            ],
            "hipaa": [
                "164.312.a.2.I",
                "164.312.a.2.II",
                "164.312.b"
            ],
            "tsc": [
                "CC6.8",
                "CC7.2",
                "CC7.3"
            ],
            "description": "Domain Users Group Changed",
            "groups": [
                "windows",
                "windows_security",
                "group_changed",
                "win_group_changed"
            ],
            "nist_800_53": [
                "AC.2",
                "IA.4",
                "AU.14",
                "AC.7"
            ],
            "gdpr": [
                "IV_35.7.d",
                "IV_32.2"
            ],
            "firedtimes": 3,
            "mitre": {
                "technique": [
                    "Domain Policy Modification"
                ],
                "id": [
                    "T1484"
                ],
                "tactic": [
                    "Defense Evasion",
                    "Privilege Escalation"
                ]
            },
            "id": "60160",
            "gpg13": [
                "7.10"
            ]
        },
        "decoder": {
            "name": "windows_eventchannel"
        },
        "input": {
            "type": "log"
        },
        "@timestamp": "2025-11-24T01:22:30.627Z",
        "location": "EventChannel",
        "id": "1763947350.189187",
        "timestamp": "2025-11-24T01:22:30.627+0000"
    },
    {
        "agent": {
            "ip": "192.168.44.137",
            "name": "win",
            "id": "001"
        },
        "manager": {
            "name": "ubuntu"
        },
        "data": {
            "win": {
                "eventdata": {
                    "originalFileName": "net.exe",
                    "image": "C:\\\\Windows\\\\System32\\\\net.exe",
                    "product": "Microsoft速 Windows速 Operating System",
                    "parentProcessGuid": "{3e3e0db9-ac71-6923-9603-000000000a00}",
                    "description": "Net Command",
                    "logonGuid": "{3e3e0db9-8b74-6923-889c-010000000000}",
                    "parentCommandLine": "\\\"C:\\\\Windows\\\\System32\\\\WindowsPowerShell\\\\v1.0\\\\powershell.exe\\\"",
                    "processGuid": "{3e3e0db9-b355-6923-cf03-000000000a00}",
                    "logonId": "0x19c88",
                    "parentProcessId": "9248",
                    "processId": "8708",
                    "currentDirectory": "C:\\\\Windows\\\\system32\\\\",
                    "utcTime": "2025-11-24 01:22:29.365",
                    "hashes": "MD5=0BD94A338EEA5A4E1F2830AE326E6D19,SHA256=9F376759BCBCD705F726460FC4A7E2B07F310F52BAA73CAAAAA124FDDBDF993E",
                    "parentImage": "C:\\\\Windows\\\\System32\\\\WindowsPowerShell\\\\v1.0\\\\powershell.exe",
                    "company": "Microsoft Corporation",
                    "commandLine": "\\\"C:\\\\Windows\\\\system32\\\\net.exe\\\" user final_attacker_test 123456 /add",
                    "integrityLevel": "High",
                    "fileVersion": "10.0.19041.1 (WinBuild.160101.0800)",
                    "user": "DESKTOP-SIJOGEC\\\\windows",
                    "terminalSessionId": "1",
                    "parentUser": "DESKTOP-SIJOGEC\\\\windows"
                },
                "system": {
                    "eventID": "1",
                    "keywords": "0x8000000000000000",
                    "providerGuid": "{5770385f-c22a-43e0-bf4c-06f5698ffbd9}",
                    "level": "4",
                    "channel": "Microsoft-Windows-Sysmon/Operational",
                    "opcode": "0",
                    "message": "\"Process Create:\r\nRuleName: -\r\nUtcTime: 2025-11-24 01:22:29.365\r\nProcessGuid: {3e3e0db9-b355-6923-cf03-000000000a00}\r\nProcessId: 8708\r\nImage: C:\\Windows\\System32\\net.exe\r\nFileVersion: 10.0.19041.1 (WinBuild.160101.0800)\r\nDescription: Net Command\r\nProduct: Microsoft速 Windows速 Operating System\r\nCompany: Microsoft Corporation\r\nOriginalFileName: net.exe\r\nCommandLine: \"C:\\Windows\\system32\\net.exe\" user final_attacker_test 123456 /add\r\nCurrentDirectory: C:\\Windows\\system32\\\r\nUser: DESKTOP-SIJOGEC\\windows\r\nLogonGuid: {3e3e0db9-8b74-6923-889c-010000000000}\r\nLogonId: 0x19C88\r\nTerminalSessionId: 1\r\nIntegrityLevel: High\r\nHashes: MD5=0BD94A338EEA5A4E1F2830AE326E6D19,SHA256=9F376759BCBCD705F726460FC4A7E2B07F310F52BAA73CAAAAA124FDDBDF993E\r\nParentProcessGuid: {3e3e0db9-ac71-6923-9603-000000000a00}\r\nParentProcessId: 9248\r\nParentImage: C:\\Windows\\System32\\WindowsPowerShell\\v1.0\\powershell.exe\r\nParentCommandLine: \"C:\\Windows\\System32\\WindowsPowerShell\\v1.0\\powershell.exe\" \r\nParentUser: DESKTOP-SIJOGEC\\windows\"",
                    "version": "5",
                    "systemTime": "2025-11-24T01:22:29.3735938Z",
                    "eventRecordID": "3332",
                    "threadID": "4596",
                    "computer": "DESKTOP-SIJOGEC",
                    "task": "1",
                    "processID": "2792",
                    "severityValue": "INFORMATION",
                    "providerName": "Microsoft-Windows-Sysmon"
                }
            }
        },
        "rule": {
            "firedtimes": 4,
            "mail": false,
            "level": 3,
            "description": "Discovery activity spawned via powershell execution",
            "groups": [
                "sysmon",
                "sysmon_eid1_detections",
                "windows"
            ],
            "mitre": {
                "technique": [
                    "Account Discovery",
                    "PowerShell"
                ],
                "id": [
                    "T1087",
                    "T1059.001"
                ],
                "tactic": [
                    "Discovery",
                    "Execution"
                ]
            },
            "id": "92033"
        },
        "decoder": {
            "name": "windows_eventchannel"
        },
        "input": {
            "type": "log"
        },
        "@timestamp": "2025-11-24T01:22:30.579Z",
        "location": "EventChannel",
        "id": "1763947350.183504",
        "timestamp": "2025-11-24T01:22:30.579+0000"
    },
    {
        "agent": {
            "ip": "192.168.44.137",
            "name": "win",
            "id": "001"
        },
        "manager": {
            "name": "ubuntu"
        },
        "data": {
            "win": {
                "eventdata": {
                    "subjectLogonId": "0x19c88",
                    "targetUserName": "vvvv",
                    "subjectUserSid": "S-1-5-21-2643128391-4121916274-1247374836-1001",
                    "subjectDomainName": "DESKTOP-SIJOGEC",
                    "targetDomainName": "DESKTOP-SIJOGEC",
                    "targetSid": "S-1-5-21-2643128391-4121916274-1247374836-1005",
                    "subjectUserName": "windows"
                },
                "system": {
                    "eventID": "4726",
                    "keywords": "0x8020000000000000",
                    "providerGuid": "{54849625-5478-4994-a5ba-3e3b0328c30d}",
                    "level": "0",
                    "channel": "Security",
                    "opcode": "0",
                    "message": "\"A user account was deleted.\r\n\r\nSubject:\r\n\tSecurity ID:\t\tS-1-5-21-2643128391-4121916274-1247374836-1001\r\n\tAccount Name:\t\twindows\r\n\tAccount Domain:\t\tDESKTOP-SIJOGEC\r\n\tLogon ID:\t\t0x19C88\r\n\r\nTarget Account:\r\n\tSecurity ID:\t\tS-1-5-21-2643128391-4121916274-1247374836-1005\r\n\tAccount Name:\t\tvvvv\r\n\tAccount Domain:\t\tDESKTOP-SIJOGEC\r\n\r\nAdditional Information:\r\n\tPrivileges\t-\"",
                    "version": "0",
                    "systemTime": "2025-11-24T01:20:49.8402150Z",
                    "eventRecordID": "21482",
                    "threadID": "740",
                    "computer": "DESKTOP-SIJOGEC",
                    "task": "13824",
                    "processID": "664",
                    "severityValue": "AUDIT_SUCCESS",
                    "providerName": "Microsoft-Windows-Security-Auditing"
                }
            }
        },
        "rule": {
            "mail": false,
            "level": 8,
            "pci_dss": [
                "8.1.2",
                "10.2.5"
            ],
            "hipaa": [
                "164.312.a.2.I",
                "164.312.a.2.II",
                "164.312.b"
            ],
            "tsc": [
                "CC6.8",
                "CC7.2",
                "CC7.3"
            ],
            "description": "User account disabled or deleted",
            "groups": [
                "windows",
                "windows_security",
                "adduser",
                "account_changed"
            ],
            "nist_800_53": [
                "AC.2",
                "IA.4",
                "AU.14",
                "AC.7"
            ],
            "gdpr": [
                "IV_35.7.d",
                "IV_32.2"
            ],
            "firedtimes": 2,
            "mitre": {
                "technique": [
                    "Account Manipulation",
                    "Account Access Removal"
                ],
                "id": [
                    "T1098",
                    "T1531"
                ],
                "tactic": [
                    "Persistence",
                    "Impact"
                ]
            },
            "id": "60111",
            "gpg13": [
                "7.10"
            ]
        },
        "decoder": {
            "name": "windows_eventchannel"
        },
        "input": {
            "type": "log"
        },
        "@timestamp": "2025-11-24T01:20:51.056Z",
        "location": "EventChannel",
        "id": "1763947251.180676",
        "timestamp": "2025-11-24T01:20:51.056+0000"
    },
    {
        "agent": {
            "ip": "192.168.44.137",
            "name": "win",
            "id": "001"
        },
        "manager": {
            "name": "ubuntu"
        },
        "data": {
            "win": {
                "eventdata": {
                    "subjectLogonId": "0x19c88",
                    "targetUserName": "None",
                    "memberSid": "S-1-5-21-2643128391-4121916274-1247374836-1005",
                    "subjectUserSid": "S-1-5-21-2643128391-4121916274-1247374836-1001",
                    "subjectDomainName": "DESKTOP-SIJOGEC",
                    "targetDomainName": "DESKTOP-SIJOGEC",
                    "targetSid": "S-1-5-21-2643128391-4121916274-1247374836-513",
                    "subjectUserName": "windows"
                },
                "system": {
                    "eventID": "4729",
                    "keywords": "0x8020000000000000",
                    "providerGuid": "{54849625-5478-4994-a5ba-3e3b0328c30d}",
                    "level": "0",
                    "channel": "Security",
                    "opcode": "0",
                    "message": "\"A member was removed from a security-enabled global group.\r\n\r\nSubject:\r\n\tSecurity ID:\t\tS-1-5-21-2643128391-4121916274-1247374836-1001\r\n\tAccount Name:\t\twindows\r\n\tAccount Domain:\t\tDESKTOP-SIJOGEC\r\n\tLogon ID:\t\t0x19C88\r\n\r\nMember:\r\n\tSecurity ID:\t\tS-1-5-21-2643128391-4121916274-1247374836-1005\r\n\tAccount Name:\t\t-\r\n\r\nGroup:\r\n\tSecurity ID:\t\tS-1-5-21-2643128391-4121916274-1247374836-513\r\n\tGroup Name:\t\tNone\r\n\tGroup Domain:\t\tDESKTOP-SIJOGEC\r\n\r\nAdditional Information:\r\n\tPrivileges:\t\t-\"",
                    "version": "0",
                    "systemTime": "2025-11-24T01:20:49.8395268Z",
                    "eventRecordID": "21481",
                    "threadID": "740",
                    "computer": "DESKTOP-SIJOGEC",
                    "task": "13826",
                    "processID": "664",
                    "severityValue": "AUDIT_SUCCESS",
                    "providerName": "Microsoft-Windows-Security-Auditing"
                }
            }
        },
        "rule": {
            "mail": false,
            "level": 5,
            "pci_dss": [
                "8.1.2",
                "10.2.5"
            ],
            "hipaa": [
                "164.312.a.2.I",
                "164.312.a.2.II",
                "164.312.b"
            ],
            "tsc": [
                "CC6.8",
                "CC7.2",
                "CC7.3"
            ],
            "description": "Domain Users Group Changed",
            "groups": [
                "windows",
                "windows_security",
                "group_changed",
                "win_group_changed"
            ],
            "nist_800_53": [
                "AC.2",
                "IA.4",
                "AU.14",
                "AC.7"
            ],
            "gdpr": [
                "IV_35.7.d",
                "IV_32.2"
            ],
            "firedtimes": 2,
            "mitre": {
                "technique": [
                    "Domain Policy Modification"
                ],
                "id": [
                    "T1484"
                ],
                "tactic": [
                    "Defense Evasion",
                    "Privilege Escalation"
                ]
            },
            "id": "60160",
            "gpg13": [
                "7.10"
            ]
        },
        "decoder": {
            "name": "windows_eventchannel"
        },
        "input": {
            "type": "log"
        },
        "@timestamp": "2025-11-24T01:20:51.047Z",
        "location": "EventChannel",
        "id": "1763947251.177476",
        "timestamp": "2025-11-24T01:20:51.047+0000"
    },
    {
        "agent": {
            "ip": "192.168.44.137",
            "name": "win",
            "id": "001"
        },
        "manager": {
            "name": "ubuntu"
        },
        "data": {
            "win": {
                "eventdata": {
                    "subjectLogonId": "0x19c88",
                    "targetUserName": "Users",
                    "memberSid": "S-1-5-21-2643128391-4121916274-1247374836-1005",
                    "subjectUserSid": "S-1-5-21-2643128391-4121916274-1247374836-1001",
                    "subjectDomainName": "DESKTOP-SIJOGEC",
                    "targetDomainName": "Builtin",
                    "targetSid": "S-1-5-32-545",
                    "subjectUserName": "windows"
                },
                "system": {
                    "eventID": "4733",
                    "keywords": "0x8020000000000000",
                    "providerGuid": "{54849625-5478-4994-a5ba-3e3b0328c30d}",
                    "level": "0",
                    "channel": "Security",
                    "opcode": "0",
                    "message": "\"A member was removed from a security-enabled local group.\r\n\r\nSubject:\r\n\tSecurity ID:\t\tS-1-5-21-2643128391-4121916274-1247374836-1001\r\n\tAccount Name:\t\twindows\r\n\tAccount Domain:\t\tDESKTOP-SIJOGEC\r\n\tLogon ID:\t\t0x19C88\r\n\r\nMember:\r\n\tSecurity ID:\t\tS-1-5-21-2643128391-4121916274-1247374836-1005\r\n\tAccount Name:\t\t-\r\n\r\nGroup:\r\n\tSecurity ID:\t\tS-1-5-32-545\r\n\tGroup Name:\t\tUsers\r\n\tGroup Domain:\t\tBuiltin\r\n\r\nAdditional Information:\r\n\tPrivileges:\t\t-\"",
                    "version": "0",
                    "systemTime": "2025-11-24T01:20:49.8385112Z",
                    "eventRecordID": "21480",
                    "threadID": "740",
                    "computer": "DESKTOP-SIJOGEC",
                    "task": "13826",
                    "processID": "664",
                    "severityValue": "AUDIT_SUCCESS",
                    "providerName": "Microsoft-Windows-Security-Auditing"
                }
            }
        },
        "rule": {
            "mail": false,
            "level": 5,
            "pci_dss": [
                "8.1.2",
                "10.2.5"
            ],
            "hipaa": [
                "164.312.a.2.I",
                "164.312.a.2.II",
                "164.312.b"
            ],
            "tsc": [
                "CC6.8",
                "CC7.2",
                "CC7.3"
            ],
            "description": "Users Group Changed",
            "groups": [
                "windows",
                "windows_security",
                "group_changed",
                "win_group_changed"
            ],
            "nist_800_53": [
                "AC.2",
                "IA.4",
                "AU.14",
                "AC.7"
            ],
            "gdpr": [
                "IV_35.7.d",
                "IV_32.2"
            ],
            "firedtimes": 2,
            "mitre": {
                "technique": [
                    "Domain Policy Modification"
                ],
                "id": [
                    "T1484"
                ],
                "tactic": [
                    "Defense Evasion",
                    "Privilege Escalation"
                ]
            },
            "id": "60170",
            "gpg13": [
                "7.10"
            ]
        },
        "decoder": {
            "name": "windows_eventchannel"
        },
        "input": {
            "type": "log"
        },
        "@timestamp": "2025-11-24T01:20:51.046Z",
        "location": "EventChannel",
        "id": "1763947251.174445",
        "timestamp": "2025-11-24T01:20:51.046+0000"
    },
    {
        "agent": {
            "ip": "192.168.44.137",
            "name": "win",
            "id": "001"
        },
        "manager": {
            "name": "ubuntu"
        },
        "data": {
            "win": {
                "eventdata": {
                    "originalFileName": "net.exe",
                    "image": "C:\\\\Windows\\\\System32\\\\net.exe",
                    "product": "Microsoft速 Windows速 Operating System",
                    "parentProcessGuid": "{3e3e0db9-ac71-6923-9603-000000000a00}",
                    "description": "Net Command",
                    "logonGuid": "{3e3e0db9-8b74-6923-889c-010000000000}",
                    "parentCommandLine": "\\\"C:\\\\Windows\\\\System32\\\\WindowsPowerShell\\\\v1.0\\\\powershell.exe\\\"",
                    "processGuid": "{3e3e0db9-b2f1-6923-cd03-000000000a00}",
                    "logonId": "0x19c88",
                    "parentProcessId": "9248",
                    "processId": "8764",
                    "currentDirectory": "C:\\\\Windows\\\\system32\\\\",
                    "utcTime": "2025-11-24 01:20:49.799",
                    "hashes": "MD5=0BD94A338EEA5A4E1F2830AE326E6D19,SHA256=9F376759BCBCD705F726460FC4A7E2B07F310F52BAA73CAAAAA124FDDBDF993E",
                    "parentImage": "C:\\\\Windows\\\\System32\\\\WindowsPowerShell\\\\v1.0\\\\powershell.exe",
                    "company": "Microsoft Corporation",
                    "commandLine": "\\\"C:\\\\Windows\\\\system32\\\\net.exe\\\" user vvvv /DELETE",
                    "integrityLevel": "High",
                    "fileVersion": "10.0.19041.1 (WinBuild.160101.0800)",
                    "user": "DESKTOP-SIJOGEC\\\\windows",
                    "terminalSessionId": "1",
                    "parentUser": "DESKTOP-SIJOGEC\\\\windows"
                },
                "system": {
                    "eventID": "1",
                    "keywords": "0x8000000000000000",
                    "providerGuid": "{5770385f-c22a-43e0-bf4c-06f5698ffbd9}",
                    "level": "4",
                    "channel": "Microsoft-Windows-Sysmon/Operational",
                    "opcode": "0",
                    "message": "\"Process Create:\r\nRuleName: -\r\nUtcTime: 2025-11-24 01:20:49.799\r\nProcessGuid: {3e3e0db9-b2f1-6923-cd03-000000000a00}\r\nProcessId: 8764\r\nImage: C:\\Windows\\System32\\net.exe\r\nFileVersion: 10.0.19041.1 (WinBuild.160101.0800)\r\nDescription: Net Command\r\nProduct: Microsoft速 Windows速 Operating System\r\nCompany: Microsoft Corporation\r\nOriginalFileName: net.exe\r\nCommandLine: \"C:\\Windows\\system32\\net.exe\" user vvvv /DELETE\r\nCurrentDirectory: C:\\Windows\\system32\\\r\nUser: DESKTOP-SIJOGEC\\windows\r\nLogonGuid: {3e3e0db9-8b74-6923-889c-010000000000}\r\nLogonId: 0x19C88\r\nTerminalSessionId: 1\r\nIntegrityLevel: High\r\nHashes: MD5=0BD94A338EEA5A4E1F2830AE326E6D19,SHA256=9F376759BCBCD705F726460FC4A7E2B07F310F52BAA73CAAAAA124FDDBDF993E\r\nParentProcessGuid: {3e3e0db9-ac71-6923-9603-000000000a00}\r\nParentProcessId: 9248\r\nParentImage: C:\\Windows\\System32\\WindowsPowerShell\\v1.0\\powershell.exe\r\nParentCommandLine: \"C:\\Windows\\System32\\WindowsPowerShell\\v1.0\\powershell.exe\" \r\nParentUser: DESKTOP-SIJOGEC\\windows\"",
                    "version": "5",
                    "systemTime": "2025-11-24T01:20:49.8056098Z",
                    "eventRecordID": "3326",
                    "threadID": "4596",
                    "computer": "DESKTOP-SIJOGEC",
                    "task": "1",
                    "processID": "2792",
                    "severityValue": "INFORMATION",
                    "providerName": "Microsoft-Windows-Sysmon"
                }
            }
        },
        "rule": {
            "firedtimes": 3,
            "mail": false,
            "level": 3,
            "description": "Discovery activity spawned via powershell execution",
            "groups": [
                "sysmon",
                "sysmon_eid1_detections",
                "windows"
            ],
            "mitre": {
                "technique": [
                    "Account Discovery",
                    "PowerShell"
                ],
                "id": [
                    "T1087",
                    "T1059.001"
                ],
                "tactic": [
                    "Discovery",
                    "Execution"
                ]
            },
            "id": "92033"
        },
        "decoder": {
            "name": "windows_eventchannel"
        },
        "input": {
            "type": "log"
        },
        "@timestamp": "2025-11-24T01:20:51.012Z",
        "location": "EventChannel",
        "id": "1763947251.168838",
        "timestamp": "2025-11-24T01:20:51.012+0000"
    },
    {
        "agent": {
            "ip": "192.168.44.137",
            "name": "win",
            "id": "001"
        },
        "manager": {
            "name": "ubuntu"
        },
        "data": {
            "win": {
                "eventdata": {
                    "subjectLogonId": "0x19c88",
                    "targetUserName": "testtime",
                    "subjectUserSid": "S-1-5-21-2643128391-4121916274-1247374836-1001",
                    "subjectDomainName": "DESKTOP-SIJOGEC",
                    "targetDomainName": "DESKTOP-SIJOGEC",
                    "targetSid": "S-1-5-21-2643128391-4121916274-1247374836-1003",
                    "subjectUserName": "windows"
                },
                "system": {
                    "eventID": "4726",
                    "keywords": "0x8020000000000000",
                    "providerGuid": "{54849625-5478-4994-a5ba-3e3b0328c30d}",
                    "level": "0",
                    "channel": "Security",
                    "opcode": "0",
                    "message": "\"A user account was deleted.\r\n\r\nSubject:\r\n\tSecurity ID:\t\tS-1-5-21-2643128391-4121916274-1247374836-1001\r\n\tAccount Name:\t\twindows\r\n\tAccount Domain:\t\tDESKTOP-SIJOGEC\r\n\tLogon ID:\t\t0x19C88\r\n\r\nTarget Account:\r\n\tSecurity ID:\t\tS-1-5-21-2643128391-4121916274-1247374836-1003\r\n\tAccount Name:\t\ttesttime\r\n\tAccount Domain:\t\tDESKTOP-SIJOGEC\r\n\r\nAdditional Information:\r\n\tPrivileges\t-\"",
                    "version": "0",
                    "systemTime": "2025-11-24T01:19:03.3047074Z",
                    "eventRecordID": "21478",
                    "threadID": "740",
                    "computer": "DESKTOP-SIJOGEC",
                    "task": "13824",
                    "processID": "664",
                    "severityValue": "AUDIT_SUCCESS",
                    "providerName": "Microsoft-Windows-Security-Auditing"
                }
            }
        },
        "rule": {
            "mail": false,
            "level": 8,
            "pci_dss": [
                "8.1.2",
                "10.2.5"
            ],
            "hipaa": [
                "164.312.a.2.I",
                "164.312.a.2.II",
                "164.312.b"
            ],
            "tsc": [
                "CC6.8",
                "CC7.2",
                "CC7.3"
            ],
            "description": "User account disabled or deleted",
            "groups": [
                "windows",
                "windows_security",
                "adduser",
                "account_changed"
            ],
            "nist_800_53": [
                "AC.2",
                "IA.4",
                "AU.14",
                "AC.7"
            ],
            "gdpr": [
                "IV_35.7.d",
                "IV_32.2"
            ],
            "firedtimes": 1,
            "mitre": {
                "technique": [
                    "Account Manipulation",
                    "Account Access Removal"
                ],
                "id": [
                    "T1098",
                    "T1531"
                ],
                "tactic": [
                    "Persistence",
                    "Impact"
                ]
            },
            "id": "60111",
            "gpg13": [
                "7.10"
            ]
        },
        "decoder": {
            "name": "windows_eventchannel"
        },
        "input": {
            "type": "log"
        },
        "@timestamp": "2025-11-24T01:19:04.541Z",
        "location": "EventChannel",
        "id": "1763947144.165994",
        "timestamp": "2025-11-24T01:19:04.541+0000"
    },
    {
        "agent": {
            "ip": "192.168.44.137",
            "name": "win",
            "id": "001"
        },
        "manager": {
            "name": "ubuntu"
        },
        "data": {
            "win": {
                "eventdata": {
                    "subjectLogonId": "0x19c88",
                    "targetUserName": "None",
                    "memberSid": "S-1-5-21-2643128391-4121916274-1247374836-1003",
                    "subjectUserSid": "S-1-5-21-2643128391-4121916274-1247374836-1001",
                    "subjectDomainName": "DESKTOP-SIJOGEC",
                    "targetDomainName": "DESKTOP-SIJOGEC",
                    "targetSid": "S-1-5-21-2643128391-4121916274-1247374836-513",
                    "subjectUserName": "windows"
                },
                "system": {
                    "eventID": "4729",
                    "keywords": "0x8020000000000000",
                    "providerGuid": "{54849625-5478-4994-a5ba-3e3b0328c30d}",
                    "level": "0",
                    "channel": "Security",
                    "opcode": "0",
                    "message": "\"A member was removed from a security-enabled global group.\r\n\r\nSubject:\r\n\tSecurity ID:\t\tS-1-5-21-2643128391-4121916274-1247374836-1001\r\n\tAccount Name:\t\twindows\r\n\tAccount Domain:\t\tDESKTOP-SIJOGEC\r\n\tLogon ID:\t\t0x19C88\r\n\r\nMember:\r\n\tSecurity ID:\t\tS-1-5-21-2643128391-4121916274-1247374836-1003\r\n\tAccount Name:\t\t-\r\n\r\nGroup:\r\n\tSecurity ID:\t\tS-1-5-21-2643128391-4121916274-1247374836-513\r\n\tGroup Name:\t\tNone\r\n\tGroup Domain:\t\tDESKTOP-SIJOGEC\r\n\r\nAdditional Information:\r\n\tPrivileges:\t\t-\"",
                    "version": "0",
                    "systemTime": "2025-11-24T01:19:03.3040575Z",
                    "eventRecordID": "21477",
                    "threadID": "740",
                    "computer": "DESKTOP-SIJOGEC",
                    "task": "13826",
                    "processID": "664",
                    "severityValue": "AUDIT_SUCCESS",
                    "providerName": "Microsoft-Windows-Security-Auditing"
                }
            }
        },
        "rule": {
            "mail": false,
            "level": 5,
            "pci_dss": [
                "8.1.2",
                "10.2.5"
            ],
            "hipaa": [
                "164.312.a.2.I",
                "164.312.a.2.II",
                "164.312.b"
            ],
            "tsc": [
                "CC6.8",
                "CC7.2",
                "CC7.3"
            ],
            "description": "Domain Users Group Changed",
            "groups": [
                "windows",
                "windows_security",
                "group_changed",
                "win_group_changed"
            ],
            "nist_800_53": [
                "AC.2",
                "IA.4",
                "AU.14",
                "AC.7"
            ],
            "gdpr": [
                "IV_35.7.d",
                "IV_32.2"
            ],
            "firedtimes": 1,
            "mitre": {
                "technique": [
                    "Domain Policy Modification"
                ],
                "id": [
                    "T1484"
                ],
                "tactic": [
                    "Defense Evasion",
                    "Privilege Escalation"
                ]
            },
            "id": "60160",
            "gpg13": [
                "7.10"
            ]
        },
        "decoder": {
            "name": "windows_eventchannel"
        },
        "input": {
            "type": "log"
        },
        "@timestamp": "2025-11-24T01:19:04.541Z",
        "location": "EventChannel",
        "id": "1763947144.162794",
        "timestamp": "2025-11-24T01:19:04.541+0000"
    },
    {
        "agent": {
            "ip": "192.168.44.137",
            "name": "win",
            "id": "001"
        },
        "manager": {
            "name": "ubuntu"
        },
        "data": {
            "win": {
                "eventdata": {
                    "subjectLogonId": "0x19c88",
                    "targetUserName": "Users",
                    "memberSid": "S-1-5-21-2643128391-4121916274-1247374836-1003",
                    "subjectUserSid": "S-1-5-21-2643128391-4121916274-1247374836-1001",
                    "subjectDomainName": "DESKTOP-SIJOGEC",
                    "targetDomainName": "Builtin",
                    "targetSid": "S-1-5-32-545",
                    "subjectUserName": "windows"
                },
                "system": {
                    "eventID": "4733",
                    "keywords": "0x8020000000000000",
                    "providerGuid": "{54849625-5478-4994-a5ba-3e3b0328c30d}",
                    "level": "0",
                    "channel": "Security",
                    "opcode": "0",
                    "message": "\"A member was removed from a security-enabled local group.\r\n\r\nSubject:\r\n\tSecurity ID:\t\tS-1-5-21-2643128391-4121916274-1247374836-1001\r\n\tAccount Name:\t\twindows\r\n\tAccount Domain:\t\tDESKTOP-SIJOGEC\r\n\tLogon ID:\t\t0x19C88\r\n\r\nMember:\r\n\tSecurity ID:\t\tS-1-5-21-2643128391-4121916274-1247374836-1003\r\n\tAccount Name:\t\t-\r\n\r\nGroup:\r\n\tSecurity ID:\t\tS-1-5-32-545\r\n\tGroup Name:\t\tUsers\r\n\tGroup Domain:\t\tBuiltin\r\n\r\nAdditional Information:\r\n\tPrivileges:\t\t-\"",
                    "version": "0",
                    "systemTime": "2025-11-24T01:19:03.3026126Z",
                    "eventRecordID": "21476",
                    "threadID": "740",
                    "computer": "DESKTOP-SIJOGEC",
                    "task": "13826",
                    "processID": "664",
                    "severityValue": "AUDIT_SUCCESS",
                    "providerName": "Microsoft-Windows-Security-Auditing"
                }
            }
        },
        "rule": {
            "mail": false,
            "level": 5,
            "pci_dss": [
                "8.1.2",
                "10.2.5"
            ],
            "hipaa": [
                "164.312.a.2.I",
                "164.312.a.2.II",
                "164.312.b"
            ],
            "tsc": [
                "CC6.8",
                "CC7.2",
                "CC7.3"
            ],
            "description": "Users Group Changed",
            "groups": [
                "windows",
                "windows_security",
                "group_changed",
                "win_group_changed"
            ],
            "nist_800_53": [
                "AC.2",
                "IA.4",
                "AU.14",
                "AC.7"
            ],
            "gdpr": [
                "IV_35.7.d",
                "IV_32.2"
            ],
            "firedtimes": 1,
            "mitre": {
                "technique": [
                    "Domain Policy Modification"
                ],
                "id": [
                    "T1484"
                ],
                "tactic": [
                    "Defense Evasion",
                    "Privilege Escalation"
                ]
            },
            "id": "60170",
            "gpg13": [
                "7.10"
            ]
        },
        "decoder": {
            "name": "windows_eventchannel"
        },
        "input": {
            "type": "log"
        },
        "@timestamp": "2025-11-24T01:19:04.523Z",
        "location": "EventChannel",
        "id": "1763947144.159763",
        "timestamp": "2025-11-24T01:19:04.523+0000"
    },
    {
        "agent": {
            "ip": "192.168.44.137",
            "name": "win",
            "id": "001"
        },
        "manager": {
            "name": "ubuntu"
        },
        "data": {
            "win": {
                "eventdata": {
                    "originalFileName": "net.exe",
                    "image": "C:\\\\Windows\\\\System32\\\\net.exe",
                    "product": "Microsoft速 Windows速 Operating System",
                    "parentProcessGuid": "{3e3e0db9-ac71-6923-9603-000000000a00}",
                    "description": "Net Command",
                    "logonGuid": "{3e3e0db9-8b74-6923-889c-010000000000}",
                    "parentCommandLine": "\\\"C:\\\\Windows\\\\System32\\\\WindowsPowerShell\\\\v1.0\\\\powershell.exe\\\"",
                    "processGuid": "{3e3e0db9-b287-6923-ca03-000000000a00}",
                    "logonId": "0x19c88",
                    "parentProcessId": "9248",
                    "processId": "2812",
                    "currentDirectory": "C:\\\\Windows\\\\system32\\\\",
                    "utcTime": "2025-11-24 01:19:03.268",
                    "hashes": "MD5=0BD94A338EEA5A4E1F2830AE326E6D19,SHA256=9F376759BCBCD705F726460FC4A7E2B07F310F52BAA73CAAAAA124FDDBDF993E",
                    "parentImage": "C:\\\\Windows\\\\System32\\\\WindowsPowerShell\\\\v1.0\\\\powershell.exe",
                    "company": "Microsoft Corporation",
                    "commandLine": "\\\"C:\\\\Windows\\\\system32\\\\net.exe\\\" user testtime /DELETE",
                    "integrityLevel": "High",
                    "fileVersion": "10.0.19041.1 (WinBuild.160101.0800)",
                    "user": "DESKTOP-SIJOGEC\\\\windows",
                    "terminalSessionId": "1",
                    "parentUser": "DESKTOP-SIJOGEC\\\\windows"
                },
                "system": {
                    "eventID": "1",
                    "keywords": "0x8000000000000000",
                    "providerGuid": "{5770385f-c22a-43e0-bf4c-06f5698ffbd9}",
                    "level": "4",
                    "channel": "Microsoft-Windows-Sysmon/Operational",
                    "opcode": "0",
                    "message": "\"Process Create:\r\nRuleName: -\r\nUtcTime: 2025-11-24 01:19:03.268\r\nProcessGuid: {3e3e0db9-b287-6923-ca03-000000000a00}\r\nProcessId: 2812\r\nImage: C:\\Windows\\System32\\net.exe\r\nFileVersion: 10.0.19041.1 (WinBuild.160101.0800)\r\nDescription: Net Command\r\nProduct: Microsoft速 Windows速 Operating System\r\nCompany: Microsoft Corporation\r\nOriginalFileName: net.exe\r\nCommandLine: \"C:\\Windows\\system32\\net.exe\" user testtime /DELETE\r\nCurrentDirectory: C:\\Windows\\system32\\\r\nUser: DESKTOP-SIJOGEC\\windows\r\nLogonGuid: {3e3e0db9-8b74-6923-889c-010000000000}\r\nLogonId: 0x19C88\r\nTerminalSessionId: 1\r\nIntegrityLevel: High\r\nHashes: MD5=0BD94A338EEA5A4E1F2830AE326E6D19,SHA256=9F376759BCBCD705F726460FC4A7E2B07F310F52BAA73CAAAAA124FDDBDF993E\r\nParentProcessGuid: {3e3e0db9-ac71-6923-9603-000000000a00}\r\nParentProcessId: 9248\r\nParentImage: C:\\Windows\\System32\\WindowsPowerShell\\v1.0\\powershell.exe\r\nParentCommandLine: \"C:\\Windows\\System32\\WindowsPowerShell\\v1.0\\powershell.exe\" \r\nParentUser: DESKTOP-SIJOGEC\\windows\"",
                    "version": "5",
                    "systemTime": "2025-11-24T01:19:03.2725540Z",
                    "eventRecordID": "3319",
                    "threadID": "4596",
                    "computer": "DESKTOP-SIJOGEC",
                    "task": "1",
                    "processID": "2792",
                    "severityValue": "INFORMATION",
                    "providerName": "Microsoft-Windows-Sysmon"
                }
            }
        },
        "rule": {
            "firedtimes": 2,
            "mail": false,
            "level": 3,
            "description": "Discovery activity spawned via powershell execution",
            "groups": [
                "sysmon",
                "sysmon_eid1_detections",
                "windows"
            ],
            "mitre": {
                "technique": [
                    "Account Discovery",
                    "PowerShell"
                ],
                "id": [
                    "T1087",
                    "T1059.001"
                ],
                "tactic": [
                    "Discovery",
                    "Execution"
                ]
            },
            "id": "92033"
        },
        "decoder": {
            "name": "windows_eventchannel"
        },
        "input": {
            "type": "log"
        },
        "@timestamp": "2025-11-24T01:19:04.480Z",
        "location": "EventChannel",
        "id": "1763947144.154140",
        "timestamp": "2025-11-24T01:19:04.480+0000"
    },
