    {
        "agent": {
            "ip": "192.168.44.137",
            "name": "win",
            "id": "001"
        },
        "manager": {
            "name": "ubuntu"
        },
        "data": {
            "extra_data": "win->192.168.44.137"
        },
        "rule": {
            "firedtimes": 1,
            "mail": false,
            "level": 3,
            "pci_dss": [
                "10.6.1",
                "10.2.6"
            ],
            "hipaa": [
                "164.312.b"
            ],
            "tsc": [
                "CC7.2",
                "CC7.3",
                "CC6.8"
            ],
            "description": "Wazuh agent started.",
            "groups": [
                "ossec"
            ],
            "id": "503",
            "nist_800_53": [
                "AU.6",
                "AU.14",
                "AU.5"
            ],
            "gpg13": [
                "10.1"
            ],
            "gdpr": [
                "IV_35.7.d"
            ]
        },
        "decoder": {
            "parent": "ossec",
            "name": "ossec"
        },
        "full_log": "ossec: Agent started: 'win->192.168.44.137'.",
        "input": {
            "type": "log"
        },
        "@timestamp": "2025-11-23T02:53:48.485Z",
        "location": "wazuh-agent",
        "id": "1763866428.1276",
        "timestamp": "2025-11-23T02:53:48.485+0000"
    },
    {
        "agent": {
            "name": "ubuntu",
            "id": "000"
        },
        "previous_output": "Previous output:\nossec: output: 'netstat listening ports':\ntcp 0.0.0.0:22 0.0.0.0:* /usr\ntcp6 :::22 :::* /usr\ntcp 127.0.0.53:53 0.0.0.0:* 825/systemd-resolve\nudp 127.0.0.53:53 0.0.0.0:* 825/systemd-resolve\nudp 192.168.44.138:68 0.0.0.0:* 823/systemd-network\ntcp 0.0.0.0:443 0.0.0.0:* 71097/node\ntcp 0.0.0.0:1514 0.0.0.0:* 52309/wazuh-remoted\ntcp 0.0.0.0:1515 0.0.0.0:* 52159/wazuh-authd\ntcp6 :::9200 :::* 70462/java\ntcp6 :::9300 :::* 70462/java\ntcp 0.0.0.0:55000 0.0.0.0:* 52118/python3\ntcp6 :::55000 :::* 52118/python3",
        "manager": {
            "name": "ubuntu"
        },
        "rule": {
            "firedtimes": 1,
            "mail": false,
            "level": 7,
            "pci_dss": [
                "10.2.7",
                "10.6.1"
            ],
            "hipaa": [
                "164.312.b"
            ],
            "tsc": [
                "CC6.8",
                "CC7.2",
                "CC7.3"
            ],
            "description": "Listened ports status (netstat) changed (new port opened or closed).",
            "groups": [
                "ossec"
            ],
            "id": "533",
            "nist_800_53": [
                "AU.14",
                "AU.6"
            ],
            "gpg13": [
                "10.1"
            ],
            "gdpr": [
                "IV_35.7.d"
            ]
        },
        "decoder": {
            "name": "ossec"
        },
        "full_log": "ossec: output: 'netstat listening ports':\ntcp 0.0.0.0:22 0.0.0.0:* /usr\ntcp6 :::22 :::* /usr\ntcp 127.0.0.53:53 0.0.0.0:* 913/systemd-resolve\nudp 127.0.0.53:53 0.0.0.0:* 913/systemd-resolve\nudp 192.168.44.138:68 0.0.0.0:* 911/systemd-network\ntcp 0.0.0.0:443 0.0.0.0:* 946/node\ntcp 0.0.0.0:1514 0.0.0.0:* 1623/wazuh-remoted\ntcp 0.0.0.0:1515 0.0.0.0:* 1461/wazuh-authd\ntcp 0.0.0.0:55000 0.0.0.0:* 1396/python3\ntcp6 :::55000 :::* 1396/python3",
        "previous_log": "ossec: output: 'netstat listening ports':\ntcp 0.0.0.0:22 0.0.0.0:* /usr\ntcp6 :::22 :::* /usr\ntcp 127.0.0.53:53 0.0.0.0:* 825/systemd-resolve\nudp 127.0.0.53:53 0.0.0.0:* 825/systemd-resolve\nudp 192.168.44.138:68 0.0.0.0:* 823/systemd-network\ntcp 0.0.0.0:443 0.0.0.0:* 71097/node\ntcp 0.0.0.0:1514 0.0.0.0:* 52309/wazuh-remoted\ntcp 0.0.0.0:1515 0.0.0.0:* 52159/wazuh-authd\ntcp6 :::9200 :::* 70462/java\ntcp6 :::9300 :::* 70462/java\ntcp 0.0.0.0:55000 0.0.0.0:* 52118/python3\ntcp6 :::55000 :::* 52118/python3",
        "input": {
            "type": "log"
        },
        "@timestamp": "2025-11-23T02:53:41.942Z",
        "location": "netstat listening ports",
        "id": "1763866421.0",
        "timestamp": "2025-11-23T02:53:41.942+0000"
    },
    {
        "agent": {
            "ip": "192.168.44.137",
            "name": "win",
            "id": "001"
        },
        "manager": {
            "name": "ubuntu"
        },
        "data": {
            "win": {
                "eventdata": {
                    "data": "SessionEnv",
                    "binary": "D9060000"
                },
                "system": {
                    "eventID": "6000",
                    "eventSourceName": "Wlclntfy",
                    "keywords": "0x80000000000000",
                    "providerGuid": "{DBE9B383-7CF3-4331-91CC-A3CB16A3B538}",
                    "level": "4",
                    "channel": "Application",
                    "opcode": "0",
                    "message": "\"The winlogon notification subscriber <SessionEnv> was unavailable to handle a notification event.\"",
                    "version": "0",
                    "systemTime": "2025-11-22T20:31:13.4145963Z",
                    "eventRecordID": "1441",
                    "threadID": "0",
                    "computer": "DESKTOP-SIJOGEC",
                    "task": "0",
                    "processID": "0",
                    "severityValue": "INFORMATION",
                    "providerName": "Microsoft-Windows-Winlogon"
                }
            }
        },
        "rule": {
            "firedtimes": 2,
            "mail": false,
            "level": 5,
            "description": "SessionEnv was unavailable to handle a notification event.",
            "groups": [
                "windows",
                "windows_application"
            ],
            "id": "60775"
        },
        "decoder": {
            "name": "windows_eventchannel"
        },
        "input": {
            "type": "log"
        },
        "@timestamp": "2025-11-22T20:31:13.416Z",
        "location": "EventChannel",
        "id": "1763843473.1243157",
        "timestamp": "2025-11-22T20:31:13.416+0000"
    },
    {
        "agent": {
            "ip": "192.168.44.137",
            "name": "win",
            "id": "001"
        },
        "manager": {
            "name": "ubuntu"
        },
        "data": {
            "win": {
                "eventdata": {
                    "data": "WSearch",
                    "binary": "D9060000"
                },
                "system": {
                    "eventID": "6000",
                    "eventSourceName": "Wlclntfy",
                    "keywords": "0x80000000000000",
                    "providerGuid": "{DBE9B383-7CF3-4331-91CC-A3CB16A3B538}",
                    "level": "4",
                    "channel": "Application",
                    "opcode": "0",
                    "message": "\"The winlogon notification subscriber <WSearch> was unavailable to handle a notification event.\"",
                    "version": "0",
                    "systemTime": "2025-11-22T20:31:13.3834102Z",
                    "eventRecordID": "1440",
                    "threadID": "0",
                    "computer": "DESKTOP-SIJOGEC",
                    "task": "0",
                    "processID": "0",
                    "severityValue": "INFORMATION",
                    "providerName": "Microsoft-Windows-Winlogon"
                }
            }
        },
        "rule": {
            "firedtimes": 1,
            "mail": false,
            "level": 5,
            "description": "WSearch was unavailable to handle a notification event.",
            "groups": [
                "windows",
                "windows_application"
            ],
            "id": "60775"
        },
        "decoder": {
            "name": "windows_eventchannel"
        },
        "input": {
            "type": "log"
        },
        "@timestamp": "2025-11-22T20:31:13.396Z",
        "location": "EventChannel",
        "id": "1763843473.1241656",
        "timestamp": "2025-11-22T20:31:13.396+0000"
    },
    {
        "agent": {
            "ip": "192.168.44.137",
            "name": "win",
            "id": "001"
        },
        "manager": {
            "name": "ubuntu"
        },
        "data": {
            "win": {
                "eventdata": {
                    "param1": "{2593F8B9-4EAF-457C-B68A-50F6B8EA6B54}"
                },
                "system": {
                    "eventID": "10010",
                    "eventSourceName": "DCOM",
                    "keywords": "0x8080000000000000",
                    "providerGuid": "{1B562E86-B7AA-4131-BADC-B6F3A001407E}",
                    "level": "2",
                    "channel": "System",
                    "opcode": "0",
                    "message": "\"The server {2593F8B9-4EAF-457C-B68A-50F6B8EA6B54} did not register with DCOM within the required timeout.\"",
                    "version": "0",
                    "systemTime": "2025-11-22T20:31:07.6336236Z",
                    "eventRecordID": "701",
                    "threadID": "1588",
                    "computer": "DESKTOP-SIJOGEC",
                    "task": "0",
                    "processID": "884",
                    "severityValue": "ERROR",
                    "providerName": "Microsoft-Windows-DistributedCOM"
                }
            }
        },
        "rule": {
            "firedtimes": 2,
            "mail": false,
            "level": 5,
            "description": "Windows System error event",
            "groups": [
                "windows",
                "windows_system",
                "system_error"
            ],
            "id": "61102",
            "gpg13": [
                "4.3"
            ],
            "gdpr": [
                "IV_35.7.d"
            ]
        },
        "decoder": {
            "name": "windows_eventchannel"
        },
        "input": {
            "type": "log"
        },
        "@timestamp": "2025-11-22T20:31:08.616Z",
        "location": "EventChannel",
        "id": "1763843468.1238072",
        "timestamp": "2025-11-22T20:31:08.616+0000"
    },
    {
        "agent": {
            "ip": "192.168.44.137",
            "name": "win",
            "id": "001"
        },
        "manager": {
            "name": "ubuntu"
        },
        "data": {
            "win": {
                "eventdata": {
                    "param1": "Microsoft.AAD.BrokerPlugin_1000.19041.4239.0_neutral_neutral_cw5n1h2txyewy!Windows.Security.Authentication.Web.Core.BackgroundGetTokenTask.ClassId.WebAccountProvider"
                },
                "system": {
                    "eventID": "10010",
                    "eventSourceName": "DCOM",
                    "keywords": "0x8080000000000000",
                    "providerGuid": "{1B562E86-B7AA-4131-BADC-B6F3A001407E}",
                    "level": "2",
                    "channel": "System",
                    "opcode": "0",
                    "message": "\"The server Microsoft.AAD.BrokerPlugin_1000.19041.4239.0_neutral_neutral_cw5n1h2txyewy!Windows.Security.Authentication.Web.Core.BackgroundGetTokenTask.ClassId.WebAccountProvider did not register with DCOM within the required timeout.\"",
                    "version": "0",
                    "systemTime": "2025-11-22T20:31:07.5868441Z",
                    "eventRecordID": "700",
                    "threadID": "1588",
                    "computer": "DESKTOP-SIJOGEC",
                    "task": "0",
                    "processID": "884",
                    "severityValue": "ERROR",
                    "providerName": "Microsoft-Windows-DistributedCOM"
                }
            }
        },
        "rule": {
            "firedtimes": 1,
            "mail": false,
            "level": 5,
            "description": "Windows System error event",
            "groups": [
                "windows",
                "windows_system",
                "system_error"
            ],
            "id": "61102",
            "gpg13": [
                "4.3"
            ],
            "gdpr": [
                "IV_35.7.d"
            ]
        },
        "decoder": {
            "name": "windows_eventchannel"
        },
        "input": {
            "type": "log"
        },
        "@timestamp": "2025-11-22T20:31:08.616Z",
        "location": "EventChannel",
        "id": "1763843468.1239610",
        "timestamp": "2025-11-22T20:31:08.616+0000"
    },
    {
        "agent": {
            "ip": "192.168.44.137",
            "name": "win",
            "id": "001"
        },
        "manager": {
            "name": "ubuntu"
        },
        "data": {
            "win": {
                "eventdata": {
                    "param7": "DESKTOP-SIJOGEC\\\\windows",
                    "param5": "power off",
                    "param3": "Other (Unplanned)",
                    "param4": "0x0",
                    "param1": "C:\\\\Windows\\\\System32\\\\RuntimeBroker.exe (DESKTOP-SIJOGEC)",
                    "param2": "DESKTOP-SIJOGEC"
                },
                "system": {
                    "eventID": "1074",
                    "eventSourceName": "User32",
                    "keywords": "0x8080000000000000",
                    "providerGuid": "{b0aa8734-56f7-41cc-b2f4-de228e98b946}",
                    "level": "4",
                    "channel": "System",
                    "opcode": "0",
                    "message": "\"The process C:\\Windows\\System32\\RuntimeBroker.exe (DESKTOP-SIJOGEC) has initiated the power off of computer DESKTOP-SIJOGEC on behalf of user DESKTOP-SIJOGEC\\windows for the following reason: Other (Unplanned)\r\n Reason Code: 0x0\r\n Shutdown Type: power off\r\n Comment: \"",
                    "version": "0",
                    "systemTime": "2025-11-22T20:31:06.4618112Z",
                    "eventRecordID": "699",
                    "threadID": "2784",
                    "computer": "DESKTOP-SIJOGEC",
                    "task": "0",
                    "processID": "416",
                    "severityValue": "INFORMATION",
                    "providerName": "User32"
                }
            }
        },
        "rule": {
            "firedtimes": 1,
            "mail": false,
            "level": 3,
            "description": "System shutdown initiated.",
            "groups": [
                "windows",
                " WEF"
            ],
            "mitre": {
                "technique": [
                    "System Shutdown/Reboot"
                ],
                "id": [
                    "T1529"
                ],
                "tactic": [
                    "Impact"
                ]
            },
            "id": "67018"
        },
        "decoder": {
            "name": "windows_eventchannel"
        },
        "input": {
            "type": "log"
        },
        "@timestamp": "2025-11-22T20:31:07.463Z",
        "location": "EventChannel",
        "id": "1763843467.1235928",
        "timestamp": "2025-11-22T20:31:07.463+0000"
    },
    {
        "agent": {
            "ip": "192.168.44.137",
            "name": "win",
            "id": "001"
        },
        "manager": {
            "name": "ubuntu"
        },
        "data": {
            "win": {
                "eventdata": {
                    "param3": "auto start",
                    "param4": "BITS",
                    "param1": "Background Intelligent Transfer Service",
                    "param2": "demand start"
                },
                "system": {
                    "eventID": "7040",
                    "eventSourceName": "Service Control Manager",
                    "keywords": "0x8080000000000000",
                    "providerGuid": "{555908d1-a6d7-4695-8e1e-26931d2012f4}",
                    "level": "4",
                    "channel": "System",
                    "opcode": "0",
                    "message": "\"The start type of the Background Intelligent Transfer Service service was changed from demand start to auto start.\"",
                    "version": "0",
                    "systemTime": "2025-11-22T20:24:51.8240047Z",
                    "eventRecordID": "698",
                    "threadID": "7096",
                    "computer": "DESKTOP-SIJOGEC",
                    "task": "0",
                    "processID": "612",
                    "severityValue": "INFORMATION",
                    "providerName": "Service Control Manager"
                }
            }
        },
        "rule": {
            "firedtimes": 3,
            "mail": false,
            "level": 3,
            "pci_dss": [
                "10.6"
            ],
            "hipaa": [
                "164.312.b"
            ],
            "tsc": [
                "CC6.1",
                "CC6.8",
                "CC7.2",
                "CC7.3"
            ],
            "description": "Service startup type was changed",
            "groups": [
                "windows",
                "windows_system",
                "policy_changed"
            ],
            "id": "61104",
            "nist_800_53": [
                "AU.6"
            ],
            "info": "This does not appear to be logged on Windows 2000",
            "gdpr": [
                "IV_35.7.d"
            ]
        },
        "decoder": {
            "name": "windows_eventchannel"
        },
        "input": {
            "type": "log"
        },
        "@timestamp": "2025-11-22T20:24:52.920Z",
        "location": "EventChannel",
        "id": "1763843092.1234099",
        "timestamp": "2025-11-22T20:24:52.920+0000"
    },
    {
        "agent": {
            "ip": "192.168.44.137",
            "name": "win",
            "id": "001"
        },
        "manager": {
            "name": "ubuntu"
        },
        "data": {
            "win": {
                "eventdata": {
                    "data": "2025-11-23T20:00:24Z, RulesEngine"
                },
                "system": {
                    "eventID": "16384",
                    "eventSourceName": "Software Protection Platform Service",
                    "keywords": "0x80000000000000",
                    "providerGuid": "{E23B33B0-C8C9-472C-A5F9-F2BDFEA0F156}",
                    "level": "4",
                    "channel": "Application",
                    "opcode": "0",
                    "message": "\"Successfully scheduled Software Protection service for re-start at 2025-11-23T20:00:24Z. Reason: RulesEngine.\"",
                    "version": "0",
                    "systemTime": "2025-11-22T20:07:24.7617109Z",
                    "eventRecordID": "1439",
                    "threadID": "0",
                    "computer": "DESKTOP-SIJOGEC",
                    "task": "0",
                    "processID": "0",
                    "severityValue": "INFORMATION",
                    "providerName": "Microsoft-Windows-Security-SPP"
                }
            }
        },
        "rule": {
            "firedtimes": 4,
            "mail": false,
            "level": 3,
            "description": "Software protection service scheduled successfully.",
            "groups": [
                "windows",
                "windows_application"
            ],
            "id": "60642"
        },
        "decoder": {
            "name": "windows_eventchannel"
        },
        "input": {
            "type": "log"
        },
        "@timestamp": "2025-11-22T20:07:24.787Z",
        "location": "EventChannel",
        "id": "1763842044.1232505",
        "timestamp": "2025-11-22T20:07:24.787+0000"
    },
    {
        "agent": {
            "ip": "192.168.44.137",
            "name": "win",
            "id": "001"
        },
        "manager": {
            "name": "ubuntu"
        },
        "data": {
            "win": {
                "eventdata": {
                    "data": "2025-11-23T20:00:25Z, RulesEngine"
                },
                "system": {
                    "eventID": "16384",
                    "eventSourceName": "Software Protection Platform Service",
                    "keywords": "0x80000000000000",
                    "providerGuid": "{E23B33B0-C8C9-472C-A5F9-F2BDFEA0F156}",
                    "level": "4",
                    "channel": "Application",
                    "opcode": "0",
                    "message": "\"Successfully scheduled Software Protection service for re-start at 2025-11-23T20:00:25Z. Reason: RulesEngine.\"",
                    "version": "0",
                    "systemTime": "2025-11-22T20:06:25.4647434Z",
                    "eventRecordID": "1437",
                    "threadID": "0",
                    "computer": "DESKTOP-SIJOGEC",
                    "task": "0",
                    "processID": "0",
                    "severityValue": "INFORMATION",
                    "providerName": "Microsoft-Windows-Security-SPP"
                }
            }
        },
        "rule": {
            "firedtimes": 3,
            "mail": false,
            "level": 3,
            "description": "Software protection service scheduled successfully.",
            "groups": [
                "windows",
                "windows_application"
            ],
            "id": "60642"
        },
        "decoder": {
            "name": "windows_eventchannel"
        },
        "input": {
            "type": "log"
        },
        "@timestamp": "2025-11-22T20:06:25.490Z",
        "location": "EventChannel",
        "id": "1763841985.1230911",
        "timestamp": "2025-11-22T20:06:25.490+0000"
    },
    {
        "agent": {
            "ip": "192.168.44.137",
            "name": "win",
            "id": "001"
        },
        "manager": {
            "name": "ubuntu"
        },
        "data": {
            "win": {
                "eventdata": {
                    "data": "2025-11-23T20:00:22Z, RulesEngine"
                },
                "system": {
                    "eventID": "16384",
                    "eventSourceName": "Software Protection Platform Service",
                    "keywords": "0x80000000000000",
                    "providerGuid": "{E23B33B0-C8C9-472C-A5F9-F2BDFEA0F156}",
                    "level": "4",
                    "channel": "Application",
                    "opcode": "0",
                    "message": "\"Successfully scheduled Software Protection service for re-start at 2025-11-23T20:00:22Z. Reason: RulesEngine.\"",
                    "version": "0",
                    "systemTime": "2025-11-22T20:03:22.1367151Z",
                    "eventRecordID": "1435",
                    "threadID": "0",
                    "computer": "DESKTOP-SIJOGEC",
                    "task": "0",
                    "processID": "0",
                    "severityValue": "INFORMATION",
                    "providerName": "Microsoft-Windows-Security-SPP"
                }
            }
        },
        "rule": {
            "firedtimes": 2,
            "mail": false,
            "level": 3,
            "description": "Software protection service scheduled successfully.",
            "groups": [
                "windows",
                "windows_application"
            ],
            "id": "60642"
        },
        "decoder": {
            "name": "windows_eventchannel"
        },
        "input": {
            "type": "log"
        },
        "@timestamp": "2025-11-22T20:03:22.175Z",
        "location": "EventChannel",
        "id": "1763841802.1229317",
        "timestamp": "2025-11-22T20:03:22.175+0000"
    },
    {
        "agent": {
            "ip": "192.168.44.137",
            "name": "win",
            "id": "001"
        },
        "manager": {
            "name": "ubuntu"
        },
        "data": {
            "win": {
                "eventdata": {
                    "param3": "demand start",
                    "param4": "BITS",
                    "param1": "Background Intelligent Transfer Service",
                    "param2": "auto start"
                },
                "system": {
                    "eventID": "7040",
                    "eventSourceName": "Service Control Manager",
                    "keywords": "0x8080000000000000",
                    "providerGuid": "{555908d1-a6d7-4695-8e1e-26931d2012f4}",
                    "level": "4",
                    "channel": "System",
                    "opcode": "0",
                    "message": "\"The start type of the Background Intelligent Transfer Service service was changed from auto start to demand start.\"",
                    "version": "0",
                    "systemTime": "2025-11-22T20:03:09.4029100Z",
                    "eventRecordID": "697",
                    "threadID": "8160",
                    "computer": "DESKTOP-SIJOGEC",
                    "task": "0",
                    "processID": "612",
                    "severityValue": "INFORMATION",
                    "providerName": "Service Control Manager"
                }
            }
        },
        "rule": {
            "firedtimes": 2,
            "mail": false,
            "level": 3,
            "pci_dss": [
                "10.6"
            ],
            "hipaa": [
                "164.312.b"
            ],
            "tsc": [
                "CC6.1",
                "CC6.8",
                "CC7.2",
                "CC7.3"
            ],
            "description": "Service startup type was changed",
            "groups": [
                "windows",
                "windows_system",
                "policy_changed"
            ],
            "id": "61104",
            "nist_800_53": [
                "AU.6"
            ],
            "info": "This does not appear to be logged on Windows 2000",
            "gdpr": [
                "IV_35.7.d"
            ]
        },
        "decoder": {
            "name": "windows_eventchannel"
        },
        "input": {
            "type": "log"
        },
        "@timestamp": "2025-11-22T20:03:10.453Z",
        "location": "EventChannel",
        "id": "1763841790.1227488",
        "timestamp": "2025-11-22T20:03:10.453+0000"
    },
